[0.536s] Invoking command in '/home/me597/me597-tgobel/ros2_ws/Lab4_ws/task_5': PYTHONPATH=/home/me597/me597-tgobel/ros2_ws/Lab4_ws/build/task_5/prefix_override:/usr/lib/python3/dist-packages/colcon_core/task/python/colcon_distutils_commands:/home/me597/me597-tgobel/ros2_ws/Lab4_ws/install/task_5/lib/python3.10/site-packages:${PYTHONPATH} /usr/bin/python3 -W ignore:setup.py install is deprecated setup.py egg_info --egg-base ../build/task_5 build --build-base /home/me597/me597-tgobel/ros2_ws/Lab4_ws/build/task_5/build install --record /home/me597/me597-tgobel/ros2_ws/Lab4_ws/build/task_5/install.log --single-version-externally-managed install_data
[0.844s] running egg_info
[0.844s] writing ../build/task_5/task_5.egg-info/PKG-INFO
[0.844s] writing dependency_links to ../build/task_5/task_5.egg-info/dependency_links.txt
[0.845s] writing entry points to ../build/task_5/task_5.egg-info/entry_points.txt
[0.845s] writing requirements to ../build/task_5/task_5.egg-info/requires.txt
[0.845s] writing top-level names to ../build/task_5/task_5.egg-info/top_level.txt
[0.847s] reading manifest file '../build/task_5/task_5.egg-info/SOURCES.txt'
[0.849s] writing manifest file '../build/task_5/task_5.egg-info/SOURCES.txt'
[0.849s] running build
[0.849s] running build_py
[0.849s] running install
[0.850s] running install_lib
[0.850s] running install_data
[0.850s] running install_egg_info
[0.853s] removing '/home/me597/me597-tgobel/ros2_ws/Lab4_ws/install/task_5/lib/python3.10/site-packages/task_5-0.0.0-py3.10.egg-info' (and everything under it)
[0.853s] Copying ../build/task_5/task_5.egg-info to /home/me597/me597-tgobel/ros2_ws/Lab4_ws/install/task_5/lib/python3.10/site-packages/task_5-0.0.0-py3.10.egg-info
[0.854s] running install_scripts
[0.889s] Installing image_publisher script to /home/me597/me597-tgobel/ros2_ws/Lab4_ws/install/task_5/lib/task_5
[0.890s] Installing object_detector script to /home/me597/me597-tgobel/ros2_ws/Lab4_ws/install/task_5/lib/task_5
[0.890s] writing list of installed files to '/home/me597/me597-tgobel/ros2_ws/Lab4_ws/build/task_5/install.log'
[0.907s] Invoked command in '/home/me597/me597-tgobel/ros2_ws/Lab4_ws/task_5' returned '0': PYTHONPATH=/home/me597/me597-tgobel/ros2_ws/Lab4_ws/build/task_5/prefix_override:/usr/lib/python3/dist-packages/colcon_core/task/python/colcon_distutils_commands:/home/me597/me597-tgobel/ros2_ws/Lab4_ws/install/task_5/lib/python3.10/site-packages:${PYTHONPATH} /usr/bin/python3 -W ignore:setup.py install is deprecated setup.py egg_info --egg-base ../build/task_5 build --build-base /home/me597/me597-tgobel/ros2_ws/Lab4_ws/build/task_5/build install --record /home/me597/me597-tgobel/ros2_ws/Lab4_ws/build/task_5/install.log --single-version-externally-managed install_data
