[0.568s] Invoking command in '/home/me597/me597-tgobel/ros2_ws/Lab2_ws/task_3': PYTHONPATH=/home/me597/me597-tgobel/ros2_ws/Lab2_ws/build/task_3/prefix_override:/usr/lib/python3/dist-packages/colcon_core/task/python/colcon_distutils_commands:/home/me597/me597-tgobel/ros2_ws/Lab2_ws/install/task_3/lib/python3.10/site-packages:${PYTHONPATH} /usr/bin/python3 -W ignore:setup.py install is deprecated setup.py egg_info --egg-base ../build/task_3 build --build-base /home/me597/me597-tgobel/ros2_ws/Lab2_ws/build/task_3/build install --record /home/me597/me597-tgobel/ros2_ws/Lab2_ws/build/task_3/install.log --single-version-externally-managed install_data
[0.788s] running egg_info
[0.788s] writing ../build/task_3/task_3.egg-info/PKG-INFO
[0.788s] writing dependency_links to ../build/task_3/task_3.egg-info/dependency_links.txt
[0.788s] writing entry points to ../build/task_3/task_3.egg-info/entry_points.txt
[0.788s] writing requirements to ../build/task_3/task_3.egg-info/requires.txt
[0.789s] writing top-level names to ../build/task_3/task_3.egg-info/top_level.txt
[0.791s] reading manifest file '../build/task_3/task_3.egg-info/SOURCES.txt'
[0.792s] writing manifest file '../build/task_3/task_3.egg-info/SOURCES.txt'
[0.792s] running build
[0.792s] running build_py
[0.792s] copying task_3/pid_controller.py -> /home/me597/me597-tgobel/ros2_ws/Lab2_ws/build/task_3/build/lib/task_3
[0.792s] running install
[0.793s] running install_lib
[0.793s] copying /home/me597/me597-tgobel/ros2_ws/Lab2_ws/build/task_3/build/lib/task_3/pid_controller.py -> /home/me597/me597-tgobel/ros2_ws/Lab2_ws/install/task_3/lib/python3.10/site-packages/task_3
[0.794s] byte-compiling /home/me597/me597-tgobel/ros2_ws/Lab2_ws/install/task_3/lib/python3.10/site-packages/task_3/pid_controller.py to pid_controller.cpython-310.pyc
[0.795s] running install_data
[0.795s] running install_egg_info
[0.797s] removing '/home/me597/me597-tgobel/ros2_ws/Lab2_ws/install/task_3/lib/python3.10/site-packages/task_3-0.0.0-py3.10.egg-info' (and everything under it)
[0.800s] Copying ../build/task_3/task_3.egg-info to /home/me597/me597-tgobel/ros2_ws/Lab2_ws/install/task_3/lib/python3.10/site-packages/task_3-0.0.0-py3.10.egg-info
[0.801s] running install_scripts
[0.817s] Installing pid_speed_controller script to /home/me597/me597-tgobel/ros2_ws/Lab2_ws/install/task_3/lib/task_3
[0.818s] writing list of installed files to '/home/me597/me597-tgobel/ros2_ws/Lab2_ws/build/task_3/install.log'
[0.841s] Invoked command in '/home/me597/me597-tgobel/ros2_ws/Lab2_ws/task_3' returned '0': PYTHONPATH=/home/me597/me597-tgobel/ros2_ws/Lab2_ws/build/task_3/prefix_override:/usr/lib/python3/dist-packages/colcon_core/task/python/colcon_distutils_commands:/home/me597/me597-tgobel/ros2_ws/Lab2_ws/install/task_3/lib/python3.10/site-packages:${PYTHONPATH} /usr/bin/python3 -W ignore:setup.py install is deprecated setup.py egg_info --egg-base ../build/task_3 build --build-base /home/me597/me597-tgobel/ros2_ws/Lab2_ws/build/task_3/build install --record /home/me597/me597-tgobel/ros2_ws/Lab2_ws/build/task_3/install.log --single-version-externally-managed install_data
