[0.591s] Invoking command in '/home/me597/me597-tgobel/ros2_ws/Lab1_ws/task_2': PYTHONPATH=/home/me597/me597-tgobel/ros2_ws/Lab1_ws/build/task_2/prefix_override:/usr/lib/python3/dist-packages/colcon_core/task/python/colcon_distutils_commands:/home/me597/me597-tgobel/ros2_ws/Lab1_ws/install/task_2/lib/python3.10/site-packages:${PYTHONPATH} /usr/bin/python3 -W ignore:setup.py install is deprecated setup.py egg_info --egg-base ../build/task_2 build --build-base /home/me597/me597-tgobel/ros2_ws/Lab1_ws/build/task_2/build install --record /home/me597/me597-tgobel/ros2_ws/Lab1_ws/build/task_2/install.log --single-version-externally-managed install_data
[0.829s] running egg_info
[0.830s] writing ../build/task_2/task_2.egg-info/PKG-INFO
[0.831s] writing dependency_links to ../build/task_2/task_2.egg-info/dependency_links.txt
[0.831s] writing entry points to ../build/task_2/task_2.egg-info/entry_points.txt
[0.831s] writing requirements to ../build/task_2/task_2.egg-info/requires.txt
[0.831s] writing top-level names to ../build/task_2/task_2.egg-info/top_level.txt
[0.832s] reading manifest file '../build/task_2/task_2.egg-info/SOURCES.txt'
[0.833s] adding license file 'LICENSE'
[0.833s] writing manifest file '../build/task_2/task_2.egg-info/SOURCES.txt'
[0.833s] running build
[0.833s] running build_py
[0.833s] copying task_2/client_function.py -> /home/me597/me597-tgobel/ros2_ws/Lab1_ws/build/task_2/build/lib/task_2
[0.833s] running install
[0.833s] running install_lib
[0.835s] copying /home/me597/me597-tgobel/ros2_ws/Lab1_ws/build/task_2/build/lib/task_2/client_function.py -> /home/me597/me597-tgobel/ros2_ws/Lab1_ws/install/task_2/lib/python3.10/site-packages/task_2
[0.835s] byte-compiling /home/me597/me597-tgobel/ros2_ws/Lab1_ws/install/task_2/lib/python3.10/site-packages/task_2/client_function.py to client_function.cpython-310.pyc
[0.835s] running install_data
[0.835s] running install_egg_info
[0.837s] removing '/home/me597/me597-tgobel/ros2_ws/Lab1_ws/install/task_2/lib/python3.10/site-packages/task_2-0.0.0-py3.10.egg-info' (and everything under it)
[0.838s] Copying ../build/task_2/task_2.egg-info to /home/me597/me597-tgobel/ros2_ws/Lab1_ws/install/task_2/lib/python3.10/site-packages/task_2-0.0.0-py3.10.egg-info
[0.838s] running install_scripts
[0.858s] Installing client script to /home/me597/me597-tgobel/ros2_ws/Lab1_ws/install/task_2/lib/task_2
[0.858s] Installing listener script to /home/me597/me597-tgobel/ros2_ws/Lab1_ws/install/task_2/lib/task_2
[0.858s] Installing service script to /home/me597/me597-tgobel/ros2_ws/Lab1_ws/install/task_2/lib/task_2
[0.858s] Installing talker script to /home/me597/me597-tgobel/ros2_ws/Lab1_ws/install/task_2/lib/task_2
[0.858s] writing list of installed files to '/home/me597/me597-tgobel/ros2_ws/Lab1_ws/build/task_2/install.log'
[0.884s] Invoked command in '/home/me597/me597-tgobel/ros2_ws/Lab1_ws/task_2' returned '0': PYTHONPATH=/home/me597/me597-tgobel/ros2_ws/Lab1_ws/build/task_2/prefix_override:/usr/lib/python3/dist-packages/colcon_core/task/python/colcon_distutils_commands:/home/me597/me597-tgobel/ros2_ws/Lab1_ws/install/task_2/lib/python3.10/site-packages:${PYTHONPATH} /usr/bin/python3 -W ignore:setup.py install is deprecated setup.py egg_info --egg-base ../build/task_2 build --build-base /home/me597/me597-tgobel/ros2_ws/Lab1_ws/build/task_2/build install --record /home/me597/me597-tgobel/ros2_ws/Lab1_ws/build/task_2/install.log --single-version-externally-managed install_data
