[0.149s] DEBUG:colcon:Command line arguments: ['/usr/bin/colcon', 'build']
[0.150s] DEBUG:colcon:Parsed command line arguments: Namespace(log_base=None, log_level=None, verb_name='build', build_base='build', install_base='install', merge_install=False, symlink_install=False, test_result_base=None, continue_on_error=False, executor='parallel', parallel_workers=5, event_handlers=None, ignore_user_meta=False, metas=['./colcon.meta'], base_paths=['.'], packages_ignore=None, packages_ignore_regex=None, paths=None, packages_up_to=None, packages_up_to_regex=None, packages_above=None, packages_above_and_dependencies=None, packages_above_depth=None, packages_select_by_dep=None, packages_skip_by_dep=None, packages_skip_up_to=None, packages_select_build_failed=False, packages_skip_build_finished=False, packages_select_test_failures=False, packages_skip_test_passed=False, packages_select=None, packages_skip=None, packages_select_regex=None, packages_skip_regex=None, packages_start=None, packages_end=None, allow_overriding=[], cmake_args=None, cmake_target=None, cmake_target_skip_unavailable=False, cmake_clean_cache=False, cmake_clean_first=False, cmake_force_configure=False, ament_cmake_args=None, catkin_cmake_args=None, catkin_skip_building_tests=False, mixin_files=None, mixin=None, verb_parser=<colcon_mixin.mixin.mixin_argument.MixinArgumentDecorator object at 0x788e453dd210>, verb_extension=<colcon_core.verb.build.BuildVerb object at 0x788e45561930>, main=<bound method BuildVerb.main of <colcon_core.verb.build.BuildVerb object at 0x788e45561930>>, mixin_verb=('build',))
[0.339s] Level 1:colcon.colcon_core.package_discovery:discover_packages(colcon_meta) check parameters
[0.339s] Level 1:colcon.colcon_core.package_discovery:discover_packages(recursive) check parameters
[0.339s] Level 1:colcon.colcon_core.package_discovery:discover_packages(ignore) check parameters
[0.339s] Level 1:colcon.colcon_core.package_discovery:discover_packages(path) check parameters
[0.339s] Level 1:colcon.colcon_core.package_discovery:discover_packages(colcon_meta) discover
[0.340s] Level 1:colcon.colcon_core.package_discovery:discover_packages(recursive) discover
[0.340s] INFO:colcon.colcon_core.package_discovery:Crawling recursively for packages in '/home/me597/me597-tgobel/ros2_ws/Lab1_ws'
[0.340s] Level 1:colcon.colcon_core.package_identification:_identify(.) by extensions ['ignore', 'ignore_ament_install']
[0.340s] Level 1:colcon.colcon_core.package_identification:_identify(.) by extension 'ignore'
[0.340s] Level 1:colcon.colcon_core.package_identification:_identify(.) by extension 'ignore_ament_install'
[0.340s] Level 1:colcon.colcon_core.package_identification:_identify(.) by extensions ['colcon_pkg']
[0.340s] Level 1:colcon.colcon_core.package_identification:_identify(.) by extension 'colcon_pkg'
[0.340s] Level 1:colcon.colcon_core.package_identification:_identify(.) by extensions ['colcon_meta']
[0.341s] Level 1:colcon.colcon_core.package_identification:_identify(.) by extension 'colcon_meta'
[0.341s] Level 1:colcon.colcon_core.package_identification:_identify(.) by extensions ['ros']
[0.341s] Level 1:colcon.colcon_core.package_identification:_identify(.) by extension 'ros'
[0.352s] Level 1:colcon.colcon_core.package_identification:_identify(.) by extensions ['cmake', 'python']
[0.352s] Level 1:colcon.colcon_core.package_identification:_identify(.) by extension 'cmake'
[0.353s] Level 1:colcon.colcon_core.package_identification:_identify(.) by extension 'python'
[0.353s] Level 1:colcon.colcon_core.package_identification:_identify(.) by extensions ['python_setup_py']
[0.353s] Level 1:colcon.colcon_core.package_identification:_identify(.) by extension 'python_setup_py'
[0.353s] Level 1:colcon.colcon_core.package_identification:_identify(bag_files) by extensions ['ignore', 'ignore_ament_install']
[0.353s] Level 1:colcon.colcon_core.package_identification:_identify(bag_files) by extension 'ignore'
[0.353s] Level 1:colcon.colcon_core.package_identification:_identify(bag_files) by extension 'ignore_ament_install'
[0.353s] Level 1:colcon.colcon_core.package_identification:_identify(bag_files) by extensions ['colcon_pkg']
[0.353s] Level 1:colcon.colcon_core.package_identification:_identify(bag_files) by extension 'colcon_pkg'
[0.354s] Level 1:colcon.colcon_core.package_identification:_identify(bag_files) by extensions ['colcon_meta']
[0.354s] Level 1:colcon.colcon_core.package_identification:_identify(bag_files) by extension 'colcon_meta'
[0.354s] Level 1:colcon.colcon_core.package_identification:_identify(bag_files) by extensions ['ros']
[0.354s] Level 1:colcon.colcon_core.package_identification:_identify(bag_files) by extension 'ros'
[0.354s] Level 1:colcon.colcon_core.package_identification:_identify(bag_files) by extensions ['cmake', 'python']
[0.354s] Level 1:colcon.colcon_core.package_identification:_identify(bag_files) by extension 'cmake'
[0.354s] Level 1:colcon.colcon_core.package_identification:_identify(bag_files) by extension 'python'
[0.354s] Level 1:colcon.colcon_core.package_identification:_identify(bag_files) by extensions ['python_setup_py']
[0.354s] Level 1:colcon.colcon_core.package_identification:_identify(bag_files) by extension 'python_setup_py'
[0.354s] Level 1:colcon.colcon_core.package_identification:_identify(bag_files/task_1) by extensions ['ignore', 'ignore_ament_install']
[0.354s] Level 1:colcon.colcon_core.package_identification:_identify(bag_files/task_1) by extension 'ignore'
[0.354s] Level 1:colcon.colcon_core.package_identification:_identify(bag_files/task_1) by extension 'ignore_ament_install'
[0.354s] Level 1:colcon.colcon_core.package_identification:_identify(bag_files/task_1) by extensions ['colcon_pkg']
[0.354s] Level 1:colcon.colcon_core.package_identification:_identify(bag_files/task_1) by extension 'colcon_pkg'
[0.355s] Level 1:colcon.colcon_core.package_identification:_identify(bag_files/task_1) by extensions ['colcon_meta']
[0.355s] Level 1:colcon.colcon_core.package_identification:_identify(bag_files/task_1) by extension 'colcon_meta'
[0.355s] Level 1:colcon.colcon_core.package_identification:_identify(bag_files/task_1) by extensions ['ros']
[0.355s] Level 1:colcon.colcon_core.package_identification:_identify(bag_files/task_1) by extension 'ros'
[0.355s] Level 1:colcon.colcon_core.package_identification:_identify(bag_files/task_1) by extensions ['cmake', 'python']
[0.355s] Level 1:colcon.colcon_core.package_identification:_identify(bag_files/task_1) by extension 'cmake'
[0.355s] Level 1:colcon.colcon_core.package_identification:_identify(bag_files/task_1) by extension 'python'
[0.355s] Level 1:colcon.colcon_core.package_identification:_identify(bag_files/task_1) by extensions ['python_setup_py']
[0.355s] Level 1:colcon.colcon_core.package_identification:_identify(bag_files/task_1) by extension 'python_setup_py'
[0.355s] Level 1:colcon.colcon_core.package_identification:_identify(build) by extensions ['ignore', 'ignore_ament_install']
[0.355s] Level 1:colcon.colcon_core.package_identification:_identify(build) by extension 'ignore'
[0.355s] Level 1:colcon.colcon_core.package_identification:_identify(build) ignored
[0.356s] Level 1:colcon.colcon_core.package_identification:_identify(install) by extensions ['ignore', 'ignore_ament_install']
[0.356s] Level 1:colcon.colcon_core.package_identification:_identify(install) by extension 'ignore'
[0.356s] Level 1:colcon.colcon_core.package_identification:_identify(install) ignored
[0.356s] Level 1:colcon.colcon_core.package_identification:_identify(log) by extensions ['ignore', 'ignore_ament_install']
[0.357s] Level 1:colcon.colcon_core.package_identification:_identify(log) by extension 'ignore'
[0.357s] Level 1:colcon.colcon_core.package_identification:_identify(log) ignored
[0.357s] Level 1:colcon.colcon_core.package_identification:_identify(task_1) by extensions ['ignore', 'ignore_ament_install']
[0.357s] Level 1:colcon.colcon_core.package_identification:_identify(task_1) by extension 'ignore'
[0.357s] Level 1:colcon.colcon_core.package_identification:_identify(task_1) by extension 'ignore_ament_install'
[0.357s] Level 1:colcon.colcon_core.package_identification:_identify(task_1) by extensions ['colcon_pkg']
[0.357s] Level 1:colcon.colcon_core.package_identification:_identify(task_1) by extension 'colcon_pkg'
[0.357s] Level 1:colcon.colcon_core.package_identification:_identify(task_1) by extensions ['colcon_meta']
[0.357s] Level 1:colcon.colcon_core.package_identification:_identify(task_1) by extension 'colcon_meta'
[0.357s] Level 1:colcon.colcon_core.package_identification:_identify(task_1) by extensions ['ros']
[0.357s] Level 1:colcon.colcon_core.package_identification:_identify(task_1) by extension 'ros'
[0.360s] DEBUG:colcon.colcon_core.package_identification:Package 'task_1' with type 'ros.ament_python' and name 'task_1'
[0.360s] Level 1:colcon.colcon_core.package_identification:_identify(task_2) by extensions ['ignore', 'ignore_ament_install']
[0.360s] Level 1:colcon.colcon_core.package_identification:_identify(task_2) by extension 'ignore'
[0.360s] Level 1:colcon.colcon_core.package_identification:_identify(task_2) by extension 'ignore_ament_install'
[0.360s] Level 1:colcon.colcon_core.package_identification:_identify(task_2) by extensions ['colcon_pkg']
[0.360s] Level 1:colcon.colcon_core.package_identification:_identify(task_2) by extension 'colcon_pkg'
[0.360s] Level 1:colcon.colcon_core.package_identification:_identify(task_2) by extensions ['colcon_meta']
[0.360s] Level 1:colcon.colcon_core.package_identification:_identify(task_2) by extension 'colcon_meta'
[0.361s] Level 1:colcon.colcon_core.package_identification:_identify(task_2) by extensions ['ros']
[0.361s] Level 1:colcon.colcon_core.package_identification:_identify(task_2) by extension 'ros'
[0.361s] DEBUG:colcon.colcon_core.package_identification:Package 'task_2' with type 'ros.ament_python' and name 'task_2'
[0.361s] Level 1:colcon.colcon_core.package_identification:_identify(task_2_interfaces) by extensions ['ignore', 'ignore_ament_install']
[0.362s] Level 1:colcon.colcon_core.package_identification:_identify(task_2_interfaces) by extension 'ignore'
[0.362s] Level 1:colcon.colcon_core.package_identification:_identify(task_2_interfaces) by extension 'ignore_ament_install'
[0.362s] Level 1:colcon.colcon_core.package_identification:_identify(task_2_interfaces) by extensions ['colcon_pkg']
[0.362s] Level 1:colcon.colcon_core.package_identification:_identify(task_2_interfaces) by extension 'colcon_pkg'
[0.362s] Level 1:colcon.colcon_core.package_identification:_identify(task_2_interfaces) by extensions ['colcon_meta']
[0.362s] Level 1:colcon.colcon_core.package_identification:_identify(task_2_interfaces) by extension 'colcon_meta'
[0.362s] Level 1:colcon.colcon_core.package_identification:_identify(task_2_interfaces) by extensions ['ros']
[0.362s] Level 1:colcon.colcon_core.package_identification:_identify(task_2_interfaces) by extension 'ros'
[0.363s] DEBUG:colcon.colcon_core.package_identification:Package 'task_2_interfaces' with type 'ros.ament_cmake' and name 'task_2_interfaces'
[0.363s] Level 1:colcon.colcon_core.package_discovery:discover_packages(recursive) using defaults
[0.363s] Level 1:colcon.colcon_core.package_discovery:discover_packages(ignore) discover
[0.363s] Level 1:colcon.colcon_core.package_discovery:discover_packages(ignore) using defaults
[0.363s] Level 1:colcon.colcon_core.package_discovery:discover_packages(path) discover
[0.363s] Level 1:colcon.colcon_core.package_discovery:discover_packages(path) using defaults
[0.384s] Level 1:colcon.colcon_core.package_discovery:discover_packages(prefix_path) check parameters
[0.385s] Level 1:colcon.colcon_core.package_discovery:discover_packages(prefix_path) discover
[0.388s] DEBUG:colcon.colcon_installed_package_information.package_discovery:Found 3 installed packages in /home/me597/me597-tgobel/ros2_ws/Lab1_ws/install
[0.390s] DEBUG:colcon.colcon_installed_package_information.package_discovery:Found 345 installed packages in /opt/ros/humble
[0.402s] Level 1:colcon.colcon_core.package_discovery:discover_packages(prefix_path) using defaults
[0.457s] Level 5:colcon.colcon_core.verb:set package 'task_1' build argument 'cmake_args' from command line to 'None'
[0.457s] Level 5:colcon.colcon_core.verb:set package 'task_1' build argument 'cmake_target' from command line to 'None'
[0.457s] Level 5:colcon.colcon_core.verb:set package 'task_1' build argument 'cmake_target_skip_unavailable' from command line to 'False'
[0.457s] Level 5:colcon.colcon_core.verb:set package 'task_1' build argument 'cmake_clean_cache' from command line to 'False'
[0.457s] Level 5:colcon.colcon_core.verb:set package 'task_1' build argument 'cmake_clean_first' from command line to 'False'
[0.457s] Level 5:colcon.colcon_core.verb:set package 'task_1' build argument 'cmake_force_configure' from command line to 'False'
[0.457s] Level 5:colcon.colcon_core.verb:set package 'task_1' build argument 'ament_cmake_args' from command line to 'None'
[0.457s] Level 5:colcon.colcon_core.verb:set package 'task_1' build argument 'catkin_cmake_args' from command line to 'None'
[0.457s] Level 5:colcon.colcon_core.verb:set package 'task_1' build argument 'catkin_skip_building_tests' from command line to 'False'
[0.457s] DEBUG:colcon.colcon_core.verb:Building package 'task_1' with the following arguments: {'ament_cmake_args': None, 'build_base': '/home/me597/me597-tgobel/ros2_ws/Lab1_ws/build/task_1', 'catkin_cmake_args': None, 'catkin_skip_building_tests': False, 'cmake_args': None, 'cmake_clean_cache': False, 'cmake_clean_first': False, 'cmake_force_configure': False, 'cmake_target': None, 'cmake_target_skip_unavailable': False, 'install_base': '/home/me597/me597-tgobel/ros2_ws/Lab1_ws/install/task_1', 'merge_install': False, 'path': '/home/me597/me597-tgobel/ros2_ws/Lab1_ws/task_1', 'symlink_install': False, 'test_result_base': None}
[0.458s] Level 5:colcon.colcon_core.verb:set package 'task_2_interfaces' build argument 'cmake_args' from command line to 'None'
[0.458s] Level 5:colcon.colcon_core.verb:set package 'task_2_interfaces' build argument 'cmake_target' from command line to 'None'
[0.458s] Level 5:colcon.colcon_core.verb:set package 'task_2_interfaces' build argument 'cmake_target_skip_unavailable' from command line to 'False'
[0.458s] Level 5:colcon.colcon_core.verb:set package 'task_2_interfaces' build argument 'cmake_clean_cache' from command line to 'False'
[0.458s] Level 5:colcon.colcon_core.verb:set package 'task_2_interfaces' build argument 'cmake_clean_first' from command line to 'False'
[0.458s] Level 5:colcon.colcon_core.verb:set package 'task_2_interfaces' build argument 'cmake_force_configure' from command line to 'False'
[0.458s] Level 5:colcon.colcon_core.verb:set package 'task_2_interfaces' build argument 'ament_cmake_args' from command line to 'None'
[0.458s] Level 5:colcon.colcon_core.verb:set package 'task_2_interfaces' build argument 'catkin_cmake_args' from command line to 'None'
[0.458s] Level 5:colcon.colcon_core.verb:set package 'task_2_interfaces' build argument 'catkin_skip_building_tests' from command line to 'False'
[0.458s] DEBUG:colcon.colcon_core.verb:Building package 'task_2_interfaces' with the following arguments: {'ament_cmake_args': None, 'build_base': '/home/me597/me597-tgobel/ros2_ws/Lab1_ws/build/task_2_interfaces', 'catkin_cmake_args': None, 'catkin_skip_building_tests': False, 'cmake_args': None, 'cmake_clean_cache': False, 'cmake_clean_first': False, 'cmake_force_configure': False, 'cmake_target': None, 'cmake_target_skip_unavailable': False, 'install_base': '/home/me597/me597-tgobel/ros2_ws/Lab1_ws/install/task_2_interfaces', 'merge_install': False, 'path': '/home/me597/me597-tgobel/ros2_ws/Lab1_ws/task_2_interfaces', 'symlink_install': False, 'test_result_base': None}
[0.458s] Level 5:colcon.colcon_core.verb:set package 'task_2' build argument 'cmake_args' from command line to 'None'
[0.458s] Level 5:colcon.colcon_core.verb:set package 'task_2' build argument 'cmake_target' from command line to 'None'
[0.458s] Level 5:colcon.colcon_core.verb:set package 'task_2' build argument 'cmake_target_skip_unavailable' from command line to 'False'
[0.458s] Level 5:colcon.colcon_core.verb:set package 'task_2' build argument 'cmake_clean_cache' from command line to 'False'
[0.458s] Level 5:colcon.colcon_core.verb:set package 'task_2' build argument 'cmake_clean_first' from command line to 'False'
[0.459s] Level 5:colcon.colcon_core.verb:set package 'task_2' build argument 'cmake_force_configure' from command line to 'False'
[0.459s] Level 5:colcon.colcon_core.verb:set package 'task_2' build argument 'ament_cmake_args' from command line to 'None'
[0.459s] Level 5:colcon.colcon_core.verb:set package 'task_2' build argument 'catkin_cmake_args' from command line to 'None'
[0.459s] Level 5:colcon.colcon_core.verb:set package 'task_2' build argument 'catkin_skip_building_tests' from command line to 'False'
[0.459s] DEBUG:colcon.colcon_core.verb:Building package 'task_2' with the following arguments: {'ament_cmake_args': None, 'build_base': '/home/me597/me597-tgobel/ros2_ws/Lab1_ws/build/task_2', 'catkin_cmake_args': None, 'catkin_skip_building_tests': False, 'cmake_args': None, 'cmake_clean_cache': False, 'cmake_clean_first': False, 'cmake_force_configure': False, 'cmake_target': None, 'cmake_target_skip_unavailable': False, 'install_base': '/home/me597/me597-tgobel/ros2_ws/Lab1_ws/install/task_2', 'merge_install': False, 'path': '/home/me597/me597-tgobel/ros2_ws/Lab1_ws/task_2', 'symlink_install': False, 'test_result_base': None}
[0.459s] INFO:colcon.colcon_core.executor:Executing jobs using 'parallel' executor
[0.460s] DEBUG:colcon.colcon_parallel_executor.executor.parallel:run_until_complete
[0.461s] INFO:colcon.colcon_ros.task.ament_cmake.build:Building ROS package in '/home/me597/me597-tgobel/ros2_ws/Lab1_ws/task_2_interfaces' with build type 'ament_cmake'
[0.461s] INFO:colcon.colcon_cmake.task.cmake.build:Building CMake package in '/home/me597/me597-tgobel/ros2_ws/Lab1_ws/task_2_interfaces'
[0.466s] INFO:colcon.colcon_core.plugin_system:Skipping extension 'colcon_core.shell.bat': Not used on non-Windows systems
[0.467s] INFO:colcon.colcon_core.shell:Skip shell extension 'powershell' for command environment: Not usable outside of PowerShell
[0.467s] DEBUG:colcon.colcon_core.shell:Skip shell extension 'dsv' for command environment
[0.473s] INFO:colcon.colcon_ros.task.ament_python.build:Building ROS package in '/home/me597/me597-tgobel/ros2_ws/Lab1_ws/task_1' with build type 'ament_python'
[0.474s] Level 1:colcon.colcon_core.shell:create_environment_hook('task_1', 'ament_prefix_path')
[0.474s] INFO:colcon.colcon_core.shell:Creating environment hook '/home/me597/me597-tgobel/ros2_ws/Lab1_ws/install/task_1/share/task_1/hook/ament_prefix_path.ps1'
[0.476s] INFO:colcon.colcon_core.shell:Creating environment descriptor '/home/me597/me597-tgobel/ros2_ws/Lab1_ws/install/task_1/share/task_1/hook/ament_prefix_path.dsv'
[0.476s] INFO:colcon.colcon_core.shell:Creating environment hook '/home/me597/me597-tgobel/ros2_ws/Lab1_ws/install/task_1/share/task_1/hook/ament_prefix_path.sh'
[0.478s] INFO:colcon.colcon_core.shell:Skip shell extension 'powershell' for command environment: Not usable outside of PowerShell
[0.479s] DEBUG:colcon.colcon_core.shell:Skip shell extension 'dsv' for command environment
[0.495s] DEBUG:colcon.colcon_core.event_handler.log_command:Invoking command in '/home/me597/me597-tgobel/ros2_ws/Lab1_ws/build/task_2_interfaces': CMAKE_PREFIX_PATH=${CMAKE_PREFIX_PATH}:/home/me597/me597-tgobel/ros2_ws/Lab1_ws/install/task_2:/home/me597/me597-tgobel/ros2_ws/Lab1_ws/install/task_1:/opt/ros/humble /usr/bin/cmake --build /home/me597/me597-tgobel/ros2_ws/Lab1_ws/build/task_2_interfaces -- -j5 -l5
[0.959s] INFO:colcon.colcon_core.task.python.build:Building Python package in '/home/me597/me597-tgobel/ros2_ws/Lab1_ws/task_1'
[0.959s] INFO:colcon.colcon_core.shell:Skip shell extension 'powershell' for command environment: Not usable outside of PowerShell
[0.959s] DEBUG:colcon.colcon_core.shell:Skip shell extension 'dsv' for command environment
[1.149s] DEBUG:colcon.colcon_core.event_handler.log_command:Invoked command in '/home/me597/me597-tgobel/ros2_ws/Lab1_ws/build/task_2_interfaces' returned '0': CMAKE_PREFIX_PATH=${CMAKE_PREFIX_PATH}:/home/me597/me597-tgobel/ros2_ws/Lab1_ws/install/task_2:/home/me597/me597-tgobel/ros2_ws/Lab1_ws/install/task_1:/opt/ros/humble /usr/bin/cmake --build /home/me597/me597-tgobel/ros2_ws/Lab1_ws/build/task_2_interfaces -- -j5 -l5
[1.301s] DEBUG:colcon.colcon_core.event_handler.log_command:Invoking command in '/home/me597/me597-tgobel/ros2_ws/Lab1_ws/build/task_2_interfaces': CMAKE_PREFIX_PATH=${CMAKE_PREFIX_PATH}:/home/me597/me597-tgobel/ros2_ws/Lab1_ws/install/task_2:/home/me597/me597-tgobel/ros2_ws/Lab1_ws/install/task_1:/opt/ros/humble /usr/bin/cmake --install /home/me597/me597-tgobel/ros2_ws/Lab1_ws/build/task_2_interfaces
[1.406s] Level 1:colcon.colcon_core.environment:create_environment_scripts_only(task_2_interfaces)
[1.408s] DEBUG:colcon.colcon_core.event_handler.log_command:Invoked command in '/home/me597/me597-tgobel/ros2_ws/Lab1_ws/build/task_2_interfaces' returned '0': CMAKE_PREFIX_PATH=${CMAKE_PREFIX_PATH}:/home/me597/me597-tgobel/ros2_ws/Lab1_ws/install/task_2:/home/me597/me597-tgobel/ros2_ws/Lab1_ws/install/task_1:/opt/ros/humble /usr/bin/cmake --install /home/me597/me597-tgobel/ros2_ws/Lab1_ws/build/task_2_interfaces
[1.411s] Level 1:colcon.colcon_core.environment:checking '/home/me597/me597-tgobel/ros2_ws/Lab1_ws/install/task_2_interfaces' for CMake module files
[1.412s] Level 1:colcon.colcon_core.environment:checking '/home/me597/me597-tgobel/ros2_ws/Lab1_ws/install/task_2_interfaces' for CMake config files
[1.413s] Level 1:colcon.colcon_core.shell:create_environment_hook('task_2_interfaces', 'cmake_prefix_path')
[1.414s] INFO:colcon.colcon_core.shell:Creating environment hook '/home/me597/me597-tgobel/ros2_ws/Lab1_ws/install/task_2_interfaces/share/task_2_interfaces/hook/cmake_prefix_path.ps1'
[1.415s] INFO:colcon.colcon_core.shell:Creating environment descriptor '/home/me597/me597-tgobel/ros2_ws/Lab1_ws/install/task_2_interfaces/share/task_2_interfaces/hook/cmake_prefix_path.dsv'
[1.415s] INFO:colcon.colcon_core.shell:Creating environment hook '/home/me597/me597-tgobel/ros2_ws/Lab1_ws/install/task_2_interfaces/share/task_2_interfaces/hook/cmake_prefix_path.sh'
[1.417s] Level 1:colcon.colcon_core.environment:checking '/home/me597/me597-tgobel/ros2_ws/Lab1_ws/install/task_2_interfaces/lib'
[1.417s] Level 1:colcon.colcon_core.shell:create_environment_hook('task_2_interfaces', 'ld_library_path_lib')
[1.417s] INFO:colcon.colcon_core.shell:Creating environment hook '/home/me597/me597-tgobel/ros2_ws/Lab1_ws/install/task_2_interfaces/share/task_2_interfaces/hook/ld_library_path_lib.ps1'
[1.418s] INFO:colcon.colcon_core.shell:Creating environment descriptor '/home/me597/me597-tgobel/ros2_ws/Lab1_ws/install/task_2_interfaces/share/task_2_interfaces/hook/ld_library_path_lib.dsv'
[1.419s] INFO:colcon.colcon_core.shell:Creating environment hook '/home/me597/me597-tgobel/ros2_ws/Lab1_ws/install/task_2_interfaces/share/task_2_interfaces/hook/ld_library_path_lib.sh'
[1.419s] Level 1:colcon.colcon_core.environment:checking '/home/me597/me597-tgobel/ros2_ws/Lab1_ws/install/task_2_interfaces/bin'
[1.420s] Level 1:colcon.colcon_core.environment:checking '/home/me597/me597-tgobel/ros2_ws/Lab1_ws/install/task_2_interfaces/lib/pkgconfig/task_2_interfaces.pc'
[1.420s] Level 1:colcon.colcon_core.environment:checking '/home/me597/me597-tgobel/ros2_ws/Lab1_ws/install/task_2_interfaces/lib/python3.10/site-packages'
[1.420s] Level 1:colcon.colcon_core.environment:checking '/home/me597/me597-tgobel/ros2_ws/Lab1_ws/install/task_2_interfaces/bin'
[1.421s] INFO:colcon.colcon_core.shell:Creating package script '/home/me597/me597-tgobel/ros2_ws/Lab1_ws/install/task_2_interfaces/share/task_2_interfaces/package.ps1'
[1.422s] INFO:colcon.colcon_core.shell:Creating package descriptor '/home/me597/me597-tgobel/ros2_ws/Lab1_ws/install/task_2_interfaces/share/task_2_interfaces/package.dsv'
[1.423s] INFO:colcon.colcon_core.shell:Creating package script '/home/me597/me597-tgobel/ros2_ws/Lab1_ws/install/task_2_interfaces/share/task_2_interfaces/package.sh'
[1.424s] INFO:colcon.colcon_core.shell:Creating package script '/home/me597/me597-tgobel/ros2_ws/Lab1_ws/install/task_2_interfaces/share/task_2_interfaces/package.bash'
[1.426s] INFO:colcon.colcon_core.shell:Creating package script '/home/me597/me597-tgobel/ros2_ws/Lab1_ws/install/task_2_interfaces/share/task_2_interfaces/package.zsh'
[1.427s] Level 1:colcon.colcon_core.environment:create_file_with_runtime_dependencies(/home/me597/me597-tgobel/ros2_ws/Lab1_ws/install/task_2_interfaces/share/colcon-core/packages/task_2_interfaces)
[1.513s] DEBUG:colcon.colcon_core.event_handler.log_command:Invoking command in '/home/me597/me597-tgobel/ros2_ws/Lab1_ws/task_1': PYTHONPATH=/home/me597/me597-tgobel/ros2_ws/Lab1_ws/build/task_1/prefix_override:/usr/lib/python3/dist-packages/colcon_core/task/python/colcon_distutils_commands:/home/me597/me597-tgobel/ros2_ws/Lab1_ws/install/task_1/lib/python3.10/site-packages:${PYTHONPATH} /usr/bin/python3 -W ignore:setup.py install is deprecated setup.py egg_info --egg-base ../build/task_1 build --build-base /home/me597/me597-tgobel/ros2_ws/Lab1_ws/build/task_1/build install --record /home/me597/me597-tgobel/ros2_ws/Lab1_ws/build/task_1/install.log --single-version-externally-managed install_data
[1.558s] Level 1:colcon.colcon_core.environment:create_environment_scripts_only(task_2_interfaces)
[1.559s] Level 1:colcon.colcon_core.environment:checking '/home/me597/me597-tgobel/ros2_ws/Lab1_ws/install/task_2_interfaces' for CMake module files
[1.560s] Level 1:colcon.colcon_core.environment:checking '/home/me597/me597-tgobel/ros2_ws/Lab1_ws/install/task_2_interfaces' for CMake config files
[1.561s] Level 1:colcon.colcon_core.shell:create_environment_hook('task_2_interfaces', 'cmake_prefix_path')
[1.561s] INFO:colcon.colcon_core.shell:Creating environment hook '/home/me597/me597-tgobel/ros2_ws/Lab1_ws/install/task_2_interfaces/share/task_2_interfaces/hook/cmake_prefix_path.ps1'
[1.562s] INFO:colcon.colcon_core.shell:Creating environment descriptor '/home/me597/me597-tgobel/ros2_ws/Lab1_ws/install/task_2_interfaces/share/task_2_interfaces/hook/cmake_prefix_path.dsv'
[1.563s] INFO:colcon.colcon_core.shell:Creating environment hook '/home/me597/me597-tgobel/ros2_ws/Lab1_ws/install/task_2_interfaces/share/task_2_interfaces/hook/cmake_prefix_path.sh'
[1.564s] Level 1:colcon.colcon_core.environment:checking '/home/me597/me597-tgobel/ros2_ws/Lab1_ws/install/task_2_interfaces/lib'
[1.564s] Level 1:colcon.colcon_core.shell:create_environment_hook('task_2_interfaces', 'ld_library_path_lib')
[1.564s] INFO:colcon.colcon_core.shell:Creating environment hook '/home/me597/me597-tgobel/ros2_ws/Lab1_ws/install/task_2_interfaces/share/task_2_interfaces/hook/ld_library_path_lib.ps1'
[1.565s] INFO:colcon.colcon_core.shell:Creating environment descriptor '/home/me597/me597-tgobel/ros2_ws/Lab1_ws/install/task_2_interfaces/share/task_2_interfaces/hook/ld_library_path_lib.dsv'
[1.565s] INFO:colcon.colcon_core.shell:Creating environment hook '/home/me597/me597-tgobel/ros2_ws/Lab1_ws/install/task_2_interfaces/share/task_2_interfaces/hook/ld_library_path_lib.sh'
[1.566s] Level 1:colcon.colcon_core.environment:checking '/home/me597/me597-tgobel/ros2_ws/Lab1_ws/install/task_2_interfaces/bin'
[1.566s] Level 1:colcon.colcon_core.environment:checking '/home/me597/me597-tgobel/ros2_ws/Lab1_ws/install/task_2_interfaces/lib/pkgconfig/task_2_interfaces.pc'
[1.567s] Level 1:colcon.colcon_core.environment:checking '/home/me597/me597-tgobel/ros2_ws/Lab1_ws/install/task_2_interfaces/lib/python3.10/site-packages'
[1.567s] Level 1:colcon.colcon_core.environment:checking '/home/me597/me597-tgobel/ros2_ws/Lab1_ws/install/task_2_interfaces/bin'
[1.567s] INFO:colcon.colcon_core.shell:Creating package script '/home/me597/me597-tgobel/ros2_ws/Lab1_ws/install/task_2_interfaces/share/task_2_interfaces/package.ps1'
[1.568s] INFO:colcon.colcon_core.shell:Creating package descriptor '/home/me597/me597-tgobel/ros2_ws/Lab1_ws/install/task_2_interfaces/share/task_2_interfaces/package.dsv'
[1.569s] INFO:colcon.colcon_core.shell:Creating package script '/home/me597/me597-tgobel/ros2_ws/Lab1_ws/install/task_2_interfaces/share/task_2_interfaces/package.sh'
[1.570s] INFO:colcon.colcon_core.shell:Creating package script '/home/me597/me597-tgobel/ros2_ws/Lab1_ws/install/task_2_interfaces/share/task_2_interfaces/package.bash'
[1.571s] INFO:colcon.colcon_core.shell:Creating package script '/home/me597/me597-tgobel/ros2_ws/Lab1_ws/install/task_2_interfaces/share/task_2_interfaces/package.zsh'
[1.572s] Level 1:colcon.colcon_core.environment:create_file_with_runtime_dependencies(/home/me597/me597-tgobel/ros2_ws/Lab1_ws/install/task_2_interfaces/share/colcon-core/packages/task_2_interfaces)
[1.572s] INFO:colcon.colcon_ros.task.ament_python.build:Building ROS package in '/home/me597/me597-tgobel/ros2_ws/Lab1_ws/task_2' with build type 'ament_python'
[1.572s] Level 1:colcon.colcon_core.shell:create_environment_hook('task_2', 'ament_prefix_path')
[1.573s] INFO:colcon.colcon_core.shell:Creating environment hook '/home/me597/me597-tgobel/ros2_ws/Lab1_ws/install/task_2/share/task_2/hook/ament_prefix_path.ps1'
[1.574s] INFO:colcon.colcon_core.shell:Creating environment descriptor '/home/me597/me597-tgobel/ros2_ws/Lab1_ws/install/task_2/share/task_2/hook/ament_prefix_path.dsv'
[1.575s] INFO:colcon.colcon_core.shell:Creating environment hook '/home/me597/me597-tgobel/ros2_ws/Lab1_ws/install/task_2/share/task_2/hook/ament_prefix_path.sh'
[1.576s] INFO:colcon.colcon_core.shell:Skip shell extension 'powershell' for command environment: Not usable outside of PowerShell
[1.576s] DEBUG:colcon.colcon_core.shell:Skip shell extension 'dsv' for command environment
[1.999s] INFO:colcon.colcon_core.task.python.build:Building Python package in '/home/me597/me597-tgobel/ros2_ws/Lab1_ws/task_2'
[2.000s] INFO:colcon.colcon_core.shell:Skip shell extension 'powershell' for command environment: Not usable outside of PowerShell
[2.000s] DEBUG:colcon.colcon_core.shell:Skip shell extension 'dsv' for command environment
[2.008s] Level 1:colcon.colcon_core.environment:checking '/home/me597/me597-tgobel/ros2_ws/Lab1_ws/install/task_1' for CMake module files
[2.009s] DEBUG:colcon.colcon_core.event_handler.log_command:Invoked command in '/home/me597/me597-tgobel/ros2_ws/Lab1_ws/task_1' returned '0': PYTHONPATH=/home/me597/me597-tgobel/ros2_ws/Lab1_ws/build/task_1/prefix_override:/usr/lib/python3/dist-packages/colcon_core/task/python/colcon_distutils_commands:/home/me597/me597-tgobel/ros2_ws/Lab1_ws/install/task_1/lib/python3.10/site-packages:${PYTHONPATH} /usr/bin/python3 -W ignore:setup.py install is deprecated setup.py egg_info --egg-base ../build/task_1 build --build-base /home/me597/me597-tgobel/ros2_ws/Lab1_ws/build/task_1/build install --record /home/me597/me597-tgobel/ros2_ws/Lab1_ws/build/task_1/install.log --single-version-externally-managed install_data
[2.011s] Level 1:colcon.colcon_core.environment:checking '/home/me597/me597-tgobel/ros2_ws/Lab1_ws/install/task_1' for CMake config files
[2.014s] Level 1:colcon.colcon_core.environment:checking '/home/me597/me597-tgobel/ros2_ws/Lab1_ws/install/task_1/lib'
[2.014s] Level 1:colcon.colcon_core.environment:checking '/home/me597/me597-tgobel/ros2_ws/Lab1_ws/install/task_1/bin'
[2.014s] Level 1:colcon.colcon_core.environment:checking '/home/me597/me597-tgobel/ros2_ws/Lab1_ws/install/task_1/lib/pkgconfig/task_1.pc'
[2.014s] Level 1:colcon.colcon_core.environment:checking '/home/me597/me597-tgobel/ros2_ws/Lab1_ws/install/task_1/lib/python3.10/site-packages'
[2.014s] Level 1:colcon.colcon_core.shell:create_environment_hook('task_1', 'pythonpath')
[2.015s] INFO:colcon.colcon_core.shell:Creating environment hook '/home/me597/me597-tgobel/ros2_ws/Lab1_ws/install/task_1/share/task_1/hook/pythonpath.ps1'
[2.016s] INFO:colcon.colcon_core.shell:Creating environment descriptor '/home/me597/me597-tgobel/ros2_ws/Lab1_ws/install/task_1/share/task_1/hook/pythonpath.dsv'
[2.018s] INFO:colcon.colcon_core.shell:Creating environment hook '/home/me597/me597-tgobel/ros2_ws/Lab1_ws/install/task_1/share/task_1/hook/pythonpath.sh'
[2.020s] Level 1:colcon.colcon_core.environment:checking '/home/me597/me597-tgobel/ros2_ws/Lab1_ws/install/task_1/bin'
[2.020s] Level 1:colcon.colcon_core.environment:create_environment_scripts_only(task_1)
[2.021s] INFO:colcon.colcon_core.shell:Creating package script '/home/me597/me597-tgobel/ros2_ws/Lab1_ws/install/task_1/share/task_1/package.ps1'
[2.023s] INFO:colcon.colcon_core.shell:Creating package descriptor '/home/me597/me597-tgobel/ros2_ws/Lab1_ws/install/task_1/share/task_1/package.dsv'
[2.025s] INFO:colcon.colcon_core.shell:Creating package script '/home/me597/me597-tgobel/ros2_ws/Lab1_ws/install/task_1/share/task_1/package.sh'
[2.027s] INFO:colcon.colcon_core.shell:Creating package script '/home/me597/me597-tgobel/ros2_ws/Lab1_ws/install/task_1/share/task_1/package.bash'
[2.028s] INFO:colcon.colcon_core.shell:Creating package script '/home/me597/me597-tgobel/ros2_ws/Lab1_ws/install/task_1/share/task_1/package.zsh'
[2.030s] Level 1:colcon.colcon_core.environment:create_file_with_runtime_dependencies(/home/me597/me597-tgobel/ros2_ws/Lab1_ws/install/task_1/share/colcon-core/packages/task_1)
[2.620s] DEBUG:colcon.colcon_core.event_handler.log_command:Invoking command in '/home/me597/me597-tgobel/ros2_ws/Lab1_ws/task_2': PYTHONPATH=/home/me597/me597-tgobel/ros2_ws/Lab1_ws/build/task_2/prefix_override:/usr/lib/python3/dist-packages/colcon_core/task/python/colcon_distutils_commands:/home/me597/me597-tgobel/ros2_ws/Lab1_ws/install/task_2/lib/python3.10/site-packages:${PYTHONPATH} /usr/bin/python3 -W ignore:setup.py install is deprecated setup.py egg_info --egg-base ../build/task_2 build --build-base /home/me597/me597-tgobel/ros2_ws/Lab1_ws/build/task_2/build install --record /home/me597/me597-tgobel/ros2_ws/Lab1_ws/build/task_2/install.log --single-version-externally-managed install_data
[3.159s] Level 1:colcon.colcon_core.environment:checking '/home/me597/me597-tgobel/ros2_ws/Lab1_ws/install/task_2' for CMake module files
[3.160s] DEBUG:colcon.colcon_core.event_handler.log_command:Invoked command in '/home/me597/me597-tgobel/ros2_ws/Lab1_ws/task_2' returned '0': PYTHONPATH=/home/me597/me597-tgobel/ros2_ws/Lab1_ws/build/task_2/prefix_override:/usr/lib/python3/dist-packages/colcon_core/task/python/colcon_distutils_commands:/home/me597/me597-tgobel/ros2_ws/Lab1_ws/install/task_2/lib/python3.10/site-packages:${PYTHONPATH} /usr/bin/python3 -W ignore:setup.py install is deprecated setup.py egg_info --egg-base ../build/task_2 build --build-base /home/me597/me597-tgobel/ros2_ws/Lab1_ws/build/task_2/build install --record /home/me597/me597-tgobel/ros2_ws/Lab1_ws/build/task_2/install.log --single-version-externally-managed install_data
[3.160s] Level 1:colcon.colcon_core.environment:checking '/home/me597/me597-tgobel/ros2_ws/Lab1_ws/install/task_2' for CMake config files
[3.161s] Level 1:colcon.colcon_core.environment:checking '/home/me597/me597-tgobel/ros2_ws/Lab1_ws/install/task_2/lib'
[3.161s] Level 1:colcon.colcon_core.environment:checking '/home/me597/me597-tgobel/ros2_ws/Lab1_ws/install/task_2/bin'
[3.162s] Level 1:colcon.colcon_core.environment:checking '/home/me597/me597-tgobel/ros2_ws/Lab1_ws/install/task_2/lib/pkgconfig/task_2.pc'
[3.162s] Level 1:colcon.colcon_core.environment:checking '/home/me597/me597-tgobel/ros2_ws/Lab1_ws/install/task_2/lib/python3.10/site-packages'
[3.162s] Level 1:colcon.colcon_core.shell:create_environment_hook('task_2', 'pythonpath')
[3.162s] INFO:colcon.colcon_core.shell:Creating environment hook '/home/me597/me597-tgobel/ros2_ws/Lab1_ws/install/task_2/share/task_2/hook/pythonpath.ps1'
[3.166s] INFO:colcon.colcon_core.shell:Creating environment descriptor '/home/me597/me597-tgobel/ros2_ws/Lab1_ws/install/task_2/share/task_2/hook/pythonpath.dsv'
[3.167s] INFO:colcon.colcon_core.shell:Creating environment hook '/home/me597/me597-tgobel/ros2_ws/Lab1_ws/install/task_2/share/task_2/hook/pythonpath.sh'
[3.169s] Level 1:colcon.colcon_core.environment:checking '/home/me597/me597-tgobel/ros2_ws/Lab1_ws/install/task_2/bin'
[3.170s] Level 1:colcon.colcon_core.environment:create_environment_scripts_only(task_2)
[3.171s] INFO:colcon.colcon_core.shell:Creating package script '/home/me597/me597-tgobel/ros2_ws/Lab1_ws/install/task_2/share/task_2/package.ps1'
[3.173s] INFO:colcon.colcon_core.shell:Creating package descriptor '/home/me597/me597-tgobel/ros2_ws/Lab1_ws/install/task_2/share/task_2/package.dsv'
[3.174s] INFO:colcon.colcon_core.shell:Creating package script '/home/me597/me597-tgobel/ros2_ws/Lab1_ws/install/task_2/share/task_2/package.sh'
[3.176s] INFO:colcon.colcon_core.shell:Creating package script '/home/me597/me597-tgobel/ros2_ws/Lab1_ws/install/task_2/share/task_2/package.bash'
[3.177s] INFO:colcon.colcon_core.shell:Creating package script '/home/me597/me597-tgobel/ros2_ws/Lab1_ws/install/task_2/share/task_2/package.zsh'
[3.178s] Level 1:colcon.colcon_core.environment:create_file_with_runtime_dependencies(/home/me597/me597-tgobel/ros2_ws/Lab1_ws/install/task_2/share/colcon-core/packages/task_2)
[3.179s] DEBUG:colcon.colcon_parallel_executor.executor.parallel:closing loop
[3.180s] DEBUG:colcon.colcon_parallel_executor.executor.parallel:loop closed
[3.180s] DEBUG:colcon.colcon_parallel_executor.executor.parallel:run_until_complete finished with '0'
[3.180s] DEBUG:colcon.colcon_core.event_reactor:joining thread
[3.196s] INFO:colcon.colcon_core.plugin_system:Skipping extension 'colcon_notification.desktop_notification.terminal_notifier': Not used on non-Darwin systems
[3.196s] INFO:colcon.colcon_core.plugin_system:Skipping extension 'colcon_notification.desktop_notification.win32': Not used on non-Windows systems
[3.199s] INFO:colcon.colcon_notification.desktop_notification:Sending desktop notification using 'notify2'
[3.224s] DEBUG:colcon.colcon_core.event_reactor:joined thread
[3.225s] INFO:colcon.colcon_core.shell:Creating prefix script '/home/me597/me597-tgobel/ros2_ws/Lab1_ws/install/local_setup.ps1'
[3.227s] INFO:colcon.colcon_core.shell:Creating prefix util module '/home/me597/me597-tgobel/ros2_ws/Lab1_ws/install/_local_setup_util_ps1.py'
[3.230s] INFO:colcon.colcon_core.shell:Creating prefix chain script '/home/me597/me597-tgobel/ros2_ws/Lab1_ws/install/setup.ps1'
[3.232s] INFO:colcon.colcon_core.shell:Creating prefix script '/home/me597/me597-tgobel/ros2_ws/Lab1_ws/install/local_setup.sh'
[3.233s] INFO:colcon.colcon_core.shell:Creating prefix util module '/home/me597/me597-tgobel/ros2_ws/Lab1_ws/install/_local_setup_util_sh.py'
[3.234s] INFO:colcon.colcon_core.shell:Creating prefix chain script '/home/me597/me597-tgobel/ros2_ws/Lab1_ws/install/setup.sh'
[3.236s] INFO:colcon.colcon_core.shell:Creating prefix script '/home/me597/me597-tgobel/ros2_ws/Lab1_ws/install/local_setup.bash'
[3.237s] INFO:colcon.colcon_core.shell:Creating prefix chain script '/home/me597/me597-tgobel/ros2_ws/Lab1_ws/install/setup.bash'
[3.238s] INFO:colcon.colcon_core.shell:Creating prefix script '/home/me597/me597-tgobel/ros2_ws/Lab1_ws/install/local_setup.zsh'
[3.239s] INFO:colcon.colcon_core.shell:Creating prefix chain script '/home/me597/me597-tgobel/ros2_ws/Lab1_ws/install/setup.zsh'
