[0.890s] Invoking command in '/home/me597/me597-tgobel/ros2_ws/Lab2_ws/task_3': PYTHONPATH=/home/me597/me597-tgobel/ros2_ws/Lab2_ws/build/task_3/prefix_override:/usr/lib/python3/dist-packages/colcon_core/task/python/colcon_distutils_commands:/home/me597/me597-tgobel/ros2_ws/Lab2_ws/install/task_3/lib/python3.10/site-packages:${PYTHONPATH} /usr/bin/python3 -W ignore:setup.py install is deprecated setup.py egg_info --egg-base ../build/task_3 build --build-base /home/me597/me597-tgobel/ros2_ws/Lab2_ws/build/task_3/build install --record /home/me597/me597-tgobel/ros2_ws/Lab2_ws/build/task_3/install.log --single-version-externally-managed install_data
[1.337s] running egg_info
[1.338s] writing ../build/task_3/task_3.egg-info/PKG-INFO
[1.340s] writing dependency_links to ../build/task_3/task_3.egg-info/dependency_links.txt
[1.340s] writing entry points to ../build/task_3/task_3.egg-info/entry_points.txt
[1.340s] writing requirements to ../build/task_3/task_3.egg-info/requires.txt
[1.341s] writing top-level names to ../build/task_3/task_3.egg-info/top_level.txt
[1.343s] reading manifest file '../build/task_3/task_3.egg-info/SOURCES.txt'
[1.345s] writing manifest file '../build/task_3/task_3.egg-info/SOURCES.txt'
[1.345s] running build
[1.345s] running build_py
[1.345s] copying task_3/pid_controller.py -> /home/me597/me597-tgobel/ros2_ws/Lab2_ws/build/task_3/build/lib/task_3
[1.345s] running install
[1.356s] running install_lib
[1.357s] copying /home/me597/me597-tgobel/ros2_ws/Lab2_ws/build/task_3/build/lib/task_3/pid_controller.py -> /home/me597/me597-tgobel/ros2_ws/Lab2_ws/install/task_3/lib/python3.10/site-packages/task_3
[1.357s] byte-compiling /home/me597/me597-tgobel/ros2_ws/Lab2_ws/install/task_3/lib/python3.10/site-packages/task_3/pid_controller.py to pid_controller.cpython-310.pyc
[1.357s] running install_data
[1.357s] running install_egg_info
[1.357s] removing '/home/me597/me597-tgobel/ros2_ws/Lab2_ws/install/task_3/lib/python3.10/site-packages/task_3-0.0.0-py3.10.egg-info' (and everything under it)
[1.359s] Copying ../build/task_3/task_3.egg-info to /home/me597/me597-tgobel/ros2_ws/Lab2_ws/install/task_3/lib/python3.10/site-packages/task_3-0.0.0-py3.10.egg-info
[1.359s] running install_scripts
[1.388s] Installing pid_speed_controller script to /home/me597/me597-tgobel/ros2_ws/Lab2_ws/install/task_3/lib/task_3
[1.389s] writing list of installed files to '/home/me597/me597-tgobel/ros2_ws/Lab2_ws/build/task_3/install.log'
[1.450s] Invoked command in '/home/me597/me597-tgobel/ros2_ws/Lab2_ws/task_3' returned '0': PYTHONPATH=/home/me597/me597-tgobel/ros2_ws/Lab2_ws/build/task_3/prefix_override:/usr/lib/python3/dist-packages/colcon_core/task/python/colcon_distutils_commands:/home/me597/me597-tgobel/ros2_ws/Lab2_ws/install/task_3/lib/python3.10/site-packages:${PYTHONPATH} /usr/bin/python3 -W ignore:setup.py install is deprecated setup.py egg_info --egg-base ../build/task_3 build --build-base /home/me597/me597-tgobel/ros2_ws/Lab2_ws/build/task_3/build install --record /home/me597/me597-tgobel/ros2_ws/Lab2_ws/build/task_3/install.log --single-version-externally-managed install_data
