[1.438s] Invoking command in '/home/me597/me597-tgobel/ros2_ws/Lab1_ws/task_2': PYTHONPATH=/home/me597/me597-tgobel/ros2_ws/Lab1_ws/build/task_2/prefix_override:/usr/lib/python3/dist-packages/colcon_core/task/python/colcon_distutils_commands:/home/me597/me597-tgobel/ros2_ws/Lab1_ws/install/task_2/lib/python3.10/site-packages:${PYTHONPATH} /usr/bin/python3 -W ignore:setup.py install is deprecated setup.py egg_info --egg-base ../build/task_2 build --build-base /home/me597/me597-tgobel/ros2_ws/Lab1_ws/build/task_2/build install --record /home/me597/me597-tgobel/ros2_ws/Lab1_ws/build/task_2/install.log --single-version-externally-managed install_data
[1.852s] running egg_info
[1.853s] creating ../build/task_2/task_2.egg-info
[1.853s] writing ../build/task_2/task_2.egg-info/PKG-INFO
[1.854s] writing dependency_links to ../build/task_2/task_2.egg-info/dependency_links.txt
[1.854s] writing entry points to ../build/task_2/task_2.egg-info/entry_points.txt
[1.854s] writing requirements to ../build/task_2/task_2.egg-info/requires.txt
[1.855s] writing top-level names to ../build/task_2/task_2.egg-info/top_level.txt
[1.855s] writing manifest file '../build/task_2/task_2.egg-info/SOURCES.txt'
[1.858s] reading manifest file '../build/task_2/task_2.egg-info/SOURCES.txt'
[1.859s] adding license file 'LICENSE'
[1.859s] writing manifest file '../build/task_2/task_2.egg-info/SOURCES.txt'
[1.860s] running build
[1.860s] running build_py
[1.860s] creating /home/me597/me597-tgobel/ros2_ws/Lab1_ws/build/task_2/build
[1.860s] creating /home/me597/me597-tgobel/ros2_ws/Lab1_ws/build/task_2/build/lib
[1.860s] creating /home/me597/me597-tgobel/ros2_ws/Lab1_ws/build/task_2/build/lib/task_2
[1.860s] copying task_2/__init__.py -> /home/me597/me597-tgobel/ros2_ws/Lab1_ws/build/task_2/build/lib/task_2
[1.861s] running install
[1.861s] running install_lib
[1.863s] creating /home/me597/me597-tgobel/ros2_ws/Lab1_ws/install/task_2/lib/python3.10/site-packages/task_2
[1.863s] copying /home/me597/me597-tgobel/ros2_ws/Lab1_ws/build/task_2/build/lib/task_2/__init__.py -> /home/me597/me597-tgobel/ros2_ws/Lab1_ws/install/task_2/lib/python3.10/site-packages/task_2
[1.863s] byte-compiling /home/me597/me597-tgobel/ros2_ws/Lab1_ws/install/task_2/lib/python3.10/site-packages/task_2/__init__.py to __init__.cpython-310.pyc
[1.864s] running install_data
[1.864s] creating /home/me597/me597-tgobel/ros2_ws/Lab1_ws/install/task_2/share/ament_index
[1.864s] creating /home/me597/me597-tgobel/ros2_ws/Lab1_ws/install/task_2/share/ament_index/resource_index
[1.865s] creating /home/me597/me597-tgobel/ros2_ws/Lab1_ws/install/task_2/share/ament_index/resource_index/packages
[1.865s] copying resource/task_2 -> /home/me597/me597-tgobel/ros2_ws/Lab1_ws/install/task_2/share/ament_index/resource_index/packages
[1.865s] copying package.xml -> /home/me597/me597-tgobel/ros2_ws/Lab1_ws/install/task_2/share/task_2
[1.865s] running install_egg_info
[1.868s] Copying ../build/task_2/task_2.egg-info to /home/me597/me597-tgobel/ros2_ws/Lab1_ws/install/task_2/lib/python3.10/site-packages/task_2-0.0.0-py3.10.egg-info
[1.869s] running install_scripts
[1.905s] Installing listener script to /home/me597/me597-tgobel/ros2_ws/Lab1_ws/install/task_2/lib/task_2
[1.905s] Installing talker script to /home/me597/me597-tgobel/ros2_ws/Lab1_ws/install/task_2/lib/task_2
[1.907s] writing list of installed files to '/home/me597/me597-tgobel/ros2_ws/Lab1_ws/build/task_2/install.log'
[1.947s] Invoked command in '/home/me597/me597-tgobel/ros2_ws/Lab1_ws/task_2' returned '0': PYTHONPATH=/home/me597/me597-tgobel/ros2_ws/Lab1_ws/build/task_2/prefix_override:/usr/lib/python3/dist-packages/colcon_core/task/python/colcon_distutils_commands:/home/me597/me597-tgobel/ros2_ws/Lab1_ws/install/task_2/lib/python3.10/site-packages:${PYTHONPATH} /usr/bin/python3 -W ignore:setup.py install is deprecated setup.py egg_info --egg-base ../build/task_2 build --build-base /home/me597/me597-tgobel/ros2_ws/Lab1_ws/build/task_2/build install --record /home/me597/me597-tgobel/ros2_ws/Lab1_ws/build/task_2/install.log --single-version-externally-managed install_data
