[0.990s] Invoking command in '/home/me597/me597-tgobel/ros2_ws/Lab1_ws/task_1': PYTHONPATH=/home/me597/me597-tgobel/ros2_ws/Lab1_ws/task_1/build/task_1/prefix_override:/usr/lib/python3/dist-packages/colcon_core/task/python/colcon_distutils_commands:/home/me597/me597-tgobel/ros2_ws/Lab1_ws/task_1/install/task_1/lib/python3.10/site-packages:${PYTHONPATH} /usr/bin/python3 -W ignore:setup.py install is deprecated setup.py egg_info --egg-base build/task_1 build --build-base /home/me597/me597-tgobel/ros2_ws/Lab1_ws/task_1/build/task_1/build install --record /home/me597/me597-tgobel/ros2_ws/Lab1_ws/task_1/build/task_1/install.log --single-version-externally-managed install_data
[1.281s] running egg_info
[1.282s] writing build/task_1/task_1.egg-info/PKG-INFO
[1.282s] writing dependency_links to build/task_1/task_1.egg-info/dependency_links.txt
[1.282s] writing entry points to build/task_1/task_1.egg-info/entry_points.txt
[1.284s] writing requirements to build/task_1/task_1.egg-info/requires.txt
[1.285s] writing top-level names to build/task_1/task_1.egg-info/top_level.txt
[1.285s] reading manifest file 'build/task_1/task_1.egg-info/SOURCES.txt'
[1.286s] adding license file 'LICENSE'
[1.286s] writing manifest file 'build/task_1/task_1.egg-info/SOURCES.txt'
[1.287s] running build
[1.287s] running build_py
[1.288s] running install
[1.289s] running install_lib
[1.290s] running install_data
[1.290s] running install_egg_info
[1.292s] removing '/home/me597/me597-tgobel/ros2_ws/Lab1_ws/task_1/install/task_1/lib/python3.10/site-packages/task_1-0.0.0-py3.10.egg-info' (and everything under it)
[1.293s] Copying build/task_1/task_1.egg-info to /home/me597/me597-tgobel/ros2_ws/Lab1_ws/task_1/install/task_1/lib/python3.10/site-packages/task_1-0.0.0-py3.10.egg-info
[1.294s] running install_scripts
[1.315s] Installing listener script to /home/me597/me597-tgobel/ros2_ws/Lab1_ws/task_1/install/task_1/lib/task_1
[1.316s] Installing talker script to /home/me597/me597-tgobel/ros2_ws/Lab1_ws/task_1/install/task_1/lib/task_1
[1.316s] writing list of installed files to '/home/me597/me597-tgobel/ros2_ws/Lab1_ws/task_1/build/task_1/install.log'
[1.344s] Invoked command in '/home/me597/me597-tgobel/ros2_ws/Lab1_ws/task_1' returned '0': PYTHONPATH=/home/me597/me597-tgobel/ros2_ws/Lab1_ws/task_1/build/task_1/prefix_override:/usr/lib/python3/dist-packages/colcon_core/task/python/colcon_distutils_commands:/home/me597/me597-tgobel/ros2_ws/Lab1_ws/task_1/install/task_1/lib/python3.10/site-packages:${PYTHONPATH} /usr/bin/python3 -W ignore:setup.py install is deprecated setup.py egg_info --egg-base build/task_1 build --build-base /home/me597/me597-tgobel/ros2_ws/Lab1_ws/task_1/build/task_1/build install --record /home/me597/me597-tgobel/ros2_ws/Lab1_ws/task_1/build/task_1/install.log --single-version-externally-managed install_data
