[0.571s] Invoking command in '/home/me597/me597-tgobel/ros2_ws/Lab1_ws/task_1': PYTHONPATH=/home/me597/me597-tgobel/ros2_ws/Lab1_ws/build/task_1/prefix_override:/usr/lib/python3/dist-packages/colcon_core/task/python/colcon_distutils_commands:/home/me597/me597-tgobel/ros2_ws/Lab1_ws/install/task_1/lib/python3.10/site-packages:${PYTHONPATH} /usr/bin/python3 -W ignore:setup.py install is deprecated setup.py egg_info --egg-base ../build/task_1 build --build-base /home/me597/me597-tgobel/ros2_ws/Lab1_ws/build/task_1/build install --record /home/me597/me597-tgobel/ros2_ws/Lab1_ws/build/task_1/install.log --single-version-externally-managed install_data
[0.790s] running egg_info
[0.791s] writing ../build/task_1/task_1.egg-info/PKG-INFO
[0.791s] writing dependency_links to ../build/task_1/task_1.egg-info/dependency_links.txt
[0.792s] writing entry points to ../build/task_1/task_1.egg-info/entry_points.txt
[0.792s] writing requirements to ../build/task_1/task_1.egg-info/requires.txt
[0.792s] writing top-level names to ../build/task_1/task_1.egg-info/top_level.txt
[0.793s] reading manifest file '../build/task_1/task_1.egg-info/SOURCES.txt'
[0.793s] adding license file 'LICENSE'
[0.794s] writing manifest file '../build/task_1/task_1.egg-info/SOURCES.txt'
[0.794s] running build
[0.794s] running build_py
[0.794s] running install
[0.795s] running install_lib
[0.795s] running install_data
[0.795s] running install_egg_info
[0.798s] removing '/home/me597/me597-tgobel/ros2_ws/Lab1_ws/install/task_1/lib/python3.10/site-packages/task_1-0.0.0-py3.10.egg-info' (and everything under it)
[0.798s] Copying ../build/task_1/task_1.egg-info to /home/me597/me597-tgobel/ros2_ws/Lab1_ws/install/task_1/lib/python3.10/site-packages/task_1-0.0.0-py3.10.egg-info
[0.798s] running install_scripts
[0.818s] Installing listener script to /home/me597/me597-tgobel/ros2_ws/Lab1_ws/install/task_1/lib/task_1
[0.818s] Installing talker script to /home/me597/me597-tgobel/ros2_ws/Lab1_ws/install/task_1/lib/task_1
[0.819s] writing list of installed files to '/home/me597/me597-tgobel/ros2_ws/Lab1_ws/build/task_1/install.log'
[0.842s] Invoked command in '/home/me597/me597-tgobel/ros2_ws/Lab1_ws/task_1' returned '0': PYTHONPATH=/home/me597/me597-tgobel/ros2_ws/Lab1_ws/build/task_1/prefix_override:/usr/lib/python3/dist-packages/colcon_core/task/python/colcon_distutils_commands:/home/me597/me597-tgobel/ros2_ws/Lab1_ws/install/task_1/lib/python3.10/site-packages:${PYTHONPATH} /usr/bin/python3 -W ignore:setup.py install is deprecated setup.py egg_info --egg-base ../build/task_1 build --build-base /home/me597/me597-tgobel/ros2_ws/Lab1_ws/build/task_1/build install --record /home/me597/me597-tgobel/ros2_ws/Lab1_ws/build/task_1/install.log --single-version-externally-managed install_data
