[0.832s] Invoking command in '/home/me597/me597-tgobel/ros2_ws/Lab4_ws/task_5': PYTHONPATH=/home/me597/me597-tgobel/ros2_ws/Lab4_ws/build/task_5/prefix_override:/usr/lib/python3/dist-packages/colcon_core/task/python/colcon_distutils_commands:/home/me597/me597-tgobel/ros2_ws/Lab4_ws/install/task_5/lib/python3.10/site-packages:${PYTHONPATH} /usr/bin/python3 -W ignore:setup.py install is deprecated setup.py egg_info --egg-base ../build/task_5 build --build-base /home/me597/me597-tgobel/ros2_ws/Lab4_ws/build/task_5/build install --record /home/me597/me597-tgobel/ros2_ws/Lab4_ws/build/task_5/install.log --single-version-externally-managed install_data
[1.079s] running egg_info
[1.081s] writing ../build/task_5/task_5.egg-info/PKG-INFO
[1.081s] writing dependency_links to ../build/task_5/task_5.egg-info/dependency_links.txt
[1.082s] writing entry points to ../build/task_5/task_5.egg-info/entry_points.txt
[1.082s] writing requirements to ../build/task_5/task_5.egg-info/requires.txt
[1.082s] writing top-level names to ../build/task_5/task_5.egg-info/top_level.txt
[1.085s] reading manifest file '../build/task_5/task_5.egg-info/SOURCES.txt'
[1.086s] writing manifest file '../build/task_5/task_5.egg-info/SOURCES.txt'
[1.087s] running build
[1.087s] running build_py
[1.087s] running install
[1.088s] running install_lib
[1.088s] running install_data
[1.089s] running install_egg_info
[1.090s] removing '/home/me597/me597-tgobel/ros2_ws/Lab4_ws/install/task_5/lib/python3.10/site-packages/task_5-0.0.0-py3.10.egg-info' (and everything under it)
[1.091s] Copying ../build/task_5/task_5.egg-info to /home/me597/me597-tgobel/ros2_ws/Lab4_ws/install/task_5/lib/python3.10/site-packages/task_5-0.0.0-py3.10.egg-info
[1.092s] running install_scripts
[1.114s] Installing image_publisher script to /home/me597/me597-tgobel/ros2_ws/Lab4_ws/install/task_5/lib/task_5
[1.116s] Installing object_detector script to /home/me597/me597-tgobel/ros2_ws/Lab4_ws/install/task_5/lib/task_5
[1.117s] writing list of installed files to '/home/me597/me597-tgobel/ros2_ws/Lab4_ws/build/task_5/install.log'
[1.140s] Invoked command in '/home/me597/me597-tgobel/ros2_ws/Lab4_ws/task_5' returned '0': PYTHONPATH=/home/me597/me597-tgobel/ros2_ws/Lab4_ws/build/task_5/prefix_override:/usr/lib/python3/dist-packages/colcon_core/task/python/colcon_distutils_commands:/home/me597/me597-tgobel/ros2_ws/Lab4_ws/install/task_5/lib/python3.10/site-packages:${PYTHONPATH} /usr/bin/python3 -W ignore:setup.py install is deprecated setup.py egg_info --egg-base ../build/task_5 build --build-base /home/me597/me597-tgobel/ros2_ws/Lab4_ws/build/task_5/build install --record /home/me597/me597-tgobel/ros2_ws/Lab4_ws/build/task_5/install.log --single-version-externally-managed install_data
