[0.723s] Invoking command in '/home/me597/me597-tgobel/ros2_ws/Lab1_ws/build/task_2_interfaces': CMAKE_PREFIX_PATH=${CMAKE_PREFIX_PATH}:/home/me597/me597-tgobel/ros2_ws/Lab1_ws/install/task_2:/home/me597/me597-tgobel/ros2_ws/Lab1_ws/install/task_1:/opt/ros/humble /usr/bin/cmake --build /home/me597/me597-tgobel/ros2_ws/Lab1_ws/build/task_2_interfaces -- -j5 -l5
[0.806s] [  2%] Built target task_2_interfaces__cpp
[0.813s] [ 12%] Built target task_2_interfaces__rosidl_generator_c
[0.831s] [ 12%] Built target ament_cmake_python_copy_task_2_interfaces
[0.868s] [ 23%] Built target task_2_interfaces__rosidl_typesupport_introspection_cpp
[0.875s] [ 33%] Built target task_2_interfaces__rosidl_typesupport_fastrtps_cpp
[0.877s] [ 43%] Built target task_2_interfaces__rosidl_typesupport_cpp
[0.880s] [ 53%] Built target task_2_interfaces__rosidl_typesupport_introspection_c
[0.883s] [ 64%] Built target task_2_interfaces__rosidl_typesupport_fastrtps_c
[0.912s] [ 74%] Built target task_2_interfaces__rosidl_typesupport_c
[0.943s] [ 74%] Built target task_2_interfaces
[0.975s] [ 76%] Built target task_2_interfaces__py
[1.013s] [ 84%] Built target task_2_interfaces__rosidl_generator_py
[1.055s] [ 89%] Built target task_2_interfaces__rosidl_typesupport_fastrtps_c__pyext
[1.056s] [ 94%] Built target task_2_interfaces__rosidl_typesupport_c__pyext
[1.066s] [100%] Built target task_2_interfaces__rosidl_typesupport_introspection_c__pyext
[1.307s] running egg_info
[1.313s] writing task_2_interfaces.egg-info/PKG-INFO
[1.314s] writing dependency_links to task_2_interfaces.egg-info/dependency_links.txt
[1.316s] writing top-level names to task_2_interfaces.egg-info/top_level.txt
[1.317s] reading manifest file 'task_2_interfaces.egg-info/SOURCES.txt'
[1.318s] writing manifest file 'task_2_interfaces.egg-info/SOURCES.txt'
[1.360s] [100%] Built target ament_cmake_python_build_task_2_interfaces_egg
[1.381s] Invoked command in '/home/me597/me597-tgobel/ros2_ws/Lab1_ws/build/task_2_interfaces' returned '0': CMAKE_PREFIX_PATH=${CMAKE_PREFIX_PATH}:/home/me597/me597-tgobel/ros2_ws/Lab1_ws/install/task_2:/home/me597/me597-tgobel/ros2_ws/Lab1_ws/install/task_1:/opt/ros/humble /usr/bin/cmake --build /home/me597/me597-tgobel/ros2_ws/Lab1_ws/build/task_2_interfaces -- -j5 -l5
[1.531s] Invoking command in '/home/me597/me597-tgobel/ros2_ws/Lab1_ws/build/task_2_interfaces': CMAKE_PREFIX_PATH=${CMAKE_PREFIX_PATH}:/home/me597/me597-tgobel/ros2_ws/Lab1_ws/install/task_2:/home/me597/me597-tgobel/ros2_ws/Lab1_ws/install/task_1:/opt/ros/humble /usr/bin/cmake --install /home/me597/me597-tgobel/ros2_ws/Lab1_ws/build/task_2_interfaces
[1.547s] -- Install configuration: ""
[1.547s] -- Up-to-date: /home/me597/me597-tgobel/ros2_ws/Lab1_ws/install/task_2_interfaces/share/ament_index/resource_index/rosidl_interfaces/task_2_interfaces
[1.548s] -- Up-to-date: /home/me597/me597-tgobel/ros2_ws/Lab1_ws/install/task_2_interfaces/include/task_2_interfaces/task_2_interfaces
[1.548s] -- Up-to-date: /home/me597/me597-tgobel/ros2_ws/Lab1_ws/install/task_2_interfaces/include/task_2_interfaces/task_2_interfaces/msg
[1.548s] -- Up-to-date: /home/me597/me597-tgobel/ros2_ws/Lab1_ws/install/task_2_interfaces/include/task_2_interfaces/task_2_interfaces/msg/joint_data.h
[1.548s] -- Up-to-date: /home/me597/me597-tgobel/ros2_ws/Lab1_ws/install/task_2_interfaces/include/task_2_interfaces/task_2_interfaces/msg/rosidl_generator_c__visibility_control.h
[1.548s] -- Up-to-date: /home/me597/me597-tgobel/ros2_ws/Lab1_ws/install/task_2_interfaces/include/task_2_interfaces/task_2_interfaces/msg/detail
[1.548s] -- Up-to-date: /home/me597/me597-tgobel/ros2_ws/Lab1_ws/install/task_2_interfaces/include/task_2_interfaces/task_2_interfaces/msg/detail/joint_data__functions.h
[1.548s] -- Up-to-date: /home/me597/me597-tgobel/ros2_ws/Lab1_ws/install/task_2_interfaces/include/task_2_interfaces/task_2_interfaces/msg/detail/joint_data__struct.h
[1.548s] -- Up-to-date: /home/me597/me597-tgobel/ros2_ws/Lab1_ws/install/task_2_interfaces/include/task_2_interfaces/task_2_interfaces/msg/detail/joint_data__functions.c
[1.548s] -- Up-to-date: /home/me597/me597-tgobel/ros2_ws/Lab1_ws/install/task_2_interfaces/include/task_2_interfaces/task_2_interfaces/msg/detail/joint_data__type_support.h
[1.549s] -- Up-to-date: /home/me597/me597-tgobel/ros2_ws/Lab1_ws/install/task_2_interfaces/include/task_2_interfaces/task_2_interfaces/srv
[1.549s] -- Up-to-date: /home/me597/me597-tgobel/ros2_ws/Lab1_ws/install/task_2_interfaces/include/task_2_interfaces/task_2_interfaces/srv/detail
[1.549s] -- Up-to-date: /home/me597/me597-tgobel/ros2_ws/Lab1_ws/install/task_2_interfaces/include/task_2_interfaces/task_2_interfaces/srv/detail/joint_state__functions.h
[1.549s] -- Up-to-date: /home/me597/me597-tgobel/ros2_ws/Lab1_ws/install/task_2_interfaces/include/task_2_interfaces/task_2_interfaces/srv/detail/joint_state__functions.c
[1.549s] -- Up-to-date: /home/me597/me597-tgobel/ros2_ws/Lab1_ws/install/task_2_interfaces/include/task_2_interfaces/task_2_interfaces/srv/detail/joint_state__type_support.h
[1.549s] -- Up-to-date: /home/me597/me597-tgobel/ros2_ws/Lab1_ws/install/task_2_interfaces/include/task_2_interfaces/task_2_interfaces/srv/detail/joint_state__struct.h
[1.549s] -- Up-to-date: /home/me597/me597-tgobel/ros2_ws/Lab1_ws/install/task_2_interfaces/include/task_2_interfaces/task_2_interfaces/srv/joint_state.h
[1.549s] -- Up-to-date: /home/me597/me597-tgobel/ros2_ws/Lab1_ws/install/task_2_interfaces/share/task_2_interfaces/environment/library_path.sh
[1.549s] -- Up-to-date: /home/me597/me597-tgobel/ros2_ws/Lab1_ws/install/task_2_interfaces/share/task_2_interfaces/environment/library_path.dsv
[1.549s] -- Up-to-date: /home/me597/me597-tgobel/ros2_ws/Lab1_ws/install/task_2_interfaces/lib/libtask_2_interfaces__rosidl_generator_c.so
[1.555s] -- Up-to-date: /home/me597/me597-tgobel/ros2_ws/Lab1_ws/install/task_2_interfaces/include/task_2_interfaces/task_2_interfaces
[1.556s] -- Up-to-date: /home/me597/me597-tgobel/ros2_ws/Lab1_ws/install/task_2_interfaces/include/task_2_interfaces/task_2_interfaces/msg
[1.556s] -- Up-to-date: /home/me597/me597-tgobel/ros2_ws/Lab1_ws/install/task_2_interfaces/include/task_2_interfaces/task_2_interfaces/msg/detail
[1.556s] -- Up-to-date: /home/me597/me597-tgobel/ros2_ws/Lab1_ws/install/task_2_interfaces/include/task_2_interfaces/task_2_interfaces/msg/detail/joint_data__rosidl_typesupport_fastrtps_c.h
[1.556s] -- Up-to-date: /home/me597/me597-tgobel/ros2_ws/Lab1_ws/install/task_2_interfaces/include/task_2_interfaces/task_2_interfaces/msg/rosidl_typesupport_fastrtps_c__visibility_control.h
[1.556s] -- Up-to-date: /home/me597/me597-tgobel/ros2_ws/Lab1_ws/install/task_2_interfaces/include/task_2_interfaces/task_2_interfaces/srv
[1.556s] -- Up-to-date: /home/me597/me597-tgobel/ros2_ws/Lab1_ws/install/task_2_interfaces/include/task_2_interfaces/task_2_interfaces/srv/detail
[1.556s] -- Up-to-date: /home/me597/me597-tgobel/ros2_ws/Lab1_ws/install/task_2_interfaces/include/task_2_interfaces/task_2_interfaces/srv/detail/joint_state__rosidl_typesupport_fastrtps_c.h
[1.556s] -- Up-to-date: /home/me597/me597-tgobel/ros2_ws/Lab1_ws/install/task_2_interfaces/lib/libtask_2_interfaces__rosidl_typesupport_fastrtps_c.so
[1.556s] -- Up-to-date: /home/me597/me597-tgobel/ros2_ws/Lab1_ws/install/task_2_interfaces/include/task_2_interfaces/task_2_interfaces
[1.556s] -- Up-to-date: /home/me597/me597-tgobel/ros2_ws/Lab1_ws/install/task_2_interfaces/include/task_2_interfaces/task_2_interfaces/msg
[1.557s] -- Up-to-date: /home/me597/me597-tgobel/ros2_ws/Lab1_ws/install/task_2_interfaces/include/task_2_interfaces/task_2_interfaces/msg/detail
[1.557s] -- Up-to-date: /home/me597/me597-tgobel/ros2_ws/Lab1_ws/install/task_2_interfaces/include/task_2_interfaces/task_2_interfaces/msg/detail/joint_data__builder.hpp
[1.557s] -- Up-to-date: /home/me597/me597-tgobel/ros2_ws/Lab1_ws/install/task_2_interfaces/include/task_2_interfaces/task_2_interfaces/msg/detail/joint_data__struct.hpp
[1.557s] -- Up-to-date: /home/me597/me597-tgobel/ros2_ws/Lab1_ws/install/task_2_interfaces/include/task_2_interfaces/task_2_interfaces/msg/detail/joint_data__traits.hpp
[1.557s] -- Up-to-date: /home/me597/me597-tgobel/ros2_ws/Lab1_ws/install/task_2_interfaces/include/task_2_interfaces/task_2_interfaces/msg/joint_data.hpp
[1.557s] -- Up-to-date: /home/me597/me597-tgobel/ros2_ws/Lab1_ws/install/task_2_interfaces/include/task_2_interfaces/task_2_interfaces/srv
[1.557s] -- Up-to-date: /home/me597/me597-tgobel/ros2_ws/Lab1_ws/install/task_2_interfaces/include/task_2_interfaces/task_2_interfaces/srv/detail
[1.569s] -- Up-to-date: /home/me597/me597-tgobel/ros2_ws/Lab1_ws/install/task_2_interfaces/include/task_2_interfaces/task_2_interfaces/srv/detail/joint_state__traits.hpp
[1.569s] -- Up-to-date: /home/me597/me597-tgobel/ros2_ws/Lab1_ws/install/task_2_interfaces/include/task_2_interfaces/task_2_interfaces/srv/detail/joint_state__builder.hpp
[1.570s] -- Up-to-date: /home/me597/me597-tgobel/ros2_ws/Lab1_ws/install/task_2_interfaces/include/task_2_interfaces/task_2_interfaces/srv/detail/joint_state__struct.hpp
[1.570s] -- Up-to-date: /home/me597/me597-tgobel/ros2_ws/Lab1_ws/install/task_2_interfaces/include/task_2_interfaces/task_2_interfaces/srv/joint_state.hpp
[1.570s] -- Up-to-date: /home/me597/me597-tgobel/ros2_ws/Lab1_ws/install/task_2_interfaces/include/task_2_interfaces/task_2_interfaces
[1.570s] -- Up-to-date: /home/me597/me597-tgobel/ros2_ws/Lab1_ws/install/task_2_interfaces/include/task_2_interfaces/task_2_interfaces/msg
[1.570s] -- Up-to-date: /home/me597/me597-tgobel/ros2_ws/Lab1_ws/install/task_2_interfaces/include/task_2_interfaces/task_2_interfaces/msg/detail
[1.570s] -- Up-to-date: /home/me597/me597-tgobel/ros2_ws/Lab1_ws/install/task_2_interfaces/include/task_2_interfaces/task_2_interfaces/msg/detail/joint_data__rosidl_typesupport_fastrtps_cpp.hpp
[1.570s] -- Up-to-date: /home/me597/me597-tgobel/ros2_ws/Lab1_ws/install/task_2_interfaces/include/task_2_interfaces/task_2_interfaces/msg/detail/dds_fastrtps
[1.573s] -- Up-to-date: /home/me597/me597-tgobel/ros2_ws/Lab1_ws/install/task_2_interfaces/include/task_2_interfaces/task_2_interfaces/msg/rosidl_typesupport_fastrtps_cpp__visibility_control.h
[1.573s] -- Up-to-date: /home/me597/me597-tgobel/ros2_ws/Lab1_ws/install/task_2_interfaces/include/task_2_interfaces/task_2_interfaces/srv
[1.573s] -- Up-to-date: /home/me597/me597-tgobel/ros2_ws/Lab1_ws/install/task_2_interfaces/include/task_2_interfaces/task_2_interfaces/srv/detail
[1.574s] -- Up-to-date: /home/me597/me597-tgobel/ros2_ws/Lab1_ws/install/task_2_interfaces/include/task_2_interfaces/task_2_interfaces/srv/detail/joint_state__rosidl_typesupport_fastrtps_cpp.hpp
[1.574s] -- Up-to-date: /home/me597/me597-tgobel/ros2_ws/Lab1_ws/install/task_2_interfaces/include/task_2_interfaces/task_2_interfaces/srv/detail/dds_fastrtps
[1.574s] -- Up-to-date: /home/me597/me597-tgobel/ros2_ws/Lab1_ws/install/task_2_interfaces/lib/libtask_2_interfaces__rosidl_typesupport_fastrtps_cpp.so
[1.574s] -- Up-to-date: /home/me597/me597-tgobel/ros2_ws/Lab1_ws/install/task_2_interfaces/include/task_2_interfaces/task_2_interfaces
[1.574s] -- Up-to-date: /home/me597/me597-tgobel/ros2_ws/Lab1_ws/install/task_2_interfaces/include/task_2_interfaces/task_2_interfaces/msg
[1.574s] -- Up-to-date: /home/me597/me597-tgobel/ros2_ws/Lab1_ws/install/task_2_interfaces/include/task_2_interfaces/task_2_interfaces/msg/rosidl_typesupport_introspection_c__visibility_control.h
[1.574s] -- Up-to-date: /home/me597/me597-tgobel/ros2_ws/Lab1_ws/install/task_2_interfaces/include/task_2_interfaces/task_2_interfaces/msg/detail
[1.574s] -- Up-to-date: /home/me597/me597-tgobel/ros2_ws/Lab1_ws/install/task_2_interfaces/include/task_2_interfaces/task_2_interfaces/msg/detail/joint_data__rosidl_typesupport_introspection_c.h
[1.574s] -- Up-to-date: /home/me597/me597-tgobel/ros2_ws/Lab1_ws/install/task_2_interfaces/include/task_2_interfaces/task_2_interfaces/msg/detail/joint_data__type_support.c
[1.574s] -- Up-to-date: /home/me597/me597-tgobel/ros2_ws/Lab1_ws/install/task_2_interfaces/include/task_2_interfaces/task_2_interfaces/srv
[1.575s] -- Up-to-date: /home/me597/me597-tgobel/ros2_ws/Lab1_ws/install/task_2_interfaces/include/task_2_interfaces/task_2_interfaces/srv/detail
[1.575s] -- Up-to-date: /home/me597/me597-tgobel/ros2_ws/Lab1_ws/install/task_2_interfaces/include/task_2_interfaces/task_2_interfaces/srv/detail/joint_state__rosidl_typesupport_introspection_c.h
[1.575s] -- Up-to-date: /home/me597/me597-tgobel/ros2_ws/Lab1_ws/install/task_2_interfaces/include/task_2_interfaces/task_2_interfaces/srv/detail/joint_state__type_support.c
[1.575s] -- Up-to-date: /home/me597/me597-tgobel/ros2_ws/Lab1_ws/install/task_2_interfaces/lib/libtask_2_interfaces__rosidl_typesupport_introspection_c.so
[1.575s] -- Up-to-date: /home/me597/me597-tgobel/ros2_ws/Lab1_ws/install/task_2_interfaces/lib/libtask_2_interfaces__rosidl_typesupport_c.so
[1.575s] -- Up-to-date: /home/me597/me597-tgobel/ros2_ws/Lab1_ws/install/task_2_interfaces/include/task_2_interfaces/task_2_interfaces
[1.575s] -- Up-to-date: /home/me597/me597-tgobel/ros2_ws/Lab1_ws/install/task_2_interfaces/include/task_2_interfaces/task_2_interfaces/msg
[1.575s] -- Up-to-date: /home/me597/me597-tgobel/ros2_ws/Lab1_ws/install/task_2_interfaces/include/task_2_interfaces/task_2_interfaces/msg/detail
[1.575s] -- Up-to-date: /home/me597/me597-tgobel/ros2_ws/Lab1_ws/install/task_2_interfaces/include/task_2_interfaces/task_2_interfaces/msg/detail/joint_data__rosidl_typesupport_introspection_cpp.hpp
[1.575s] -- Up-to-date: /home/me597/me597-tgobel/ros2_ws/Lab1_ws/install/task_2_interfaces/include/task_2_interfaces/task_2_interfaces/msg/detail/joint_data__type_support.cpp
[1.576s] -- Up-to-date: /home/me597/me597-tgobel/ros2_ws/Lab1_ws/install/task_2_interfaces/include/task_2_interfaces/task_2_interfaces/srv
[1.576s] -- Up-to-date: /home/me597/me597-tgobel/ros2_ws/Lab1_ws/install/task_2_interfaces/include/task_2_interfaces/task_2_interfaces/srv/detail
[1.576s] -- Up-to-date: /home/me597/me597-tgobel/ros2_ws/Lab1_ws/install/task_2_interfaces/include/task_2_interfaces/task_2_interfaces/srv/detail/joint_state__rosidl_typesupport_introspection_cpp.hpp
[1.576s] -- Up-to-date: /home/me597/me597-tgobel/ros2_ws/Lab1_ws/install/task_2_interfaces/include/task_2_interfaces/task_2_interfaces/srv/detail/joint_state__type_support.cpp
[1.576s] -- Up-to-date: /home/me597/me597-tgobel/ros2_ws/Lab1_ws/install/task_2_interfaces/lib/libtask_2_interfaces__rosidl_typesupport_introspection_cpp.so
[1.576s] -- Up-to-date: /home/me597/me597-tgobel/ros2_ws/Lab1_ws/install/task_2_interfaces/lib/libtask_2_interfaces__rosidl_typesupport_cpp.so
[1.576s] -- Up-to-date: /home/me597/me597-tgobel/ros2_ws/Lab1_ws/install/task_2_interfaces/share/task_2_interfaces/environment/pythonpath.sh
[1.576s] -- Up-to-date: /home/me597/me597-tgobel/ros2_ws/Lab1_ws/install/task_2_interfaces/share/task_2_interfaces/environment/pythonpath.dsv
[1.576s] -- Up-to-date: /home/me597/me597-tgobel/ros2_ws/Lab1_ws/install/task_2_interfaces/local/lib/python3.10/dist-packages/task_2_interfaces-0.0.0-py3.10.egg-info
[1.576s] -- Installing: /home/me597/me597-tgobel/ros2_ws/Lab1_ws/install/task_2_interfaces/local/lib/python3.10/dist-packages/task_2_interfaces-0.0.0-py3.10.egg-info/top_level.txt
[1.577s] -- Installing: /home/me597/me597-tgobel/ros2_ws/Lab1_ws/install/task_2_interfaces/local/lib/python3.10/dist-packages/task_2_interfaces-0.0.0-py3.10.egg-info/SOURCES.txt
[1.577s] -- Installing: /home/me597/me597-tgobel/ros2_ws/Lab1_ws/install/task_2_interfaces/local/lib/python3.10/dist-packages/task_2_interfaces-0.0.0-py3.10.egg-info/dependency_links.txt
[1.577s] -- Installing: /home/me597/me597-tgobel/ros2_ws/Lab1_ws/install/task_2_interfaces/local/lib/python3.10/dist-packages/task_2_interfaces-0.0.0-py3.10.egg-info/PKG-INFO
[1.577s] -- Up-to-date: /home/me597/me597-tgobel/ros2_ws/Lab1_ws/install/task_2_interfaces/local/lib/python3.10/dist-packages/task_2_interfaces
[1.577s] -- Up-to-date: /home/me597/me597-tgobel/ros2_ws/Lab1_ws/install/task_2_interfaces/local/lib/python3.10/dist-packages/task_2_interfaces/_task_2_interfaces_s.ep.rosidl_typesupport_fastrtps_c.c
[1.577s] -- Up-to-date: /home/me597/me597-tgobel/ros2_ws/Lab1_ws/install/task_2_interfaces/local/lib/python3.10/dist-packages/task_2_interfaces/task_2_interfaces_s__rosidl_typesupport_fastrtps_c.cpython-310-x86_64-linux-gnu.so
[1.577s] -- Up-to-date: /home/me597/me597-tgobel/ros2_ws/Lab1_ws/install/task_2_interfaces/local/lib/python3.10/dist-packages/task_2_interfaces/_task_2_interfaces_s.ep.rosidl_typesupport_c.c
[1.577s] -- Up-to-date: /home/me597/me597-tgobel/ros2_ws/Lab1_ws/install/task_2_interfaces/local/lib/python3.10/dist-packages/task_2_interfaces/msg
[1.577s] -- Up-to-date: /home/me597/me597-tgobel/ros2_ws/Lab1_ws/install/task_2_interfaces/local/lib/python3.10/dist-packages/task_2_interfaces/msg/_joint_data.py
[1.577s] -- Up-to-date: /home/me597/me597-tgobel/ros2_ws/Lab1_ws/install/task_2_interfaces/local/lib/python3.10/dist-packages/task_2_interfaces/msg/_joint_data_s.c
[1.578s] -- Up-to-date: /home/me597/me597-tgobel/ros2_ws/Lab1_ws/install/task_2_interfaces/local/lib/python3.10/dist-packages/task_2_interfaces/msg/__init__.py
[1.578s] -- Up-to-date: /home/me597/me597-tgobel/ros2_ws/Lab1_ws/install/task_2_interfaces/local/lib/python3.10/dist-packages/task_2_interfaces/task_2_interfaces_s__rosidl_typesupport_introspection_c.cpython-310-x86_64-linux-gnu.so
[1.578s] -- Up-to-date: /home/me597/me597-tgobel/ros2_ws/Lab1_ws/install/task_2_interfaces/local/lib/python3.10/dist-packages/task_2_interfaces/task_2_interfaces_s__rosidl_typesupport_c.cpython-310-x86_64-linux-gnu.so
[1.578s] -- Up-to-date: /home/me597/me597-tgobel/ros2_ws/Lab1_ws/install/task_2_interfaces/local/lib/python3.10/dist-packages/task_2_interfaces/__init__.py
[1.578s] -- Up-to-date: /home/me597/me597-tgobel/ros2_ws/Lab1_ws/install/task_2_interfaces/local/lib/python3.10/dist-packages/task_2_interfaces/libtask_2_interfaces__rosidl_generator_py.so
[1.578s] -- Up-to-date: /home/me597/me597-tgobel/ros2_ws/Lab1_ws/install/task_2_interfaces/local/lib/python3.10/dist-packages/task_2_interfaces/_task_2_interfaces_s.ep.rosidl_typesupport_introspection_c.c
[1.578s] -- Up-to-date: /home/me597/me597-tgobel/ros2_ws/Lab1_ws/install/task_2_interfaces/local/lib/python3.10/dist-packages/task_2_interfaces/srv
[1.578s] -- Up-to-date: /home/me597/me597-tgobel/ros2_ws/Lab1_ws/install/task_2_interfaces/local/lib/python3.10/dist-packages/task_2_interfaces/srv/_joint_state.py
[1.578s] -- Up-to-date: /home/me597/me597-tgobel/ros2_ws/Lab1_ws/install/task_2_interfaces/local/lib/python3.10/dist-packages/task_2_interfaces/srv/_joint_state_s.c
[1.578s] -- Up-to-date: /home/me597/me597-tgobel/ros2_ws/Lab1_ws/install/task_2_interfaces/local/lib/python3.10/dist-packages/task_2_interfaces/srv/__init__.py
[1.614s] Listing '/home/me597/me597-tgobel/ros2_ws/Lab1_ws/install/task_2_interfaces/local/lib/python3.10/dist-packages/task_2_interfaces'...
[1.614s] Listing '/home/me597/me597-tgobel/ros2_ws/Lab1_ws/install/task_2_interfaces/local/lib/python3.10/dist-packages/task_2_interfaces/msg'...
[1.614s] Listing '/home/me597/me597-tgobel/ros2_ws/Lab1_ws/install/task_2_interfaces/local/lib/python3.10/dist-packages/task_2_interfaces/srv'...
[1.624s] -- Up-to-date: /home/me597/me597-tgobel/ros2_ws/Lab1_ws/install/task_2_interfaces/local/lib/python3.10/dist-packages/task_2_interfaces/task_2_interfaces_s__rosidl_typesupport_fastrtps_c.cpython-310-x86_64-linux-gnu.so
[1.625s] -- Up-to-date: /home/me597/me597-tgobel/ros2_ws/Lab1_ws/install/task_2_interfaces/local/lib/python3.10/dist-packages/task_2_interfaces/task_2_interfaces_s__rosidl_typesupport_introspection_c.cpython-310-x86_64-linux-gnu.so
[1.625s] -- Up-to-date: /home/me597/me597-tgobel/ros2_ws/Lab1_ws/install/task_2_interfaces/local/lib/python3.10/dist-packages/task_2_interfaces/task_2_interfaces_s__rosidl_typesupport_c.cpython-310-x86_64-linux-gnu.so
[1.627s] -- Up-to-date: /home/me597/me597-tgobel/ros2_ws/Lab1_ws/install/task_2_interfaces/lib/libtask_2_interfaces__rosidl_generator_py.so
[1.627s] -- Up-to-date: /home/me597/me597-tgobel/ros2_ws/Lab1_ws/install/task_2_interfaces/share/task_2_interfaces/msg/JointData.idl
[1.628s] -- Up-to-date: /home/me597/me597-tgobel/ros2_ws/Lab1_ws/install/task_2_interfaces/share/task_2_interfaces/srv/JointState.idl
[1.628s] -- Up-to-date: /home/me597/me597-tgobel/ros2_ws/Lab1_ws/install/task_2_interfaces/share/task_2_interfaces/msg/JointData.msg
[1.628s] -- Up-to-date: /home/me597/me597-tgobel/ros2_ws/Lab1_ws/install/task_2_interfaces/share/task_2_interfaces/srv/JointState.srv
[1.628s] -- Up-to-date: /home/me597/me597-tgobel/ros2_ws/Lab1_ws/install/task_2_interfaces/share/task_2_interfaces/srv/JointState_Request.msg
[1.628s] -- Up-to-date: /home/me597/me597-tgobel/ros2_ws/Lab1_ws/install/task_2_interfaces/share/task_2_interfaces/srv/JointState_Response.msg
[1.629s] -- Up-to-date: /home/me597/me597-tgobel/ros2_ws/Lab1_ws/install/task_2_interfaces/share/ament_index/resource_index/package_run_dependencies/task_2_interfaces
[1.629s] -- Up-to-date: /home/me597/me597-tgobel/ros2_ws/Lab1_ws/install/task_2_interfaces/share/ament_index/resource_index/parent_prefix_path/task_2_interfaces
[1.629s] -- Up-to-date: /home/me597/me597-tgobel/ros2_ws/Lab1_ws/install/task_2_interfaces/share/task_2_interfaces/environment/ament_prefix_path.sh
[1.629s] -- Up-to-date: /home/me597/me597-tgobel/ros2_ws/Lab1_ws/install/task_2_interfaces/share/task_2_interfaces/environment/ament_prefix_path.dsv
[1.631s] -- Up-to-date: /home/me597/me597-tgobel/ros2_ws/Lab1_ws/install/task_2_interfaces/share/task_2_interfaces/environment/path.sh
[1.631s] -- Up-to-date: /home/me597/me597-tgobel/ros2_ws/Lab1_ws/install/task_2_interfaces/share/task_2_interfaces/environment/path.dsv
[1.632s] -- Up-to-date: /home/me597/me597-tgobel/ros2_ws/Lab1_ws/install/task_2_interfaces/share/task_2_interfaces/local_setup.bash
[1.632s] -- Up-to-date: /home/me597/me597-tgobel/ros2_ws/Lab1_ws/install/task_2_interfaces/share/task_2_interfaces/local_setup.sh
[1.632s] -- Up-to-date: /home/me597/me597-tgobel/ros2_ws/Lab1_ws/install/task_2_interfaces/share/task_2_interfaces/local_setup.zsh
[1.633s] -- Up-to-date: /home/me597/me597-tgobel/ros2_ws/Lab1_ws/install/task_2_interfaces/share/task_2_interfaces/local_setup.dsv
[1.633s] -- Installing: /home/me597/me597-tgobel/ros2_ws/Lab1_ws/install/task_2_interfaces/share/task_2_interfaces/package.dsv
[1.633s] -- Up-to-date: /home/me597/me597-tgobel/ros2_ws/Lab1_ws/install/task_2_interfaces/share/ament_index/resource_index/packages/task_2_interfaces
[1.633s] -- Up-to-date: /home/me597/me597-tgobel/ros2_ws/Lab1_ws/install/task_2_interfaces/share/task_2_interfaces/cmake/export_task_2_interfaces__rosidl_generator_cExport.cmake
[1.634s] -- Up-to-date: /home/me597/me597-tgobel/ros2_ws/Lab1_ws/install/task_2_interfaces/share/task_2_interfaces/cmake/export_task_2_interfaces__rosidl_generator_cExport-noconfig.cmake
[1.634s] -- Up-to-date: /home/me597/me597-tgobel/ros2_ws/Lab1_ws/install/task_2_interfaces/share/task_2_interfaces/cmake/export_task_2_interfaces__rosidl_typesupport_fastrtps_cExport.cmake
[1.634s] -- Up-to-date: /home/me597/me597-tgobel/ros2_ws/Lab1_ws/install/task_2_interfaces/share/task_2_interfaces/cmake/export_task_2_interfaces__rosidl_typesupport_fastrtps_cExport-noconfig.cmake
[1.634s] -- Up-to-date: /home/me597/me597-tgobel/ros2_ws/Lab1_ws/install/task_2_interfaces/share/task_2_interfaces/cmake/export_task_2_interfaces__rosidl_generator_cppExport.cmake
[1.634s] -- Up-to-date: /home/me597/me597-tgobel/ros2_ws/Lab1_ws/install/task_2_interfaces/share/task_2_interfaces/cmake/export_task_2_interfaces__rosidl_typesupport_fastrtps_cppExport.cmake
[1.634s] -- Up-to-date: /home/me597/me597-tgobel/ros2_ws/Lab1_ws/install/task_2_interfaces/share/task_2_interfaces/cmake/export_task_2_interfaces__rosidl_typesupport_fastrtps_cppExport-noconfig.cmake
[1.634s] -- Up-to-date: /home/me597/me597-tgobel/ros2_ws/Lab1_ws/install/task_2_interfaces/share/task_2_interfaces/cmake/task_2_interfaces__rosidl_typesupport_introspection_cExport.cmake
[1.634s] -- Up-to-date: /home/me597/me597-tgobel/ros2_ws/Lab1_ws/install/task_2_interfaces/share/task_2_interfaces/cmake/task_2_interfaces__rosidl_typesupport_introspection_cExport-noconfig.cmake
[1.634s] -- Up-to-date: /home/me597/me597-tgobel/ros2_ws/Lab1_ws/install/task_2_interfaces/share/task_2_interfaces/cmake/task_2_interfaces__rosidl_typesupport_cExport.cmake
[1.634s] -- Up-to-date: /home/me597/me597-tgobel/ros2_ws/Lab1_ws/install/task_2_interfaces/share/task_2_interfaces/cmake/task_2_interfaces__rosidl_typesupport_cExport-noconfig.cmake
[1.634s] -- Up-to-date: /home/me597/me597-tgobel/ros2_ws/Lab1_ws/install/task_2_interfaces/share/task_2_interfaces/cmake/task_2_interfaces__rosidl_typesupport_introspection_cppExport.cmake
[1.635s] -- Up-to-date: /home/me597/me597-tgobel/ros2_ws/Lab1_ws/install/task_2_interfaces/share/task_2_interfaces/cmake/task_2_interfaces__rosidl_typesupport_introspection_cppExport-noconfig.cmake
[1.635s] -- Up-to-date: /home/me597/me597-tgobel/ros2_ws/Lab1_ws/install/task_2_interfaces/share/task_2_interfaces/cmake/task_2_interfaces__rosidl_typesupport_cppExport.cmake
[1.635s] -- Up-to-date: /home/me597/me597-tgobel/ros2_ws/Lab1_ws/install/task_2_interfaces/share/task_2_interfaces/cmake/task_2_interfaces__rosidl_typesupport_cppExport-noconfig.cmake
[1.635s] -- Up-to-date: /home/me597/me597-tgobel/ros2_ws/Lab1_ws/install/task_2_interfaces/share/task_2_interfaces/cmake/export_task_2_interfaces__rosidl_generator_pyExport.cmake
[1.635s] -- Up-to-date: /home/me597/me597-tgobel/ros2_ws/Lab1_ws/install/task_2_interfaces/share/task_2_interfaces/cmake/export_task_2_interfaces__rosidl_generator_pyExport-noconfig.cmake
[1.635s] -- Up-to-date: /home/me597/me597-tgobel/ros2_ws/Lab1_ws/install/task_2_interfaces/share/task_2_interfaces/cmake/rosidl_cmake-extras.cmake
[1.636s] -- Up-to-date: /home/me597/me597-tgobel/ros2_ws/Lab1_ws/install/task_2_interfaces/share/task_2_interfaces/cmake/ament_cmake_export_dependencies-extras.cmake
[1.636s] -- Up-to-date: /home/me597/me597-tgobel/ros2_ws/Lab1_ws/install/task_2_interfaces/share/task_2_interfaces/cmake/ament_cmake_export_include_directories-extras.cmake
[1.636s] -- Up-to-date: /home/me597/me597-tgobel/ros2_ws/Lab1_ws/install/task_2_interfaces/share/task_2_interfaces/cmake/ament_cmake_export_libraries-extras.cmake
[1.636s] -- Up-to-date: /home/me597/me597-tgobel/ros2_ws/Lab1_ws/install/task_2_interfaces/share/task_2_interfaces/cmake/ament_cmake_export_targets-extras.cmake
[1.636s] -- Up-to-date: /home/me597/me597-tgobel/ros2_ws/Lab1_ws/install/task_2_interfaces/share/task_2_interfaces/cmake/rosidl_cmake_export_typesupport_targets-extras.cmake
[1.636s] -- Up-to-date: /home/me597/me597-tgobel/ros2_ws/Lab1_ws/install/task_2_interfaces/share/task_2_interfaces/cmake/rosidl_cmake_export_typesupport_libraries-extras.cmake
[1.636s] -- Up-to-date: /home/me597/me597-tgobel/ros2_ws/Lab1_ws/install/task_2_interfaces/share/task_2_interfaces/cmake/task_2_interfacesConfig.cmake
[1.636s] -- Up-to-date: /home/me597/me597-tgobel/ros2_ws/Lab1_ws/install/task_2_interfaces/share/task_2_interfaces/cmake/task_2_interfacesConfig-version.cmake
[1.636s] -- Up-to-date: /home/me597/me597-tgobel/ros2_ws/Lab1_ws/install/task_2_interfaces/share/task_2_interfaces/package.xml
[1.638s] Invoked command in '/home/me597/me597-tgobel/ros2_ws/Lab1_ws/build/task_2_interfaces' returned '0': CMAKE_PREFIX_PATH=${CMAKE_PREFIX_PATH}:/home/me597/me597-tgobel/ros2_ws/Lab1_ws/install/task_2:/home/me597/me597-tgobel/ros2_ws/Lab1_ws/install/task_1:/opt/ros/humble /usr/bin/cmake --install /home/me597/me597-tgobel/ros2_ws/Lab1_ws/build/task_2_interfaces
