running egg_info
writing ../build/task_5/task_5.egg-info/PKG-INFO
writing dependency_links to ../build/task_5/task_5.egg-info/dependency_links.txt
writing entry points to ../build/task_5/task_5.egg-info/entry_points.txt
writing requirements to ../build/task_5/task_5.egg-info/requires.txt
writing top-level names to ../build/task_5/task_5.egg-info/top_level.txt
reading manifest file '../build/task_5/task_5.egg-info/SOURCES.txt'
writing manifest file '../build/task_5/task_5.egg-info/SOURCES.txt'
running build
running build_py
copying task_5/image_publisher.py -> /home/me597/me597-tgobel/me597-tgobel/ros2_ws/Lab4_ws/build/task_5/build/lib/task_5
running install
running install_lib
copying /home/me597/me597-tgobel/me597-tgobel/ros2_ws/Lab4_ws/build/task_5/build/lib/task_5/image_publisher.py -> /home/me597/me597-tgobel/me597-tgobel/ros2_ws/Lab4_ws/install/task_5/lib/python3.10/site-packages/task_5
byte-compiling /home/me597/me597-tgobel/me597-tgobel/ros2_ws/Lab4_ws/install/task_5/lib/python3.10/site-packages/task_5/image_publisher.py to image_publisher.cpython-310.pyc
running install_data
running install_egg_info
removing '/home/me597/me597-tgobel/me597-tgobel/ros2_ws/Lab4_ws/install/task_5/lib/python3.10/site-packages/task_5-0.0.0-py3.10.egg-info' (and everything under it)
Copying ../build/task_5/task_5.egg-info to /home/me597/me597-tgobel/me597-tgobel/ros2_ws/Lab4_ws/install/task_5/lib/python3.10/site-packages/task_5-0.0.0-py3.10.egg-info
running install_scripts
Installing image_publisher script to /home/me597/me597-tgobel/me597-tgobel/ros2_ws/Lab4_ws/install/task_5/lib/task_5
Installing object_detector script to /home/me597/me597-tgobel/me597-tgobel/ros2_ws/Lab4_ws/install/task_5/lib/task_5
writing list of installed files to '/home/me597/me597-tgobel/me597-tgobel/ros2_ws/Lab4_ws/build/task_5/install.log'
