[0.585s] Invoking command in '/home/me597/me597-tgobel/me597-tgobel/ros2_ws/Lab4_ws/task_5': PYTHONPATH=/home/me597/me597-tgobel/me597-tgobel/ros2_ws/Lab4_ws/build/task_5/prefix_override:/usr/lib/python3/dist-packages/colcon_core/task/python/colcon_distutils_commands:/home/me597/me597-tgobel/me597-tgobel/ros2_ws/Lab4_ws/install/task_5/lib/python3.10/site-packages:${PYTHONPATH} /usr/bin/python3 -W ignore:setup.py install is deprecated setup.py egg_info --egg-base ../build/task_5 build --build-base /home/me597/me597-tgobel/me597-tgobel/ros2_ws/Lab4_ws/build/task_5/build install --record /home/me597/me597-tgobel/me597-tgobel/ros2_ws/Lab4_ws/build/task_5/install.log --single-version-externally-managed install_data
[0.861s] running egg_info
[0.861s] writing ../build/task_5/task_5.egg-info/PKG-INFO
[0.862s] writing dependency_links to ../build/task_5/task_5.egg-info/dependency_links.txt
[0.863s] writing entry points to ../build/task_5/task_5.egg-info/entry_points.txt
[0.863s] writing requirements to ../build/task_5/task_5.egg-info/requires.txt
[0.863s] writing top-level names to ../build/task_5/task_5.egg-info/top_level.txt
[0.864s] reading manifest file '../build/task_5/task_5.egg-info/SOURCES.txt'
[0.864s] writing manifest file '../build/task_5/task_5.egg-info/SOURCES.txt'
[0.865s] running build
[0.865s] running build_py
[0.866s] copying task_5/image_publisher.py -> /home/me597/me597-tgobel/me597-tgobel/ros2_ws/Lab4_ws/build/task_5/build/lib/task_5
[0.866s] running install
[0.866s] running install_lib
[0.867s] copying /home/me597/me597-tgobel/me597-tgobel/ros2_ws/Lab4_ws/build/task_5/build/lib/task_5/image_publisher.py -> /home/me597/me597-tgobel/me597-tgobel/ros2_ws/Lab4_ws/install/task_5/lib/python3.10/site-packages/task_5
[0.867s] byte-compiling /home/me597/me597-tgobel/me597-tgobel/ros2_ws/Lab4_ws/install/task_5/lib/python3.10/site-packages/task_5/image_publisher.py to image_publisher.cpython-310.pyc
[0.868s] running install_data
[0.868s] running install_egg_info
[0.871s] removing '/home/me597/me597-tgobel/me597-tgobel/ros2_ws/Lab4_ws/install/task_5/lib/python3.10/site-packages/task_5-0.0.0-py3.10.egg-info' (and everything under it)
[0.875s] Copying ../build/task_5/task_5.egg-info to /home/me597/me597-tgobel/me597-tgobel/ros2_ws/Lab4_ws/install/task_5/lib/python3.10/site-packages/task_5-0.0.0-py3.10.egg-info
[0.875s] running install_scripts
[0.906s] Installing image_publisher script to /home/me597/me597-tgobel/me597-tgobel/ros2_ws/Lab4_ws/install/task_5/lib/task_5
[0.906s] Installing object_detector script to /home/me597/me597-tgobel/me597-tgobel/ros2_ws/Lab4_ws/install/task_5/lib/task_5
[0.907s] writing list of installed files to '/home/me597/me597-tgobel/me597-tgobel/ros2_ws/Lab4_ws/build/task_5/install.log'
[0.923s] Invoked command in '/home/me597/me597-tgobel/me597-tgobel/ros2_ws/Lab4_ws/task_5' returned '0': PYTHONPATH=/home/me597/me597-tgobel/me597-tgobel/ros2_ws/Lab4_ws/build/task_5/prefix_override:/usr/lib/python3/dist-packages/colcon_core/task/python/colcon_distutils_commands:/home/me597/me597-tgobel/me597-tgobel/ros2_ws/Lab4_ws/install/task_5/lib/python3.10/site-packages:${PYTHONPATH} /usr/bin/python3 -W ignore:setup.py install is deprecated setup.py egg_info --egg-base ../build/task_5 build --build-base /home/me597/me597-tgobel/me597-tgobel/ros2_ws/Lab4_ws/build/task_5/build install --record /home/me597/me597-tgobel/me597-tgobel/ros2_ws/Lab4_ws/build/task_5/install.log --single-version-externally-managed install_data
