[0.990s] Invoking command in '/home/me597/me597-tgobel/ros2_ws/Lab1_ws/task_1': PYTHONPATH=/home/me597/me597-tgobel/ros2_ws/Lab1_ws/task_1/build/task_1/prefix_override:/usr/lib/python3/dist-packages/colcon_core/task/python/colcon_distutils_commands:/home/me597/me597-tgobel/ros2_ws/Lab1_ws/task_1/install/task_1/lib/python3.10/site-packages:${PYTHONPATH} /usr/bin/python3 -W ignore:setup.py install is deprecated setup.py egg_info --egg-base build/task_1 build --build-base /home/me597/me597-tgobel/ros2_ws/Lab1_ws/task_1/build/task_1/build install --record /home/me597/me597-tgobel/ros2_ws/Lab1_ws/task_1/build/task_1/install.log --single-version-externally-managed install_data
[1.313s] running egg_info
[1.316s] creating build/task_1/task_1.egg-info
[1.316s] writing build/task_1/task_1.egg-info/PKG-INFO
[1.316s] writing dependency_links to build/task_1/task_1.egg-info/dependency_links.txt
[1.316s] writing entry points to build/task_1/task_1.egg-info/entry_points.txt
[1.316s] writing requirements to build/task_1/task_1.egg-info/requires.txt
[1.316s] writing top-level names to build/task_1/task_1.egg-info/top_level.txt
[1.316s] writing manifest file 'build/task_1/task_1.egg-info/SOURCES.txt'
[1.318s] reading manifest file 'build/task_1/task_1.egg-info/SOURCES.txt'
[1.318s] adding license file 'LICENSE'
[1.319s] writing manifest file 'build/task_1/task_1.egg-info/SOURCES.txt'
[1.319s] running build
[1.320s] running build_py
[1.320s] creating /home/me597/me597-tgobel/ros2_ws/Lab1_ws/task_1/build/task_1/build
[1.320s] creating /home/me597/me597-tgobel/ros2_ws/Lab1_ws/task_1/build/task_1/build/lib
[1.320s] creating /home/me597/me597-tgobel/ros2_ws/Lab1_ws/task_1/build/task_1/build/lib/task_1
[1.320s] copying task_1/__init__.py -> /home/me597/me597-tgobel/ros2_ws/Lab1_ws/task_1/build/task_1/build/lib/task_1
[1.321s] copying task_1/my_first_topic.py -> /home/me597/me597-tgobel/ros2_ws/Lab1_ws/task_1/build/task_1/build/lib/task_1
[1.321s] copying task_1/my_first_subscriber.py -> /home/me597/me597-tgobel/ros2_ws/Lab1_ws/task_1/build/task_1/build/lib/task_1
[1.321s] running install
[1.321s] running install_lib
[1.322s] creating /home/me597/me597-tgobel/ros2_ws/Lab1_ws/task_1/install/task_1/lib/python3.10/site-packages/task_1
[1.322s] copying /home/me597/me597-tgobel/ros2_ws/Lab1_ws/task_1/build/task_1/build/lib/task_1/__init__.py -> /home/me597/me597-tgobel/ros2_ws/Lab1_ws/task_1/install/task_1/lib/python3.10/site-packages/task_1
[1.323s] copying /home/me597/me597-tgobel/ros2_ws/Lab1_ws/task_1/build/task_1/build/lib/task_1/my_first_topic.py -> /home/me597/me597-tgobel/ros2_ws/Lab1_ws/task_1/install/task_1/lib/python3.10/site-packages/task_1
[1.323s] copying /home/me597/me597-tgobel/ros2_ws/Lab1_ws/task_1/build/task_1/build/lib/task_1/my_first_subscriber.py -> /home/me597/me597-tgobel/ros2_ws/Lab1_ws/task_1/install/task_1/lib/python3.10/site-packages/task_1
[1.323s] byte-compiling /home/me597/me597-tgobel/ros2_ws/Lab1_ws/task_1/install/task_1/lib/python3.10/site-packages/task_1/__init__.py to __init__.cpython-310.pyc
[1.324s] byte-compiling /home/me597/me597-tgobel/ros2_ws/Lab1_ws/task_1/install/task_1/lib/python3.10/site-packages/task_1/my_first_topic.py to my_first_topic.cpython-310.pyc
[1.325s] byte-compiling /home/me597/me597-tgobel/ros2_ws/Lab1_ws/task_1/install/task_1/lib/python3.10/site-packages/task_1/my_first_subscriber.py to my_first_subscriber.cpython-310.pyc
[1.325s] running install_data
[1.325s] creating /home/me597/me597-tgobel/ros2_ws/Lab1_ws/task_1/install/task_1/share/ament_index
[1.326s] creating /home/me597/me597-tgobel/ros2_ws/Lab1_ws/task_1/install/task_1/share/ament_index/resource_index
[1.326s] creating /home/me597/me597-tgobel/ros2_ws/Lab1_ws/task_1/install/task_1/share/ament_index/resource_index/packages
[1.326s] copying resource/task_1 -> /home/me597/me597-tgobel/ros2_ws/Lab1_ws/task_1/install/task_1/share/ament_index/resource_index/packages
[1.326s] copying package.xml -> /home/me597/me597-tgobel/ros2_ws/Lab1_ws/task_1/install/task_1/share/task_1
[1.326s] running install_egg_info
[1.329s] Copying build/task_1/task_1.egg-info to /home/me597/me597-tgobel/ros2_ws/Lab1_ws/task_1/install/task_1/lib/python3.10/site-packages/task_1-0.0.0-py3.10.egg-info
[1.330s] running install_scripts
[1.359s] Installing listener script to /home/me597/me597-tgobel/ros2_ws/Lab1_ws/task_1/install/task_1/lib/task_1
[1.359s] Installing talker script to /home/me597/me597-tgobel/ros2_ws/Lab1_ws/task_1/install/task_1/lib/task_1
[1.359s] writing list of installed files to '/home/me597/me597-tgobel/ros2_ws/Lab1_ws/task_1/build/task_1/install.log'
[1.390s] Invoked command in '/home/me597/me597-tgobel/ros2_ws/Lab1_ws/task_1' returned '0': PYTHONPATH=/home/me597/me597-tgobel/ros2_ws/Lab1_ws/task_1/build/task_1/prefix_override:/usr/lib/python3/dist-packages/colcon_core/task/python/colcon_distutils_commands:/home/me597/me597-tgobel/ros2_ws/Lab1_ws/task_1/install/task_1/lib/python3.10/site-packages:${PYTHONPATH} /usr/bin/python3 -W ignore:setup.py install is deprecated setup.py egg_info --egg-base build/task_1 build --build-base /home/me597/me597-tgobel/ros2_ws/Lab1_ws/task_1/build/task_1/build install --record /home/me597/me597-tgobel/ros2_ws/Lab1_ws/task_1/build/task_1/install.log --single-version-externally-managed install_data
