[0.720s] Invoking command in '/home/me597/me597-tgobel/ros2_ws/Lab3_ws/task_4': PYTHONPATH=/home/me597/me597-tgobel/ros2_ws/Lab3_ws/build/task_4/prefix_override:/usr/lib/python3/dist-packages/colcon_core/task/python/colcon_distutils_commands:/home/me597/me597-tgobel/ros2_ws/Lab3_ws/install/task_4/lib/python3.10/site-packages:${PYTHONPATH} /usr/bin/python3 -W ignore:setup.py install is deprecated setup.py egg_info --egg-base ../build/task_4 build --build-base /home/me597/me597-tgobel/ros2_ws/Lab3_ws/build/task_4/build install --record /home/me597/me597-tgobel/ros2_ws/Lab3_ws/build/task_4/install.log --single-version-externally-managed install_data
[0.975s] running egg_info
[0.975s] writing ../build/task_4/task_4.egg-info/PKG-INFO
[0.976s] writing dependency_links to ../build/task_4/task_4.egg-info/dependency_links.txt
[0.976s] writing entry points to ../build/task_4/task_4.egg-info/entry_points.txt
[0.976s] writing requirements to ../build/task_4/task_4.egg-info/requires.txt
[0.976s] writing top-level names to ../build/task_4/task_4.egg-info/top_level.txt
[0.978s] reading manifest file '../build/task_4/task_4.egg-info/SOURCES.txt'
[0.979s] writing manifest file '../build/task_4/task_4.egg-info/SOURCES.txt'
[0.980s] running build
[0.981s] running build_py
[0.981s] copying task_4/auto_navigator.py -> /home/me597/me597-tgobel/ros2_ws/Lab3_ws/build/task_4/build/lib/task_4
[0.981s] running install
[0.983s] running install_lib
[0.983s] copying /home/me597/me597-tgobel/ros2_ws/Lab3_ws/build/task_4/build/lib/task_4/auto_navigator.py -> /home/me597/me597-tgobel/ros2_ws/Lab3_ws/install/task_4/lib/python3.10/site-packages/task_4
[0.983s] byte-compiling /home/me597/me597-tgobel/ros2_ws/Lab3_ws/install/task_4/lib/python3.10/site-packages/task_4/auto_navigator.py to auto_navigator.cpython-310.pyc
[0.987s] running install_data
[0.987s] running install_egg_info
[0.988s] removing '/home/me597/me597-tgobel/ros2_ws/Lab3_ws/install/task_4/lib/python3.10/site-packages/task_4-0.0.0-py3.10.egg-info' (and everything under it)
[0.994s] Copying ../build/task_4/task_4.egg-info to /home/me597/me597-tgobel/ros2_ws/Lab3_ws/install/task_4/lib/python3.10/site-packages/task_4-0.0.0-py3.10.egg-info
[0.994s] running install_scripts
[1.018s] Installing auto_navigator script to /home/me597/me597-tgobel/ros2_ws/Lab3_ws/install/task_4/lib/task_4
[1.018s] Installing gen_sync_map_launch script to /home/me597/me597-tgobel/ros2_ws/Lab3_ws/install/task_4/lib/task_4
[1.019s] writing list of installed files to '/home/me597/me597-tgobel/ros2_ws/Lab3_ws/build/task_4/install.log'
[1.037s] Invoked command in '/home/me597/me597-tgobel/ros2_ws/Lab3_ws/task_4' returned '0': PYTHONPATH=/home/me597/me597-tgobel/ros2_ws/Lab3_ws/build/task_4/prefix_override:/usr/lib/python3/dist-packages/colcon_core/task/python/colcon_distutils_commands:/home/me597/me597-tgobel/ros2_ws/Lab3_ws/install/task_4/lib/python3.10/site-packages:${PYTHONPATH} /usr/bin/python3 -W ignore:setup.py install is deprecated setup.py egg_info --egg-base ../build/task_4 build --build-base /home/me597/me597-tgobel/ros2_ws/Lab3_ws/build/task_4/build install --record /home/me597/me597-tgobel/ros2_ws/Lab3_ws/build/task_4/install.log --single-version-externally-managed install_data
