running egg_info
writing ../build/task_2/task_2.egg-info/PKG-INFO
writing dependency_links to ../build/task_2/task_2.egg-info/dependency_links.txt
writing entry points to ../build/task_2/task_2.egg-info/entry_points.txt
writing requirements to ../build/task_2/task_2.egg-info/requires.txt
writing top-level names to ../build/task_2/task_2.egg-info/top_level.txt
reading manifest file '../build/task_2/task_2.egg-info/SOURCES.txt'
adding license file 'LICENSE'
writing manifest file '../build/task_2/task_2.egg-info/SOURCES.txt'
running build
running build_py
copying task_2/client_function.py -> /home/me597/me597-tgobel/ros2_ws/Lab1_ws/build/task_2/build/lib/task_2
copying task_2/service_function.py -> /home/me597/me597-tgobel/ros2_ws/Lab1_ws/build/task_2/build/lib/task_2
running install
running install_lib
copying /home/me597/me597-tgobel/ros2_ws/Lab1_ws/build/task_2/build/lib/task_2/client_function.py -> /home/me597/me597-tgobel/ros2_ws/Lab1_ws/install/task_2/lib/python3.10/site-packages/task_2
copying /home/me597/me597-tgobel/ros2_ws/Lab1_ws/build/task_2/build/lib/task_2/service_function.py -> /home/me597/me597-tgobel/ros2_ws/Lab1_ws/install/task_2/lib/python3.10/site-packages/task_2
byte-compiling /home/me597/me597-tgobel/ros2_ws/Lab1_ws/install/task_2/lib/python3.10/site-packages/task_2/client_function.py to client_function.cpython-310.pyc
byte-compiling /home/me597/me597-tgobel/ros2_ws/Lab1_ws/install/task_2/lib/python3.10/site-packages/task_2/service_function.py to service_function.cpython-310.pyc
running install_data
copying package.xml -> /home/me597/me597-tgobel/ros2_ws/Lab1_ws/install/task_2/share/task_2
running install_egg_info
removing '/home/me597/me597-tgobel/ros2_ws/Lab1_ws/install/task_2/lib/python3.10/site-packages/task_2-0.0.0-py3.10.egg-info' (and everything under it)
Copying ../build/task_2/task_2.egg-info to /home/me597/me597-tgobel/ros2_ws/Lab1_ws/install/task_2/lib/python3.10/site-packages/task_2-0.0.0-py3.10.egg-info
running install_scripts
Installing client script to /home/me597/me597-tgobel/ros2_ws/Lab1_ws/install/task_2/lib/task_2
Installing listener script to /home/me597/me597-tgobel/ros2_ws/Lab1_ws/install/task_2/lib/task_2
Installing service script to /home/me597/me597-tgobel/ros2_ws/Lab1_ws/install/task_2/lib/task_2
Installing talker script to /home/me597/me597-tgobel/ros2_ws/Lab1_ws/install/task_2/lib/task_2
writing list of installed files to '/home/me597/me597-tgobel/ros2_ws/Lab1_ws/build/task_2/install.log'
