[0.771s] Invoking command in '/home/me597/me597-tgobel/ros2_ws/Lab1_ws/task_2': PYTHONPATH=/home/me597/me597-tgobel/ros2_ws/Lab1_ws/build/task_2/prefix_override:/usr/lib/python3/dist-packages/colcon_core/task/python/colcon_distutils_commands:/home/me597/me597-tgobel/ros2_ws/Lab1_ws/install/task_2/lib/python3.10/site-packages:${PYTHONPATH} /usr/bin/python3 -W ignore:setup.py install is deprecated setup.py egg_info --egg-base ../build/task_2 build --build-base /home/me597/me597-tgobel/ros2_ws/Lab1_ws/build/task_2/build install --record /home/me597/me597-tgobel/ros2_ws/Lab1_ws/build/task_2/install.log --single-version-externally-managed install_data
[1.059s] running egg_info
[1.060s] writing ../build/task_2/task_2.egg-info/PKG-INFO
[1.060s] writing dependency_links to ../build/task_2/task_2.egg-info/dependency_links.txt
[1.060s] writing entry points to ../build/task_2/task_2.egg-info/entry_points.txt
[1.061s] writing requirements to ../build/task_2/task_2.egg-info/requires.txt
[1.063s] writing top-level names to ../build/task_2/task_2.egg-info/top_level.txt
[1.063s] reading manifest file '../build/task_2/task_2.egg-info/SOURCES.txt'
[1.065s] adding license file 'LICENSE'
[1.065s] writing manifest file '../build/task_2/task_2.egg-info/SOURCES.txt'
[1.066s] running build
[1.066s] running build_py
[1.068s] copying task_2/client_function.py -> /home/me597/me597-tgobel/ros2_ws/Lab1_ws/build/task_2/build/lib/task_2
[1.069s] copying task_2/service_function.py -> /home/me597/me597-tgobel/ros2_ws/Lab1_ws/build/task_2/build/lib/task_2
[1.069s] running install
[1.069s] running install_lib
[1.072s] copying /home/me597/me597-tgobel/ros2_ws/Lab1_ws/build/task_2/build/lib/task_2/client_function.py -> /home/me597/me597-tgobel/ros2_ws/Lab1_ws/install/task_2/lib/python3.10/site-packages/task_2
[1.072s] copying /home/me597/me597-tgobel/ros2_ws/Lab1_ws/build/task_2/build/lib/task_2/service_function.py -> /home/me597/me597-tgobel/ros2_ws/Lab1_ws/install/task_2/lib/python3.10/site-packages/task_2
[1.072s] byte-compiling /home/me597/me597-tgobel/ros2_ws/Lab1_ws/install/task_2/lib/python3.10/site-packages/task_2/client_function.py to client_function.cpython-310.pyc
[1.072s] byte-compiling /home/me597/me597-tgobel/ros2_ws/Lab1_ws/install/task_2/lib/python3.10/site-packages/task_2/service_function.py to service_function.cpython-310.pyc
[1.072s] running install_data
[1.073s] copying package.xml -> /home/me597/me597-tgobel/ros2_ws/Lab1_ws/install/task_2/share/task_2
[1.076s] running install_egg_info
[1.076s] removing '/home/me597/me597-tgobel/ros2_ws/Lab1_ws/install/task_2/lib/python3.10/site-packages/task_2-0.0.0-py3.10.egg-info' (and everything under it)
[1.079s] Copying ../build/task_2/task_2.egg-info to /home/me597/me597-tgobel/ros2_ws/Lab1_ws/install/task_2/lib/python3.10/site-packages/task_2-0.0.0-py3.10.egg-info
[1.079s] running install_scripts
[1.102s] Installing client script to /home/me597/me597-tgobel/ros2_ws/Lab1_ws/install/task_2/lib/task_2
[1.103s] Installing listener script to /home/me597/me597-tgobel/ros2_ws/Lab1_ws/install/task_2/lib/task_2
[1.103s] Installing service script to /home/me597/me597-tgobel/ros2_ws/Lab1_ws/install/task_2/lib/task_2
[1.103s] Installing talker script to /home/me597/me597-tgobel/ros2_ws/Lab1_ws/install/task_2/lib/task_2
[1.103s] writing list of installed files to '/home/me597/me597-tgobel/ros2_ws/Lab1_ws/build/task_2/install.log'
[1.128s] Invoked command in '/home/me597/me597-tgobel/ros2_ws/Lab1_ws/task_2' returned '0': PYTHONPATH=/home/me597/me597-tgobel/ros2_ws/Lab1_ws/build/task_2/prefix_override:/usr/lib/python3/dist-packages/colcon_core/task/python/colcon_distutils_commands:/home/me597/me597-tgobel/ros2_ws/Lab1_ws/install/task_2/lib/python3.10/site-packages:${PYTHONPATH} /usr/bin/python3 -W ignore:setup.py install is deprecated setup.py egg_info --egg-base ../build/task_2 build --build-base /home/me597/me597-tgobel/ros2_ws/Lab1_ws/build/task_2/build install --record /home/me597/me597-tgobel/ros2_ws/Lab1_ws/build/task_2/install.log --single-version-externally-managed install_data
