[31mCMake Error at CMakeLists.txt:39 (add_executable):
  Cannot find source file:

    task_2/task_2/joint_topic_publisher.cpp

  Tried extensions .c .C .c++ .cc .cpp .cxx .cu .mpp .m .M .mm .ixx .cppm .h
  .hh .h++ .hm .hpp .hxx .in .txx .f .F .for .f77 .f90 .f95 .f03 .hip .ispc

[0m
[31mCMake Error at CMakeLists.txt:42 (add_executable):
  Cannot find source file:

    task_2/task_2/joint_topic_subscriber.cpp

  Tried extensions .c .C .c++ .cc .cpp .cxx .cu .mpp .m .M .mm .ixx .cppm .h
  .hh .h++ .hm .hpp .hxx .in .txx .f .F .for .f77 .f90 .f95 .f03 .hip .ispc

[0m
[31mCMake Error at CMakeLists.txt:39 (add_executable):
  No SOURCES given to target: talker

[0m
[31mCMake Error at CMakeLists.txt:42 (add_executable):
  No SOURCES given to target: listener

[0m
[0mCMake Generate step failed.  Build files cannot be regenerated correctly.[0m
gmake: *** [Makefile:963: cmake_check_build_system] Error 1
