[0.295s] DEBUG:colcon:Command line arguments: ['/usr/bin/colcon', 'build']
[0.296s] DEBUG:colcon:Parsed command line arguments: Namespace(log_base=None, log_level=None, verb_name='build', build_base='build', install_base='install', merge_install=False, symlink_install=False, test_result_base=None, continue_on_error=False, executor='parallel', parallel_workers=5, event_handlers=None, ignore_user_meta=False, metas=['./colcon.meta'], base_paths=['.'], packages_ignore=None, packages_ignore_regex=None, paths=None, packages_up_to=None, packages_up_to_regex=None, packages_above=None, packages_above_and_dependencies=None, packages_above_depth=None, packages_select_by_dep=None, packages_skip_by_dep=None, packages_skip_up_to=None, packages_select_build_failed=False, packages_skip_build_finished=False, packages_select_test_failures=False, packages_skip_test_passed=False, packages_select=None, packages_skip=None, packages_select_regex=None, packages_skip_regex=None, packages_start=None, packages_end=None, allow_overriding=[], cmake_args=None, cmake_target=None, cmake_target_skip_unavailable=False, cmake_clean_cache=False, cmake_clean_first=False, cmake_force_configure=False, ament_cmake_args=None, catkin_cmake_args=None, catkin_skip_building_tests=False, mixin_files=None, mixin=None, verb_parser=<colcon_mixin.mixin.mixin_argument.MixinArgumentDecorator object at 0x708dcf758370>, verb_extension=<colcon_core.verb.build.BuildVerb object at 0x708dcf864bb0>, main=<bound method BuildVerb.main of <colcon_core.verb.build.BuildVerb object at 0x708dcf864bb0>>, mixin_verb=('build',))
[0.689s] Level 1:colcon.colcon_core.package_discovery:discover_packages(colcon_meta) check parameters
[0.690s] Level 1:colcon.colcon_core.package_discovery:discover_packages(recursive) check parameters
[0.690s] Level 1:colcon.colcon_core.package_discovery:discover_packages(ignore) check parameters
[0.690s] Level 1:colcon.colcon_core.package_discovery:discover_packages(path) check parameters
[0.690s] Level 1:colcon.colcon_core.package_discovery:discover_packages(colcon_meta) discover
[0.690s] Level 1:colcon.colcon_core.package_discovery:discover_packages(recursive) discover
[0.690s] INFO:colcon.colcon_core.package_discovery:Crawling recursively for packages in '/home/me597/me597-tgobel/ros2_ws/Lab1_ws'
[0.690s] Level 1:colcon.colcon_core.package_identification:_identify(.) by extensions ['ignore', 'ignore_ament_install']
[0.690s] Level 1:colcon.colcon_core.package_identification:_identify(.) by extension 'ignore'
[0.690s] Level 1:colcon.colcon_core.package_identification:_identify(.) by extension 'ignore_ament_install'
[0.691s] Level 1:colcon.colcon_core.package_identification:_identify(.) by extensions ['colcon_pkg']
[0.691s] Level 1:colcon.colcon_core.package_identification:_identify(.) by extension 'colcon_pkg'
[0.691s] Level 1:colcon.colcon_core.package_identification:_identify(.) by extensions ['colcon_meta']
[0.691s] Level 1:colcon.colcon_core.package_identification:_identify(.) by extension 'colcon_meta'
[0.691s] Level 1:colcon.colcon_core.package_identification:_identify(.) by extensions ['ros']
[0.691s] Level 1:colcon.colcon_core.package_identification:_identify(.) by extension 'ros'
[0.712s] Level 1:colcon.colcon_core.package_identification:_identify(.) by extensions ['cmake', 'python']
[0.712s] Level 1:colcon.colcon_core.package_identification:_identify(.) by extension 'cmake'
[0.712s] Level 1:colcon.colcon_core.package_identification:_identify(.) by extension 'python'
[0.712s] Level 1:colcon.colcon_core.package_identification:_identify(.) by extensions ['python_setup_py']
[0.712s] Level 1:colcon.colcon_core.package_identification:_identify(.) by extension 'python_setup_py'
[0.712s] Level 1:colcon.colcon_core.package_identification:_identify(bag_files) by extensions ['ignore', 'ignore_ament_install']
[0.712s] Level 1:colcon.colcon_core.package_identification:_identify(bag_files) by extension 'ignore'
[0.712s] Level 1:colcon.colcon_core.package_identification:_identify(bag_files) by extension 'ignore_ament_install'
[0.713s] Level 1:colcon.colcon_core.package_identification:_identify(bag_files) by extensions ['colcon_pkg']
[0.713s] Level 1:colcon.colcon_core.package_identification:_identify(bag_files) by extension 'colcon_pkg'
[0.713s] Level 1:colcon.colcon_core.package_identification:_identify(bag_files) by extensions ['colcon_meta']
[0.713s] Level 1:colcon.colcon_core.package_identification:_identify(bag_files) by extension 'colcon_meta'
[0.713s] Level 1:colcon.colcon_core.package_identification:_identify(bag_files) by extensions ['ros']
[0.713s] Level 1:colcon.colcon_core.package_identification:_identify(bag_files) by extension 'ros'
[0.713s] Level 1:colcon.colcon_core.package_identification:_identify(bag_files) by extensions ['cmake', 'python']
[0.713s] Level 1:colcon.colcon_core.package_identification:_identify(bag_files) by extension 'cmake'
[0.713s] Level 1:colcon.colcon_core.package_identification:_identify(bag_files) by extension 'python'
[0.713s] Level 1:colcon.colcon_core.package_identification:_identify(bag_files) by extensions ['python_setup_py']
[0.713s] Level 1:colcon.colcon_core.package_identification:_identify(bag_files) by extension 'python_setup_py'
[0.713s] Level 1:colcon.colcon_core.package_identification:_identify(bag_files/task_1) by extensions ['ignore', 'ignore_ament_install']
[0.713s] Level 1:colcon.colcon_core.package_identification:_identify(bag_files/task_1) by extension 'ignore'
[0.714s] Level 1:colcon.colcon_core.package_identification:_identify(bag_files/task_1) by extension 'ignore_ament_install'
[0.714s] Level 1:colcon.colcon_core.package_identification:_identify(bag_files/task_1) by extensions ['colcon_pkg']
[0.714s] Level 1:colcon.colcon_core.package_identification:_identify(bag_files/task_1) by extension 'colcon_pkg'
[0.714s] Level 1:colcon.colcon_core.package_identification:_identify(bag_files/task_1) by extensions ['colcon_meta']
[0.714s] Level 1:colcon.colcon_core.package_identification:_identify(bag_files/task_1) by extension 'colcon_meta'
[0.714s] Level 1:colcon.colcon_core.package_identification:_identify(bag_files/task_1) by extensions ['ros']
[0.714s] Level 1:colcon.colcon_core.package_identification:_identify(bag_files/task_1) by extension 'ros'
[0.715s] Level 1:colcon.colcon_core.package_identification:_identify(bag_files/task_1) by extensions ['cmake', 'python']
[0.715s] Level 1:colcon.colcon_core.package_identification:_identify(bag_files/task_1) by extension 'cmake'
[0.715s] Level 1:colcon.colcon_core.package_identification:_identify(bag_files/task_1) by extension 'python'
[0.715s] Level 1:colcon.colcon_core.package_identification:_identify(bag_files/task_1) by extensions ['python_setup_py']
[0.715s] Level 1:colcon.colcon_core.package_identification:_identify(bag_files/task_1) by extension 'python_setup_py'
[0.715s] Level 1:colcon.colcon_core.package_identification:_identify(build) by extensions ['ignore', 'ignore_ament_install']
[0.715s] Level 1:colcon.colcon_core.package_identification:_identify(build) by extension 'ignore'
[0.715s] Level 1:colcon.colcon_core.package_identification:_identify(build) ignored
[0.716s] Level 1:colcon.colcon_core.package_identification:_identify(install) by extensions ['ignore', 'ignore_ament_install']
[0.716s] Level 1:colcon.colcon_core.package_identification:_identify(install) by extension 'ignore'
[0.716s] Level 1:colcon.colcon_core.package_identification:_identify(install) ignored
[0.716s] Level 1:colcon.colcon_core.package_identification:_identify(log) by extensions ['ignore', 'ignore_ament_install']
[0.716s] Level 1:colcon.colcon_core.package_identification:_identify(log) by extension 'ignore'
[0.716s] Level 1:colcon.colcon_core.package_identification:_identify(log) ignored
[0.717s] Level 1:colcon.colcon_core.package_identification:_identify(task_1) by extensions ['ignore', 'ignore_ament_install']
[0.717s] Level 1:colcon.colcon_core.package_identification:_identify(task_1) by extension 'ignore'
[0.717s] Level 1:colcon.colcon_core.package_identification:_identify(task_1) by extension 'ignore_ament_install'
[0.717s] Level 1:colcon.colcon_core.package_identification:_identify(task_1) by extensions ['colcon_pkg']
[0.717s] Level 1:colcon.colcon_core.package_identification:_identify(task_1) by extension 'colcon_pkg'
[0.717s] Level 1:colcon.colcon_core.package_identification:_identify(task_1) by extensions ['colcon_meta']
[0.717s] Level 1:colcon.colcon_core.package_identification:_identify(task_1) by extension 'colcon_meta'
[0.717s] Level 1:colcon.colcon_core.package_identification:_identify(task_1) by extensions ['ros']
[0.717s] Level 1:colcon.colcon_core.package_identification:_identify(task_1) by extension 'ros'
[0.722s] DEBUG:colcon.colcon_core.package_identification:Package 'task_1' with type 'ros.ament_python' and name 'task_1'
[0.722s] Level 1:colcon.colcon_core.package_identification:_identify(task_2) by extensions ['ignore', 'ignore_ament_install']
[0.723s] Level 1:colcon.colcon_core.package_identification:_identify(task_2) by extension 'ignore'
[0.723s] Level 1:colcon.colcon_core.package_identification:_identify(task_2) by extension 'ignore_ament_install'
[0.723s] Level 1:colcon.colcon_core.package_identification:_identify(task_2) by extensions ['colcon_pkg']
[0.723s] Level 1:colcon.colcon_core.package_identification:_identify(task_2) by extension 'colcon_pkg'
[0.723s] Level 1:colcon.colcon_core.package_identification:_identify(task_2) by extensions ['colcon_meta']
[0.723s] Level 1:colcon.colcon_core.package_identification:_identify(task_2) by extension 'colcon_meta'
[0.723s] Level 1:colcon.colcon_core.package_identification:_identify(task_2) by extensions ['ros']
[0.723s] Level 1:colcon.colcon_core.package_identification:_identify(task_2) by extension 'ros'
[0.725s] DEBUG:colcon.colcon_core.package_identification:Package 'task_2' with type 'ros.ament_python' and name 'task_2'
[0.725s] Level 1:colcon.colcon_core.package_identification:_identify(task_2_interfaces) by extensions ['ignore', 'ignore_ament_install']
[0.725s] Level 1:colcon.colcon_core.package_identification:_identify(task_2_interfaces) by extension 'ignore'
[0.726s] Level 1:colcon.colcon_core.package_identification:_identify(task_2_interfaces) by extension 'ignore_ament_install'
[0.726s] Level 1:colcon.colcon_core.package_identification:_identify(task_2_interfaces) by extensions ['colcon_pkg']
[0.726s] Level 1:colcon.colcon_core.package_identification:_identify(task_2_interfaces) by extension 'colcon_pkg'
[0.726s] Level 1:colcon.colcon_core.package_identification:_identify(task_2_interfaces) by extensions ['colcon_meta']
[0.726s] Level 1:colcon.colcon_core.package_identification:_identify(task_2_interfaces) by extension 'colcon_meta'
[0.726s] Level 1:colcon.colcon_core.package_identification:_identify(task_2_interfaces) by extensions ['ros']
[0.726s] Level 1:colcon.colcon_core.package_identification:_identify(task_2_interfaces) by extension 'ros'
[0.727s] DEBUG:colcon.colcon_core.package_identification:Package 'task_2_interfaces' with type 'ros.ament_cmake' and name 'task_2_interfaces'
[0.728s] Level 1:colcon.colcon_core.package_discovery:discover_packages(recursive) using defaults
[0.728s] Level 1:colcon.colcon_core.package_discovery:discover_packages(ignore) discover
[0.728s] Level 1:colcon.colcon_core.package_discovery:discover_packages(ignore) using defaults
[0.728s] Level 1:colcon.colcon_core.package_discovery:discover_packages(path) discover
[0.728s] Level 1:colcon.colcon_core.package_discovery:discover_packages(path) using defaults
[0.770s] Level 1:colcon.colcon_core.package_discovery:discover_packages(prefix_path) check parameters
[0.770s] Level 1:colcon.colcon_core.package_discovery:discover_packages(prefix_path) discover
[0.779s] DEBUG:colcon.colcon_installed_package_information.package_discovery:Found 345 installed packages in /opt/ros/humble
[0.793s] Level 1:colcon.colcon_core.package_discovery:discover_packages(prefix_path) using defaults
[0.868s] Level 5:colcon.colcon_core.verb:set package 'task_1' build argument 'cmake_args' from command line to 'None'
[0.868s] Level 5:colcon.colcon_core.verb:set package 'task_1' build argument 'cmake_target' from command line to 'None'
[0.868s] Level 5:colcon.colcon_core.verb:set package 'task_1' build argument 'cmake_target_skip_unavailable' from command line to 'False'
[0.868s] Level 5:colcon.colcon_core.verb:set package 'task_1' build argument 'cmake_clean_cache' from command line to 'False'
[0.869s] Level 5:colcon.colcon_core.verb:set package 'task_1' build argument 'cmake_clean_first' from command line to 'False'
[0.869s] Level 5:colcon.colcon_core.verb:set package 'task_1' build argument 'cmake_force_configure' from command line to 'False'
[0.869s] Level 5:colcon.colcon_core.verb:set package 'task_1' build argument 'ament_cmake_args' from command line to 'None'
[0.869s] Level 5:colcon.colcon_core.verb:set package 'task_1' build argument 'catkin_cmake_args' from command line to 'None'
[0.869s] Level 5:colcon.colcon_core.verb:set package 'task_1' build argument 'catkin_skip_building_tests' from command line to 'False'
[0.869s] DEBUG:colcon.colcon_core.verb:Building package 'task_1' with the following arguments: {'ament_cmake_args': None, 'build_base': '/home/me597/me597-tgobel/ros2_ws/Lab1_ws/build/task_1', 'catkin_cmake_args': None, 'catkin_skip_building_tests': False, 'cmake_args': None, 'cmake_clean_cache': False, 'cmake_clean_first': False, 'cmake_force_configure': False, 'cmake_target': None, 'cmake_target_skip_unavailable': False, 'install_base': '/home/me597/me597-tgobel/ros2_ws/Lab1_ws/install/task_1', 'merge_install': False, 'path': '/home/me597/me597-tgobel/ros2_ws/Lab1_ws/task_1', 'symlink_install': False, 'test_result_base': None}
[0.870s] Level 5:colcon.colcon_core.verb:set package 'task_2_interfaces' build argument 'cmake_args' from command line to 'None'
[0.870s] Level 5:colcon.colcon_core.verb:set package 'task_2_interfaces' build argument 'cmake_target' from command line to 'None'
[0.870s] Level 5:colcon.colcon_core.verb:set package 'task_2_interfaces' build argument 'cmake_target_skip_unavailable' from command line to 'False'
[0.870s] Level 5:colcon.colcon_core.verb:set package 'task_2_interfaces' build argument 'cmake_clean_cache' from command line to 'False'
[0.870s] Level 5:colcon.colcon_core.verb:set package 'task_2_interfaces' build argument 'cmake_clean_first' from command line to 'False'
[0.870s] Level 5:colcon.colcon_core.verb:set package 'task_2_interfaces' build argument 'cmake_force_configure' from command line to 'False'
[0.870s] Level 5:colcon.colcon_core.verb:set package 'task_2_interfaces' build argument 'ament_cmake_args' from command line to 'None'
[0.870s] Level 5:colcon.colcon_core.verb:set package 'task_2_interfaces' build argument 'catkin_cmake_args' from command line to 'None'
[0.870s] Level 5:colcon.colcon_core.verb:set package 'task_2_interfaces' build argument 'catkin_skip_building_tests' from command line to 'False'
[0.871s] DEBUG:colcon.colcon_core.verb:Building package 'task_2_interfaces' with the following arguments: {'ament_cmake_args': None, 'build_base': '/home/me597/me597-tgobel/ros2_ws/Lab1_ws/build/task_2_interfaces', 'catkin_cmake_args': None, 'catkin_skip_building_tests': False, 'cmake_args': None, 'cmake_clean_cache': False, 'cmake_clean_first': False, 'cmake_force_configure': False, 'cmake_target': None, 'cmake_target_skip_unavailable': False, 'install_base': '/home/me597/me597-tgobel/ros2_ws/Lab1_ws/install/task_2_interfaces', 'merge_install': False, 'path': '/home/me597/me597-tgobel/ros2_ws/Lab1_ws/task_2_interfaces', 'symlink_install': False, 'test_result_base': None}
[0.871s] Level 5:colcon.colcon_core.verb:set package 'task_2' build argument 'cmake_args' from command line to 'None'
[0.871s] Level 5:colcon.colcon_core.verb:set package 'task_2' build argument 'cmake_target' from command line to 'None'
[0.871s] Level 5:colcon.colcon_core.verb:set package 'task_2' build argument 'cmake_target_skip_unavailable' from command line to 'False'
[0.871s] Level 5:colcon.colcon_core.verb:set package 'task_2' build argument 'cmake_clean_cache' from command line to 'False'
[0.871s] Level 5:colcon.colcon_core.verb:set package 'task_2' build argument 'cmake_clean_first' from command line to 'False'
[0.871s] Level 5:colcon.colcon_core.verb:set package 'task_2' build argument 'cmake_force_configure' from command line to 'False'
[0.872s] Level 5:colcon.colcon_core.verb:set package 'task_2' build argument 'ament_cmake_args' from command line to 'None'
[0.872s] Level 5:colcon.colcon_core.verb:set package 'task_2' build argument 'catkin_cmake_args' from command line to 'None'
[0.872s] Level 5:colcon.colcon_core.verb:set package 'task_2' build argument 'catkin_skip_building_tests' from command line to 'False'
[0.872s] DEBUG:colcon.colcon_core.verb:Building package 'task_2' with the following arguments: {'ament_cmake_args': None, 'build_base': '/home/me597/me597-tgobel/ros2_ws/Lab1_ws/build/task_2', 'catkin_cmake_args': None, 'catkin_skip_building_tests': False, 'cmake_args': None, 'cmake_clean_cache': False, 'cmake_clean_first': False, 'cmake_force_configure': False, 'cmake_target': None, 'cmake_target_skip_unavailable': False, 'install_base': '/home/me597/me597-tgobel/ros2_ws/Lab1_ws/install/task_2', 'merge_install': False, 'path': '/home/me597/me597-tgobel/ros2_ws/Lab1_ws/task_2', 'symlink_install': False, 'test_result_base': None}
[0.872s] INFO:colcon.colcon_core.executor:Executing jobs using 'parallel' executor
[0.874s] DEBUG:colcon.colcon_parallel_executor.executor.parallel:run_until_complete
[0.874s] INFO:colcon.colcon_ros.task.ament_cmake.build:Building ROS package in '/home/me597/me597-tgobel/ros2_ws/Lab1_ws/task_2_interfaces' with build type 'ament_cmake'
[0.874s] INFO:colcon.colcon_cmake.task.cmake.build:Building CMake package in '/home/me597/me597-tgobel/ros2_ws/Lab1_ws/task_2_interfaces'
[0.884s] INFO:colcon.colcon_core.plugin_system:Skipping extension 'colcon_core.shell.bat': Not used on non-Windows systems
[0.885s] INFO:colcon.colcon_core.shell:Skip shell extension 'powershell' for command environment: Not usable outside of PowerShell
[0.885s] DEBUG:colcon.colcon_core.shell:Skip shell extension 'dsv' for command environment
[0.891s] INFO:colcon.colcon_ros.task.ament_python.build:Building ROS package in '/home/me597/me597-tgobel/ros2_ws/Lab1_ws/task_1' with build type 'ament_python'
[0.891s] Level 1:colcon.colcon_core.shell:create_environment_hook('task_1', 'ament_prefix_path')
[0.891s] INFO:colcon.colcon_core.shell:Creating environment hook '/home/me597/me597-tgobel/ros2_ws/Lab1_ws/install/task_1/share/task_1/hook/ament_prefix_path.ps1'
[0.900s] INFO:colcon.colcon_core.shell:Creating environment descriptor '/home/me597/me597-tgobel/ros2_ws/Lab1_ws/install/task_1/share/task_1/hook/ament_prefix_path.dsv'
[0.902s] INFO:colcon.colcon_core.shell:Creating environment hook '/home/me597/me597-tgobel/ros2_ws/Lab1_ws/install/task_1/share/task_1/hook/ament_prefix_path.sh'
[0.904s] INFO:colcon.colcon_core.shell:Skip shell extension 'powershell' for command environment: Not usable outside of PowerShell
[0.904s] DEBUG:colcon.colcon_core.shell:Skip shell extension 'dsv' for command environment
[0.916s] DEBUG:colcon.colcon_core.event_handler.log_command:Invoking command in '/home/me597/me597-tgobel/ros2_ws/Lab1_ws/build/task_2_interfaces': CMAKE_PREFIX_PATH=/opt/ros/humble /usr/bin/cmake --build /home/me597/me597-tgobel/ros2_ws/Lab1_ws/build/task_2_interfaces -- -j5 -l5
[1.424s] INFO:colcon.colcon_core.task.python.build:Building Python package in '/home/me597/me597-tgobel/ros2_ws/Lab1_ws/task_1'
[1.425s] INFO:colcon.colcon_core.shell:Skip shell extension 'powershell' for command environment: Not usable outside of PowerShell
[1.425s] DEBUG:colcon.colcon_core.shell:Skip shell extension 'dsv' for command environment
[1.726s] DEBUG:colcon.colcon_core.event_handler.log_command:Invoked command in '/home/me597/me597-tgobel/ros2_ws/Lab1_ws/build/task_2_interfaces' returned '0': CMAKE_PREFIX_PATH=/opt/ros/humble /usr/bin/cmake --build /home/me597/me597-tgobel/ros2_ws/Lab1_ws/build/task_2_interfaces -- -j5 -l5
[1.944s] DEBUG:colcon.colcon_core.event_handler.log_command:Invoking command in '/home/me597/me597-tgobel/ros2_ws/Lab1_ws/build/task_2_interfaces': CMAKE_PREFIX_PATH=/opt/ros/humble /usr/bin/cmake --install /home/me597/me597-tgobel/ros2_ws/Lab1_ws/build/task_2_interfaces
[2.090s] Level 1:colcon.colcon_core.environment:create_environment_scripts_only(task_2_interfaces)
[2.092s] DEBUG:colcon.colcon_core.event_handler.log_command:Invoked command in '/home/me597/me597-tgobel/ros2_ws/Lab1_ws/build/task_2_interfaces' returned '0': CMAKE_PREFIX_PATH=/opt/ros/humble /usr/bin/cmake --install /home/me597/me597-tgobel/ros2_ws/Lab1_ws/build/task_2_interfaces
[2.099s] Level 1:colcon.colcon_core.environment:checking '/home/me597/me597-tgobel/ros2_ws/Lab1_ws/install/task_2_interfaces' for CMake module files
[2.104s] Level 1:colcon.colcon_core.environment:checking '/home/me597/me597-tgobel/ros2_ws/Lab1_ws/install/task_2_interfaces' for CMake config files
[2.106s] Level 1:colcon.colcon_core.shell:create_environment_hook('task_2_interfaces', 'cmake_prefix_path')
[2.106s] INFO:colcon.colcon_core.shell:Creating environment hook '/home/me597/me597-tgobel/ros2_ws/Lab1_ws/install/task_2_interfaces/share/task_2_interfaces/hook/cmake_prefix_path.ps1'
[2.107s] INFO:colcon.colcon_core.shell:Creating environment descriptor '/home/me597/me597-tgobel/ros2_ws/Lab1_ws/install/task_2_interfaces/share/task_2_interfaces/hook/cmake_prefix_path.dsv'
[2.108s] INFO:colcon.colcon_core.shell:Creating environment hook '/home/me597/me597-tgobel/ros2_ws/Lab1_ws/install/task_2_interfaces/share/task_2_interfaces/hook/cmake_prefix_path.sh'
[2.110s] Level 1:colcon.colcon_core.environment:checking '/home/me597/me597-tgobel/ros2_ws/Lab1_ws/install/task_2_interfaces/lib'
[2.111s] Level 1:colcon.colcon_core.shell:create_environment_hook('task_2_interfaces', 'ld_library_path_lib')
[2.112s] INFO:colcon.colcon_core.shell:Creating environment hook '/home/me597/me597-tgobel/ros2_ws/Lab1_ws/install/task_2_interfaces/share/task_2_interfaces/hook/ld_library_path_lib.ps1'
[2.113s] INFO:colcon.colcon_core.shell:Creating environment descriptor '/home/me597/me597-tgobel/ros2_ws/Lab1_ws/install/task_2_interfaces/share/task_2_interfaces/hook/ld_library_path_lib.dsv'
[2.113s] INFO:colcon.colcon_core.shell:Creating environment hook '/home/me597/me597-tgobel/ros2_ws/Lab1_ws/install/task_2_interfaces/share/task_2_interfaces/hook/ld_library_path_lib.sh'
[2.114s] Level 1:colcon.colcon_core.environment:checking '/home/me597/me597-tgobel/ros2_ws/Lab1_ws/install/task_2_interfaces/bin'
[2.114s] Level 1:colcon.colcon_core.environment:checking '/home/me597/me597-tgobel/ros2_ws/Lab1_ws/install/task_2_interfaces/lib/pkgconfig/task_2_interfaces.pc'
[2.115s] Level 1:colcon.colcon_core.environment:checking '/home/me597/me597-tgobel/ros2_ws/Lab1_ws/install/task_2_interfaces/lib/python3.10/site-packages'
[2.115s] Level 1:colcon.colcon_core.environment:checking '/home/me597/me597-tgobel/ros2_ws/Lab1_ws/install/task_2_interfaces/bin'
[2.118s] INFO:colcon.colcon_core.shell:Creating package script '/home/me597/me597-tgobel/ros2_ws/Lab1_ws/install/task_2_interfaces/share/task_2_interfaces/package.ps1'
[2.120s] INFO:colcon.colcon_core.shell:Creating package descriptor '/home/me597/me597-tgobel/ros2_ws/Lab1_ws/install/task_2_interfaces/share/task_2_interfaces/package.dsv'
[2.122s] INFO:colcon.colcon_core.shell:Creating package script '/home/me597/me597-tgobel/ros2_ws/Lab1_ws/install/task_2_interfaces/share/task_2_interfaces/package.sh'
[2.124s] INFO:colcon.colcon_core.shell:Creating package script '/home/me597/me597-tgobel/ros2_ws/Lab1_ws/install/task_2_interfaces/share/task_2_interfaces/package.bash'
[2.126s] INFO:colcon.colcon_core.shell:Creating package script '/home/me597/me597-tgobel/ros2_ws/Lab1_ws/install/task_2_interfaces/share/task_2_interfaces/package.zsh'
[2.128s] Level 1:colcon.colcon_core.environment:create_file_with_runtime_dependencies(/home/me597/me597-tgobel/ros2_ws/Lab1_ws/install/task_2_interfaces/share/colcon-core/packages/task_2_interfaces)
[2.138s] DEBUG:colcon.colcon_core.event_handler.log_command:Invoking command in '/home/me597/me597-tgobel/ros2_ws/Lab1_ws/task_1': PYTHONPATH=/home/me597/me597-tgobel/ros2_ws/Lab1_ws/build/task_1/prefix_override:/usr/lib/python3/dist-packages/colcon_core/task/python/colcon_distutils_commands:/home/me597/me597-tgobel/ros2_ws/Lab1_ws/install/task_1/lib/python3.10/site-packages:${PYTHONPATH} /usr/bin/python3 -W ignore:setup.py install is deprecated setup.py egg_info --egg-base ../build/task_1 build --build-base /home/me597/me597-tgobel/ros2_ws/Lab1_ws/build/task_1/build install --record /home/me597/me597-tgobel/ros2_ws/Lab1_ws/build/task_1/install.log --single-version-externally-managed install_data
[2.258s] Level 1:colcon.colcon_core.environment:create_environment_scripts_only(task_2_interfaces)
[2.258s] Level 1:colcon.colcon_core.environment:checking '/home/me597/me597-tgobel/ros2_ws/Lab1_ws/install/task_2_interfaces' for CMake module files
[2.260s] Level 1:colcon.colcon_core.environment:checking '/home/me597/me597-tgobel/ros2_ws/Lab1_ws/install/task_2_interfaces' for CMake config files
[2.261s] Level 1:colcon.colcon_core.shell:create_environment_hook('task_2_interfaces', 'cmake_prefix_path')
[2.261s] INFO:colcon.colcon_core.shell:Creating environment hook '/home/me597/me597-tgobel/ros2_ws/Lab1_ws/install/task_2_interfaces/share/task_2_interfaces/hook/cmake_prefix_path.ps1'
[2.262s] INFO:colcon.colcon_core.shell:Creating environment descriptor '/home/me597/me597-tgobel/ros2_ws/Lab1_ws/install/task_2_interfaces/share/task_2_interfaces/hook/cmake_prefix_path.dsv'
[2.263s] INFO:colcon.colcon_core.shell:Creating environment hook '/home/me597/me597-tgobel/ros2_ws/Lab1_ws/install/task_2_interfaces/share/task_2_interfaces/hook/cmake_prefix_path.sh'
[2.264s] Level 1:colcon.colcon_core.environment:checking '/home/me597/me597-tgobel/ros2_ws/Lab1_ws/install/task_2_interfaces/lib'
[2.264s] Level 1:colcon.colcon_core.shell:create_environment_hook('task_2_interfaces', 'ld_library_path_lib')
[2.265s] INFO:colcon.colcon_core.shell:Creating environment hook '/home/me597/me597-tgobel/ros2_ws/Lab1_ws/install/task_2_interfaces/share/task_2_interfaces/hook/ld_library_path_lib.ps1'
[2.265s] INFO:colcon.colcon_core.shell:Creating environment descriptor '/home/me597/me597-tgobel/ros2_ws/Lab1_ws/install/task_2_interfaces/share/task_2_interfaces/hook/ld_library_path_lib.dsv'
[2.266s] INFO:colcon.colcon_core.shell:Creating environment hook '/home/me597/me597-tgobel/ros2_ws/Lab1_ws/install/task_2_interfaces/share/task_2_interfaces/hook/ld_library_path_lib.sh'
[2.266s] Level 1:colcon.colcon_core.environment:checking '/home/me597/me597-tgobel/ros2_ws/Lab1_ws/install/task_2_interfaces/bin'
[2.267s] Level 1:colcon.colcon_core.environment:checking '/home/me597/me597-tgobel/ros2_ws/Lab1_ws/install/task_2_interfaces/lib/pkgconfig/task_2_interfaces.pc'
[2.267s] Level 1:colcon.colcon_core.environment:checking '/home/me597/me597-tgobel/ros2_ws/Lab1_ws/install/task_2_interfaces/lib/python3.10/site-packages'
[2.267s] Level 1:colcon.colcon_core.environment:checking '/home/me597/me597-tgobel/ros2_ws/Lab1_ws/install/task_2_interfaces/bin'
[2.268s] INFO:colcon.colcon_core.shell:Creating package script '/home/me597/me597-tgobel/ros2_ws/Lab1_ws/install/task_2_interfaces/share/task_2_interfaces/package.ps1'
[2.269s] INFO:colcon.colcon_core.shell:Creating package descriptor '/home/me597/me597-tgobel/ros2_ws/Lab1_ws/install/task_2_interfaces/share/task_2_interfaces/package.dsv'
[2.270s] INFO:colcon.colcon_core.shell:Creating package script '/home/me597/me597-tgobel/ros2_ws/Lab1_ws/install/task_2_interfaces/share/task_2_interfaces/package.sh'
[2.270s] INFO:colcon.colcon_core.shell:Creating package script '/home/me597/me597-tgobel/ros2_ws/Lab1_ws/install/task_2_interfaces/share/task_2_interfaces/package.bash'
[2.271s] INFO:colcon.colcon_core.shell:Creating package script '/home/me597/me597-tgobel/ros2_ws/Lab1_ws/install/task_2_interfaces/share/task_2_interfaces/package.zsh'
[2.272s] Level 1:colcon.colcon_core.environment:create_file_with_runtime_dependencies(/home/me597/me597-tgobel/ros2_ws/Lab1_ws/install/task_2_interfaces/share/colcon-core/packages/task_2_interfaces)
[2.272s] INFO:colcon.colcon_ros.task.ament_python.build:Building ROS package in '/home/me597/me597-tgobel/ros2_ws/Lab1_ws/task_2' with build type 'ament_python'
[2.273s] Level 1:colcon.colcon_core.shell:create_environment_hook('task_2', 'ament_prefix_path')
[2.273s] INFO:colcon.colcon_core.shell:Creating environment hook '/home/me597/me597-tgobel/ros2_ws/Lab1_ws/install/task_2/share/task_2/hook/ament_prefix_path.ps1'
[2.274s] INFO:colcon.colcon_core.shell:Creating environment descriptor '/home/me597/me597-tgobel/ros2_ws/Lab1_ws/install/task_2/share/task_2/hook/ament_prefix_path.dsv'
[2.275s] INFO:colcon.colcon_core.shell:Creating environment hook '/home/me597/me597-tgobel/ros2_ws/Lab1_ws/install/task_2/share/task_2/hook/ament_prefix_path.sh'
[2.276s] INFO:colcon.colcon_core.shell:Skip shell extension 'powershell' for command environment: Not usable outside of PowerShell
[2.276s] DEBUG:colcon.colcon_core.shell:Skip shell extension 'dsv' for command environment
[2.757s] INFO:colcon.colcon_core.task.python.build:Building Python package in '/home/me597/me597-tgobel/ros2_ws/Lab1_ws/task_2'
[2.757s] INFO:colcon.colcon_core.shell:Skip shell extension 'powershell' for command environment: Not usable outside of PowerShell
[2.757s] DEBUG:colcon.colcon_core.shell:Skip shell extension 'dsv' for command environment
[2.763s] Level 1:colcon.colcon_core.environment:checking '/home/me597/me597-tgobel/ros2_ws/Lab1_ws/install/task_1' for CMake module files
[2.764s] DEBUG:colcon.colcon_core.event_handler.log_command:Invoked command in '/home/me597/me597-tgobel/ros2_ws/Lab1_ws/task_1' returned '0': PYTHONPATH=/home/me597/me597-tgobel/ros2_ws/Lab1_ws/build/task_1/prefix_override:/usr/lib/python3/dist-packages/colcon_core/task/python/colcon_distutils_commands:/home/me597/me597-tgobel/ros2_ws/Lab1_ws/install/task_1/lib/python3.10/site-packages:${PYTHONPATH} /usr/bin/python3 -W ignore:setup.py install is deprecated setup.py egg_info --egg-base ../build/task_1 build --build-base /home/me597/me597-tgobel/ros2_ws/Lab1_ws/build/task_1/build install --record /home/me597/me597-tgobel/ros2_ws/Lab1_ws/build/task_1/install.log --single-version-externally-managed install_data
[2.765s] Level 1:colcon.colcon_core.environment:checking '/home/me597/me597-tgobel/ros2_ws/Lab1_ws/install/task_1' for CMake config files
[2.766s] Level 1:colcon.colcon_core.environment:checking '/home/me597/me597-tgobel/ros2_ws/Lab1_ws/install/task_1/lib'
[2.766s] Level 1:colcon.colcon_core.environment:checking '/home/me597/me597-tgobel/ros2_ws/Lab1_ws/install/task_1/bin'
[2.766s] Level 1:colcon.colcon_core.environment:checking '/home/me597/me597-tgobel/ros2_ws/Lab1_ws/install/task_1/lib/pkgconfig/task_1.pc'
[2.767s] Level 1:colcon.colcon_core.environment:checking '/home/me597/me597-tgobel/ros2_ws/Lab1_ws/install/task_1/lib/python3.10/site-packages'
[2.767s] Level 1:colcon.colcon_core.shell:create_environment_hook('task_1', 'pythonpath')
[2.767s] INFO:colcon.colcon_core.shell:Creating environment hook '/home/me597/me597-tgobel/ros2_ws/Lab1_ws/install/task_1/share/task_1/hook/pythonpath.ps1'
[2.768s] INFO:colcon.colcon_core.shell:Creating environment descriptor '/home/me597/me597-tgobel/ros2_ws/Lab1_ws/install/task_1/share/task_1/hook/pythonpath.dsv'
[2.769s] INFO:colcon.colcon_core.shell:Creating environment hook '/home/me597/me597-tgobel/ros2_ws/Lab1_ws/install/task_1/share/task_1/hook/pythonpath.sh'
[2.769s] Level 1:colcon.colcon_core.environment:checking '/home/me597/me597-tgobel/ros2_ws/Lab1_ws/install/task_1/bin'
[2.770s] Level 1:colcon.colcon_core.environment:create_environment_scripts_only(task_1)
[2.770s] INFO:colcon.colcon_core.shell:Creating package script '/home/me597/me597-tgobel/ros2_ws/Lab1_ws/install/task_1/share/task_1/package.ps1'
[2.771s] INFO:colcon.colcon_core.shell:Creating package descriptor '/home/me597/me597-tgobel/ros2_ws/Lab1_ws/install/task_1/share/task_1/package.dsv'
[2.772s] INFO:colcon.colcon_core.shell:Creating package script '/home/me597/me597-tgobel/ros2_ws/Lab1_ws/install/task_1/share/task_1/package.sh'
[2.773s] INFO:colcon.colcon_core.shell:Creating package script '/home/me597/me597-tgobel/ros2_ws/Lab1_ws/install/task_1/share/task_1/package.bash'
[2.774s] INFO:colcon.colcon_core.shell:Creating package script '/home/me597/me597-tgobel/ros2_ws/Lab1_ws/install/task_1/share/task_1/package.zsh'
[2.774s] Level 1:colcon.colcon_core.environment:create_file_with_runtime_dependencies(/home/me597/me597-tgobel/ros2_ws/Lab1_ws/install/task_1/share/colcon-core/packages/task_1)
[3.357s] DEBUG:colcon.colcon_core.event_handler.log_command:Invoking command in '/home/me597/me597-tgobel/ros2_ws/Lab1_ws/task_2': AMENT_PREFIX_PATH=/home/me597/me597-tgobel/ros2_ws/Lab1_ws/install/task_2_interfaces:${AMENT_PREFIX_PATH} CMAKE_PREFIX_PATH=/home/me597/me597-tgobel/ros2_ws/Lab1_ws/install/task_2_interfaces LD_LIBRARY_PATH=/home/me597/me597-tgobel/ros2_ws/Lab1_ws/install/task_2_interfaces/lib:${LD_LIBRARY_PATH} PYTHONPATH=/home/me597/me597-tgobel/ros2_ws/Lab1_ws/build/task_2/prefix_override:/usr/lib/python3/dist-packages/colcon_core/task/python/colcon_distutils_commands:/home/me597/me597-tgobel/ros2_ws/Lab1_ws/install/task_2/lib/python3.10/site-packages:/home/me597/me597-tgobel/ros2_ws/Lab1_ws/install/task_2_interfaces/local/lib/python3.10/dist-packages:${PYTHONPATH} /usr/bin/python3 -W ignore:setup.py install is deprecated setup.py egg_info --egg-base ../build/task_2 build --build-base /home/me597/me597-tgobel/ros2_ws/Lab1_ws/build/task_2/build install --record /home/me597/me597-tgobel/ros2_ws/Lab1_ws/build/task_2/install.log --single-version-externally-managed install_data
[3.910s] Level 1:colcon.colcon_core.environment:checking '/home/me597/me597-tgobel/ros2_ws/Lab1_ws/install/task_2' for CMake module files
[3.911s] DEBUG:colcon.colcon_core.event_handler.log_command:Invoked command in '/home/me597/me597-tgobel/ros2_ws/Lab1_ws/task_2' returned '0': AMENT_PREFIX_PATH=/home/me597/me597-tgobel/ros2_ws/Lab1_ws/install/task_2_interfaces:${AMENT_PREFIX_PATH} CMAKE_PREFIX_PATH=/home/me597/me597-tgobel/ros2_ws/Lab1_ws/install/task_2_interfaces LD_LIBRARY_PATH=/home/me597/me597-tgobel/ros2_ws/Lab1_ws/install/task_2_interfaces/lib:${LD_LIBRARY_PATH} PYTHONPATH=/home/me597/me597-tgobel/ros2_ws/Lab1_ws/build/task_2/prefix_override:/usr/lib/python3/dist-packages/colcon_core/task/python/colcon_distutils_commands:/home/me597/me597-tgobel/ros2_ws/Lab1_ws/install/task_2/lib/python3.10/site-packages:/home/me597/me597-tgobel/ros2_ws/Lab1_ws/install/task_2_interfaces/local/lib/python3.10/dist-packages:${PYTHONPATH} /usr/bin/python3 -W ignore:setup.py install is deprecated setup.py egg_info --egg-base ../build/task_2 build --build-base /home/me597/me597-tgobel/ros2_ws/Lab1_ws/build/task_2/build install --record /home/me597/me597-tgobel/ros2_ws/Lab1_ws/build/task_2/install.log --single-version-externally-managed install_data
[3.915s] Level 1:colcon.colcon_core.environment:checking '/home/me597/me597-tgobel/ros2_ws/Lab1_ws/install/task_2' for CMake config files
[3.916s] Level 1:colcon.colcon_core.environment:checking '/home/me597/me597-tgobel/ros2_ws/Lab1_ws/install/task_2/lib'
[3.916s] Level 1:colcon.colcon_core.environment:checking '/home/me597/me597-tgobel/ros2_ws/Lab1_ws/install/task_2/bin'
[3.916s] Level 1:colcon.colcon_core.environment:checking '/home/me597/me597-tgobel/ros2_ws/Lab1_ws/install/task_2/lib/pkgconfig/task_2.pc'
[3.916s] Level 1:colcon.colcon_core.environment:checking '/home/me597/me597-tgobel/ros2_ws/Lab1_ws/install/task_2/lib/python3.10/site-packages'
[3.917s] Level 1:colcon.colcon_core.shell:create_environment_hook('task_2', 'pythonpath')
[3.920s] INFO:colcon.colcon_core.shell:Creating environment hook '/home/me597/me597-tgobel/ros2_ws/Lab1_ws/install/task_2/share/task_2/hook/pythonpath.ps1'
[3.921s] INFO:colcon.colcon_core.shell:Creating environment descriptor '/home/me597/me597-tgobel/ros2_ws/Lab1_ws/install/task_2/share/task_2/hook/pythonpath.dsv'
[3.922s] INFO:colcon.colcon_core.shell:Creating environment hook '/home/me597/me597-tgobel/ros2_ws/Lab1_ws/install/task_2/share/task_2/hook/pythonpath.sh'
[3.923s] Level 1:colcon.colcon_core.environment:checking '/home/me597/me597-tgobel/ros2_ws/Lab1_ws/install/task_2/bin'
[3.923s] Level 1:colcon.colcon_core.environment:create_environment_scripts_only(task_2)
[3.923s] INFO:colcon.colcon_core.shell:Creating package script '/home/me597/me597-tgobel/ros2_ws/Lab1_ws/install/task_2/share/task_2/package.ps1'
[3.924s] INFO:colcon.colcon_core.shell:Creating package descriptor '/home/me597/me597-tgobel/ros2_ws/Lab1_ws/install/task_2/share/task_2/package.dsv'
[3.925s] INFO:colcon.colcon_core.shell:Creating package script '/home/me597/me597-tgobel/ros2_ws/Lab1_ws/install/task_2/share/task_2/package.sh'
[3.926s] INFO:colcon.colcon_core.shell:Creating package script '/home/me597/me597-tgobel/ros2_ws/Lab1_ws/install/task_2/share/task_2/package.bash'
[3.926s] INFO:colcon.colcon_core.shell:Creating package script '/home/me597/me597-tgobel/ros2_ws/Lab1_ws/install/task_2/share/task_2/package.zsh'
[3.927s] Level 1:colcon.colcon_core.environment:create_file_with_runtime_dependencies(/home/me597/me597-tgobel/ros2_ws/Lab1_ws/install/task_2/share/colcon-core/packages/task_2)
[3.927s] DEBUG:colcon.colcon_parallel_executor.executor.parallel:closing loop
[3.928s] DEBUG:colcon.colcon_parallel_executor.executor.parallel:loop closed
[3.928s] DEBUG:colcon.colcon_parallel_executor.executor.parallel:run_until_complete finished with '0'
[3.928s] DEBUG:colcon.colcon_core.event_reactor:joining thread
[3.941s] INFO:colcon.colcon_core.plugin_system:Skipping extension 'colcon_notification.desktop_notification.terminal_notifier': Not used on non-Darwin systems
[3.944s] INFO:colcon.colcon_core.plugin_system:Skipping extension 'colcon_notification.desktop_notification.win32': Not used on non-Windows systems
[3.944s] INFO:colcon.colcon_notification.desktop_notification:Sending desktop notification using 'notify2'
[3.976s] DEBUG:colcon.colcon_core.event_reactor:joined thread
[3.976s] INFO:colcon.colcon_core.shell:Creating prefix script '/home/me597/me597-tgobel/ros2_ws/Lab1_ws/install/local_setup.ps1'
[3.979s] INFO:colcon.colcon_core.shell:Creating prefix util module '/home/me597/me597-tgobel/ros2_ws/Lab1_ws/install/_local_setup_util_ps1.py'
[3.983s] INFO:colcon.colcon_core.shell:Creating prefix chain script '/home/me597/me597-tgobel/ros2_ws/Lab1_ws/install/setup.ps1'
[3.987s] INFO:colcon.colcon_core.shell:Creating prefix script '/home/me597/me597-tgobel/ros2_ws/Lab1_ws/install/local_setup.sh'
[3.989s] INFO:colcon.colcon_core.shell:Creating prefix util module '/home/me597/me597-tgobel/ros2_ws/Lab1_ws/install/_local_setup_util_sh.py'
[3.990s] INFO:colcon.colcon_core.shell:Creating prefix chain script '/home/me597/me597-tgobel/ros2_ws/Lab1_ws/install/setup.sh'
[3.992s] INFO:colcon.colcon_core.shell:Creating prefix script '/home/me597/me597-tgobel/ros2_ws/Lab1_ws/install/local_setup.bash'
[3.994s] INFO:colcon.colcon_core.shell:Creating prefix chain script '/home/me597/me597-tgobel/ros2_ws/Lab1_ws/install/setup.bash'
[3.999s] INFO:colcon.colcon_core.shell:Creating prefix script '/home/me597/me597-tgobel/ros2_ws/Lab1_ws/install/local_setup.zsh'
[4.001s] INFO:colcon.colcon_core.shell:Creating prefix chain script '/home/me597/me597-tgobel/ros2_ws/Lab1_ws/install/setup.zsh'
