[0.012s] Invoking command in '/home/me597/me597-tgobel/ros2_ws/Lab1_ws/build/task_2_interfaces': CMAKE_PREFIX_PATH=${CMAKE_PREFIX_PATH}:/home/me597/me597-tgobel/ros2_ws/Lab1_ws/install/task_2:/home/me597/me597-tgobel/ros2_ws/Lab1_ws/install/task_1:/opt/ros/humble /usr/bin/cmake --build /home/me597/me597-tgobel/ros2_ws/Lab1_ws/build/task_2_interfaces -- -j5 -l5
[0.032s] -- Found ament_cmake: 1.3.10 (/opt/ros/humble/share/ament_cmake/cmake)
[0.151s] -- Found ament_lint_auto: 0.12.11 (/opt/ros/humble/share/ament_lint_auto/cmake)
[0.208s] -- Found geometry_msgs: 4.2.4 (/opt/ros/humble/share/geometry_msgs/cmake)
[0.228s] -- Found rosidl_generator_c: 3.1.5 (/opt/ros/humble/share/rosidl_generator_c/cmake)
[0.233s] -- Found rosidl_adapter: 3.1.5 (/opt/ros/humble/share/rosidl_adapter/cmake)
[0.235s] -- Found rosidl_generator_cpp: 3.1.5 (/opt/ros/humble/share/rosidl_generator_cpp/cmake)
[0.244s] -- Using all available rosidl_typesupport_c: rosidl_typesupport_fastrtps_c;rosidl_typesupport_introspection_c
[0.256s] -- Using all available rosidl_typesupport_cpp: rosidl_typesupport_fastrtps_cpp;rosidl_typesupport_introspection_cpp
[0.288s] -- Found rosidl_default_generators: 1.2.0 (/opt/ros/humble/share/rosidl_default_generators/cmake)
[0.502s] -- Found ament_cmake_ros: 0.10.0 (/opt/ros/humble/share/ament_cmake_ros/cmake)
[0.866s] -- Using all available rosidl_typesupport_c: rosidl_typesupport_fastrtps_c;rosidl_typesupport_introspection_c
[1.010s] -- Using all available rosidl_typesupport_cpp: rosidl_typesupport_fastrtps_cpp;rosidl_typesupport_introspection_cpp
[1.029s] -- Found python_cmake_module: 0.10.0 (/opt/ros/humble/share/python_cmake_module/cmake)
[1.053s] -- Using PYTHON_EXECUTABLE: /usr/bin/python3
[1.053s] -- Using PYTHON_INCLUDE_DIRS: /usr/include/python3.10
[1.053s] -- Using PYTHON_LIBRARIES: /usr/lib/x86_64-linux-gnu/libpython3.10.so
[1.086s] -- Found rclcpp: 16.0.10 (/opt/ros/humble/share/rclcpp/cmake)
[1.110s] -- Found rmw_implementation_cmake: 6.1.2 (/opt/ros/humble/share/rmw_implementation_cmake/cmake)
[1.111s] -- Found rmw_fastrtps_cpp: 6.2.7 (/opt/ros/humble/share/rmw_fastrtps_cpp/cmake)
[1.199s] -- Using RMW implementation 'rmw_fastrtps_cpp' as default
[1.237s] -- Found task_2_interfaces: 0.0.0 (/home/me597/me597-tgobel/ros2_ws/Lab1_ws/install/task_2_interfaces/share/task_2_interfaces/cmake)
[1.251s] -- Added test 'lint_cmake' to check CMake code style
[1.252s] -- Added test 'xmllint' to check XML markup files
[1.255s] -- Configuring done
[1.290s] -- Generating done
[1.295s] -- Build files have been written to: /home/me597/me597-tgobel/ros2_ws/Lab1_ws/build/task_2_interfaces
[1.317s] [35m[1mConsolidate compiler generated dependencies of target task_2_interfaces__rosidl_generator_c[0m
[1.327s] [  2%] Built target task_2_interfaces__cpp
[1.327s] [ 12%] Built target task_2_interfaces__rosidl_generator_c
[1.337s] [ 12%] Built target ament_cmake_python_copy_task_2_interfaces
[1.338s] [35m[1mConsolidate compiler generated dependencies of target task_2_interfaces__rosidl_typesupport_introspection_cpp[0m
[1.338s] [35m[1mConsolidate compiler generated dependencies of target task_2_interfaces__rosidl_typesupport_fastrtps_cpp[0m
[1.339s] [35m[1mConsolidate compiler generated dependencies of target task_2_interfaces__rosidl_typesupport_fastrtps_c[0m
[1.343s] [35m[1mConsolidate compiler generated dependencies of target task_2_interfaces__rosidl_typesupport_cpp[0m
[1.346s] [35m[1mConsolidate compiler generated dependencies of target task_2_interfaces__rosidl_typesupport_introspection_c[0m
[1.351s] [ 25%] Built target task_2_interfaces__rosidl_typesupport_fastrtps_cpp
[1.355s] [ 33%] Built target task_2_interfaces__rosidl_typesupport_introspection_cpp
[1.356s] [ 43%] Built target task_2_interfaces__rosidl_typesupport_cpp
[1.357s] [ 53%] Built target task_2_interfaces__rosidl_typesupport_fastrtps_c
[1.359s] [ 64%] Built target task_2_interfaces__rosidl_typesupport_introspection_c
[1.363s] [35m[1mConsolidate compiler generated dependencies of target task_2_interfaces__rosidl_typesupport_c[0m
[1.374s] [ 74%] Built target task_2_interfaces__rosidl_typesupport_c
[1.393s] [ 74%] Built target task_2_interfaces
[1.414s] [ 76%] Built target task_2_interfaces__py
[1.423s] [35m[1mConsolidate compiler generated dependencies of target task_2_interfaces__rosidl_generator_py[0m
[1.435s] [ 84%] Built target task_2_interfaces__rosidl_generator_py
[1.448s] [35m[1mConsolidate compiler generated dependencies of target task_2_interfaces__rosidl_typesupport_c__pyext[0m
[1.448s] [35m[1mConsolidate compiler generated dependencies of target task_2_interfaces__rosidl_typesupport_fastrtps_c__pyext[0m
[1.448s] [35m[1mConsolidate compiler generated dependencies of target task_2_interfaces__rosidl_typesupport_introspection_c__pyext[0m
[1.459s] [ 89%] Built target task_2_interfaces__rosidl_typesupport_fastrtps_c__pyext
[1.460s] [ 94%] Built target task_2_interfaces__rosidl_typesupport_c__pyext
[1.461s] [100%] Built target task_2_interfaces__rosidl_typesupport_introspection_c__pyext
[1.594s] running egg_info
[1.595s] writing task_2_interfaces.egg-info/PKG-INFO
[1.595s] writing dependency_links to task_2_interfaces.egg-info/dependency_links.txt
[1.596s] writing top-level names to task_2_interfaces.egg-info/top_level.txt
[1.597s] reading manifest file 'task_2_interfaces.egg-info/SOURCES.txt'
[1.598s] writing manifest file 'task_2_interfaces.egg-info/SOURCES.txt'
[1.622s] [100%] Built target ament_cmake_python_build_task_2_interfaces_egg
[1.634s] Invoked command in '/home/me597/me597-tgobel/ros2_ws/Lab1_ws/build/task_2_interfaces' returned '0': CMAKE_PREFIX_PATH=${CMAKE_PREFIX_PATH}:/home/me597/me597-tgobel/ros2_ws/Lab1_ws/install/task_2:/home/me597/me597-tgobel/ros2_ws/Lab1_ws/install/task_1:/opt/ros/humble /usr/bin/cmake --build /home/me597/me597-tgobel/ros2_ws/Lab1_ws/build/task_2_interfaces -- -j5 -l5
[1.713s] Invoking command in '/home/me597/me597-tgobel/ros2_ws/Lab1_ws/build/task_2_interfaces': CMAKE_PREFIX_PATH=${CMAKE_PREFIX_PATH}:/home/me597/me597-tgobel/ros2_ws/Lab1_ws/install/task_2:/home/me597/me597-tgobel/ros2_ws/Lab1_ws/install/task_1:/opt/ros/humble /usr/bin/cmake --install /home/me597/me597-tgobel/ros2_ws/Lab1_ws/build/task_2_interfaces
[1.717s] -- Install configuration: ""
[1.717s] -- Up-to-date: /home/me597/me597-tgobel/ros2_ws/Lab1_ws/install/task_2_interfaces/share/ament_index/resource_index/rosidl_interfaces/task_2_interfaces
[1.717s] -- Up-to-date: /home/me597/me597-tgobel/ros2_ws/Lab1_ws/install/task_2_interfaces/include/task_2_interfaces/task_2_interfaces
[1.717s] -- Up-to-date: /home/me597/me597-tgobel/ros2_ws/Lab1_ws/install/task_2_interfaces/include/task_2_interfaces/task_2_interfaces/msg
[1.718s] -- Up-to-date: /home/me597/me597-tgobel/ros2_ws/Lab1_ws/install/task_2_interfaces/include/task_2_interfaces/task_2_interfaces/msg/joint_data.h
[1.718s] -- Up-to-date: /home/me597/me597-tgobel/ros2_ws/Lab1_ws/install/task_2_interfaces/include/task_2_interfaces/task_2_interfaces/msg/rosidl_generator_c__visibility_control.h
[1.718s] -- Up-to-date: /home/me597/me597-tgobel/ros2_ws/Lab1_ws/install/task_2_interfaces/include/task_2_interfaces/task_2_interfaces/msg/detail
[1.718s] -- Up-to-date: /home/me597/me597-tgobel/ros2_ws/Lab1_ws/install/task_2_interfaces/include/task_2_interfaces/task_2_interfaces/msg/detail/joint_data__functions.h
[1.718s] -- Up-to-date: /home/me597/me597-tgobel/ros2_ws/Lab1_ws/install/task_2_interfaces/include/task_2_interfaces/task_2_interfaces/msg/detail/joint_data__struct.h
[1.718s] -- Up-to-date: /home/me597/me597-tgobel/ros2_ws/Lab1_ws/install/task_2_interfaces/include/task_2_interfaces/task_2_interfaces/msg/detail/joint_data__functions.c
[1.718s] -- Up-to-date: /home/me597/me597-tgobel/ros2_ws/Lab1_ws/install/task_2_interfaces/include/task_2_interfaces/task_2_interfaces/msg/detail/joint_data__type_support.h
[1.718s] -- Up-to-date: /home/me597/me597-tgobel/ros2_ws/Lab1_ws/install/task_2_interfaces/include/task_2_interfaces/task_2_interfaces/srv
[1.718s] -- Up-to-date: /home/me597/me597-tgobel/ros2_ws/Lab1_ws/install/task_2_interfaces/include/task_2_interfaces/task_2_interfaces/srv/detail
[1.718s] -- Up-to-date: /home/me597/me597-tgobel/ros2_ws/Lab1_ws/install/task_2_interfaces/include/task_2_interfaces/task_2_interfaces/srv/detail/joint_state__functions.h
[1.719s] -- Up-to-date: /home/me597/me597-tgobel/ros2_ws/Lab1_ws/install/task_2_interfaces/include/task_2_interfaces/task_2_interfaces/srv/detail/joint_state__functions.c
[1.719s] -- Up-to-date: /home/me597/me597-tgobel/ros2_ws/Lab1_ws/install/task_2_interfaces/include/task_2_interfaces/task_2_interfaces/srv/detail/joint_state__type_support.h
[1.719s] -- Up-to-date: /home/me597/me597-tgobel/ros2_ws/Lab1_ws/install/task_2_interfaces/include/task_2_interfaces/task_2_interfaces/srv/detail/joint_state__struct.h
[1.719s] -- Up-to-date: /home/me597/me597-tgobel/ros2_ws/Lab1_ws/install/task_2_interfaces/include/task_2_interfaces/task_2_interfaces/srv/joint_state.h
[1.719s] -- Up-to-date: /home/me597/me597-tgobel/ros2_ws/Lab1_ws/install/task_2_interfaces/share/task_2_interfaces/environment/library_path.sh
[1.719s] -- Installing: /home/me597/me597-tgobel/ros2_ws/Lab1_ws/install/task_2_interfaces/share/task_2_interfaces/environment/library_path.dsv
[1.719s] -- Up-to-date: /home/me597/me597-tgobel/ros2_ws/Lab1_ws/install/task_2_interfaces/lib/libtask_2_interfaces__rosidl_generator_c.so
[1.719s] -- Up-to-date: /home/me597/me597-tgobel/ros2_ws/Lab1_ws/install/task_2_interfaces/include/task_2_interfaces/task_2_interfaces
[1.719s] -- Up-to-date: /home/me597/me597-tgobel/ros2_ws/Lab1_ws/install/task_2_interfaces/include/task_2_interfaces/task_2_interfaces/msg
[1.719s] -- Up-to-date: /home/me597/me597-tgobel/ros2_ws/Lab1_ws/install/task_2_interfaces/include/task_2_interfaces/task_2_interfaces/msg/detail
[1.719s] -- Up-to-date: /home/me597/me597-tgobel/ros2_ws/Lab1_ws/install/task_2_interfaces/include/task_2_interfaces/task_2_interfaces/msg/detail/joint_data__rosidl_typesupport_fastrtps_c.h
[1.719s] -- Up-to-date: /home/me597/me597-tgobel/ros2_ws/Lab1_ws/install/task_2_interfaces/include/task_2_interfaces/task_2_interfaces/msg/rosidl_typesupport_fastrtps_c__visibility_control.h
[1.719s] -- Up-to-date: /home/me597/me597-tgobel/ros2_ws/Lab1_ws/install/task_2_interfaces/include/task_2_interfaces/task_2_interfaces/srv
[1.719s] -- Up-to-date: /home/me597/me597-tgobel/ros2_ws/Lab1_ws/install/task_2_interfaces/include/task_2_interfaces/task_2_interfaces/srv/detail
[1.719s] -- Up-to-date: /home/me597/me597-tgobel/ros2_ws/Lab1_ws/install/task_2_interfaces/include/task_2_interfaces/task_2_interfaces/srv/detail/joint_state__rosidl_typesupport_fastrtps_c.h
[1.719s] -- Up-to-date: /home/me597/me597-tgobel/ros2_ws/Lab1_ws/install/task_2_interfaces/lib/libtask_2_interfaces__rosidl_typesupport_fastrtps_c.so
[1.719s] -- Up-to-date: /home/me597/me597-tgobel/ros2_ws/Lab1_ws/install/task_2_interfaces/include/task_2_interfaces/task_2_interfaces
[1.719s] -- Up-to-date: /home/me597/me597-tgobel/ros2_ws/Lab1_ws/install/task_2_interfaces/include/task_2_interfaces/task_2_interfaces/msg
[1.719s] -- Up-to-date: /home/me597/me597-tgobel/ros2_ws/Lab1_ws/install/task_2_interfaces/include/task_2_interfaces/task_2_interfaces/msg/detail
[1.720s] -- Up-to-date: /home/me597/me597-tgobel/ros2_ws/Lab1_ws/install/task_2_interfaces/include/task_2_interfaces/task_2_interfaces/msg/detail/joint_data__builder.hpp
[1.720s] -- Up-to-date: /home/me597/me597-tgobel/ros2_ws/Lab1_ws/install/task_2_interfaces/include/task_2_interfaces/task_2_interfaces/msg/detail/joint_data__struct.hpp
[1.720s] -- Up-to-date: /home/me597/me597-tgobel/ros2_ws/Lab1_ws/install/task_2_interfaces/include/task_2_interfaces/task_2_interfaces/msg/detail/joint_data__traits.hpp
[1.720s] -- Up-to-date: /home/me597/me597-tgobel/ros2_ws/Lab1_ws/install/task_2_interfaces/include/task_2_interfaces/task_2_interfaces/msg/joint_data.hpp
[1.720s] -- Up-to-date: /home/me597/me597-tgobel/ros2_ws/Lab1_ws/install/task_2_interfaces/include/task_2_interfaces/task_2_interfaces/srv
[1.720s] -- Up-to-date: /home/me597/me597-tgobel/ros2_ws/Lab1_ws/install/task_2_interfaces/include/task_2_interfaces/task_2_interfaces/srv/detail
[1.720s] -- Up-to-date: /home/me597/me597-tgobel/ros2_ws/Lab1_ws/install/task_2_interfaces/include/task_2_interfaces/task_2_interfaces/srv/detail/joint_state__traits.hpp
[1.721s] -- Up-to-date: /home/me597/me597-tgobel/ros2_ws/Lab1_ws/install/task_2_interfaces/include/task_2_interfaces/task_2_interfaces/srv/detail/joint_state__builder.hpp
[1.721s] -- Up-to-date: /home/me597/me597-tgobel/ros2_ws/Lab1_ws/install/task_2_interfaces/include/task_2_interfaces/task_2_interfaces/srv/detail/joint_state__struct.hpp
[1.721s] -- Up-to-date: /home/me597/me597-tgobel/ros2_ws/Lab1_ws/install/task_2_interfaces/include/task_2_interfaces/task_2_interfaces/srv/joint_state.hpp
[1.721s] -- Up-to-date: /home/me597/me597-tgobel/ros2_ws/Lab1_ws/install/task_2_interfaces/include/task_2_interfaces/task_2_interfaces
[1.721s] -- Up-to-date: /home/me597/me597-tgobel/ros2_ws/Lab1_ws/install/task_2_interfaces/include/task_2_interfaces/task_2_interfaces/msg
[1.721s] -- Up-to-date: /home/me597/me597-tgobel/ros2_ws/Lab1_ws/install/task_2_interfaces/include/task_2_interfaces/task_2_interfaces/msg/detail
[1.721s] -- Up-to-date: /home/me597/me597-tgobel/ros2_ws/Lab1_ws/install/task_2_interfaces/include/task_2_interfaces/task_2_interfaces/msg/detail/joint_data__rosidl_typesupport_fastrtps_cpp.hpp
[1.721s] -- Up-to-date: /home/me597/me597-tgobel/ros2_ws/Lab1_ws/install/task_2_interfaces/include/task_2_interfaces/task_2_interfaces/msg/detail/dds_fastrtps
[1.721s] -- Up-to-date: /home/me597/me597-tgobel/ros2_ws/Lab1_ws/install/task_2_interfaces/include/task_2_interfaces/task_2_interfaces/msg/rosidl_typesupport_fastrtps_cpp__visibility_control.h
[1.721s] -- Up-to-date: /home/me597/me597-tgobel/ros2_ws/Lab1_ws/install/task_2_interfaces/include/task_2_interfaces/task_2_interfaces/srv
[1.721s] -- Up-to-date: /home/me597/me597-tgobel/ros2_ws/Lab1_ws/install/task_2_interfaces/include/task_2_interfaces/task_2_interfaces/srv/detail
[1.721s] -- Up-to-date: /home/me597/me597-tgobel/ros2_ws/Lab1_ws/install/task_2_interfaces/include/task_2_interfaces/task_2_interfaces/srv/detail/joint_state__rosidl_typesupport_fastrtps_cpp.hpp
[1.721s] -- Up-to-date: /home/me597/me597-tgobel/ros2_ws/Lab1_ws/install/task_2_interfaces/include/task_2_interfaces/task_2_interfaces/srv/detail/dds_fastrtps
[1.722s] -- Up-to-date: /home/me597/me597-tgobel/ros2_ws/Lab1_ws/install/task_2_interfaces/lib/libtask_2_interfaces__rosidl_typesupport_fastrtps_cpp.so
[1.722s] -- Up-to-date: /home/me597/me597-tgobel/ros2_ws/Lab1_ws/install/task_2_interfaces/include/task_2_interfaces/task_2_interfaces
[1.722s] -- Up-to-date: /home/me597/me597-tgobel/ros2_ws/Lab1_ws/install/task_2_interfaces/include/task_2_interfaces/task_2_interfaces/msg
[1.722s] -- Up-to-date: /home/me597/me597-tgobel/ros2_ws/Lab1_ws/install/task_2_interfaces/include/task_2_interfaces/task_2_interfaces/msg/rosidl_typesupport_introspection_c__visibility_control.h
[1.722s] -- Up-to-date: /home/me597/me597-tgobel/ros2_ws/Lab1_ws/install/task_2_interfaces/include/task_2_interfaces/task_2_interfaces/msg/detail
[1.722s] -- Up-to-date: /home/me597/me597-tgobel/ros2_ws/Lab1_ws/install/task_2_interfaces/include/task_2_interfaces/task_2_interfaces/msg/detail/joint_data__rosidl_typesupport_introspection_c.h
[1.722s] -- Up-to-date: /home/me597/me597-tgobel/ros2_ws/Lab1_ws/install/task_2_interfaces/include/task_2_interfaces/task_2_interfaces/msg/detail/joint_data__type_support.c
[1.722s] -- Up-to-date: /home/me597/me597-tgobel/ros2_ws/Lab1_ws/install/task_2_interfaces/include/task_2_interfaces/task_2_interfaces/srv
[1.722s] -- Up-to-date: /home/me597/me597-tgobel/ros2_ws/Lab1_ws/install/task_2_interfaces/include/task_2_interfaces/task_2_interfaces/srv/detail
[1.722s] -- Up-to-date: /home/me597/me597-tgobel/ros2_ws/Lab1_ws/install/task_2_interfaces/include/task_2_interfaces/task_2_interfaces/srv/detail/joint_state__rosidl_typesupport_introspection_c.h
[1.722s] -- Up-to-date: /home/me597/me597-tgobel/ros2_ws/Lab1_ws/install/task_2_interfaces/include/task_2_interfaces/task_2_interfaces/srv/detail/joint_state__type_support.c
[1.722s] -- Up-to-date: /home/me597/me597-tgobel/ros2_ws/Lab1_ws/install/task_2_interfaces/lib/libtask_2_interfaces__rosidl_typesupport_introspection_c.so
[1.722s] -- Up-to-date: /home/me597/me597-tgobel/ros2_ws/Lab1_ws/install/task_2_interfaces/lib/libtask_2_interfaces__rosidl_typesupport_c.so
[1.722s] -- Up-to-date: /home/me597/me597-tgobel/ros2_ws/Lab1_ws/install/task_2_interfaces/include/task_2_interfaces/task_2_interfaces
[1.723s] -- Up-to-date: /home/me597/me597-tgobel/ros2_ws/Lab1_ws/install/task_2_interfaces/include/task_2_interfaces/task_2_interfaces/msg
[1.723s] -- Up-to-date: /home/me597/me597-tgobel/ros2_ws/Lab1_ws/install/task_2_interfaces/include/task_2_interfaces/task_2_interfaces/msg/detail
[1.723s] -- Up-to-date: /home/me597/me597-tgobel/ros2_ws/Lab1_ws/install/task_2_interfaces/include/task_2_interfaces/task_2_interfaces/msg/detail/joint_data__rosidl_typesupport_introspection_cpp.hpp
[1.723s] -- Up-to-date: /home/me597/me597-tgobel/ros2_ws/Lab1_ws/install/task_2_interfaces/include/task_2_interfaces/task_2_interfaces/msg/detail/joint_data__type_support.cpp
[1.723s] -- Up-to-date: /home/me597/me597-tgobel/ros2_ws/Lab1_ws/install/task_2_interfaces/include/task_2_interfaces/task_2_interfaces/srv
[1.723s] -- Up-to-date: /home/me597/me597-tgobel/ros2_ws/Lab1_ws/install/task_2_interfaces/include/task_2_interfaces/task_2_interfaces/srv/detail
[1.723s] -- Up-to-date: /home/me597/me597-tgobel/ros2_ws/Lab1_ws/install/task_2_interfaces/include/task_2_interfaces/task_2_interfaces/srv/detail/joint_state__rosidl_typesupport_introspection_cpp.hpp
[1.723s] -- Up-to-date: /home/me597/me597-tgobel/ros2_ws/Lab1_ws/install/task_2_interfaces/include/task_2_interfaces/task_2_interfaces/srv/detail/joint_state__type_support.cpp
[1.723s] -- Up-to-date: /home/me597/me597-tgobel/ros2_ws/Lab1_ws/install/task_2_interfaces/lib/libtask_2_interfaces__rosidl_typesupport_introspection_cpp.so
[1.723s] -- Up-to-date: /home/me597/me597-tgobel/ros2_ws/Lab1_ws/install/task_2_interfaces/lib/libtask_2_interfaces__rosidl_typesupport_cpp.so
[1.723s] -- Up-to-date: /home/me597/me597-tgobel/ros2_ws/Lab1_ws/install/task_2_interfaces/share/task_2_interfaces/environment/pythonpath.sh
[1.723s] -- Installing: /home/me597/me597-tgobel/ros2_ws/Lab1_ws/install/task_2_interfaces/share/task_2_interfaces/environment/pythonpath.dsv
[1.723s] -- Up-to-date: /home/me597/me597-tgobel/ros2_ws/Lab1_ws/install/task_2_interfaces/local/lib/python3.10/dist-packages/task_2_interfaces-0.0.0-py3.10.egg-info
[1.723s] -- Installing: /home/me597/me597-tgobel/ros2_ws/Lab1_ws/install/task_2_interfaces/local/lib/python3.10/dist-packages/task_2_interfaces-0.0.0-py3.10.egg-info/top_level.txt
[1.723s] -- Installing: /home/me597/me597-tgobel/ros2_ws/Lab1_ws/install/task_2_interfaces/local/lib/python3.10/dist-packages/task_2_interfaces-0.0.0-py3.10.egg-info/SOURCES.txt
[1.723s] -- Installing: /home/me597/me597-tgobel/ros2_ws/Lab1_ws/install/task_2_interfaces/local/lib/python3.10/dist-packages/task_2_interfaces-0.0.0-py3.10.egg-info/dependency_links.txt
[1.723s] -- Installing: /home/me597/me597-tgobel/ros2_ws/Lab1_ws/install/task_2_interfaces/local/lib/python3.10/dist-packages/task_2_interfaces-0.0.0-py3.10.egg-info/PKG-INFO
[1.723s] -- Up-to-date: /home/me597/me597-tgobel/ros2_ws/Lab1_ws/install/task_2_interfaces/local/lib/python3.10/dist-packages/task_2_interfaces
[1.723s] -- Up-to-date: /home/me597/me597-tgobel/ros2_ws/Lab1_ws/install/task_2_interfaces/local/lib/python3.10/dist-packages/task_2_interfaces/_task_2_interfaces_s.ep.rosidl_typesupport_fastrtps_c.c
[1.723s] -- Up-to-date: /home/me597/me597-tgobel/ros2_ws/Lab1_ws/install/task_2_interfaces/local/lib/python3.10/dist-packages/task_2_interfaces/task_2_interfaces_s__rosidl_typesupport_fastrtps_c.cpython-310-x86_64-linux-gnu.so
[1.724s] -- Up-to-date: /home/me597/me597-tgobel/ros2_ws/Lab1_ws/install/task_2_interfaces/local/lib/python3.10/dist-packages/task_2_interfaces/_task_2_interfaces_s.ep.rosidl_typesupport_c.c
[1.724s] -- Up-to-date: /home/me597/me597-tgobel/ros2_ws/Lab1_ws/install/task_2_interfaces/local/lib/python3.10/dist-packages/task_2_interfaces/msg
[1.724s] -- Up-to-date: /home/me597/me597-tgobel/ros2_ws/Lab1_ws/install/task_2_interfaces/local/lib/python3.10/dist-packages/task_2_interfaces/msg/_joint_data.py
[1.724s] -- Up-to-date: /home/me597/me597-tgobel/ros2_ws/Lab1_ws/install/task_2_interfaces/local/lib/python3.10/dist-packages/task_2_interfaces/msg/_joint_data_s.c
[1.724s] -- Up-to-date: /home/me597/me597-tgobel/ros2_ws/Lab1_ws/install/task_2_interfaces/local/lib/python3.10/dist-packages/task_2_interfaces/msg/__init__.py
[1.724s] -- Up-to-date: /home/me597/me597-tgobel/ros2_ws/Lab1_ws/install/task_2_interfaces/local/lib/python3.10/dist-packages/task_2_interfaces/task_2_interfaces_s__rosidl_typesupport_introspection_c.cpython-310-x86_64-linux-gnu.so
[1.724s] -- Up-to-date: /home/me597/me597-tgobel/ros2_ws/Lab1_ws/install/task_2_interfaces/local/lib/python3.10/dist-packages/task_2_interfaces/task_2_interfaces_s__rosidl_typesupport_c.cpython-310-x86_64-linux-gnu.so
[1.724s] -- Installing: /home/me597/me597-tgobel/ros2_ws/Lab1_ws/install/task_2_interfaces/local/lib/python3.10/dist-packages/task_2_interfaces/__init__.py
[1.724s] -- Up-to-date: /home/me597/me597-tgobel/ros2_ws/Lab1_ws/install/task_2_interfaces/local/lib/python3.10/dist-packages/task_2_interfaces/libtask_2_interfaces__rosidl_generator_py.so
[1.724s] -- Up-to-date: /home/me597/me597-tgobel/ros2_ws/Lab1_ws/install/task_2_interfaces/local/lib/python3.10/dist-packages/task_2_interfaces/_task_2_interfaces_s.ep.rosidl_typesupport_introspection_c.c
[1.724s] -- Up-to-date: /home/me597/me597-tgobel/ros2_ws/Lab1_ws/install/task_2_interfaces/local/lib/python3.10/dist-packages/task_2_interfaces/srv
[1.724s] -- Up-to-date: /home/me597/me597-tgobel/ros2_ws/Lab1_ws/install/task_2_interfaces/local/lib/python3.10/dist-packages/task_2_interfaces/srv/_joint_state.py
[1.724s] -- Up-to-date: /home/me597/me597-tgobel/ros2_ws/Lab1_ws/install/task_2_interfaces/local/lib/python3.10/dist-packages/task_2_interfaces/srv/_joint_state_s.c
[1.724s] -- Up-to-date: /home/me597/me597-tgobel/ros2_ws/Lab1_ws/install/task_2_interfaces/local/lib/python3.10/dist-packages/task_2_interfaces/srv/__init__.py
[1.752s] Listing '/home/me597/me597-tgobel/ros2_ws/Lab1_ws/install/task_2_interfaces/local/lib/python3.10/dist-packages/task_2_interfaces'...
[1.752s] Compiling '/home/me597/me597-tgobel/ros2_ws/Lab1_ws/install/task_2_interfaces/local/lib/python3.10/dist-packages/task_2_interfaces/__init__.py'...
[1.752s] Listing '/home/me597/me597-tgobel/ros2_ws/Lab1_ws/install/task_2_interfaces/local/lib/python3.10/dist-packages/task_2_interfaces/msg'...
[1.752s] Listing '/home/me597/me597-tgobel/ros2_ws/Lab1_ws/install/task_2_interfaces/local/lib/python3.10/dist-packages/task_2_interfaces/srv'...
[1.756s] -- Up-to-date: /home/me597/me597-tgobel/ros2_ws/Lab1_ws/install/task_2_interfaces/local/lib/python3.10/dist-packages/task_2_interfaces/task_2_interfaces_s__rosidl_typesupport_fastrtps_c.cpython-310-x86_64-linux-gnu.so
[1.757s] -- Up-to-date: /home/me597/me597-tgobel/ros2_ws/Lab1_ws/install/task_2_interfaces/local/lib/python3.10/dist-packages/task_2_interfaces/task_2_interfaces_s__rosidl_typesupport_introspection_c.cpython-310-x86_64-linux-gnu.so
[1.757s] -- Up-to-date: /home/me597/me597-tgobel/ros2_ws/Lab1_ws/install/task_2_interfaces/local/lib/python3.10/dist-packages/task_2_interfaces/task_2_interfaces_s__rosidl_typesupport_c.cpython-310-x86_64-linux-gnu.so
[1.758s] -- Up-to-date: /home/me597/me597-tgobel/ros2_ws/Lab1_ws/install/task_2_interfaces/lib/libtask_2_interfaces__rosidl_generator_py.so
[1.758s] -- Up-to-date: /home/me597/me597-tgobel/ros2_ws/Lab1_ws/install/task_2_interfaces/share/task_2_interfaces/msg/JointData.idl
[1.758s] -- Up-to-date: /home/me597/me597-tgobel/ros2_ws/Lab1_ws/install/task_2_interfaces/share/task_2_interfaces/srv/JointState.idl
[1.758s] -- Up-to-date: /home/me597/me597-tgobel/ros2_ws/Lab1_ws/install/task_2_interfaces/share/task_2_interfaces/msg/JointData.msg
[1.758s] -- Up-to-date: /home/me597/me597-tgobel/ros2_ws/Lab1_ws/install/task_2_interfaces/share/task_2_interfaces/srv/JointState.srv
[1.758s] -- Up-to-date: /home/me597/me597-tgobel/ros2_ws/Lab1_ws/install/task_2_interfaces/share/task_2_interfaces/srv/JointState_Request.msg
[1.758s] -- Up-to-date: /home/me597/me597-tgobel/ros2_ws/Lab1_ws/install/task_2_interfaces/share/task_2_interfaces/srv/JointState_Response.msg
[1.758s] -- Up-to-date: /home/me597/me597-tgobel/ros2_ws/Lab1_ws/install/task_2_interfaces/share/ament_index/resource_index/package_run_dependencies/task_2_interfaces
[1.759s] -- Up-to-date: /home/me597/me597-tgobel/ros2_ws/Lab1_ws/install/task_2_interfaces/share/ament_index/resource_index/parent_prefix_path/task_2_interfaces
[1.759s] -- Up-to-date: /home/me597/me597-tgobel/ros2_ws/Lab1_ws/install/task_2_interfaces/share/task_2_interfaces/environment/ament_prefix_path.sh
[1.759s] -- Installing: /home/me597/me597-tgobel/ros2_ws/Lab1_ws/install/task_2_interfaces/share/task_2_interfaces/environment/ament_prefix_path.dsv
[1.759s] -- Up-to-date: /home/me597/me597-tgobel/ros2_ws/Lab1_ws/install/task_2_interfaces/share/task_2_interfaces/environment/path.sh
[1.759s] -- Installing: /home/me597/me597-tgobel/ros2_ws/Lab1_ws/install/task_2_interfaces/share/task_2_interfaces/environment/path.dsv
[1.759s] -- Up-to-date: /home/me597/me597-tgobel/ros2_ws/Lab1_ws/install/task_2_interfaces/share/task_2_interfaces/local_setup.bash
[1.759s] -- Up-to-date: /home/me597/me597-tgobel/ros2_ws/Lab1_ws/install/task_2_interfaces/share/task_2_interfaces/local_setup.sh
[1.759s] -- Up-to-date: /home/me597/me597-tgobel/ros2_ws/Lab1_ws/install/task_2_interfaces/share/task_2_interfaces/local_setup.zsh
[1.759s] -- Installing: /home/me597/me597-tgobel/ros2_ws/Lab1_ws/install/task_2_interfaces/share/task_2_interfaces/local_setup.dsv
[1.759s] -- Installing: /home/me597/me597-tgobel/ros2_ws/Lab1_ws/install/task_2_interfaces/share/task_2_interfaces/package.dsv
[1.759s] -- Up-to-date: /home/me597/me597-tgobel/ros2_ws/Lab1_ws/install/task_2_interfaces/share/ament_index/resource_index/packages/task_2_interfaces
[1.759s] -- Up-to-date: /home/me597/me597-tgobel/ros2_ws/Lab1_ws/install/task_2_interfaces/share/task_2_interfaces/cmake/export_task_2_interfaces__rosidl_generator_cExport.cmake
[1.759s] -- Up-to-date: /home/me597/me597-tgobel/ros2_ws/Lab1_ws/install/task_2_interfaces/share/task_2_interfaces/cmake/export_task_2_interfaces__rosidl_generator_cExport-noconfig.cmake
[1.759s] -- Up-to-date: /home/me597/me597-tgobel/ros2_ws/Lab1_ws/install/task_2_interfaces/share/task_2_interfaces/cmake/export_task_2_interfaces__rosidl_typesupport_fastrtps_cExport.cmake
[1.759s] -- Up-to-date: /home/me597/me597-tgobel/ros2_ws/Lab1_ws/install/task_2_interfaces/share/task_2_interfaces/cmake/export_task_2_interfaces__rosidl_typesupport_fastrtps_cExport-noconfig.cmake
[1.760s] -- Up-to-date: /home/me597/me597-tgobel/ros2_ws/Lab1_ws/install/task_2_interfaces/share/task_2_interfaces/cmake/export_task_2_interfaces__rosidl_generator_cppExport.cmake
[1.760s] -- Up-to-date: /home/me597/me597-tgobel/ros2_ws/Lab1_ws/install/task_2_interfaces/share/task_2_interfaces/cmake/export_task_2_interfaces__rosidl_typesupport_fastrtps_cppExport.cmake
[1.760s] -- Up-to-date: /home/me597/me597-tgobel/ros2_ws/Lab1_ws/install/task_2_interfaces/share/task_2_interfaces/cmake/export_task_2_interfaces__rosidl_typesupport_fastrtps_cppExport-noconfig.cmake
[1.760s] -- Up-to-date: /home/me597/me597-tgobel/ros2_ws/Lab1_ws/install/task_2_interfaces/share/task_2_interfaces/cmake/task_2_interfaces__rosidl_typesupport_introspection_cExport.cmake
[1.760s] -- Up-to-date: /home/me597/me597-tgobel/ros2_ws/Lab1_ws/install/task_2_interfaces/share/task_2_interfaces/cmake/task_2_interfaces__rosidl_typesupport_introspection_cExport-noconfig.cmake
[1.760s] -- Up-to-date: /home/me597/me597-tgobel/ros2_ws/Lab1_ws/install/task_2_interfaces/share/task_2_interfaces/cmake/task_2_interfaces__rosidl_typesupport_cExport.cmake
[1.760s] -- Up-to-date: /home/me597/me597-tgobel/ros2_ws/Lab1_ws/install/task_2_interfaces/share/task_2_interfaces/cmake/task_2_interfaces__rosidl_typesupport_cExport-noconfig.cmake
[1.760s] -- Up-to-date: /home/me597/me597-tgobel/ros2_ws/Lab1_ws/install/task_2_interfaces/share/task_2_interfaces/cmake/task_2_interfaces__rosidl_typesupport_introspection_cppExport.cmake
[1.760s] -- Up-to-date: /home/me597/me597-tgobel/ros2_ws/Lab1_ws/install/task_2_interfaces/share/task_2_interfaces/cmake/task_2_interfaces__rosidl_typesupport_introspection_cppExport-noconfig.cmake
[1.760s] -- Up-to-date: /home/me597/me597-tgobel/ros2_ws/Lab1_ws/install/task_2_interfaces/share/task_2_interfaces/cmake/task_2_interfaces__rosidl_typesupport_cppExport.cmake
[1.760s] -- Up-to-date: /home/me597/me597-tgobel/ros2_ws/Lab1_ws/install/task_2_interfaces/share/task_2_interfaces/cmake/task_2_interfaces__rosidl_typesupport_cppExport-noconfig.cmake
[1.760s] -- Up-to-date: /home/me597/me597-tgobel/ros2_ws/Lab1_ws/install/task_2_interfaces/share/task_2_interfaces/cmake/export_task_2_interfaces__rosidl_generator_pyExport.cmake
[1.760s] -- Up-to-date: /home/me597/me597-tgobel/ros2_ws/Lab1_ws/install/task_2_interfaces/share/task_2_interfaces/cmake/export_task_2_interfaces__rosidl_generator_pyExport-noconfig.cmake
[1.760s] -- Up-to-date: /home/me597/me597-tgobel/ros2_ws/Lab1_ws/install/task_2_interfaces/share/task_2_interfaces/cmake/rosidl_cmake-extras.cmake
[1.760s] -- Up-to-date: /home/me597/me597-tgobel/ros2_ws/Lab1_ws/install/task_2_interfaces/share/task_2_interfaces/cmake/ament_cmake_export_dependencies-extras.cmake
[1.760s] -- Up-to-date: /home/me597/me597-tgobel/ros2_ws/Lab1_ws/install/task_2_interfaces/share/task_2_interfaces/cmake/ament_cmake_export_include_directories-extras.cmake
[1.760s] -- Up-to-date: /home/me597/me597-tgobel/ros2_ws/Lab1_ws/install/task_2_interfaces/share/task_2_interfaces/cmake/ament_cmake_export_libraries-extras.cmake
[1.761s] -- Up-to-date: /home/me597/me597-tgobel/ros2_ws/Lab1_ws/install/task_2_interfaces/share/task_2_interfaces/cmake/ament_cmake_export_targets-extras.cmake
[1.761s] -- Up-to-date: /home/me597/me597-tgobel/ros2_ws/Lab1_ws/install/task_2_interfaces/share/task_2_interfaces/cmake/rosidl_cmake_export_typesupport_targets-extras.cmake
[1.761s] -- Up-to-date: /home/me597/me597-tgobel/ros2_ws/Lab1_ws/install/task_2_interfaces/share/task_2_interfaces/cmake/rosidl_cmake_export_typesupport_libraries-extras.cmake
[1.761s] -- Up-to-date: /home/me597/me597-tgobel/ros2_ws/Lab1_ws/install/task_2_interfaces/share/task_2_interfaces/cmake/task_2_interfacesConfig.cmake
[1.761s] -- Up-to-date: /home/me597/me597-tgobel/ros2_ws/Lab1_ws/install/task_2_interfaces/share/task_2_interfaces/cmake/task_2_interfacesConfig-version.cmake
[1.761s] -- Up-to-date: /home/me597/me597-tgobel/ros2_ws/Lab1_ws/install/task_2_interfaces/share/task_2_interfaces/package.xml
[1.763s] Invoked command in '/home/me597/me597-tgobel/ros2_ws/Lab1_ws/build/task_2_interfaces' returned '0': CMAKE_PREFIX_PATH=${CMAKE_PREFIX_PATH}:/home/me597/me597-tgobel/ros2_ws/Lab1_ws/install/task_2:/home/me597/me597-tgobel/ros2_ws/Lab1_ws/install/task_1:/opt/ros/humble /usr/bin/cmake --install /home/me597/me597-tgobel/ros2_ws/Lab1_ws/build/task_2_interfaces
