-- Found ament_cmake: 1.3.10 (/opt/ros/humble/share/ament_cmake/cmake)
-- Found ament_lint_auto: 0.12.11 (/opt/ros/humble/share/ament_lint_auto/cmake)
-- Found geometry_msgs: 4.2.4 (/opt/ros/humble/share/geometry_msgs/cmake)
-- Found rosidl_generator_c: 3.1.5 (/opt/ros/humble/share/rosidl_generator_c/cmake)
-- Found rosidl_adapter: 3.1.5 (/opt/ros/humble/share/rosidl_adapter/cmake)
-- Found rosidl_generator_cpp: 3.1.5 (/opt/ros/humble/share/rosidl_generator_cpp/cmake)
-- Using all available rosidl_typesupport_c: rosidl_typesupport_fastrtps_c;rosidl_typesupport_introspection_c
-- Using all available rosidl_typesupport_cpp: rosidl_typesupport_fastrtps_cpp;rosidl_typesupport_introspection_cpp
-- Found rosidl_default_generators: 1.2.0 (/opt/ros/humble/share/rosidl_default_generators/cmake)
-- Found ament_cmake_ros: 0.10.0 (/opt/ros/humble/share/ament_cmake_ros/cmake)
-- Using all available rosidl_typesupport_c: rosidl_typesupport_fastrtps_c;rosidl_typesupport_introspection_c
-- Using all available rosidl_typesupport_cpp: rosidl_typesupport_fastrtps_cpp;rosidl_typesupport_introspection_cpp
-- Found python_cmake_module: 0.10.0 (/opt/ros/humble/share/python_cmake_module/cmake)
-- Using PYTHON_EXECUTABLE: /usr/bin/python3
-- Using PYTHON_INCLUDE_DIRS: /usr/include/python3.10
-- Using PYTHON_LIBRARIES: /usr/lib/x86_64-linux-gnu/libpython3.10.so
-- Found rclcpp: 16.0.10 (/opt/ros/humble/share/rclcpp/cmake)
-- Found rmw_implementation_cmake: 6.1.2 (/opt/ros/humble/share/rmw_implementation_cmake/cmake)
-- Found rmw_fastrtps_cpp: 6.2.7 (/opt/ros/humble/share/rmw_fastrtps_cpp/cmake)
-- Using RMW implementation 'rmw_fastrtps_cpp' as default
-- Found task_2_interfaces: 0.0.0 (/home/me597/me597-tgobel/ros2_ws/Lab1_ws/install/task_2_interfaces/share/task_2_interfaces/cmake)
-- Added test 'lint_cmake' to check CMake code style
-- Added test 'xmllint' to check XML markup files
-- Configuring done
-- Generating done
-- Build files have been written to: /home/me597/me597-tgobel/ros2_ws/Lab1_ws/build/task_2_interfaces
[35m[1mConsolidate compiler generated dependencies of target task_2_interfaces__rosidl_generator_c[0m
[  2%] Built target task_2_interfaces__cpp
[ 12%] Built target task_2_interfaces__rosidl_generator_c
[ 12%] Built target ament_cmake_python_copy_task_2_interfaces
[35m[1mConsolidate compiler generated dependencies of target task_2_interfaces__rosidl_typesupport_fastrtps_cpp[0m
[35m[1mConsolidate compiler generated dependencies of target task_2_interfaces__rosidl_typesupport_cpp[0m
[35m[1mConsolidate compiler generated dependencies of target task_2_interfaces__rosidl_typesupport_fastrtps_c[0m
[35m[1mConsolidate compiler generated dependencies of target task_2_interfaces__rosidl_typesupport_introspection_c[0m
[35m[1mConsolidate compiler generated dependencies of target task_2_interfaces__rosidl_typesupport_c[0m
[ 23%] Built target task_2_interfaces__rosidl_typesupport_cpp
[ 33%] Built target task_2_interfaces__rosidl_typesupport_fastrtps_cpp
[ 43%] Built target task_2_interfaces__rosidl_typesupport_fastrtps_c
[ 53%] Built target task_2_interfaces__rosidl_typesupport_introspection_c
[ 64%] Built target task_2_interfaces__rosidl_typesupport_c
[35m[1mConsolidate compiler generated dependencies of target task_2_interfaces__rosidl_typesupport_introspection_cpp[0m
[ 74%] Built target task_2_interfaces__rosidl_typesupport_introspection_cpp
[ 74%] Built target task_2_interfaces
[ 76%] Built target task_2_interfaces__py
[35m[1mConsolidate compiler generated dependencies of target task_2_interfaces__rosidl_generator_py[0m
[ 84%] Built target task_2_interfaces__rosidl_generator_py
[35m[1mConsolidate compiler generated dependencies of target task_2_interfaces__rosidl_typesupport_introspection_c__pyext[0m
[35m[1mConsolidate compiler generated dependencies of target task_2_interfaces__rosidl_typesupport_fastrtps_c__pyext[0m
[35m[1mConsolidate compiler generated dependencies of target task_2_interfaces__rosidl_typesupport_c__pyext[0m
[ 89%] Built target task_2_interfaces__rosidl_typesupport_introspection_c__pyext
[ 94%] Built target task_2_interfaces__rosidl_typesupport_fastrtps_c__pyext
[100%] Built target task_2_interfaces__rosidl_typesupport_c__pyext
running egg_info
writing task_2_interfaces.egg-info/PKG-INFO
writing dependency_links to task_2_interfaces.egg-info/dependency_links.txt
writing top-level names to task_2_interfaces.egg-info/top_level.txt
reading manifest file 'task_2_interfaces.egg-info/SOURCES.txt'
writing manifest file 'task_2_interfaces.egg-info/SOURCES.txt'
[100%] Built target ament_cmake_python_build_task_2_interfaces_egg
-- Install configuration: ""
[31mCMake Error at cmake_install.cmake:46 (file):
  file INSTALL cannot find
  "/home/me597/me597-tgobel/ros2_ws/Lab1_ws/task_2_interfaces/launch": No
  such file or directory.

[0m
