[0.033s] Invoking command in '/home/me597/me597-tgobel/ros2_ws/Lab1_ws/build/task_2_interfaces': CMAKE_PREFIX_PATH=${CMAKE_PREFIX_PATH}:/home/me597/me597-tgobel/ros2_ws/Lab1_ws/install/task_2:/home/me597/me597-tgobel/ros2_ws/Lab1_ws/install/task_1:/opt/ros/humble /usr/bin/cmake --build /home/me597/me597-tgobel/ros2_ws/Lab1_ws/build/task_2_interfaces -- -j5 -l5
[0.072s] -- Found ament_cmake: 1.3.10 (/opt/ros/humble/share/ament_cmake/cmake)
[0.268s] -- Found ament_lint_auto: 0.12.11 (/opt/ros/humble/share/ament_lint_auto/cmake)
[0.390s] -- Found geometry_msgs: 4.2.4 (/opt/ros/humble/share/geometry_msgs/cmake)
[0.447s] -- Found rosidl_generator_c: 3.1.5 (/opt/ros/humble/share/rosidl_generator_c/cmake)
[0.453s] -- Found rosidl_adapter: 3.1.5 (/opt/ros/humble/share/rosidl_adapter/cmake)
[0.464s] -- Found rosidl_generator_cpp: 3.1.5 (/opt/ros/humble/share/rosidl_generator_cpp/cmake)
[0.483s] -- Using all available rosidl_typesupport_c: rosidl_typesupport_fastrtps_c;rosidl_typesupport_introspection_c
[0.505s] -- Using all available rosidl_typesupport_cpp: rosidl_typesupport_fastrtps_cpp;rosidl_typesupport_introspection_cpp
[0.569s] -- Found rosidl_default_generators: 1.2.0 (/opt/ros/humble/share/rosidl_default_generators/cmake)
[0.945s] -- Found ament_cmake_ros: 0.10.0 (/opt/ros/humble/share/ament_cmake_ros/cmake)
[1.555s] -- Using all available rosidl_typesupport_c: rosidl_typesupport_fastrtps_c;rosidl_typesupport_introspection_c
[1.772s] -- Using all available rosidl_typesupport_cpp: rosidl_typesupport_fastrtps_cpp;rosidl_typesupport_introspection_cpp
[1.801s] -- Found python_cmake_module: 0.10.0 (/opt/ros/humble/share/python_cmake_module/cmake)
[1.830s] -- Using PYTHON_EXECUTABLE: /usr/bin/python3
[1.830s] -- Using PYTHON_INCLUDE_DIRS: /usr/include/python3.10
[1.831s] -- Using PYTHON_LIBRARIES: /usr/lib/x86_64-linux-gnu/libpython3.10.so
[1.887s] -- Found rclcpp: 16.0.10 (/opt/ros/humble/share/rclcpp/cmake)
[1.922s] -- Found rmw_implementation_cmake: 6.1.2 (/opt/ros/humble/share/rmw_implementation_cmake/cmake)
[1.925s] -- Found rmw_fastrtps_cpp: 6.2.7 (/opt/ros/humble/share/rmw_fastrtps_cpp/cmake)
[2.049s] -- Using RMW implementation 'rmw_fastrtps_cpp' as default
[2.096s] -- Found task_2_interfaces: 0.0.0 (/home/me597/me597-tgobel/ros2_ws/Lab1_ws/install/task_2_interfaces/share/task_2_interfaces/cmake)
[2.116s] -- Added test 'lint_cmake' to check CMake code style
[2.117s] -- Added test 'xmllint' to check XML markup files
[2.124s] -- Configuring done
[2.181s] -- Generating done
[2.194s] -- Build files have been written to: /home/me597/me597-tgobel/ros2_ws/Lab1_ws/build/task_2_interfaces
[2.230s] [35m[1mConsolidate compiler generated dependencies of target task_2_interfaces__rosidl_generator_c[0m
[2.248s] [  2%] Built target task_2_interfaces__cpp
[2.248s] [ 12%] Built target task_2_interfaces__rosidl_generator_c
[2.266s] [ 12%] Built target ament_cmake_python_copy_task_2_interfaces
[2.271s] [35m[1mConsolidate compiler generated dependencies of target task_2_interfaces__rosidl_typesupport_fastrtps_cpp[0m
[2.273s] [35m[1mConsolidate compiler generated dependencies of target task_2_interfaces__rosidl_typesupport_cpp[0m
[2.273s] [35m[1mConsolidate compiler generated dependencies of target task_2_interfaces__rosidl_typesupport_fastrtps_c[0m
[2.278s] [35m[1mConsolidate compiler generated dependencies of target task_2_interfaces__rosidl_typesupport_introspection_c[0m
[2.296s] [35m[1mConsolidate compiler generated dependencies of target task_2_interfaces__rosidl_typesupport_c[0m
[2.300s] [ 23%] Built target task_2_interfaces__rosidl_typesupport_cpp
[2.301s] [ 33%] Built target task_2_interfaces__rosidl_typesupport_fastrtps_cpp
[2.308s] [ 43%] Built target task_2_interfaces__rosidl_typesupport_fastrtps_c
[2.308s] [ 53%] Built target task_2_interfaces__rosidl_typesupport_introspection_c
[2.317s] [ 64%] Built target task_2_interfaces__rosidl_typesupport_c
[2.318s] [35m[1mConsolidate compiler generated dependencies of target task_2_interfaces__rosidl_typesupport_introspection_cpp[0m
[2.339s] [ 74%] Built target task_2_interfaces__rosidl_typesupport_introspection_cpp
[2.375s] [ 74%] Built target task_2_interfaces
[2.414s] [ 76%] Built target task_2_interfaces__py
[2.430s] [35m[1mConsolidate compiler generated dependencies of target task_2_interfaces__rosidl_generator_py[0m
[2.452s] [ 84%] Built target task_2_interfaces__rosidl_generator_py
[2.472s] [35m[1mConsolidate compiler generated dependencies of target task_2_interfaces__rosidl_typesupport_introspection_c__pyext[0m
[2.472s] [35m[1mConsolidate compiler generated dependencies of target task_2_interfaces__rosidl_typesupport_fastrtps_c__pyext[0m
[2.472s] [35m[1mConsolidate compiler generated dependencies of target task_2_interfaces__rosidl_typesupport_c__pyext[0m
[2.496s] [ 89%] Built target task_2_interfaces__rosidl_typesupport_introspection_c__pyext
[2.498s] [ 94%] Built target task_2_interfaces__rosidl_typesupport_fastrtps_c__pyext
[2.499s] [100%] Built target task_2_interfaces__rosidl_typesupport_c__pyext
[2.749s] running egg_info
[2.750s] writing task_2_interfaces.egg-info/PKG-INFO
[2.751s] writing dependency_links to task_2_interfaces.egg-info/dependency_links.txt
[2.751s] writing top-level names to task_2_interfaces.egg-info/top_level.txt
[2.754s] reading manifest file 'task_2_interfaces.egg-info/SOURCES.txt'
[2.755s] writing manifest file 'task_2_interfaces.egg-info/SOURCES.txt'
[2.796s] [100%] Built target ament_cmake_python_build_task_2_interfaces_egg
[2.817s] Invoked command in '/home/me597/me597-tgobel/ros2_ws/Lab1_ws/build/task_2_interfaces' returned '0': CMAKE_PREFIX_PATH=${CMAKE_PREFIX_PATH}:/home/me597/me597-tgobel/ros2_ws/Lab1_ws/install/task_2:/home/me597/me597-tgobel/ros2_ws/Lab1_ws/install/task_1:/opt/ros/humble /usr/bin/cmake --build /home/me597/me597-tgobel/ros2_ws/Lab1_ws/build/task_2_interfaces -- -j5 -l5
[2.952s] Invoking command in '/home/me597/me597-tgobel/ros2_ws/Lab1_ws/build/task_2_interfaces': CMAKE_PREFIX_PATH=${CMAKE_PREFIX_PATH}:/home/me597/me597-tgobel/ros2_ws/Lab1_ws/install/task_2:/home/me597/me597-tgobel/ros2_ws/Lab1_ws/install/task_1:/opt/ros/humble /usr/bin/cmake --install /home/me597/me597-tgobel/ros2_ws/Lab1_ws/build/task_2_interfaces
[2.963s] -- Install configuration: ""
[2.963s] [31mCMake Error at cmake_install.cmake:46 (file):
[2.963s]   file INSTALL cannot find
[2.963s]   "/home/me597/me597-tgobel/ros2_ws/Lab1_ws/task_2_interfaces/launch": No
[2.963s]   such file or directory.
[2.964s] 
[2.964s] [0m
[2.966s] Invoked command in '/home/me597/me597-tgobel/ros2_ws/Lab1_ws/build/task_2_interfaces' returned '1': CMAKE_PREFIX_PATH=${CMAKE_PREFIX_PATH}:/home/me597/me597-tgobel/ros2_ws/Lab1_ws/install/task_2:/home/me597/me597-tgobel/ros2_ws/Lab1_ws/install/task_1:/opt/ros/humble /usr/bin/cmake --install /home/me597/me597-tgobel/ros2_ws/Lab1_ws/build/task_2_interfaces
