[0.018s] Invoking command in '/home/me597/me597-tgobel/ros2_ws/Lab1_ws/build/task_2_interfaces': CMAKE_PREFIX_PATH=${CMAKE_PREFIX_PATH}:/home/me597/me597-tgobel/ros2_ws/Lab1_ws/install/task_1:/home/me597/me597-tgobel/ros2_ws/sim_ws/install/sim_utils:/opt/ros/humble /usr/bin/cmake /home/me597/me597-tgobel/ros2_ws/Lab1_ws/task_2_interfaces -DCMAKE_INSTALL_PREFIX=/home/me597/me597-tgobel/ros2_ws/Lab1_ws/install/task_2_interfaces
[0.030s] -- Found ament_cmake: 1.3.10 (/opt/ros/humble/share/ament_cmake/cmake)
[0.152s] -- Found ament_lint_auto: 0.12.11 (/opt/ros/humble/share/ament_lint_auto/cmake)
[0.216s] -- Found geometry_msgs: 4.2.4 (/opt/ros/humble/share/geometry_msgs/cmake)
[0.239s] -- Found rosidl_generator_c: 3.1.5 (/opt/ros/humble/share/rosidl_generator_c/cmake)
[0.241s] -- Found rosidl_adapter: 3.1.5 (/opt/ros/humble/share/rosidl_adapter/cmake)
[0.246s] -- Found rosidl_generator_cpp: 3.1.5 (/opt/ros/humble/share/rosidl_generator_cpp/cmake)
[0.254s] -- Using all available rosidl_typesupport_c: rosidl_typesupport_fastrtps_c;rosidl_typesupport_introspection_c
[0.266s] -- Using all available rosidl_typesupport_cpp: rosidl_typesupport_fastrtps_cpp;rosidl_typesupport_introspection_cpp
[0.301s] -- Found rosidl_default_generators: 1.2.0 (/opt/ros/humble/share/rosidl_default_generators/cmake)
[0.528s] -- Found ament_cmake_ros: 0.10.0 (/opt/ros/humble/share/ament_cmake_ros/cmake)
[0.919s] -- Using all available rosidl_typesupport_c: rosidl_typesupport_fastrtps_c;rosidl_typesupport_introspection_c
[1.063s] -- Using all available rosidl_typesupport_cpp: rosidl_typesupport_fastrtps_cpp;rosidl_typesupport_introspection_cpp
[1.085s] -- Found python_cmake_module: 0.10.0 (/opt/ros/humble/share/python_cmake_module/cmake)
[1.104s] -- Using PYTHON_EXECUTABLE: /usr/bin/python3
[1.104s] -- Using PYTHON_INCLUDE_DIRS: /usr/include/python3.10
[1.105s] -- Using PYTHON_LIBRARIES: /usr/lib/x86_64-linux-gnu/libpython3.10.so
[1.138s] -- Found rclcpp: 16.0.10 (/opt/ros/humble/share/rclcpp/cmake)
[1.161s] -- Found rmw_implementation_cmake: 6.1.2 (/opt/ros/humble/share/rmw_implementation_cmake/cmake)
[1.166s] -- Found rmw_fastrtps_cpp: 6.2.7 (/opt/ros/humble/share/rmw_fastrtps_cpp/cmake)
[1.247s] -- Using RMW implementation 'rmw_fastrtps_cpp' as default
[1.285s] -- Added test 'lint_cmake' to check CMake code style
[1.287s] -- Added test 'xmllint' to check XML markup files
[1.294s] -- Configuring done
[1.328s] -- Generating done
[1.330s] -- Build files have been written to: /home/me597/me597-tgobel/ros2_ws/Lab1_ws/build/task_2_interfaces
[1.341s] Invoked command in '/home/me597/me597-tgobel/ros2_ws/Lab1_ws/build/task_2_interfaces' returned '0': CMAKE_PREFIX_PATH=${CMAKE_PREFIX_PATH}:/home/me597/me597-tgobel/ros2_ws/Lab1_ws/install/task_1:/home/me597/me597-tgobel/ros2_ws/sim_ws/install/sim_utils:/opt/ros/humble /usr/bin/cmake /home/me597/me597-tgobel/ros2_ws/Lab1_ws/task_2_interfaces -DCMAKE_INSTALL_PREFIX=/home/me597/me597-tgobel/ros2_ws/Lab1_ws/install/task_2_interfaces
[1.342s] Invoking command in '/home/me597/me597-tgobel/ros2_ws/Lab1_ws/build/task_2_interfaces': CMAKE_PREFIX_PATH=${CMAKE_PREFIX_PATH}:/home/me597/me597-tgobel/ros2_ws/Lab1_ws/install/task_1:/home/me597/me597-tgobel/ros2_ws/sim_ws/install/sim_utils:/opt/ros/humble /usr/bin/cmake --build /home/me597/me597-tgobel/ros2_ws/Lab1_ws/build/task_2_interfaces -- -j5 -l5
[1.381s] [  2%] [34m[1mGenerating C code for ROS interfaces[0m
[1.393s] [  5%] [34m[1mGenerating C++ code for ROS interfaces[0m
[1.402s] [  5%] Built target ament_cmake_python_copy_task_2_interfaces
[1.676s] running egg_info
[1.676s] creating task_2_interfaces.egg-info
[1.676s] writing task_2_interfaces.egg-info/PKG-INFO
[1.676s] writing dependency_links to task_2_interfaces.egg-info/dependency_links.txt
[1.676s] writing top-level names to task_2_interfaces.egg-info/top_level.txt
[1.676s] writing manifest file 'task_2_interfaces.egg-info/SOURCES.txt'
[1.676s] reading manifest file 'task_2_interfaces.egg-info/SOURCES.txt'
[1.679s] writing manifest file 'task_2_interfaces.egg-info/SOURCES.txt'
[1.709s] [  5%] Built target ament_cmake_python_build_task_2_interfaces_egg
[1.719s] [ 10%] [32mBuilding C object CMakeFiles/task_2_interfaces__rosidl_generator_c.dir/rosidl_generator_c/task_2_interfaces/srv/detail/joint_state__functions.c.o[0m
[1.719s] [ 10%] [32mBuilding C object CMakeFiles/task_2_interfaces__rosidl_generator_c.dir/rosidl_generator_c/task_2_interfaces/msg/detail/joint_data__functions.c.o[0m
[1.724s] [ 10%] Built target task_2_interfaces__cpp
[1.734s] [ 12%] [34m[1mGenerating C++ type support dispatch for ROS interfaces[0m
[1.734s] [ 15%] [34m[1mGenerating C++ type support for eProsima Fast-RTPS[0m
[1.738s] [ 17%] [34m[1mGenerating C++ introspection for ROS interfaces[0m
[1.800s] [ 20%] [32m[1mLinking C shared library libtask_2_interfaces__rosidl_generator_c.so[0m
[1.845s] [ 20%] Built target task_2_interfaces__rosidl_generator_c
[1.854s] [ 23%] [34m[1mGenerating C type support for eProsima Fast-RTPS[0m
[1.859s] [ 25%] [34m[1mGenerating C introspection for ROS interfaces[0m
[1.999s] [ 28%] [32mBuilding CXX object CMakeFiles/task_2_interfaces__rosidl_typesupport_cpp.dir/rosidl_typesupport_cpp/task_2_interfaces/msg/joint_data__type_support.cpp.o[0m
[2.018s] [ 30%] [32mBuilding CXX object CMakeFiles/task_2_interfaces__rosidl_typesupport_introspection_cpp.dir/rosidl_typesupport_introspection_cpp/task_2_interfaces/msg/detail/joint_data__type_support.cpp.o[0m
[2.063s] [ 33%] [32mBuilding CXX object CMakeFiles/task_2_interfaces__rosidl_typesupport_fastrtps_cpp.dir/rosidl_typesupport_fastrtps_cpp/task_2_interfaces/msg/detail/dds_fastrtps/joint_data__type_support.cpp.o[0m
[2.175s] [ 35%] [32mBuilding CXX object CMakeFiles/task_2_interfaces__rosidl_typesupport_fastrtps_c.dir/rosidl_typesupport_fastrtps_c/task_2_interfaces/msg/detail/joint_data__type_support_c.cpp.o[0m
[2.179s] [ 38%] [32mBuilding C object CMakeFiles/task_2_interfaces__rosidl_typesupport_introspection_c.dir/rosidl_typesupport_introspection_c/task_2_interfaces/msg/detail/joint_data__type_support.c.o[0m
[2.214s] [ 41%] [32mBuilding C object CMakeFiles/task_2_interfaces__rosidl_typesupport_introspection_c.dir/rosidl_typesupport_introspection_c/task_2_interfaces/srv/detail/joint_state__type_support.c.o[0m
[2.247s] [ 43%] [32m[1mLinking C shared library libtask_2_interfaces__rosidl_typesupport_introspection_c.so[0m
[2.277s] [ 43%] Built target task_2_interfaces__rosidl_typesupport_introspection_c
[2.287s] [ 46%] [34m[1mGenerating C type support dispatch for ROS interfaces[0m
[2.310s] [ 48%] [32mBuilding CXX object CMakeFiles/task_2_interfaces__rosidl_typesupport_cpp.dir/rosidl_typesupport_cpp/task_2_interfaces/srv/joint_state__type_support.cpp.o[0m
[2.436s] [ 51%] [32mBuilding CXX object CMakeFiles/task_2_interfaces__rosidl_typesupport_introspection_cpp.dir/rosidl_typesupport_introspection_cpp/task_2_interfaces/srv/detail/joint_state__type_support.cpp.o[0m
[2.475s] [ 53%] [32mBuilding CXX object CMakeFiles/task_2_interfaces__rosidl_typesupport_fastrtps_cpp.dir/rosidl_typesupport_fastrtps_cpp/task_2_interfaces/srv/detail/dds_fastrtps/joint_state__type_support.cpp.o[0m
[2.503s] [ 56%] [32mBuilding CXX object CMakeFiles/task_2_interfaces__rosidl_typesupport_fastrtps_c.dir/rosidl_typesupport_fastrtps_c/task_2_interfaces/srv/detail/joint_state__type_support_c.cpp.o[0m
[2.546s] [ 58%] [32mBuilding CXX object CMakeFiles/task_2_interfaces__rosidl_typesupport_c.dir/rosidl_typesupport_c/task_2_interfaces/msg/joint_data__type_support.cpp.o[0m
[2.578s] [ 61%] [32mBuilding CXX object CMakeFiles/task_2_interfaces__rosidl_typesupport_c.dir/rosidl_typesupport_c/task_2_interfaces/srv/joint_state__type_support.cpp.o[0m
[2.582s] [ 64%] [32m[1mLinking CXX shared library libtask_2_interfaces__rosidl_typesupport_cpp.so[0m
[2.608s] [ 66%] [32m[1mLinking CXX shared library libtask_2_interfaces__rosidl_typesupport_c.so[0m
[2.630s] [ 66%] Built target task_2_interfaces__rosidl_typesupport_cpp
[2.646s] [ 66%] Built target task_2_interfaces__rosidl_typesupport_c
[2.833s] [ 69%] [32m[1mLinking CXX shared library libtask_2_interfaces__rosidl_typesupport_fastrtps_c.so[0m
[2.837s] [ 71%] [32m[1mLinking CXX shared library libtask_2_interfaces__rosidl_typesupport_introspection_cpp.so[0m
[2.888s] [ 74%] [32m[1mLinking CXX shared library libtask_2_interfaces__rosidl_typesupport_fastrtps_cpp.so[0m
[2.902s] [ 74%] Built target task_2_interfaces__rosidl_typesupport_introspection_cpp
[2.919s] [ 74%] Built target task_2_interfaces__rosidl_typesupport_fastrtps_c
[2.958s] [ 74%] Built target task_2_interfaces__rosidl_typesupport_fastrtps_cpp
[2.978s] [ 74%] Built target task_2_interfaces
[2.997s] [ 76%] [34m[1mGenerating Python code for ROS interfaces[0m
[3.407s] [ 76%] Built target task_2_interfaces__py
[3.428s] [ 79%] [32mBuilding C object CMakeFiles/task_2_interfaces__rosidl_generator_py.dir/rosidl_generator_py/task_2_interfaces/srv/_joint_state_s.c.o[0m
[3.429s] [ 82%] [32mBuilding C object CMakeFiles/task_2_interfaces__rosidl_generator_py.dir/rosidl_generator_py/task_2_interfaces/msg/_joint_data_s.c.o[0m
[3.565s] [ 84%] [32m[1mLinking C shared library rosidl_generator_py/task_2_interfaces/libtask_2_interfaces__rosidl_generator_py.so[0m
[3.605s] [ 84%] Built target task_2_interfaces__rosidl_generator_py
[3.624s] [ 89%] [32mBuilding C object CMakeFiles/task_2_interfaces__rosidl_typesupport_c__pyext.dir/rosidl_generator_py/task_2_interfaces/_task_2_interfaces_s.ep.rosidl_typesupport_c.c.o[0m
[3.624s] [ 89%] [32mBuilding C object CMakeFiles/task_2_interfaces__rosidl_typesupport_introspection_c__pyext.dir/rosidl_generator_py/task_2_interfaces/_task_2_interfaces_s.ep.rosidl_typesupport_introspection_c.c.o[0m
[3.624s] [ 92%] [32mBuilding C object CMakeFiles/task_2_interfaces__rosidl_typesupport_fastrtps_c__pyext.dir/rosidl_generator_py/task_2_interfaces/_task_2_interfaces_s.ep.rosidl_typesupport_fastrtps_c.c.o[0m
[3.717s] [ 94%] [32m[1mLinking C shared library rosidl_generator_py/task_2_interfaces/task_2_interfaces_s__rosidl_typesupport_introspection_c.cpython-310-x86_64-linux-gnu.so[0m
[3.719s] [ 97%] [32m[1mLinking C shared library rosidl_generator_py/task_2_interfaces/task_2_interfaces_s__rosidl_typesupport_c.cpython-310-x86_64-linux-gnu.so[0m
[3.720s] [100%] [32m[1mLinking C shared library rosidl_generator_py/task_2_interfaces/task_2_interfaces_s__rosidl_typesupport_fastrtps_c.cpython-310-x86_64-linux-gnu.so[0m
[3.761s] [100%] Built target task_2_interfaces__rosidl_typesupport_fastrtps_c__pyext
[3.761s] [100%] Built target task_2_interfaces__rosidl_typesupport_introspection_c__pyext
[3.761s] [100%] Built target task_2_interfaces__rosidl_typesupport_c__pyext
[3.773s] Invoked command in '/home/me597/me597-tgobel/ros2_ws/Lab1_ws/build/task_2_interfaces' returned '0': CMAKE_PREFIX_PATH=${CMAKE_PREFIX_PATH}:/home/me597/me597-tgobel/ros2_ws/Lab1_ws/install/task_1:/home/me597/me597-tgobel/ros2_ws/sim_ws/install/sim_utils:/opt/ros/humble /usr/bin/cmake --build /home/me597/me597-tgobel/ros2_ws/Lab1_ws/build/task_2_interfaces -- -j5 -l5
[3.851s] Invoking command in '/home/me597/me597-tgobel/ros2_ws/Lab1_ws/build/task_2_interfaces': CMAKE_PREFIX_PATH=${CMAKE_PREFIX_PATH}:/home/me597/me597-tgobel/ros2_ws/Lab1_ws/install/task_1:/home/me597/me597-tgobel/ros2_ws/sim_ws/install/sim_utils:/opt/ros/humble /usr/bin/cmake --install /home/me597/me597-tgobel/ros2_ws/Lab1_ws/build/task_2_interfaces
[3.857s] -- Install configuration: ""
[3.858s] -- Installing: /home/me597/me597-tgobel/ros2_ws/Lab1_ws/install/task_2_interfaces/share/ament_index/resource_index/rosidl_interfaces/task_2_interfaces
[3.858s] -- Installing: /home/me597/me597-tgobel/ros2_ws/Lab1_ws/install/task_2_interfaces/include/task_2_interfaces/task_2_interfaces
[3.858s] -- Installing: /home/me597/me597-tgobel/ros2_ws/Lab1_ws/install/task_2_interfaces/include/task_2_interfaces/task_2_interfaces/msg
[3.858s] -- Installing: /home/me597/me597-tgobel/ros2_ws/Lab1_ws/install/task_2_interfaces/include/task_2_interfaces/task_2_interfaces/msg/joint_data.h
[3.858s] -- Installing: /home/me597/me597-tgobel/ros2_ws/Lab1_ws/install/task_2_interfaces/include/task_2_interfaces/task_2_interfaces/msg/rosidl_generator_c__visibility_control.h
[3.858s] -- Installing: /home/me597/me597-tgobel/ros2_ws/Lab1_ws/install/task_2_interfaces/include/task_2_interfaces/task_2_interfaces/msg/detail
[3.858s] -- Installing: /home/me597/me597-tgobel/ros2_ws/Lab1_ws/install/task_2_interfaces/include/task_2_interfaces/task_2_interfaces/msg/detail/joint_data__functions.h
[3.858s] -- Installing: /home/me597/me597-tgobel/ros2_ws/Lab1_ws/install/task_2_interfaces/include/task_2_interfaces/task_2_interfaces/msg/detail/joint_data__struct.h
[3.858s] -- Installing: /home/me597/me597-tgobel/ros2_ws/Lab1_ws/install/task_2_interfaces/include/task_2_interfaces/task_2_interfaces/msg/detail/joint_data__functions.c
[3.859s] -- Installing: /home/me597/me597-tgobel/ros2_ws/Lab1_ws/install/task_2_interfaces/include/task_2_interfaces/task_2_interfaces/msg/detail/joint_data__type_support.h
[3.859s] -- Installing: /home/me597/me597-tgobel/ros2_ws/Lab1_ws/install/task_2_interfaces/include/task_2_interfaces/task_2_interfaces/srv
[3.859s] -- Installing: /home/me597/me597-tgobel/ros2_ws/Lab1_ws/install/task_2_interfaces/include/task_2_interfaces/task_2_interfaces/srv/detail
[3.859s] -- Installing: /home/me597/me597-tgobel/ros2_ws/Lab1_ws/install/task_2_interfaces/include/task_2_interfaces/task_2_interfaces/srv/detail/joint_state__functions.h
[3.859s] -- Installing: /home/me597/me597-tgobel/ros2_ws/Lab1_ws/install/task_2_interfaces/include/task_2_interfaces/task_2_interfaces/srv/detail/joint_state__functions.c
[3.859s] -- Installing: /home/me597/me597-tgobel/ros2_ws/Lab1_ws/install/task_2_interfaces/include/task_2_interfaces/task_2_interfaces/srv/detail/joint_state__type_support.h
[3.861s] -- Installing: /home/me597/me597-tgobel/ros2_ws/Lab1_ws/install/task_2_interfaces/include/task_2_interfaces/task_2_interfaces/srv/detail/joint_state__struct.h
[3.862s] -- Installing: /home/me597/me597-tgobel/ros2_ws/Lab1_ws/install/task_2_interfaces/include/task_2_interfaces/task_2_interfaces/srv/joint_state.h
[3.862s] -- Installing: /home/me597/me597-tgobel/ros2_ws/Lab1_ws/install/task_2_interfaces/share/task_2_interfaces/environment/library_path.sh
[3.862s] -- Installing: /home/me597/me597-tgobel/ros2_ws/Lab1_ws/install/task_2_interfaces/share/task_2_interfaces/environment/library_path.dsv
[3.862s] -- Installing: /home/me597/me597-tgobel/ros2_ws/Lab1_ws/install/task_2_interfaces/lib/libtask_2_interfaces__rosidl_generator_c.so
[3.862s] -- Set runtime path of "/home/me597/me597-tgobel/ros2_ws/Lab1_ws/install/task_2_interfaces/lib/libtask_2_interfaces__rosidl_generator_c.so" to ""
[3.862s] -- Up-to-date: /home/me597/me597-tgobel/ros2_ws/Lab1_ws/install/task_2_interfaces/include/task_2_interfaces/task_2_interfaces
[3.862s] -- Up-to-date: /home/me597/me597-tgobel/ros2_ws/Lab1_ws/install/task_2_interfaces/include/task_2_interfaces/task_2_interfaces/msg
[3.862s] -- Up-to-date: /home/me597/me597-tgobel/ros2_ws/Lab1_ws/install/task_2_interfaces/include/task_2_interfaces/task_2_interfaces/msg/detail
[3.862s] -- Installing: /home/me597/me597-tgobel/ros2_ws/Lab1_ws/install/task_2_interfaces/include/task_2_interfaces/task_2_interfaces/msg/detail/joint_data__rosidl_typesupport_fastrtps_c.h
[3.862s] -- Installing: /home/me597/me597-tgobel/ros2_ws/Lab1_ws/install/task_2_interfaces/include/task_2_interfaces/task_2_interfaces/msg/rosidl_typesupport_fastrtps_c__visibility_control.h
[3.862s] -- Up-to-date: /home/me597/me597-tgobel/ros2_ws/Lab1_ws/install/task_2_interfaces/include/task_2_interfaces/task_2_interfaces/srv
[3.862s] -- Up-to-date: /home/me597/me597-tgobel/ros2_ws/Lab1_ws/install/task_2_interfaces/include/task_2_interfaces/task_2_interfaces/srv/detail
[3.862s] -- Installing: /home/me597/me597-tgobel/ros2_ws/Lab1_ws/install/task_2_interfaces/include/task_2_interfaces/task_2_interfaces/srv/detail/joint_state__rosidl_typesupport_fastrtps_c.h
[3.862s] -- Installing: /home/me597/me597-tgobel/ros2_ws/Lab1_ws/install/task_2_interfaces/lib/libtask_2_interfaces__rosidl_typesupport_fastrtps_c.so
[3.862s] -- Set runtime path of "/home/me597/me597-tgobel/ros2_ws/Lab1_ws/install/task_2_interfaces/lib/libtask_2_interfaces__rosidl_typesupport_fastrtps_c.so" to ""
[3.862s] -- Up-to-date: /home/me597/me597-tgobel/ros2_ws/Lab1_ws/install/task_2_interfaces/include/task_2_interfaces/task_2_interfaces
[3.862s] -- Up-to-date: /home/me597/me597-tgobel/ros2_ws/Lab1_ws/install/task_2_interfaces/include/task_2_interfaces/task_2_interfaces/msg
[3.862s] -- Up-to-date: /home/me597/me597-tgobel/ros2_ws/Lab1_ws/install/task_2_interfaces/include/task_2_interfaces/task_2_interfaces/msg/detail
[3.863s] -- Installing: /home/me597/me597-tgobel/ros2_ws/Lab1_ws/install/task_2_interfaces/include/task_2_interfaces/task_2_interfaces/msg/detail/joint_data__builder.hpp
[3.863s] -- Installing: /home/me597/me597-tgobel/ros2_ws/Lab1_ws/install/task_2_interfaces/include/task_2_interfaces/task_2_interfaces/msg/detail/joint_data__struct.hpp
[3.863s] -- Installing: /home/me597/me597-tgobel/ros2_ws/Lab1_ws/install/task_2_interfaces/include/task_2_interfaces/task_2_interfaces/msg/detail/joint_data__traits.hpp
[3.863s] -- Installing: /home/me597/me597-tgobel/ros2_ws/Lab1_ws/install/task_2_interfaces/include/task_2_interfaces/task_2_interfaces/msg/joint_data.hpp
[3.863s] -- Up-to-date: /home/me597/me597-tgobel/ros2_ws/Lab1_ws/install/task_2_interfaces/include/task_2_interfaces/task_2_interfaces/srv
[3.863s] -- Up-to-date: /home/me597/me597-tgobel/ros2_ws/Lab1_ws/install/task_2_interfaces/include/task_2_interfaces/task_2_interfaces/srv/detail
[3.863s] -- Installing: /home/me597/me597-tgobel/ros2_ws/Lab1_ws/install/task_2_interfaces/include/task_2_interfaces/task_2_interfaces/srv/detail/joint_state__traits.hpp
[3.863s] -- Installing: /home/me597/me597-tgobel/ros2_ws/Lab1_ws/install/task_2_interfaces/include/task_2_interfaces/task_2_interfaces/srv/detail/joint_state__builder.hpp
[3.863s] -- Installing: /home/me597/me597-tgobel/ros2_ws/Lab1_ws/install/task_2_interfaces/include/task_2_interfaces/task_2_interfaces/srv/detail/joint_state__struct.hpp
[3.863s] -- Installing: /home/me597/me597-tgobel/ros2_ws/Lab1_ws/install/task_2_interfaces/include/task_2_interfaces/task_2_interfaces/srv/joint_state.hpp
[3.863s] -- Up-to-date: /home/me597/me597-tgobel/ros2_ws/Lab1_ws/install/task_2_interfaces/include/task_2_interfaces/task_2_interfaces
[3.863s] -- Up-to-date: /home/me597/me597-tgobel/ros2_ws/Lab1_ws/install/task_2_interfaces/include/task_2_interfaces/task_2_interfaces/msg
[3.864s] -- Up-to-date: /home/me597/me597-tgobel/ros2_ws/Lab1_ws/install/task_2_interfaces/include/task_2_interfaces/task_2_interfaces/msg/detail
[3.864s] -- Installing: /home/me597/me597-tgobel/ros2_ws/Lab1_ws/install/task_2_interfaces/include/task_2_interfaces/task_2_interfaces/msg/detail/joint_data__rosidl_typesupport_fastrtps_cpp.hpp
[3.864s] -- Installing: /home/me597/me597-tgobel/ros2_ws/Lab1_ws/install/task_2_interfaces/include/task_2_interfaces/task_2_interfaces/msg/detail/dds_fastrtps
[3.864s] -- Installing: /home/me597/me597-tgobel/ros2_ws/Lab1_ws/install/task_2_interfaces/include/task_2_interfaces/task_2_interfaces/msg/rosidl_typesupport_fastrtps_cpp__visibility_control.h
[3.864s] -- Up-to-date: /home/me597/me597-tgobel/ros2_ws/Lab1_ws/install/task_2_interfaces/include/task_2_interfaces/task_2_interfaces/srv
[3.864s] -- Up-to-date: /home/me597/me597-tgobel/ros2_ws/Lab1_ws/install/task_2_interfaces/include/task_2_interfaces/task_2_interfaces/srv/detail
[3.864s] -- Installing: /home/me597/me597-tgobel/ros2_ws/Lab1_ws/install/task_2_interfaces/include/task_2_interfaces/task_2_interfaces/srv/detail/joint_state__rosidl_typesupport_fastrtps_cpp.hpp
[3.864s] -- Installing: /home/me597/me597-tgobel/ros2_ws/Lab1_ws/install/task_2_interfaces/include/task_2_interfaces/task_2_interfaces/srv/detail/dds_fastrtps
[3.864s] -- Installing: /home/me597/me597-tgobel/ros2_ws/Lab1_ws/install/task_2_interfaces/lib/libtask_2_interfaces__rosidl_typesupport_fastrtps_cpp.so
[3.864s] -- Set runtime path of "/home/me597/me597-tgobel/ros2_ws/Lab1_ws/install/task_2_interfaces/lib/libtask_2_interfaces__rosidl_typesupport_fastrtps_cpp.so" to ""
[3.864s] -- Up-to-date: /home/me597/me597-tgobel/ros2_ws/Lab1_ws/install/task_2_interfaces/include/task_2_interfaces/task_2_interfaces
[3.864s] -- Up-to-date: /home/me597/me597-tgobel/ros2_ws/Lab1_ws/install/task_2_interfaces/include/task_2_interfaces/task_2_interfaces/msg
[3.865s] -- Installing: /home/me597/me597-tgobel/ros2_ws/Lab1_ws/install/task_2_interfaces/include/task_2_interfaces/task_2_interfaces/msg/rosidl_typesupport_introspection_c__visibility_control.h
[3.865s] -- Up-to-date: /home/me597/me597-tgobel/ros2_ws/Lab1_ws/install/task_2_interfaces/include/task_2_interfaces/task_2_interfaces/msg/detail
[3.865s] -- Installing: /home/me597/me597-tgobel/ros2_ws/Lab1_ws/install/task_2_interfaces/include/task_2_interfaces/task_2_interfaces/msg/detail/joint_data__rosidl_typesupport_introspection_c.h
[3.865s] -- Installing: /home/me597/me597-tgobel/ros2_ws/Lab1_ws/install/task_2_interfaces/include/task_2_interfaces/task_2_interfaces/msg/detail/joint_data__type_support.c
[3.865s] -- Up-to-date: /home/me597/me597-tgobel/ros2_ws/Lab1_ws/install/task_2_interfaces/include/task_2_interfaces/task_2_interfaces/srv
[3.865s] -- Up-to-date: /home/me597/me597-tgobel/ros2_ws/Lab1_ws/install/task_2_interfaces/include/task_2_interfaces/task_2_interfaces/srv/detail
[3.865s] -- Installing: /home/me597/me597-tgobel/ros2_ws/Lab1_ws/install/task_2_interfaces/include/task_2_interfaces/task_2_interfaces/srv/detail/joint_state__rosidl_typesupport_introspection_c.h
[3.865s] -- Installing: /home/me597/me597-tgobel/ros2_ws/Lab1_ws/install/task_2_interfaces/include/task_2_interfaces/task_2_interfaces/srv/detail/joint_state__type_support.c
[3.865s] -- Installing: /home/me597/me597-tgobel/ros2_ws/Lab1_ws/install/task_2_interfaces/lib/libtask_2_interfaces__rosidl_typesupport_introspection_c.so
[3.866s] -- Set runtime path of "/home/me597/me597-tgobel/ros2_ws/Lab1_ws/install/task_2_interfaces/lib/libtask_2_interfaces__rosidl_typesupport_introspection_c.so" to ""
[3.866s] -- Installing: /home/me597/me597-tgobel/ros2_ws/Lab1_ws/install/task_2_interfaces/lib/libtask_2_interfaces__rosidl_typesupport_c.so
[3.866s] -- Set runtime path of "/home/me597/me597-tgobel/ros2_ws/Lab1_ws/install/task_2_interfaces/lib/libtask_2_interfaces__rosidl_typesupport_c.so" to ""
[3.866s] -- Up-to-date: /home/me597/me597-tgobel/ros2_ws/Lab1_ws/install/task_2_interfaces/include/task_2_interfaces/task_2_interfaces
[3.866s] -- Up-to-date: /home/me597/me597-tgobel/ros2_ws/Lab1_ws/install/task_2_interfaces/include/task_2_interfaces/task_2_interfaces/msg
[3.866s] -- Up-to-date: /home/me597/me597-tgobel/ros2_ws/Lab1_ws/install/task_2_interfaces/include/task_2_interfaces/task_2_interfaces/msg/detail
[3.867s] -- Installing: /home/me597/me597-tgobel/ros2_ws/Lab1_ws/install/task_2_interfaces/include/task_2_interfaces/task_2_interfaces/msg/detail/joint_data__rosidl_typesupport_introspection_cpp.hpp
[3.867s] -- Installing: /home/me597/me597-tgobel/ros2_ws/Lab1_ws/install/task_2_interfaces/include/task_2_interfaces/task_2_interfaces/msg/detail/joint_data__type_support.cpp
[3.867s] -- Up-to-date: /home/me597/me597-tgobel/ros2_ws/Lab1_ws/install/task_2_interfaces/include/task_2_interfaces/task_2_interfaces/srv
[3.867s] -- Up-to-date: /home/me597/me597-tgobel/ros2_ws/Lab1_ws/install/task_2_interfaces/include/task_2_interfaces/task_2_interfaces/srv/detail
[3.867s] -- Installing: /home/me597/me597-tgobel/ros2_ws/Lab1_ws/install/task_2_interfaces/include/task_2_interfaces/task_2_interfaces/srv/detail/joint_state__rosidl_typesupport_introspection_cpp.hpp
[3.867s] -- Installing: /home/me597/me597-tgobel/ros2_ws/Lab1_ws/install/task_2_interfaces/include/task_2_interfaces/task_2_interfaces/srv/detail/joint_state__type_support.cpp
[3.867s] -- Installing: /home/me597/me597-tgobel/ros2_ws/Lab1_ws/install/task_2_interfaces/lib/libtask_2_interfaces__rosidl_typesupport_introspection_cpp.so
[3.867s] -- Set runtime path of "/home/me597/me597-tgobel/ros2_ws/Lab1_ws/install/task_2_interfaces/lib/libtask_2_interfaces__rosidl_typesupport_introspection_cpp.so" to ""
[3.867s] -- Installing: /home/me597/me597-tgobel/ros2_ws/Lab1_ws/install/task_2_interfaces/lib/libtask_2_interfaces__rosidl_typesupport_cpp.so
[3.867s] -- Set runtime path of "/home/me597/me597-tgobel/ros2_ws/Lab1_ws/install/task_2_interfaces/lib/libtask_2_interfaces__rosidl_typesupport_cpp.so" to ""
[3.867s] -- Installing: /home/me597/me597-tgobel/ros2_ws/Lab1_ws/install/task_2_interfaces/share/task_2_interfaces/environment/pythonpath.sh
[3.867s] -- Installing: /home/me597/me597-tgobel/ros2_ws/Lab1_ws/install/task_2_interfaces/share/task_2_interfaces/environment/pythonpath.dsv
[3.867s] -- Installing: /home/me597/me597-tgobel/ros2_ws/Lab1_ws/install/task_2_interfaces/local/lib/python3.10/dist-packages/task_2_interfaces-0.0.0-py3.10.egg-info
[3.867s] -- Installing: /home/me597/me597-tgobel/ros2_ws/Lab1_ws/install/task_2_interfaces/local/lib/python3.10/dist-packages/task_2_interfaces-0.0.0-py3.10.egg-info/top_level.txt
[3.868s] -- Installing: /home/me597/me597-tgobel/ros2_ws/Lab1_ws/install/task_2_interfaces/local/lib/python3.10/dist-packages/task_2_interfaces-0.0.0-py3.10.egg-info/SOURCES.txt
[3.868s] -- Installing: /home/me597/me597-tgobel/ros2_ws/Lab1_ws/install/task_2_interfaces/local/lib/python3.10/dist-packages/task_2_interfaces-0.0.0-py3.10.egg-info/dependency_links.txt
[3.868s] -- Installing: /home/me597/me597-tgobel/ros2_ws/Lab1_ws/install/task_2_interfaces/local/lib/python3.10/dist-packages/task_2_interfaces-0.0.0-py3.10.egg-info/PKG-INFO
[3.868s] -- Installing: /home/me597/me597-tgobel/ros2_ws/Lab1_ws/install/task_2_interfaces/local/lib/python3.10/dist-packages/task_2_interfaces
[3.868s] -- Installing: /home/me597/me597-tgobel/ros2_ws/Lab1_ws/install/task_2_interfaces/local/lib/python3.10/dist-packages/task_2_interfaces/_task_2_interfaces_s.ep.rosidl_typesupport_fastrtps_c.c
[3.868s] -- Installing: /home/me597/me597-tgobel/ros2_ws/Lab1_ws/install/task_2_interfaces/local/lib/python3.10/dist-packages/task_2_interfaces/task_2_interfaces_s__rosidl_typesupport_fastrtps_c.cpython-310-x86_64-linux-gnu.so
[3.868s] -- Installing: /home/me597/me597-tgobel/ros2_ws/Lab1_ws/install/task_2_interfaces/local/lib/python3.10/dist-packages/task_2_interfaces/_task_2_interfaces_s.ep.rosidl_typesupport_c.c
[3.868s] -- Installing: /home/me597/me597-tgobel/ros2_ws/Lab1_ws/install/task_2_interfaces/local/lib/python3.10/dist-packages/task_2_interfaces/msg
[3.868s] -- Installing: /home/me597/me597-tgobel/ros2_ws/Lab1_ws/install/task_2_interfaces/local/lib/python3.10/dist-packages/task_2_interfaces/msg/_joint_data.py
[3.868s] -- Installing: /home/me597/me597-tgobel/ros2_ws/Lab1_ws/install/task_2_interfaces/local/lib/python3.10/dist-packages/task_2_interfaces/msg/_joint_data_s.c
[3.868s] -- Installing: /home/me597/me597-tgobel/ros2_ws/Lab1_ws/install/task_2_interfaces/local/lib/python3.10/dist-packages/task_2_interfaces/msg/__init__.py
[3.868s] -- Installing: /home/me597/me597-tgobel/ros2_ws/Lab1_ws/install/task_2_interfaces/local/lib/python3.10/dist-packages/task_2_interfaces/task_2_interfaces_s__rosidl_typesupport_introspection_c.cpython-310-x86_64-linux-gnu.so
[3.868s] -- Installing: /home/me597/me597-tgobel/ros2_ws/Lab1_ws/install/task_2_interfaces/local/lib/python3.10/dist-packages/task_2_interfaces/task_2_interfaces_s__rosidl_typesupport_c.cpython-310-x86_64-linux-gnu.so
[3.868s] -- Installing: /home/me597/me597-tgobel/ros2_ws/Lab1_ws/install/task_2_interfaces/local/lib/python3.10/dist-packages/task_2_interfaces/__init__.py
[3.868s] -- Installing: /home/me597/me597-tgobel/ros2_ws/Lab1_ws/install/task_2_interfaces/local/lib/python3.10/dist-packages/task_2_interfaces/libtask_2_interfaces__rosidl_generator_py.so
[3.868s] -- Installing: /home/me597/me597-tgobel/ros2_ws/Lab1_ws/install/task_2_interfaces/local/lib/python3.10/dist-packages/task_2_interfaces/_task_2_interfaces_s.ep.rosidl_typesupport_introspection_c.c
[3.868s] -- Installing: /home/me597/me597-tgobel/ros2_ws/Lab1_ws/install/task_2_interfaces/local/lib/python3.10/dist-packages/task_2_interfaces/srv
[3.868s] -- Installing: /home/me597/me597-tgobel/ros2_ws/Lab1_ws/install/task_2_interfaces/local/lib/python3.10/dist-packages/task_2_interfaces/srv/_joint_state.py
[3.868s] -- Installing: /home/me597/me597-tgobel/ros2_ws/Lab1_ws/install/task_2_interfaces/local/lib/python3.10/dist-packages/task_2_interfaces/srv/_joint_state_s.c
[3.869s] -- Installing: /home/me597/me597-tgobel/ros2_ws/Lab1_ws/install/task_2_interfaces/local/lib/python3.10/dist-packages/task_2_interfaces/srv/__init__.py
[3.903s] Listing '/home/me597/me597-tgobel/ros2_ws/Lab1_ws/install/task_2_interfaces/local/lib/python3.10/dist-packages/task_2_interfaces'...
[3.903s] Compiling '/home/me597/me597-tgobel/ros2_ws/Lab1_ws/install/task_2_interfaces/local/lib/python3.10/dist-packages/task_2_interfaces/__init__.py'...
[3.903s] Listing '/home/me597/me597-tgobel/ros2_ws/Lab1_ws/install/task_2_interfaces/local/lib/python3.10/dist-packages/task_2_interfaces/msg'...
[3.904s] Compiling '/home/me597/me597-tgobel/ros2_ws/Lab1_ws/install/task_2_interfaces/local/lib/python3.10/dist-packages/task_2_interfaces/msg/__init__.py'...
[3.904s] Compiling '/home/me597/me597-tgobel/ros2_ws/Lab1_ws/install/task_2_interfaces/local/lib/python3.10/dist-packages/task_2_interfaces/msg/_joint_data.py'...
[3.904s] Listing '/home/me597/me597-tgobel/ros2_ws/Lab1_ws/install/task_2_interfaces/local/lib/python3.10/dist-packages/task_2_interfaces/srv'...
[3.904s] Compiling '/home/me597/me597-tgobel/ros2_ws/Lab1_ws/install/task_2_interfaces/local/lib/python3.10/dist-packages/task_2_interfaces/srv/__init__.py'...
[3.904s] Compiling '/home/me597/me597-tgobel/ros2_ws/Lab1_ws/install/task_2_interfaces/local/lib/python3.10/dist-packages/task_2_interfaces/srv/_joint_state.py'...
[3.909s] -- Installing: /home/me597/me597-tgobel/ros2_ws/Lab1_ws/install/task_2_interfaces/local/lib/python3.10/dist-packages/task_2_interfaces/task_2_interfaces_s__rosidl_typesupport_fastrtps_c.cpython-310-x86_64-linux-gnu.so
[3.909s] -- Set runtime path of "/home/me597/me597-tgobel/ros2_ws/Lab1_ws/install/task_2_interfaces/local/lib/python3.10/dist-packages/task_2_interfaces/task_2_interfaces_s__rosidl_typesupport_fastrtps_c.cpython-310-x86_64-linux-gnu.so" to ""
[3.909s] -- Installing: /home/me597/me597-tgobel/ros2_ws/Lab1_ws/install/task_2_interfaces/local/lib/python3.10/dist-packages/task_2_interfaces/task_2_interfaces_s__rosidl_typesupport_introspection_c.cpython-310-x86_64-linux-gnu.so
[3.909s] -- Set runtime path of "/home/me597/me597-tgobel/ros2_ws/Lab1_ws/install/task_2_interfaces/local/lib/python3.10/dist-packages/task_2_interfaces/task_2_interfaces_s__rosidl_typesupport_introspection_c.cpython-310-x86_64-linux-gnu.so" to ""
[3.909s] -- Installing: /home/me597/me597-tgobel/ros2_ws/Lab1_ws/install/task_2_interfaces/local/lib/python3.10/dist-packages/task_2_interfaces/task_2_interfaces_s__rosidl_typesupport_c.cpython-310-x86_64-linux-gnu.so
[3.910s] -- Set runtime path of "/home/me597/me597-tgobel/ros2_ws/Lab1_ws/install/task_2_interfaces/local/lib/python3.10/dist-packages/task_2_interfaces/task_2_interfaces_s__rosidl_typesupport_c.cpython-310-x86_64-linux-gnu.so" to ""
[3.910s] -- Installing: /home/me597/me597-tgobel/ros2_ws/Lab1_ws/install/task_2_interfaces/lib/libtask_2_interfaces__rosidl_generator_py.so
[3.910s] -- Set runtime path of "/home/me597/me597-tgobel/ros2_ws/Lab1_ws/install/task_2_interfaces/lib/libtask_2_interfaces__rosidl_generator_py.so" to ""
[3.910s] -- Installing: /home/me597/me597-tgobel/ros2_ws/Lab1_ws/install/task_2_interfaces/share/task_2_interfaces/msg/JointData.idl
[3.910s] -- Installing: /home/me597/me597-tgobel/ros2_ws/Lab1_ws/install/task_2_interfaces/share/task_2_interfaces/srv/JointState.idl
[3.910s] -- Installing: /home/me597/me597-tgobel/ros2_ws/Lab1_ws/install/task_2_interfaces/share/task_2_interfaces/msg/JointData.msg
[3.910s] -- Installing: /home/me597/me597-tgobel/ros2_ws/Lab1_ws/install/task_2_interfaces/share/task_2_interfaces/srv/JointState.srv
[3.911s] -- Installing: /home/me597/me597-tgobel/ros2_ws/Lab1_ws/install/task_2_interfaces/share/task_2_interfaces/srv/JointState_Request.msg
[3.911s] -- Installing: /home/me597/me597-tgobel/ros2_ws/Lab1_ws/install/task_2_interfaces/share/task_2_interfaces/srv/JointState_Response.msg
[3.911s] -- Installing: /home/me597/me597-tgobel/ros2_ws/Lab1_ws/install/task_2_interfaces/share/ament_index/resource_index/package_run_dependencies/task_2_interfaces
[3.911s] -- Installing: /home/me597/me597-tgobel/ros2_ws/Lab1_ws/install/task_2_interfaces/share/ament_index/resource_index/parent_prefix_path/task_2_interfaces
[3.911s] -- Installing: /home/me597/me597-tgobel/ros2_ws/Lab1_ws/install/task_2_interfaces/share/task_2_interfaces/environment/ament_prefix_path.sh
[3.911s] -- Installing: /home/me597/me597-tgobel/ros2_ws/Lab1_ws/install/task_2_interfaces/share/task_2_interfaces/environment/ament_prefix_path.dsv
[3.911s] -- Installing: /home/me597/me597-tgobel/ros2_ws/Lab1_ws/install/task_2_interfaces/share/task_2_interfaces/environment/path.sh
[3.912s] -- Installing: /home/me597/me597-tgobel/ros2_ws/Lab1_ws/install/task_2_interfaces/share/task_2_interfaces/environment/path.dsv
[3.912s] -- Installing: /home/me597/me597-tgobel/ros2_ws/Lab1_ws/install/task_2_interfaces/share/task_2_interfaces/local_setup.bash
[3.912s] -- Installing: /home/me597/me597-tgobel/ros2_ws/Lab1_ws/install/task_2_interfaces/share/task_2_interfaces/local_setup.sh
[3.912s] -- Installing: /home/me597/me597-tgobel/ros2_ws/Lab1_ws/install/task_2_interfaces/share/task_2_interfaces/local_setup.zsh
[3.912s] -- Installing: /home/me597/me597-tgobel/ros2_ws/Lab1_ws/install/task_2_interfaces/share/task_2_interfaces/local_setup.dsv
[3.912s] -- Installing: /home/me597/me597-tgobel/ros2_ws/Lab1_ws/install/task_2_interfaces/share/task_2_interfaces/package.dsv
[3.912s] -- Installing: /home/me597/me597-tgobel/ros2_ws/Lab1_ws/install/task_2_interfaces/share/ament_index/resource_index/packages/task_2_interfaces
[3.912s] -- Installing: /home/me597/me597-tgobel/ros2_ws/Lab1_ws/install/task_2_interfaces/share/task_2_interfaces/cmake/export_task_2_interfaces__rosidl_generator_cExport.cmake
[3.912s] -- Installing: /home/me597/me597-tgobel/ros2_ws/Lab1_ws/install/task_2_interfaces/share/task_2_interfaces/cmake/export_task_2_interfaces__rosidl_generator_cExport-noconfig.cmake
[3.913s] -- Installing: /home/me597/me597-tgobel/ros2_ws/Lab1_ws/install/task_2_interfaces/share/task_2_interfaces/cmake/export_task_2_interfaces__rosidl_typesupport_fastrtps_cExport.cmake
[3.913s] -- Installing: /home/me597/me597-tgobel/ros2_ws/Lab1_ws/install/task_2_interfaces/share/task_2_interfaces/cmake/export_task_2_interfaces__rosidl_typesupport_fastrtps_cExport-noconfig.cmake
[3.913s] -- Installing: /home/me597/me597-tgobel/ros2_ws/Lab1_ws/install/task_2_interfaces/share/task_2_interfaces/cmake/export_task_2_interfaces__rosidl_generator_cppExport.cmake
[3.913s] -- Installing: /home/me597/me597-tgobel/ros2_ws/Lab1_ws/install/task_2_interfaces/share/task_2_interfaces/cmake/export_task_2_interfaces__rosidl_typesupport_fastrtps_cppExport.cmake
[3.913s] -- Installing: /home/me597/me597-tgobel/ros2_ws/Lab1_ws/install/task_2_interfaces/share/task_2_interfaces/cmake/export_task_2_interfaces__rosidl_typesupport_fastrtps_cppExport-noconfig.cmake
[3.913s] -- Installing: /home/me597/me597-tgobel/ros2_ws/Lab1_ws/install/task_2_interfaces/share/task_2_interfaces/cmake/task_2_interfaces__rosidl_typesupport_introspection_cExport.cmake
[3.913s] -- Installing: /home/me597/me597-tgobel/ros2_ws/Lab1_ws/install/task_2_interfaces/share/task_2_interfaces/cmake/task_2_interfaces__rosidl_typesupport_introspection_cExport-noconfig.cmake
[3.914s] -- Installing: /home/me597/me597-tgobel/ros2_ws/Lab1_ws/install/task_2_interfaces/share/task_2_interfaces/cmake/task_2_interfaces__rosidl_typesupport_cExport.cmake
[3.914s] -- Installing: /home/me597/me597-tgobel/ros2_ws/Lab1_ws/install/task_2_interfaces/share/task_2_interfaces/cmake/task_2_interfaces__rosidl_typesupport_cExport-noconfig.cmake
[3.914s] -- Installing: /home/me597/me597-tgobel/ros2_ws/Lab1_ws/install/task_2_interfaces/share/task_2_interfaces/cmake/task_2_interfaces__rosidl_typesupport_introspection_cppExport.cmake
[3.914s] -- Installing: /home/me597/me597-tgobel/ros2_ws/Lab1_ws/install/task_2_interfaces/share/task_2_interfaces/cmake/task_2_interfaces__rosidl_typesupport_introspection_cppExport-noconfig.cmake
[3.914s] -- Installing: /home/me597/me597-tgobel/ros2_ws/Lab1_ws/install/task_2_interfaces/share/task_2_interfaces/cmake/task_2_interfaces__rosidl_typesupport_cppExport.cmake
[3.914s] -- Installing: /home/me597/me597-tgobel/ros2_ws/Lab1_ws/install/task_2_interfaces/share/task_2_interfaces/cmake/task_2_interfaces__rosidl_typesupport_cppExport-noconfig.cmake
[3.914s] -- Installing: /home/me597/me597-tgobel/ros2_ws/Lab1_ws/install/task_2_interfaces/share/task_2_interfaces/cmake/export_task_2_interfaces__rosidl_generator_pyExport.cmake
[3.914s] -- Installing: /home/me597/me597-tgobel/ros2_ws/Lab1_ws/install/task_2_interfaces/share/task_2_interfaces/cmake/export_task_2_interfaces__rosidl_generator_pyExport-noconfig.cmake
[3.915s] -- Installing: /home/me597/me597-tgobel/ros2_ws/Lab1_ws/install/task_2_interfaces/share/task_2_interfaces/cmake/rosidl_cmake-extras.cmake
[3.915s] -- Installing: /home/me597/me597-tgobel/ros2_ws/Lab1_ws/install/task_2_interfaces/share/task_2_interfaces/cmake/ament_cmake_export_dependencies-extras.cmake
[3.915s] -- Installing: /home/me597/me597-tgobel/ros2_ws/Lab1_ws/install/task_2_interfaces/share/task_2_interfaces/cmake/ament_cmake_export_include_directories-extras.cmake
[3.915s] -- Installing: /home/me597/me597-tgobel/ros2_ws/Lab1_ws/install/task_2_interfaces/share/task_2_interfaces/cmake/ament_cmake_export_libraries-extras.cmake
[3.915s] -- Installing: /home/me597/me597-tgobel/ros2_ws/Lab1_ws/install/task_2_interfaces/share/task_2_interfaces/cmake/ament_cmake_export_targets-extras.cmake
[3.915s] -- Installing: /home/me597/me597-tgobel/ros2_ws/Lab1_ws/install/task_2_interfaces/share/task_2_interfaces/cmake/rosidl_cmake_export_typesupport_targets-extras.cmake
[3.915s] -- Installing: /home/me597/me597-tgobel/ros2_ws/Lab1_ws/install/task_2_interfaces/share/task_2_interfaces/cmake/rosidl_cmake_export_typesupport_libraries-extras.cmake
[3.915s] -- Installing: /home/me597/me597-tgobel/ros2_ws/Lab1_ws/install/task_2_interfaces/share/task_2_interfaces/cmake/task_2_interfacesConfig.cmake
[3.916s] -- Installing: /home/me597/me597-tgobel/ros2_ws/Lab1_ws/install/task_2_interfaces/share/task_2_interfaces/cmake/task_2_interfacesConfig-version.cmake
[3.916s] -- Installing: /home/me597/me597-tgobel/ros2_ws/Lab1_ws/install/task_2_interfaces/share/task_2_interfaces/package.xml
[3.918s] Invoked command in '/home/me597/me597-tgobel/ros2_ws/Lab1_ws/build/task_2_interfaces' returned '0': CMAKE_PREFIX_PATH=${CMAKE_PREFIX_PATH}:/home/me597/me597-tgobel/ros2_ws/Lab1_ws/install/task_1:/home/me597/me597-tgobel/ros2_ws/sim_ws/install/sim_utils:/opt/ros/humble /usr/bin/cmake --install /home/me597/me597-tgobel/ros2_ws/Lab1_ws/build/task_2_interfaces
