/home/me597/me597-tgobel/ros2_ws/Lab1_ws/install/task_2/lib/python3.10/site-packages/task_2/joint_topic_publisher.py
/home/me597/me597-tgobel/ros2_ws/Lab1_ws/install/task_2/lib/python3.10/site-packages/task_2/client_function.py
/home/me597/me597-tgobel/ros2_ws/Lab1_ws/install/task_2/lib/python3.10/site-packages/task_2/joint_topic_subscriber.py
/home/me597/me597-tgobel/ros2_ws/Lab1_ws/install/task_2/lib/python3.10/site-packages/task_2/service_function.py
/home/me597/me597-tgobel/ros2_ws/Lab1_ws/install/task_2/lib/python3.10/site-packages/task_2/__init__.py
/home/me597/me597-tgobel/ros2_ws/Lab1_ws/install/task_2/lib/python3.10/site-packages/task_2/__pycache__/joint_topic_publisher.cpython-310.pyc
/home/me597/me597-tgobel/ros2_ws/Lab1_ws/install/task_2/lib/python3.10/site-packages/task_2/__pycache__/client_function.cpython-310.pyc
/home/me597/me597-tgobel/ros2_ws/Lab1_ws/install/task_2/lib/python3.10/site-packages/task_2/__pycache__/joint_topic_subscriber.cpython-310.pyc
/home/me597/me597-tgobel/ros2_ws/Lab1_ws/install/task_2/lib/python3.10/site-packages/task_2/__pycache__/service_function.cpython-310.pyc
/home/me597/me597-tgobel/ros2_ws/Lab1_ws/install/task_2/lib/python3.10/site-packages/task_2/__pycache__/__init__.cpython-310.pyc
/home/me597/me597-tgobel/ros2_ws/Lab1_ws/install/task_2/share/ament_index/resource_index/packages/task_2
/home/me597/me597-tgobel/ros2_ws/Lab1_ws/install/task_2/share/task_2/package.xml
/home/me597/me597-tgobel/ros2_ws/Lab1_ws/install/task_2/share/task_2/launch/service_launch.py
/home/me597/me597-tgobel/ros2_ws/Lab1_ws/install/task_2/lib/python3.10/site-packages/task_2-0.0.0-py3.10.egg-info/top_level.txt
/home/me597/me597-tgobel/ros2_ws/Lab1_ws/install/task_2/lib/python3.10/site-packages/task_2-0.0.0-py3.10.egg-info/requires.txt
/home/me597/me597-tgobel/ros2_ws/Lab1_ws/install/task_2/lib/python3.10/site-packages/task_2-0.0.0-py3.10.egg-info/SOURCES.txt
/home/me597/me597-tgobel/ros2_ws/Lab1_ws/install/task_2/lib/python3.10/site-packages/task_2-0.0.0-py3.10.egg-info/dependency_links.txt
/home/me597/me597-tgobel/ros2_ws/Lab1_ws/install/task_2/lib/python3.10/site-packages/task_2-0.0.0-py3.10.egg-info/entry_points.txt
/home/me597/me597-tgobel/ros2_ws/Lab1_ws/install/task_2/lib/python3.10/site-packages/task_2-0.0.0-py3.10.egg-info/PKG-INFO
/home/me597/me597-tgobel/ros2_ws/Lab1_ws/install/task_2/lib/python3.10/site-packages/task_2-0.0.0-py3.10.egg-info/zip-safe
/home/me597/me597-tgobel/ros2_ws/Lab1_ws/install/task_2/lib/task_2/client
/home/me597/me597-tgobel/ros2_ws/Lab1_ws/install/task_2/lib/task_2/listener
/home/me597/me597-tgobel/ros2_ws/Lab1_ws/install/task_2/lib/task_2/service
/home/me597/me597-tgobel/ros2_ws/Lab1_ws/install/task_2/lib/task_2/talker
