[1.099s] Invoking command in '/home/me597/me597-tgobel/ros2_ws/Lab3_ws/task_4': PYTHONPATH=/home/me597/me597-tgobel/ros2_ws/Lab3_ws/build/task_4/prefix_override:/usr/lib/python3/dist-packages/colcon_core/task/python/colcon_distutils_commands:/home/me597/me597-tgobel/ros2_ws/Lab3_ws/install/task_4/lib/python3.10/site-packages:${PYTHONPATH} /usr/bin/python3 -W ignore:setup.py install is deprecated setup.py egg_info --egg-base ../build/task_4 build --build-base /home/me597/me597-tgobel/ros2_ws/Lab3_ws/build/task_4/build install --record /home/me597/me597-tgobel/ros2_ws/Lab3_ws/build/task_4/install.log --single-version-externally-managed install_data
[1.341s] running egg_info
[1.341s] writing ../build/task_4/task_4.egg-info/PKG-INFO
[1.342s] writing dependency_links to ../build/task_4/task_4.egg-info/dependency_links.txt
[1.342s] writing entry points to ../build/task_4/task_4.egg-info/entry_points.txt
[1.342s] writing requirements to ../build/task_4/task_4.egg-info/requires.txt
[1.342s] writing top-level names to ../build/task_4/task_4.egg-info/top_level.txt
[1.344s] reading manifest file '../build/task_4/task_4.egg-info/SOURCES.txt'
[1.345s] writing manifest file '../build/task_4/task_4.egg-info/SOURCES.txt'
[1.346s] running build
[1.348s] running build_py
[1.348s] copying task_4/auto_navigator.py -> /home/me597/me597-tgobel/ros2_ws/Lab3_ws/build/task_4/build/lib/task_4
[1.348s] running install
[1.348s] running install_lib
[1.348s] copying /home/me597/me597-tgobel/ros2_ws/Lab3_ws/build/task_4/build/lib/task_4/auto_navigator.py -> /home/me597/me597-tgobel/ros2_ws/Lab3_ws/install/task_4/lib/python3.10/site-packages/task_4
[1.348s] byte-compiling /home/me597/me597-tgobel/ros2_ws/Lab3_ws/install/task_4/lib/python3.10/site-packages/task_4/auto_navigator.py to auto_navigator.cpython-310.pyc
[1.353s] running install_data
[1.354s] running install_egg_info
[1.357s] removing '/home/me597/me597-tgobel/ros2_ws/Lab3_ws/install/task_4/lib/python3.10/site-packages/task_4-0.0.0-py3.10.egg-info' (and everything under it)
[1.357s] Copying ../build/task_4/task_4.egg-info to /home/me597/me597-tgobel/ros2_ws/Lab3_ws/install/task_4/lib/python3.10/site-packages/task_4-0.0.0-py3.10.egg-info
[1.358s] running install_scripts
[1.379s] Installing auto_navigator script to /home/me597/me597-tgobel/ros2_ws/Lab3_ws/install/task_4/lib/task_4
[1.379s] Installing gen_sync_map_launch script to /home/me597/me597-tgobel/ros2_ws/Lab3_ws/install/task_4/lib/task_4
[1.380s] writing list of installed files to '/home/me597/me597-tgobel/ros2_ws/Lab3_ws/build/task_4/install.log'
[1.400s] Invoked command in '/home/me597/me597-tgobel/ros2_ws/Lab3_ws/task_4' returned '0': PYTHONPATH=/home/me597/me597-tgobel/ros2_ws/Lab3_ws/build/task_4/prefix_override:/usr/lib/python3/dist-packages/colcon_core/task/python/colcon_distutils_commands:/home/me597/me597-tgobel/ros2_ws/Lab3_ws/install/task_4/lib/python3.10/site-packages:${PYTHONPATH} /usr/bin/python3 -W ignore:setup.py install is deprecated setup.py egg_info --egg-base ../build/task_4 build --build-base /home/me597/me597-tgobel/ros2_ws/Lab3_ws/build/task_4/build install --record /home/me597/me597-tgobel/ros2_ws/Lab3_ws/build/task_4/install.log --single-version-externally-managed install_data
