[1.039s] Invoking command in '/home/me597/me597-tgobel/ros2_ws/Lab1_ws/task_1': PYTHONPATH=/home/me597/me597-tgobel/ros2_ws/Lab1_ws/build/task_1/prefix_override:/usr/lib/python3/dist-packages/colcon_core/task/python/colcon_distutils_commands:/home/me597/me597-tgobel/ros2_ws/Lab1_ws/install/task_1/lib/python3.10/site-packages:${PYTHONPATH} /usr/bin/python3 -W ignore:setup.py install is deprecated setup.py egg_info --egg-base ../build/task_1 build --build-base /home/me597/me597-tgobel/ros2_ws/Lab1_ws/build/task_1/build install --record /home/me597/me597-tgobel/ros2_ws/Lab1_ws/build/task_1/install.log --single-version-externally-managed install_data
[1.444s] running egg_info
[1.445s] writing ../build/task_1/task_1.egg-info/PKG-INFO
[1.445s] writing dependency_links to ../build/task_1/task_1.egg-info/dependency_links.txt
[1.446s] writing entry points to ../build/task_1/task_1.egg-info/entry_points.txt
[1.448s] writing requirements to ../build/task_1/task_1.egg-info/requires.txt
[1.448s] writing top-level names to ../build/task_1/task_1.egg-info/top_level.txt
[1.450s] reading manifest file '../build/task_1/task_1.egg-info/SOURCES.txt'
[1.450s] adding license file 'LICENSE'
[1.452s] writing manifest file '../build/task_1/task_1.egg-info/SOURCES.txt'
[1.453s] running build
[1.453s] running build_py
[1.453s] copying task_1/my_first_topic.py -> /home/me597/me597-tgobel/ros2_ws/Lab1_ws/build/task_1/build/lib/task_1
[1.453s] copying task_1/my_first_subscriber.py -> /home/me597/me597-tgobel/ros2_ws/Lab1_ws/build/task_1/build/lib/task_1
[1.453s] running install
[1.453s] running install_lib
[1.456s] copying /home/me597/me597-tgobel/ros2_ws/Lab1_ws/build/task_1/build/lib/task_1/my_first_topic.py -> /home/me597/me597-tgobel/ros2_ws/Lab1_ws/install/task_1/lib/python3.10/site-packages/task_1
[1.456s] copying /home/me597/me597-tgobel/ros2_ws/Lab1_ws/build/task_1/build/lib/task_1/my_first_subscriber.py -> /home/me597/me597-tgobel/ros2_ws/Lab1_ws/install/task_1/lib/python3.10/site-packages/task_1
[1.456s] byte-compiling /home/me597/me597-tgobel/ros2_ws/Lab1_ws/install/task_1/lib/python3.10/site-packages/task_1/my_first_topic.py to my_first_topic.cpython-310.pyc
[1.456s] byte-compiling /home/me597/me597-tgobel/ros2_ws/Lab1_ws/install/task_1/lib/python3.10/site-packages/task_1/my_first_subscriber.py to my_first_subscriber.cpython-310.pyc
[1.456s] running install_data
[1.456s] copying package.xml -> /home/me597/me597-tgobel/ros2_ws/Lab1_ws/install/task_1/share/task_1
[1.457s] creating /home/me597/me597-tgobel/ros2_ws/Lab1_ws/install/task_1/share/task_1/launch
[1.457s] copying launch/pub_sub_launch.py -> /home/me597/me597-tgobel/ros2_ws/Lab1_ws/install/task_1/share/task_1/launch
[1.457s] running install_egg_info
[1.462s] removing '/home/me597/me597-tgobel/ros2_ws/Lab1_ws/install/task_1/lib/python3.10/site-packages/task_1-0.0.0-py3.10.egg-info' (and everything under it)
[1.462s] Copying ../build/task_1/task_1.egg-info to /home/me597/me597-tgobel/ros2_ws/Lab1_ws/install/task_1/lib/python3.10/site-packages/task_1-0.0.0-py3.10.egg-info
[1.462s] running install_scripts
[1.489s] Installing listener script to /home/me597/me597-tgobel/ros2_ws/Lab1_ws/install/task_1/lib/task_1
[1.490s] Installing talker script to /home/me597/me597-tgobel/ros2_ws/Lab1_ws/install/task_1/lib/task_1
[1.490s] writing list of installed files to '/home/me597/me597-tgobel/ros2_ws/Lab1_ws/build/task_1/install.log'
[1.519s] Invoked command in '/home/me597/me597-tgobel/ros2_ws/Lab1_ws/task_1' returned '0': PYTHONPATH=/home/me597/me597-tgobel/ros2_ws/Lab1_ws/build/task_1/prefix_override:/usr/lib/python3/dist-packages/colcon_core/task/python/colcon_distutils_commands:/home/me597/me597-tgobel/ros2_ws/Lab1_ws/install/task_1/lib/python3.10/site-packages:${PYTHONPATH} /usr/bin/python3 -W ignore:setup.py install is deprecated setup.py egg_info --egg-base ../build/task_1 build --build-base /home/me597/me597-tgobel/ros2_ws/Lab1_ws/build/task_1/build install --record /home/me597/me597-tgobel/ros2_ws/Lab1_ws/build/task_1/install.log --single-version-externally-managed install_data
