[1.076s] Invoking command in '/home/me597/me597-tgobel/ros2_ws/Lab1_ws/task_2': PYTHONPATH=/home/me597/me597-tgobel/ros2_ws/Lab1_ws/build/task_2/prefix_override:/usr/lib/python3/dist-packages/colcon_core/task/python/colcon_distutils_commands:/home/me597/me597-tgobel/ros2_ws/Lab1_ws/install/task_2/lib/python3.10/site-packages:${PYTHONPATH} /usr/bin/python3 -W ignore:setup.py install is deprecated setup.py egg_info --egg-base ../build/task_2 build --build-base /home/me597/me597-tgobel/ros2_ws/Lab1_ws/build/task_2/build install --record /home/me597/me597-tgobel/ros2_ws/Lab1_ws/build/task_2/install.log --single-version-externally-managed install_data
[1.618s] running egg_info
[1.618s] writing ../build/task_2/task_2.egg-info/PKG-INFO
[1.618s] writing dependency_links to ../build/task_2/task_2.egg-info/dependency_links.txt
[1.618s] writing entry points to ../build/task_2/task_2.egg-info/entry_points.txt
[1.619s] writing requirements to ../build/task_2/task_2.egg-info/requires.txt
[1.619s] writing top-level names to ../build/task_2/task_2.egg-info/top_level.txt
[1.622s] reading manifest file '../build/task_2/task_2.egg-info/SOURCES.txt'
[1.622s] adding license file 'LICENSE'
[1.622s] writing manifest file '../build/task_2/task_2.egg-info/SOURCES.txt'
[1.623s] running build
[1.623s] running build_py
[1.623s] copying task_2/joint_topic_publisher.py -> /home/me597/me597-tgobel/ros2_ws/Lab1_ws/build/task_2/build/lib/task_2
[1.623s] running install
[1.624s] running install_lib
[1.626s] copying /home/me597/me597-tgobel/ros2_ws/Lab1_ws/build/task_2/build/lib/task_2/joint_topic_publisher.py -> /home/me597/me597-tgobel/ros2_ws/Lab1_ws/install/task_2/lib/python3.10/site-packages/task_2
[1.627s] byte-compiling /home/me597/me597-tgobel/ros2_ws/Lab1_ws/install/task_2/lib/python3.10/site-packages/task_2/joint_topic_publisher.py to joint_topic_publisher.cpython-310.pyc
[1.630s] running install_data
[1.630s] running install_egg_info
[1.635s] removing '/home/me597/me597-tgobel/ros2_ws/Lab1_ws/install/task_2/lib/python3.10/site-packages/task_2-0.0.0-py3.10.egg-info' (and everything under it)
[1.636s] Copying ../build/task_2/task_2.egg-info to /home/me597/me597-tgobel/ros2_ws/Lab1_ws/install/task_2/lib/python3.10/site-packages/task_2-0.0.0-py3.10.egg-info
[1.637s] running install_scripts
[1.688s] Installing listener script to /home/me597/me597-tgobel/ros2_ws/Lab1_ws/install/task_2/lib/task_2
[1.689s] Installing talker script to /home/me597/me597-tgobel/ros2_ws/Lab1_ws/install/task_2/lib/task_2
[1.691s] writing list of installed files to '/home/me597/me597-tgobel/ros2_ws/Lab1_ws/build/task_2/install.log'
[1.759s] Invoked command in '/home/me597/me597-tgobel/ros2_ws/Lab1_ws/task_2' returned '0': PYTHONPATH=/home/me597/me597-tgobel/ros2_ws/Lab1_ws/build/task_2/prefix_override:/usr/lib/python3/dist-packages/colcon_core/task/python/colcon_distutils_commands:/home/me597/me597-tgobel/ros2_ws/Lab1_ws/install/task_2/lib/python3.10/site-packages:${PYTHONPATH} /usr/bin/python3 -W ignore:setup.py install is deprecated setup.py egg_info --egg-base ../build/task_2 build --build-base /home/me597/me597-tgobel/ros2_ws/Lab1_ws/build/task_2/build install --record /home/me597/me597-tgobel/ros2_ws/Lab1_ws/build/task_2/install.log --single-version-externally-managed install_data
