[1.018s] Invoking command in '/home/me597/me597-tgobel/ros2_ws/Lab2_ws/task_3': PYTHONPATH=/home/me597/me597-tgobel/ros2_ws/Lab2_ws/build/task_3/prefix_override:/usr/lib/python3/dist-packages/colcon_core/task/python/colcon_distutils_commands:/home/me597/me597-tgobel/ros2_ws/Lab2_ws/install/task_3/lib/python3.10/site-packages:${PYTHONPATH} /usr/bin/python3 -W ignore:setup.py install is deprecated setup.py egg_info --egg-base ../build/task_3 build --build-base /home/me597/me597-tgobel/ros2_ws/Lab2_ws/build/task_3/build install --record /home/me597/me597-tgobel/ros2_ws/Lab2_ws/build/task_3/install.log --single-version-externally-managed install_data
[1.394s] running egg_info
[1.395s] writing ../build/task_3/task_3.egg-info/PKG-INFO
[1.395s] writing dependency_links to ../build/task_3/task_3.egg-info/dependency_links.txt
[1.397s] writing entry points to ../build/task_3/task_3.egg-info/entry_points.txt
[1.397s] writing requirements to ../build/task_3/task_3.egg-info/requires.txt
[1.397s] writing top-level names to ../build/task_3/task_3.egg-info/top_level.txt
[1.399s] reading manifest file '../build/task_3/task_3.egg-info/SOURCES.txt'
[1.400s] writing manifest file '../build/task_3/task_3.egg-info/SOURCES.txt'
[1.400s] running build
[1.401s] running build_py
[1.401s] running install
[1.401s] running install_lib
[1.403s] running install_data
[1.403s] creating /home/me597/me597-tgobel/ros2_ws/Lab2_ws/install/task_3/share/task_3/launch
[1.403s] copying launch/pid_control_launch.py -> /home/me597/me597-tgobel/ros2_ws/Lab2_ws/install/task_3/share/task_3/launch
[1.404s] running install_egg_info
[1.408s] removing '/home/me597/me597-tgobel/ros2_ws/Lab2_ws/install/task_3/lib/python3.10/site-packages/task_3-0.0.0-py3.10.egg-info' (and everything under it)
[1.408s] Copying ../build/task_3/task_3.egg-info to /home/me597/me597-tgobel/ros2_ws/Lab2_ws/install/task_3/lib/python3.10/site-packages/task_3-0.0.0-py3.10.egg-info
[1.410s] running install_scripts
[1.437s] Installing pid_speed_controller script to /home/me597/me597-tgobel/ros2_ws/Lab2_ws/install/task_3/lib/task_3
[1.438s] writing list of installed files to '/home/me597/me597-tgobel/ros2_ws/Lab2_ws/build/task_3/install.log'
[1.473s] Invoked command in '/home/me597/me597-tgobel/ros2_ws/Lab2_ws/task_3' returned '0': PYTHONPATH=/home/me597/me597-tgobel/ros2_ws/Lab2_ws/build/task_3/prefix_override:/usr/lib/python3/dist-packages/colcon_core/task/python/colcon_distutils_commands:/home/me597/me597-tgobel/ros2_ws/Lab2_ws/install/task_3/lib/python3.10/site-packages:${PYTHONPATH} /usr/bin/python3 -W ignore:setup.py install is deprecated setup.py egg_info --egg-base ../build/task_3 build --build-base /home/me597/me597-tgobel/ros2_ws/Lab2_ws/build/task_3/build install --record /home/me597/me597-tgobel/ros2_ws/Lab2_ws/build/task_3/install.log --single-version-externally-managed install_data
