[0.099s] DEBUG:colcon:Command line arguments: ['/usr/bin/colcon', 'build', '--packages-select', 'task_1']
[0.099s] DEBUG:colcon:Parsed command line arguments: Namespace(log_base=None, log_level=None, verb_name='build', build_base='build', install_base='install', merge_install=False, symlink_install=False, test_result_base=None, continue_on_error=False, executor='parallel', parallel_workers=5, event_handlers=None, ignore_user_meta=False, metas=['./colcon.meta'], base_paths=['.'], packages_ignore=None, packages_ignore_regex=None, paths=None, packages_up_to=None, packages_up_to_regex=None, packages_above=None, packages_above_and_dependencies=None, packages_above_depth=None, packages_select_by_dep=None, packages_skip_by_dep=None, packages_skip_up_to=None, packages_select_build_failed=False, packages_skip_build_finished=False, packages_select_test_failures=False, packages_skip_test_passed=False, packages_select=['task_1'], packages_skip=None, packages_select_regex=None, packages_skip_regex=None, packages_start=None, packages_end=None, allow_overriding=[], cmake_args=None, cmake_target=None, cmake_target_skip_unavailable=False, cmake_clean_cache=False, cmake_clean_first=False, cmake_force_configure=False, ament_cmake_args=None, catkin_cmake_args=None, catkin_skip_building_tests=False, mixin_files=None, mixin=None, verb_parser=<colcon_mixin.mixin.mixin_argument.MixinArgumentDecorator object at 0x7b3e430fc9d0>, verb_extension=<colcon_core.verb.build.BuildVerb object at 0x7b3e430c3f10>, main=<bound method BuildVerb.main of <colcon_core.verb.build.BuildVerb object at 0x7b3e430c3f10>>, mixin_verb=('build',))
[0.244s] Level 1:colcon.colcon_core.package_discovery:discover_packages(colcon_meta) check parameters
[0.244s] Level 1:colcon.colcon_core.package_discovery:discover_packages(recursive) check parameters
[0.244s] Level 1:colcon.colcon_core.package_discovery:discover_packages(ignore) check parameters
[0.244s] Level 1:colcon.colcon_core.package_discovery:discover_packages(path) check parameters
[0.244s] Level 1:colcon.colcon_core.package_discovery:discover_packages(colcon_meta) discover
[0.244s] Level 1:colcon.colcon_core.package_discovery:discover_packages(recursive) discover
[0.244s] INFO:colcon.colcon_core.package_discovery:Crawling recursively for packages in '/home/me597/me597-tgobel/ros2_ws/Lab1_ws'
[0.244s] Level 1:colcon.colcon_core.package_identification:_identify(.) by extensions ['ignore', 'ignore_ament_install']
[0.245s] Level 1:colcon.colcon_core.package_identification:_identify(.) by extension 'ignore'
[0.245s] Level 1:colcon.colcon_core.package_identification:_identify(.) by extension 'ignore_ament_install'
[0.245s] Level 1:colcon.colcon_core.package_identification:_identify(.) by extensions ['colcon_pkg']
[0.245s] Level 1:colcon.colcon_core.package_identification:_identify(.) by extension 'colcon_pkg'
[0.245s] Level 1:colcon.colcon_core.package_identification:_identify(.) by extensions ['colcon_meta']
[0.245s] Level 1:colcon.colcon_core.package_identification:_identify(.) by extension 'colcon_meta'
[0.245s] Level 1:colcon.colcon_core.package_identification:_identify(.) by extensions ['ros']
[0.245s] Level 1:colcon.colcon_core.package_identification:_identify(.) by extension 'ros'
[0.255s] Level 1:colcon.colcon_core.package_identification:_identify(.) by extensions ['cmake', 'python']
[0.256s] Level 1:colcon.colcon_core.package_identification:_identify(.) by extension 'cmake'
[0.256s] Level 1:colcon.colcon_core.package_identification:_identify(.) by extension 'python'
[0.256s] Level 1:colcon.colcon_core.package_identification:_identify(.) by extensions ['python_setup_py']
[0.256s] Level 1:colcon.colcon_core.package_identification:_identify(.) by extension 'python_setup_py'
[0.256s] Level 1:colcon.colcon_core.package_identification:_identify(12) by extensions ['ignore', 'ignore_ament_install']
[0.256s] Level 1:colcon.colcon_core.package_identification:_identify(12) by extension 'ignore'
[0.256s] Level 1:colcon.colcon_core.package_identification:_identify(12) by extension 'ignore_ament_install'
[0.256s] Level 1:colcon.colcon_core.package_identification:_identify(12) by extensions ['colcon_pkg']
[0.256s] Level 1:colcon.colcon_core.package_identification:_identify(12) by extension 'colcon_pkg'
[0.256s] Level 1:colcon.colcon_core.package_identification:_identify(12) by extensions ['colcon_meta']
[0.256s] Level 1:colcon.colcon_core.package_identification:_identify(12) by extension 'colcon_meta'
[0.256s] Level 1:colcon.colcon_core.package_identification:_identify(12) by extensions ['ros']
[0.256s] Level 1:colcon.colcon_core.package_identification:_identify(12) by extension 'ros'
[0.257s] Level 1:colcon.colcon_core.package_identification:_identify(12) by extensions ['cmake', 'python']
[0.257s] Level 1:colcon.colcon_core.package_identification:_identify(12) by extension 'cmake'
[0.257s] Level 1:colcon.colcon_core.package_identification:_identify(12) by extension 'python'
[0.257s] Level 1:colcon.colcon_core.package_identification:_identify(12) by extensions ['python_setup_py']
[0.257s] Level 1:colcon.colcon_core.package_identification:_identify(12) by extension 'python_setup_py'
[0.257s] Level 1:colcon.colcon_core.package_identification:_identify(12/bag_files) by extensions ['ignore', 'ignore_ament_install']
[0.257s] Level 1:colcon.colcon_core.package_identification:_identify(12/bag_files) by extension 'ignore'
[0.257s] Level 1:colcon.colcon_core.package_identification:_identify(12/bag_files) by extension 'ignore_ament_install'
[0.257s] Level 1:colcon.colcon_core.package_identification:_identify(12/bag_files) by extensions ['colcon_pkg']
[0.257s] Level 1:colcon.colcon_core.package_identification:_identify(12/bag_files) by extension 'colcon_pkg'
[0.257s] Level 1:colcon.colcon_core.package_identification:_identify(12/bag_files) by extensions ['colcon_meta']
[0.257s] Level 1:colcon.colcon_core.package_identification:_identify(12/bag_files) by extension 'colcon_meta'
[0.257s] Level 1:colcon.colcon_core.package_identification:_identify(12/bag_files) by extensions ['ros']
[0.257s] Level 1:colcon.colcon_core.package_identification:_identify(12/bag_files) by extension 'ros'
[0.257s] Level 1:colcon.colcon_core.package_identification:_identify(12/bag_files) by extensions ['cmake', 'python']
[0.257s] Level 1:colcon.colcon_core.package_identification:_identify(12/bag_files) by extension 'cmake'
[0.257s] Level 1:colcon.colcon_core.package_identification:_identify(12/bag_files) by extension 'python'
[0.257s] Level 1:colcon.colcon_core.package_identification:_identify(12/bag_files) by extensions ['python_setup_py']
[0.257s] Level 1:colcon.colcon_core.package_identification:_identify(12/bag_files) by extension 'python_setup_py'
[0.257s] Level 1:colcon.colcon_core.package_identification:_identify(12/bag_files/task_1) by extensions ['ignore', 'ignore_ament_install']
[0.258s] Level 1:colcon.colcon_core.package_identification:_identify(12/bag_files/task_1) by extension 'ignore'
[0.258s] Level 1:colcon.colcon_core.package_identification:_identify(12/bag_files/task_1) by extension 'ignore_ament_install'
[0.258s] Level 1:colcon.colcon_core.package_identification:_identify(12/bag_files/task_1) by extensions ['colcon_pkg']
[0.258s] Level 1:colcon.colcon_core.package_identification:_identify(12/bag_files/task_1) by extension 'colcon_pkg'
[0.258s] Level 1:colcon.colcon_core.package_identification:_identify(12/bag_files/task_1) by extensions ['colcon_meta']
[0.258s] Level 1:colcon.colcon_core.package_identification:_identify(12/bag_files/task_1) by extension 'colcon_meta'
[0.258s] Level 1:colcon.colcon_core.package_identification:_identify(12/bag_files/task_1) by extensions ['ros']
[0.258s] Level 1:colcon.colcon_core.package_identification:_identify(12/bag_files/task_1) by extension 'ros'
[0.258s] Level 1:colcon.colcon_core.package_identification:_identify(12/bag_files/task_1) by extensions ['cmake', 'python']
[0.258s] Level 1:colcon.colcon_core.package_identification:_identify(12/bag_files/task_1) by extension 'cmake'
[0.258s] Level 1:colcon.colcon_core.package_identification:_identify(12/bag_files/task_1) by extension 'python'
[0.258s] Level 1:colcon.colcon_core.package_identification:_identify(12/bag_files/task_1) by extensions ['python_setup_py']
[0.258s] Level 1:colcon.colcon_core.package_identification:_identify(12/bag_files/task_1) by extension 'python_setup_py'
[0.258s] Level 1:colcon.colcon_core.package_identification:_identify(12/bag_files/task_2) by extensions ['ignore', 'ignore_ament_install']
[0.258s] Level 1:colcon.colcon_core.package_identification:_identify(12/bag_files/task_2) by extension 'ignore'
[0.258s] Level 1:colcon.colcon_core.package_identification:_identify(12/bag_files/task_2) by extension 'ignore_ament_install'
[0.258s] Level 1:colcon.colcon_core.package_identification:_identify(12/bag_files/task_2) by extensions ['colcon_pkg']
[0.258s] Level 1:colcon.colcon_core.package_identification:_identify(12/bag_files/task_2) by extension 'colcon_pkg'
[0.259s] Level 1:colcon.colcon_core.package_identification:_identify(12/bag_files/task_2) by extensions ['colcon_meta']
[0.259s] Level 1:colcon.colcon_core.package_identification:_identify(12/bag_files/task_2) by extension 'colcon_meta'
[0.259s] Level 1:colcon.colcon_core.package_identification:_identify(12/bag_files/task_2) by extensions ['ros']
[0.259s] Level 1:colcon.colcon_core.package_identification:_identify(12/bag_files/task_2) by extension 'ros'
[0.259s] Level 1:colcon.colcon_core.package_identification:_identify(12/bag_files/task_2) by extensions ['cmake', 'python']
[0.259s] Level 1:colcon.colcon_core.package_identification:_identify(12/bag_files/task_2) by extension 'cmake'
[0.259s] Level 1:colcon.colcon_core.package_identification:_identify(12/bag_files/task_2) by extension 'python'
[0.259s] Level 1:colcon.colcon_core.package_identification:_identify(12/bag_files/task_2) by extensions ['python_setup_py']
[0.259s] Level 1:colcon.colcon_core.package_identification:_identify(12/bag_files/task_2) by extension 'python_setup_py'
[0.259s] Level 1:colcon.colcon_core.package_identification:_identify(12/log) by extensions ['ignore', 'ignore_ament_install']
[0.259s] Level 1:colcon.colcon_core.package_identification:_identify(12/log) by extension 'ignore'
[0.259s] Level 1:colcon.colcon_core.package_identification:_identify(12/log) ignored
[0.259s] Level 1:colcon.colcon_core.package_identification:_identify(12/task_1) by extensions ['ignore', 'ignore_ament_install']
[0.259s] Level 1:colcon.colcon_core.package_identification:_identify(12/task_1) by extension 'ignore'
[0.259s] Level 1:colcon.colcon_core.package_identification:_identify(12/task_1) by extension 'ignore_ament_install'
[0.259s] Level 1:colcon.colcon_core.package_identification:_identify(12/task_1) by extensions ['colcon_pkg']
[0.259s] Level 1:colcon.colcon_core.package_identification:_identify(12/task_1) by extension 'colcon_pkg'
[0.259s] Level 1:colcon.colcon_core.package_identification:_identify(12/task_1) by extensions ['colcon_meta']
[0.259s] Level 1:colcon.colcon_core.package_identification:_identify(12/task_1) by extension 'colcon_meta'
[0.260s] Level 1:colcon.colcon_core.package_identification:_identify(12/task_1) by extensions ['ros']
[0.260s] Level 1:colcon.colcon_core.package_identification:_identify(12/task_1) by extension 'ros'
[0.262s] DEBUG:colcon.colcon_core.package_identification:Package '12/task_1' with type 'ros.ament_python' and name 'task_1'
[0.262s] Level 1:colcon.colcon_core.package_identification:_identify(12/task_2) by extensions ['ignore', 'ignore_ament_install']
[0.262s] Level 1:colcon.colcon_core.package_identification:_identify(12/task_2) by extension 'ignore'
[0.262s] Level 1:colcon.colcon_core.package_identification:_identify(12/task_2) by extension 'ignore_ament_install'
[0.262s] Level 1:colcon.colcon_core.package_identification:_identify(12/task_2) by extensions ['colcon_pkg']
[0.262s] Level 1:colcon.colcon_core.package_identification:_identify(12/task_2) by extension 'colcon_pkg'
[0.263s] Level 1:colcon.colcon_core.package_identification:_identify(12/task_2) by extensions ['colcon_meta']
[0.263s] Level 1:colcon.colcon_core.package_identification:_identify(12/task_2) by extension 'colcon_meta'
[0.263s] Level 1:colcon.colcon_core.package_identification:_identify(12/task_2) by extensions ['ros']
[0.263s] Level 1:colcon.colcon_core.package_identification:_identify(12/task_2) by extension 'ros'
[0.263s] DEBUG:colcon.colcon_core.package_identification:Package '12/task_2' with type 'ros.ament_python' and name 'task_2'
[0.263s] Level 1:colcon.colcon_core.package_identification:_identify(12/task_2_interfaces) by extensions ['ignore', 'ignore_ament_install']
[0.263s] Level 1:colcon.colcon_core.package_identification:_identify(12/task_2_interfaces) by extension 'ignore'
[0.263s] Level 1:colcon.colcon_core.package_identification:_identify(12/task_2_interfaces) by extension 'ignore_ament_install'
[0.264s] Level 1:colcon.colcon_core.package_identification:_identify(12/task_2_interfaces) by extensions ['colcon_pkg']
[0.264s] Level 1:colcon.colcon_core.package_identification:_identify(12/task_2_interfaces) by extension 'colcon_pkg'
[0.264s] Level 1:colcon.colcon_core.package_identification:_identify(12/task_2_interfaces) by extensions ['colcon_meta']
[0.264s] Level 1:colcon.colcon_core.package_identification:_identify(12/task_2_interfaces) by extension 'colcon_meta'
[0.264s] Level 1:colcon.colcon_core.package_identification:_identify(12/task_2_interfaces) by extensions ['ros']
[0.264s] Level 1:colcon.colcon_core.package_identification:_identify(12/task_2_interfaces) by extension 'ros'
[0.264s] DEBUG:colcon.colcon_core.package_identification:Package '12/task_2_interfaces' with type 'ros.ament_cmake' and name 'task_2_interfaces'
[0.264s] Level 1:colcon.colcon_core.package_identification:_identify(bag_files) by extensions ['ignore', 'ignore_ament_install']
[0.264s] Level 1:colcon.colcon_core.package_identification:_identify(bag_files) by extension 'ignore'
[0.265s] Level 1:colcon.colcon_core.package_identification:_identify(bag_files) by extension 'ignore_ament_install'
[0.265s] Level 1:colcon.colcon_core.package_identification:_identify(bag_files) by extensions ['colcon_pkg']
[0.265s] Level 1:colcon.colcon_core.package_identification:_identify(bag_files) by extension 'colcon_pkg'
[0.265s] Level 1:colcon.colcon_core.package_identification:_identify(bag_files) by extensions ['colcon_meta']
[0.265s] Level 1:colcon.colcon_core.package_identification:_identify(bag_files) by extension 'colcon_meta'
[0.265s] Level 1:colcon.colcon_core.package_identification:_identify(bag_files) by extensions ['ros']
[0.265s] Level 1:colcon.colcon_core.package_identification:_identify(bag_files) by extension 'ros'
[0.265s] Level 1:colcon.colcon_core.package_identification:_identify(bag_files) by extensions ['cmake', 'python']
[0.265s] Level 1:colcon.colcon_core.package_identification:_identify(bag_files) by extension 'cmake'
[0.265s] Level 1:colcon.colcon_core.package_identification:_identify(bag_files) by extension 'python'
[0.265s] Level 1:colcon.colcon_core.package_identification:_identify(bag_files) by extensions ['python_setup_py']
[0.265s] Level 1:colcon.colcon_core.package_identification:_identify(bag_files) by extension 'python_setup_py'
[0.265s] Level 1:colcon.colcon_core.package_identification:_identify(bag_files/task_1) by extensions ['ignore', 'ignore_ament_install']
[0.265s] Level 1:colcon.colcon_core.package_identification:_identify(bag_files/task_1) by extension 'ignore'
[0.265s] Level 1:colcon.colcon_core.package_identification:_identify(bag_files/task_1) by extension 'ignore_ament_install'
[0.265s] Level 1:colcon.colcon_core.package_identification:_identify(bag_files/task_1) by extensions ['colcon_pkg']
[0.265s] Level 1:colcon.colcon_core.package_identification:_identify(bag_files/task_1) by extension 'colcon_pkg'
[0.266s] Level 1:colcon.colcon_core.package_identification:_identify(bag_files/task_1) by extensions ['colcon_meta']
[0.266s] Level 1:colcon.colcon_core.package_identification:_identify(bag_files/task_1) by extension 'colcon_meta'
[0.266s] Level 1:colcon.colcon_core.package_identification:_identify(bag_files/task_1) by extensions ['ros']
[0.266s] Level 1:colcon.colcon_core.package_identification:_identify(bag_files/task_1) by extension 'ros'
[0.266s] Level 1:colcon.colcon_core.package_identification:_identify(bag_files/task_1) by extensions ['cmake', 'python']
[0.266s] Level 1:colcon.colcon_core.package_identification:_identify(bag_files/task_1) by extension 'cmake'
[0.266s] Level 1:colcon.colcon_core.package_identification:_identify(bag_files/task_1) by extension 'python'
[0.266s] Level 1:colcon.colcon_core.package_identification:_identify(bag_files/task_1) by extensions ['python_setup_py']
[0.266s] Level 1:colcon.colcon_core.package_identification:_identify(bag_files/task_1) by extension 'python_setup_py'
[0.266s] Level 1:colcon.colcon_core.package_identification:_identify(bag_files/task_2) by extensions ['ignore', 'ignore_ament_install']
[0.266s] Level 1:colcon.colcon_core.package_identification:_identify(bag_files/task_2) by extension 'ignore'
[0.266s] Level 1:colcon.colcon_core.package_identification:_identify(bag_files/task_2) by extension 'ignore_ament_install'
[0.266s] Level 1:colcon.colcon_core.package_identification:_identify(bag_files/task_2) by extensions ['colcon_pkg']
[0.266s] Level 1:colcon.colcon_core.package_identification:_identify(bag_files/task_2) by extension 'colcon_pkg'
[0.266s] Level 1:colcon.colcon_core.package_identification:_identify(bag_files/task_2) by extensions ['colcon_meta']
[0.266s] Level 1:colcon.colcon_core.package_identification:_identify(bag_files/task_2) by extension 'colcon_meta'
[0.266s] Level 1:colcon.colcon_core.package_identification:_identify(bag_files/task_2) by extensions ['ros']
[0.266s] Level 1:colcon.colcon_core.package_identification:_identify(bag_files/task_2) by extension 'ros'
[0.266s] Level 1:colcon.colcon_core.package_identification:_identify(bag_files/task_2) by extensions ['cmake', 'python']
[0.267s] Level 1:colcon.colcon_core.package_identification:_identify(bag_files/task_2) by extension 'cmake'
[0.267s] Level 1:colcon.colcon_core.package_identification:_identify(bag_files/task_2) by extension 'python'
[0.267s] Level 1:colcon.colcon_core.package_identification:_identify(bag_files/task_2) by extensions ['python_setup_py']
[0.267s] Level 1:colcon.colcon_core.package_identification:_identify(bag_files/task_2) by extension 'python_setup_py'
[0.267s] Level 1:colcon.colcon_core.package_identification:_identify(build) by extensions ['ignore', 'ignore_ament_install']
[0.267s] Level 1:colcon.colcon_core.package_identification:_identify(build) by extension 'ignore'
[0.267s] Level 1:colcon.colcon_core.package_identification:_identify(build) ignored
[0.267s] Level 1:colcon.colcon_core.package_identification:_identify(install) by extensions ['ignore', 'ignore_ament_install']
[0.267s] Level 1:colcon.colcon_core.package_identification:_identify(install) by extension 'ignore'
[0.267s] Level 1:colcon.colcon_core.package_identification:_identify(install) ignored
[0.267s] Level 1:colcon.colcon_core.package_identification:_identify(log) by extensions ['ignore', 'ignore_ament_install']
[0.267s] Level 1:colcon.colcon_core.package_identification:_identify(log) by extension 'ignore'
[0.267s] Level 1:colcon.colcon_core.package_identification:_identify(log) ignored
[0.267s] Level 1:colcon.colcon_core.package_identification:_identify(task_1) by extensions ['ignore', 'ignore_ament_install']
[0.267s] Level 1:colcon.colcon_core.package_identification:_identify(task_1) by extension 'ignore'
[0.267s] Level 1:colcon.colcon_core.package_identification:_identify(task_1) by extension 'ignore_ament_install'
[0.268s] Level 1:colcon.colcon_core.package_identification:_identify(task_1) by extensions ['colcon_pkg']
[0.268s] Level 1:colcon.colcon_core.package_identification:_identify(task_1) by extension 'colcon_pkg'
[0.268s] Level 1:colcon.colcon_core.package_identification:_identify(task_1) by extensions ['colcon_meta']
[0.268s] Level 1:colcon.colcon_core.package_identification:_identify(task_1) by extension 'colcon_meta'
[0.268s] Level 1:colcon.colcon_core.package_identification:_identify(task_1) by extensions ['ros']
[0.268s] Level 1:colcon.colcon_core.package_identification:_identify(task_1) by extension 'ros'
[0.268s] DEBUG:colcon.colcon_core.package_identification:Package 'task_1' with type 'ros.ament_python' and name 'task_1'
[0.269s] Level 1:colcon.colcon_core.package_identification:_identify(task_2) by extensions ['ignore', 'ignore_ament_install']
[0.269s] Level 1:colcon.colcon_core.package_identification:_identify(task_2) by extension 'ignore'
[0.269s] Level 1:colcon.colcon_core.package_identification:_identify(task_2) by extension 'ignore_ament_install'
[0.269s] Level 1:colcon.colcon_core.package_identification:_identify(task_2) by extensions ['colcon_pkg']
[0.269s] Level 1:colcon.colcon_core.package_identification:_identify(task_2) by extension 'colcon_pkg'
[0.269s] Level 1:colcon.colcon_core.package_identification:_identify(task_2) by extensions ['colcon_meta']
[0.269s] Level 1:colcon.colcon_core.package_identification:_identify(task_2) by extension 'colcon_meta'
[0.269s] Level 1:colcon.colcon_core.package_identification:_identify(task_2) by extensions ['ros']
[0.269s] Level 1:colcon.colcon_core.package_identification:_identify(task_2) by extension 'ros'
[0.269s] DEBUG:colcon.colcon_core.package_identification:Package 'task_2' with type 'ros.ament_python' and name 'task_2'
[0.270s] Level 1:colcon.colcon_core.package_identification:_identify(task_2_interfaces) by extensions ['ignore', 'ignore_ament_install']
[0.270s] Level 1:colcon.colcon_core.package_identification:_identify(task_2_interfaces) by extension 'ignore'
[0.270s] Level 1:colcon.colcon_core.package_identification:_identify(task_2_interfaces) by extension 'ignore_ament_install'
[0.270s] Level 1:colcon.colcon_core.package_identification:_identify(task_2_interfaces) by extensions ['colcon_pkg']
[0.270s] Level 1:colcon.colcon_core.package_identification:_identify(task_2_interfaces) by extension 'colcon_pkg'
[0.270s] Level 1:colcon.colcon_core.package_identification:_identify(task_2_interfaces) by extensions ['colcon_meta']
[0.270s] Level 1:colcon.colcon_core.package_identification:_identify(task_2_interfaces) by extension 'colcon_meta'
[0.270s] Level 1:colcon.colcon_core.package_identification:_identify(task_2_interfaces) by extensions ['ros']
[0.270s] Level 1:colcon.colcon_core.package_identification:_identify(task_2_interfaces) by extension 'ros'
[0.270s] DEBUG:colcon.colcon_core.package_identification:Package 'task_2_interfaces' with type 'ros.ament_cmake' and name 'task_2_interfaces'
[0.271s] Level 1:colcon.colcon_core.package_discovery:discover_packages(recursive) using defaults
[0.271s] Level 1:colcon.colcon_core.package_discovery:discover_packages(ignore) discover
[0.271s] Level 1:colcon.colcon_core.package_discovery:discover_packages(ignore) using defaults
[0.271s] Level 1:colcon.colcon_core.package_discovery:discover_packages(path) discover
[0.271s] Level 1:colcon.colcon_core.package_discovery:discover_packages(path) using defaults
[0.298s] INFO:colcon.colcon_core.package_selection:Skipping not selected package 'task_2_interfaces' in '12/task_2_interfaces'
[0.298s] INFO:colcon.colcon_core.package_selection:Skipping not selected package 'task_2_interfaces' in 'task_2_interfaces'
[0.298s] INFO:colcon.colcon_core.package_selection:Skipping not selected package 'task_2' in '12/task_2'
[0.298s] INFO:colcon.colcon_core.package_selection:Skipping not selected package 'task_2' in 'task_2'
[0.299s] Level 1:colcon.colcon_core.package_discovery:discover_packages(prefix_path) check parameters
[0.299s] Level 1:colcon.colcon_core.package_discovery:discover_packages(prefix_path) discover
[0.300s] DEBUG:colcon.colcon_installed_package_information.package_discovery:Found 2 installed packages in /home/me597/me597-tgobel/ros2_ws/sim_ws/install
[0.301s] DEBUG:colcon.colcon_installed_package_information.package_discovery:Found 355 installed packages in /opt/ros/humble
[0.303s] Level 1:colcon.colcon_core.package_discovery:discover_packages(prefix_path) using defaults
[0.342s] ERROR:colcon:colcon build: Duplicate package names not supported:
- task_1:
  - 12/task_1
  - task_1
