[0.550s] Invoking command in '/home/me597/me597-tgobel/ros2_ws/Lab1_ws/task_2': PYTHONPATH=/home/me597/me597-tgobel/ros2_ws/Lab1_ws/build/task_2/prefix_override:/usr/lib/python3/dist-packages/colcon_core/task/python/colcon_distutils_commands:/home/me597/me597-tgobel/ros2_ws/Lab1_ws/install/task_2/lib/python3.10/site-packages:${PYTHONPATH} /usr/bin/python3 -W ignore:setup.py install is deprecated setup.py egg_info --egg-base ../build/task_2 build --build-base /home/me597/me597-tgobel/ros2_ws/Lab1_ws/build/task_2/build install --record /home/me597/me597-tgobel/ros2_ws/Lab1_ws/build/task_2/install.log --single-version-externally-managed install_data
[0.773s] running egg_info
[0.774s] writing ../build/task_2/task_2.egg-info/PKG-INFO
[0.774s] writing dependency_links to ../build/task_2/task_2.egg-info/dependency_links.txt
[0.774s] writing entry points to ../build/task_2/task_2.egg-info/entry_points.txt
[0.774s] writing requirements to ../build/task_2/task_2.egg-info/requires.txt
[0.774s] writing top-level names to ../build/task_2/task_2.egg-info/top_level.txt
[0.776s] reading manifest file '../build/task_2/task_2.egg-info/SOURCES.txt'
[0.776s] adding license file 'LICENSE'
[0.777s] writing manifest file '../build/task_2/task_2.egg-info/SOURCES.txt'
[0.777s] running build
[0.777s] running build_py
[0.777s] running install
[0.778s] running install_lib
[0.778s] running install_data
[0.778s] running install_egg_info
[0.780s] removing '/home/me597/me597-tgobel/ros2_ws/Lab1_ws/install/task_2/lib/python3.10/site-packages/task_2-0.0.0-py3.10.egg-info' (and everything under it)
[0.780s] Copying ../build/task_2/task_2.egg-info to /home/me597/me597-tgobel/ros2_ws/Lab1_ws/install/task_2/lib/python3.10/site-packages/task_2-0.0.0-py3.10.egg-info
[0.781s] running install_scripts
[0.798s] Installing listener script to /home/me597/me597-tgobel/ros2_ws/Lab1_ws/install/task_2/lib/task_2
[0.799s] Installing talker script to /home/me597/me597-tgobel/ros2_ws/Lab1_ws/install/task_2/lib/task_2
[0.799s] writing list of installed files to '/home/me597/me597-tgobel/ros2_ws/Lab1_ws/build/task_2/install.log'
[0.818s] Invoked command in '/home/me597/me597-tgobel/ros2_ws/Lab1_ws/task_2' returned '0': PYTHONPATH=/home/me597/me597-tgobel/ros2_ws/Lab1_ws/build/task_2/prefix_override:/usr/lib/python3/dist-packages/colcon_core/task/python/colcon_distutils_commands:/home/me597/me597-tgobel/ros2_ws/Lab1_ws/install/task_2/lib/python3.10/site-packages:${PYTHONPATH} /usr/bin/python3 -W ignore:setup.py install is deprecated setup.py egg_info --egg-base ../build/task_2 build --build-base /home/me597/me597-tgobel/ros2_ws/Lab1_ws/build/task_2/build install --record /home/me597/me597-tgobel/ros2_ws/Lab1_ws/build/task_2/install.log --single-version-externally-managed install_data
