running egg_info
writing ../build/task_1/task_1.egg-info/PKG-INFO
writing dependency_links to ../build/task_1/task_1.egg-info/dependency_links.txt
writing entry points to ../build/task_1/task_1.egg-info/entry_points.txt
writing requirements to ../build/task_1/task_1.egg-info/requires.txt
writing top-level names to ../build/task_1/task_1.egg-info/top_level.txt
reading manifest file '../build/task_1/task_1.egg-info/SOURCES.txt'
adding license file 'LICENSE'
writing manifest file '../build/task_1/task_1.egg-info/SOURCES.txt'
running build
running build_py
copying task_1/my_first_topic.py -> /home/me597/me597-tgobel/ros2_ws/Lab1_ws/build/task_1/build/lib/task_1
copying task_1/my_first_subscriber.py -> /home/me597/me597-tgobel/ros2_ws/Lab1_ws/build/task_1/build/lib/task_1
running install
running install_lib
copying /home/me597/me597-tgobel/ros2_ws/Lab1_ws/build/task_1/build/lib/task_1/my_first_topic.py -> /home/me597/me597-tgobel/ros2_ws/Lab1_ws/install/task_1/lib/python3.10/site-packages/task_1
copying /home/me597/me597-tgobel/ros2_ws/Lab1_ws/build/task_1/build/lib/task_1/my_first_subscriber.py -> /home/me597/me597-tgobel/ros2_ws/Lab1_ws/install/task_1/lib/python3.10/site-packages/task_1
byte-compiling /home/me597/me597-tgobel/ros2_ws/Lab1_ws/install/task_1/lib/python3.10/site-packages/task_1/my_first_topic.py to my_first_topic.cpython-310.pyc
byte-compiling /home/me597/me597-tgobel/ros2_ws/Lab1_ws/install/task_1/lib/python3.10/site-packages/task_1/my_first_subscriber.py to my_first_subscriber.cpython-310.pyc
running install_data
running install_egg_info
removing '/home/me597/me597-tgobel/ros2_ws/Lab1_ws/install/task_1/lib/python3.10/site-packages/task_1-0.0.0-py3.10.egg-info' (and everything under it)
Copying ../build/task_1/task_1.egg-info to /home/me597/me597-tgobel/ros2_ws/Lab1_ws/install/task_1/lib/python3.10/site-packages/task_1-0.0.0-py3.10.egg-info
running install_scripts
Installing listener script to /home/me597/me597-tgobel/ros2_ws/Lab1_ws/install/task_1/lib/task_1
Installing talker script to /home/me597/me597-tgobel/ros2_ws/Lab1_ws/install/task_1/lib/task_1
writing list of installed files to '/home/me597/me597-tgobel/ros2_ws/Lab1_ws/build/task_1/install.log'
