[0.103s] DEBUG:colcon:Command line arguments: ['/usr/bin/colcon', 'build']
[0.103s] DEBUG:colcon:Parsed command line arguments: Namespace(log_base=None, log_level=None, verb_name='build', build_base='build', install_base='install', merge_install=False, symlink_install=False, test_result_base=None, continue_on_error=False, executor='parallel', parallel_workers=5, event_handlers=None, ignore_user_meta=False, metas=['./colcon.meta'], base_paths=['.'], packages_ignore=None, packages_ignore_regex=None, paths=None, packages_up_to=None, packages_up_to_regex=None, packages_above=None, packages_above_and_dependencies=None, packages_above_depth=None, packages_select_by_dep=None, packages_skip_by_dep=None, packages_skip_up_to=None, packages_select_build_failed=False, packages_skip_build_finished=False, packages_select_test_failures=False, packages_skip_test_passed=False, packages_select=None, packages_skip=None, packages_select_regex=None, packages_skip_regex=None, packages_start=None, packages_end=None, allow_overriding=[], cmake_args=None, cmake_target=None, cmake_target_skip_unavailable=False, cmake_clean_cache=False, cmake_clean_first=False, cmake_force_configure=False, ament_cmake_args=None, catkin_cmake_args=None, catkin_skip_building_tests=False, mixin_files=None, mixin=None, verb_parser=<colcon_mixin.mixin.mixin_argument.MixinArgumentDecorator object at 0x70971f068340>, verb_extension=<colcon_core.verb.build.BuildVerb object at 0x70971f178b80>, main=<bound method BuildVerb.main of <colcon_core.verb.build.BuildVerb object at 0x70971f178b80>>, mixin_verb=('build',))
[0.261s] Level 1:colcon.colcon_core.package_discovery:discover_packages(colcon_meta) check parameters
[0.262s] Level 1:colcon.colcon_core.package_discovery:discover_packages(recursive) check parameters
[0.262s] Level 1:colcon.colcon_core.package_discovery:discover_packages(ignore) check parameters
[0.262s] Level 1:colcon.colcon_core.package_discovery:discover_packages(path) check parameters
[0.262s] Level 1:colcon.colcon_core.package_discovery:discover_packages(colcon_meta) discover
[0.262s] Level 1:colcon.colcon_core.package_discovery:discover_packages(recursive) discover
[0.262s] INFO:colcon.colcon_core.package_discovery:Crawling recursively for packages in '/home/me597/me597-tgobel/ros2_ws/Lab1_ws'
[0.262s] Level 1:colcon.colcon_core.package_identification:_identify(.) by extensions ['ignore', 'ignore_ament_install']
[0.262s] Level 1:colcon.colcon_core.package_identification:_identify(.) by extension 'ignore'
[0.262s] Level 1:colcon.colcon_core.package_identification:_identify(.) by extension 'ignore_ament_install'
[0.262s] Level 1:colcon.colcon_core.package_identification:_identify(.) by extensions ['colcon_pkg']
[0.262s] Level 1:colcon.colcon_core.package_identification:_identify(.) by extension 'colcon_pkg'
[0.262s] Level 1:colcon.colcon_core.package_identification:_identify(.) by extensions ['colcon_meta']
[0.262s] Level 1:colcon.colcon_core.package_identification:_identify(.) by extension 'colcon_meta'
[0.263s] Level 1:colcon.colcon_core.package_identification:_identify(.) by extensions ['ros']
[0.263s] Level 1:colcon.colcon_core.package_identification:_identify(.) by extension 'ros'
[0.273s] Level 1:colcon.colcon_core.package_identification:_identify(.) by extensions ['cmake', 'python']
[0.273s] Level 1:colcon.colcon_core.package_identification:_identify(.) by extension 'cmake'
[0.273s] Level 1:colcon.colcon_core.package_identification:_identify(.) by extension 'python'
[0.273s] Level 1:colcon.colcon_core.package_identification:_identify(.) by extensions ['python_setup_py']
[0.273s] Level 1:colcon.colcon_core.package_identification:_identify(.) by extension 'python_setup_py'
[0.273s] Level 1:colcon.colcon_core.package_identification:_identify(bag_files) by extensions ['ignore', 'ignore_ament_install']
[0.273s] Level 1:colcon.colcon_core.package_identification:_identify(bag_files) by extension 'ignore'
[0.273s] Level 1:colcon.colcon_core.package_identification:_identify(bag_files) by extension 'ignore_ament_install'
[0.274s] Level 1:colcon.colcon_core.package_identification:_identify(bag_files) by extensions ['colcon_pkg']
[0.274s] Level 1:colcon.colcon_core.package_identification:_identify(bag_files) by extension 'colcon_pkg'
[0.274s] Level 1:colcon.colcon_core.package_identification:_identify(bag_files) by extensions ['colcon_meta']
[0.274s] Level 1:colcon.colcon_core.package_identification:_identify(bag_files) by extension 'colcon_meta'
[0.274s] Level 1:colcon.colcon_core.package_identification:_identify(bag_files) by extensions ['ros']
[0.274s] Level 1:colcon.colcon_core.package_identification:_identify(bag_files) by extension 'ros'
[0.274s] Level 1:colcon.colcon_core.package_identification:_identify(bag_files) by extensions ['cmake', 'python']
[0.274s] Level 1:colcon.colcon_core.package_identification:_identify(bag_files) by extension 'cmake'
[0.274s] Level 1:colcon.colcon_core.package_identification:_identify(bag_files) by extension 'python'
[0.274s] Level 1:colcon.colcon_core.package_identification:_identify(bag_files) by extensions ['python_setup_py']
[0.274s] Level 1:colcon.colcon_core.package_identification:_identify(bag_files) by extension 'python_setup_py'
[0.274s] Level 1:colcon.colcon_core.package_identification:_identify(bag_files/task_1) by extensions ['ignore', 'ignore_ament_install']
[0.274s] Level 1:colcon.colcon_core.package_identification:_identify(bag_files/task_1) by extension 'ignore'
[0.274s] Level 1:colcon.colcon_core.package_identification:_identify(bag_files/task_1) by extension 'ignore_ament_install'
[0.274s] Level 1:colcon.colcon_core.package_identification:_identify(bag_files/task_1) by extensions ['colcon_pkg']
[0.274s] Level 1:colcon.colcon_core.package_identification:_identify(bag_files/task_1) by extension 'colcon_pkg'
[0.274s] Level 1:colcon.colcon_core.package_identification:_identify(bag_files/task_1) by extensions ['colcon_meta']
[0.274s] Level 1:colcon.colcon_core.package_identification:_identify(bag_files/task_1) by extension 'colcon_meta'
[0.274s] Level 1:colcon.colcon_core.package_identification:_identify(bag_files/task_1) by extensions ['ros']
[0.275s] Level 1:colcon.colcon_core.package_identification:_identify(bag_files/task_1) by extension 'ros'
[0.275s] Level 1:colcon.colcon_core.package_identification:_identify(bag_files/task_1) by extensions ['cmake', 'python']
[0.275s] Level 1:colcon.colcon_core.package_identification:_identify(bag_files/task_1) by extension 'cmake'
[0.275s] Level 1:colcon.colcon_core.package_identification:_identify(bag_files/task_1) by extension 'python'
[0.275s] Level 1:colcon.colcon_core.package_identification:_identify(bag_files/task_1) by extensions ['python_setup_py']
[0.275s] Level 1:colcon.colcon_core.package_identification:_identify(bag_files/task_1) by extension 'python_setup_py'
[0.275s] Level 1:colcon.colcon_core.package_identification:_identify(build) by extensions ['ignore', 'ignore_ament_install']
[0.275s] Level 1:colcon.colcon_core.package_identification:_identify(build) by extension 'ignore'
[0.275s] Level 1:colcon.colcon_core.package_identification:_identify(build) ignored
[0.275s] Level 1:colcon.colcon_core.package_identification:_identify(install) by extensions ['ignore', 'ignore_ament_install']
[0.275s] Level 1:colcon.colcon_core.package_identification:_identify(install) by extension 'ignore'
[0.275s] Level 1:colcon.colcon_core.package_identification:_identify(install) ignored
[0.275s] Level 1:colcon.colcon_core.package_identification:_identify(log) by extensions ['ignore', 'ignore_ament_install']
[0.276s] Level 1:colcon.colcon_core.package_identification:_identify(log) by extension 'ignore'
[0.276s] Level 1:colcon.colcon_core.package_identification:_identify(log) ignored
[0.276s] Level 1:colcon.colcon_core.package_identification:_identify(task_1) by extensions ['ignore', 'ignore_ament_install']
[0.276s] Level 1:colcon.colcon_core.package_identification:_identify(task_1) by extension 'ignore'
[0.276s] Level 1:colcon.colcon_core.package_identification:_identify(task_1) by extension 'ignore_ament_install'
[0.276s] Level 1:colcon.colcon_core.package_identification:_identify(task_1) by extensions ['colcon_pkg']
[0.276s] Level 1:colcon.colcon_core.package_identification:_identify(task_1) by extension 'colcon_pkg'
[0.276s] Level 1:colcon.colcon_core.package_identification:_identify(task_1) by extensions ['colcon_meta']
[0.276s] Level 1:colcon.colcon_core.package_identification:_identify(task_1) by extension 'colcon_meta'
[0.276s] Level 1:colcon.colcon_core.package_identification:_identify(task_1) by extensions ['ros']
[0.276s] Level 1:colcon.colcon_core.package_identification:_identify(task_1) by extension 'ros'
[0.278s] DEBUG:colcon.colcon_core.package_identification:Package 'task_1' with type 'ros.ament_python' and name 'task_1'
[0.278s] Level 1:colcon.colcon_core.package_identification:_identify(task_2) by extensions ['ignore', 'ignore_ament_install']
[0.278s] Level 1:colcon.colcon_core.package_identification:_identify(task_2) by extension 'ignore'
[0.279s] Level 1:colcon.colcon_core.package_identification:_identify(task_2) by extension 'ignore_ament_install'
[0.279s] Level 1:colcon.colcon_core.package_identification:_identify(task_2) by extensions ['colcon_pkg']
[0.279s] Level 1:colcon.colcon_core.package_identification:_identify(task_2) by extension 'colcon_pkg'
[0.279s] Level 1:colcon.colcon_core.package_identification:_identify(task_2) by extensions ['colcon_meta']
[0.279s] Level 1:colcon.colcon_core.package_identification:_identify(task_2) by extension 'colcon_meta'
[0.279s] Level 1:colcon.colcon_core.package_identification:_identify(task_2) by extensions ['ros']
[0.279s] Level 1:colcon.colcon_core.package_identification:_identify(task_2) by extension 'ros'
[0.279s] DEBUG:colcon.colcon_core.package_identification:Package 'task_2' with type 'ros.ament_python' and name 'task_2'
[0.280s] Level 1:colcon.colcon_core.package_identification:_identify(task_2_interfaces) by extensions ['ignore', 'ignore_ament_install']
[0.280s] Level 1:colcon.colcon_core.package_identification:_identify(task_2_interfaces) by extension 'ignore'
[0.280s] Level 1:colcon.colcon_core.package_identification:_identify(task_2_interfaces) by extension 'ignore_ament_install'
[0.280s] Level 1:colcon.colcon_core.package_identification:_identify(task_2_interfaces) by extensions ['colcon_pkg']
[0.280s] Level 1:colcon.colcon_core.package_identification:_identify(task_2_interfaces) by extension 'colcon_pkg'
[0.280s] Level 1:colcon.colcon_core.package_identification:_identify(task_2_interfaces) by extensions ['colcon_meta']
[0.280s] Level 1:colcon.colcon_core.package_identification:_identify(task_2_interfaces) by extension 'colcon_meta'
[0.280s] Level 1:colcon.colcon_core.package_identification:_identify(task_2_interfaces) by extensions ['ros']
[0.280s] Level 1:colcon.colcon_core.package_identification:_identify(task_2_interfaces) by extension 'ros'
[0.280s] DEBUG:colcon.colcon_core.package_identification:Package 'task_2_interfaces' with type 'ros.ament_cmake' and name 'task_2_interfaces'
[0.281s] Level 1:colcon.colcon_core.package_discovery:discover_packages(recursive) using defaults
[0.281s] Level 1:colcon.colcon_core.package_discovery:discover_packages(ignore) discover
[0.281s] Level 1:colcon.colcon_core.package_discovery:discover_packages(ignore) using defaults
[0.281s] Level 1:colcon.colcon_core.package_discovery:discover_packages(path) discover
[0.281s] Level 1:colcon.colcon_core.package_discovery:discover_packages(path) using defaults
[0.298s] Level 1:colcon.colcon_core.package_discovery:discover_packages(prefix_path) check parameters
[0.298s] Level 1:colcon.colcon_core.package_discovery:discover_packages(prefix_path) discover
[0.301s] DEBUG:colcon.colcon_installed_package_information.package_discovery:Found 345 installed packages in /opt/ros/humble
[0.313s] Level 1:colcon.colcon_core.package_discovery:discover_packages(prefix_path) using defaults
[0.365s] Level 5:colcon.colcon_core.verb:set package 'task_1' build argument 'cmake_args' from command line to 'None'
[0.365s] Level 5:colcon.colcon_core.verb:set package 'task_1' build argument 'cmake_target' from command line to 'None'
[0.365s] Level 5:colcon.colcon_core.verb:set package 'task_1' build argument 'cmake_target_skip_unavailable' from command line to 'False'
[0.365s] Level 5:colcon.colcon_core.verb:set package 'task_1' build argument 'cmake_clean_cache' from command line to 'False'
[0.365s] Level 5:colcon.colcon_core.verb:set package 'task_1' build argument 'cmake_clean_first' from command line to 'False'
[0.365s] Level 5:colcon.colcon_core.verb:set package 'task_1' build argument 'cmake_force_configure' from command line to 'False'
[0.365s] Level 5:colcon.colcon_core.verb:set package 'task_1' build argument 'ament_cmake_args' from command line to 'None'
[0.365s] Level 5:colcon.colcon_core.verb:set package 'task_1' build argument 'catkin_cmake_args' from command line to 'None'
[0.365s] Level 5:colcon.colcon_core.verb:set package 'task_1' build argument 'catkin_skip_building_tests' from command line to 'False'
[0.365s] DEBUG:colcon.colcon_core.verb:Building package 'task_1' with the following arguments: {'ament_cmake_args': None, 'build_base': '/home/me597/me597-tgobel/ros2_ws/Lab1_ws/build/task_1', 'catkin_cmake_args': None, 'catkin_skip_building_tests': False, 'cmake_args': None, 'cmake_clean_cache': False, 'cmake_clean_first': False, 'cmake_force_configure': False, 'cmake_target': None, 'cmake_target_skip_unavailable': False, 'install_base': '/home/me597/me597-tgobel/ros2_ws/Lab1_ws/install/task_1', 'merge_install': False, 'path': '/home/me597/me597-tgobel/ros2_ws/Lab1_ws/task_1', 'symlink_install': False, 'test_result_base': None}
[0.366s] Level 5:colcon.colcon_core.verb:set package 'task_2_interfaces' build argument 'cmake_args' from command line to 'None'
[0.366s] Level 5:colcon.colcon_core.verb:set package 'task_2_interfaces' build argument 'cmake_target' from command line to 'None'
[0.366s] Level 5:colcon.colcon_core.verb:set package 'task_2_interfaces' build argument 'cmake_target_skip_unavailable' from command line to 'False'
[0.366s] Level 5:colcon.colcon_core.verb:set package 'task_2_interfaces' build argument 'cmake_clean_cache' from command line to 'False'
[0.366s] Level 5:colcon.colcon_core.verb:set package 'task_2_interfaces' build argument 'cmake_clean_first' from command line to 'False'
[0.366s] Level 5:colcon.colcon_core.verb:set package 'task_2_interfaces' build argument 'cmake_force_configure' from command line to 'False'
[0.366s] Level 5:colcon.colcon_core.verb:set package 'task_2_interfaces' build argument 'ament_cmake_args' from command line to 'None'
[0.366s] Level 5:colcon.colcon_core.verb:set package 'task_2_interfaces' build argument 'catkin_cmake_args' from command line to 'None'
[0.366s] Level 5:colcon.colcon_core.verb:set package 'task_2_interfaces' build argument 'catkin_skip_building_tests' from command line to 'False'
[0.366s] DEBUG:colcon.colcon_core.verb:Building package 'task_2_interfaces' with the following arguments: {'ament_cmake_args': None, 'build_base': '/home/me597/me597-tgobel/ros2_ws/Lab1_ws/build/task_2_interfaces', 'catkin_cmake_args': None, 'catkin_skip_building_tests': False, 'cmake_args': None, 'cmake_clean_cache': False, 'cmake_clean_first': False, 'cmake_force_configure': False, 'cmake_target': None, 'cmake_target_skip_unavailable': False, 'install_base': '/home/me597/me597-tgobel/ros2_ws/Lab1_ws/install/task_2_interfaces', 'merge_install': False, 'path': '/home/me597/me597-tgobel/ros2_ws/Lab1_ws/task_2_interfaces', 'symlink_install': False, 'test_result_base': None}
[0.367s] Level 5:colcon.colcon_core.verb:set package 'task_2' build argument 'cmake_args' from command line to 'None'
[0.367s] Level 5:colcon.colcon_core.verb:set package 'task_2' build argument 'cmake_target' from command line to 'None'
[0.367s] Level 5:colcon.colcon_core.verb:set package 'task_2' build argument 'cmake_target_skip_unavailable' from command line to 'False'
[0.367s] Level 5:colcon.colcon_core.verb:set package 'task_2' build argument 'cmake_clean_cache' from command line to 'False'
[0.367s] Level 5:colcon.colcon_core.verb:set package 'task_2' build argument 'cmake_clean_first' from command line to 'False'
[0.367s] Level 5:colcon.colcon_core.verb:set package 'task_2' build argument 'cmake_force_configure' from command line to 'False'
[0.367s] Level 5:colcon.colcon_core.verb:set package 'task_2' build argument 'ament_cmake_args' from command line to 'None'
[0.367s] Level 5:colcon.colcon_core.verb:set package 'task_2' build argument 'catkin_cmake_args' from command line to 'None'
[0.367s] Level 5:colcon.colcon_core.verb:set package 'task_2' build argument 'catkin_skip_building_tests' from command line to 'False'
[0.367s] DEBUG:colcon.colcon_core.verb:Building package 'task_2' with the following arguments: {'ament_cmake_args': None, 'build_base': '/home/me597/me597-tgobel/ros2_ws/Lab1_ws/build/task_2', 'catkin_cmake_args': None, 'catkin_skip_building_tests': False, 'cmake_args': None, 'cmake_clean_cache': False, 'cmake_clean_first': False, 'cmake_force_configure': False, 'cmake_target': None, 'cmake_target_skip_unavailable': False, 'install_base': '/home/me597/me597-tgobel/ros2_ws/Lab1_ws/install/task_2', 'merge_install': False, 'path': '/home/me597/me597-tgobel/ros2_ws/Lab1_ws/task_2', 'symlink_install': False, 'test_result_base': None}
[0.367s] INFO:colcon.colcon_core.executor:Executing jobs using 'parallel' executor
[0.369s] DEBUG:colcon.colcon_parallel_executor.executor.parallel:run_until_complete
[0.369s] INFO:colcon.colcon_ros.task.ament_cmake.build:Building ROS package in '/home/me597/me597-tgobel/ros2_ws/Lab1_ws/task_2_interfaces' with build type 'ament_cmake'
[0.370s] INFO:colcon.colcon_cmake.task.cmake.build:Building CMake package in '/home/me597/me597-tgobel/ros2_ws/Lab1_ws/task_2_interfaces'
[0.371s] INFO:colcon.colcon_core.plugin_system:Skipping extension 'colcon_core.shell.bat': Not used on non-Windows systems
[0.372s] INFO:colcon.colcon_core.shell:Skip shell extension 'powershell' for command environment: Not usable outside of PowerShell
[0.372s] DEBUG:colcon.colcon_core.shell:Skip shell extension 'dsv' for command environment
[0.375s] INFO:colcon.colcon_ros.task.ament_python.build:Building ROS package in '/home/me597/me597-tgobel/ros2_ws/Lab1_ws/task_1' with build type 'ament_python'
[0.375s] Level 1:colcon.colcon_core.shell:create_environment_hook('task_1', 'ament_prefix_path')
[0.376s] INFO:colcon.colcon_core.shell:Creating environment hook '/home/me597/me597-tgobel/ros2_ws/Lab1_ws/install/task_1/share/task_1/hook/ament_prefix_path.ps1'
[0.377s] INFO:colcon.colcon_core.shell:Creating environment descriptor '/home/me597/me597-tgobel/ros2_ws/Lab1_ws/install/task_1/share/task_1/hook/ament_prefix_path.dsv'
[0.377s] INFO:colcon.colcon_core.shell:Creating environment hook '/home/me597/me597-tgobel/ros2_ws/Lab1_ws/install/task_1/share/task_1/hook/ament_prefix_path.sh'
[0.378s] INFO:colcon.colcon_core.shell:Skip shell extension 'powershell' for command environment: Not usable outside of PowerShell
[0.378s] DEBUG:colcon.colcon_core.shell:Skip shell extension 'dsv' for command environment
[0.389s] DEBUG:colcon.colcon_core.event_handler.log_command:Invoking command in '/home/me597/me597-tgobel/ros2_ws/Lab1_ws/build/task_2_interfaces': CMAKE_PREFIX_PATH=/opt/ros/humble /usr/bin/cmake --build /home/me597/me597-tgobel/ros2_ws/Lab1_ws/build/task_2_interfaces -- -j5 -l5
[0.667s] INFO:colcon.colcon_core.task.python.build:Building Python package in '/home/me597/me597-tgobel/ros2_ws/Lab1_ws/task_1'
[0.668s] INFO:colcon.colcon_core.shell:Skip shell extension 'powershell' for command environment: Not usable outside of PowerShell
[0.668s] DEBUG:colcon.colcon_core.shell:Skip shell extension 'dsv' for command environment
[0.812s] DEBUG:colcon.colcon_core.event_handler.log_command:Invoked command in '/home/me597/me597-tgobel/ros2_ws/Lab1_ws/build/task_2_interfaces' returned '0': CMAKE_PREFIX_PATH=/opt/ros/humble /usr/bin/cmake --build /home/me597/me597-tgobel/ros2_ws/Lab1_ws/build/task_2_interfaces -- -j5 -l5
[0.890s] DEBUG:colcon.colcon_core.event_handler.log_command:Invoking command in '/home/me597/me597-tgobel/ros2_ws/Lab1_ws/build/task_2_interfaces': CMAKE_PREFIX_PATH=/opt/ros/humble /usr/bin/cmake --install /home/me597/me597-tgobel/ros2_ws/Lab1_ws/build/task_2_interfaces
[0.966s] Level 1:colcon.colcon_core.environment:create_environment_scripts_only(task_2_interfaces)
[0.967s] DEBUG:colcon.colcon_core.event_handler.log_command:Invoked command in '/home/me597/me597-tgobel/ros2_ws/Lab1_ws/build/task_2_interfaces' returned '0': CMAKE_PREFIX_PATH=/opt/ros/humble /usr/bin/cmake --install /home/me597/me597-tgobel/ros2_ws/Lab1_ws/build/task_2_interfaces
[0.969s] Level 1:colcon.colcon_core.environment:checking '/home/me597/me597-tgobel/ros2_ws/Lab1_ws/install/task_2_interfaces' for CMake module files
[0.969s] Level 1:colcon.colcon_core.environment:checking '/home/me597/me597-tgobel/ros2_ws/Lab1_ws/install/task_2_interfaces' for CMake config files
[0.970s] Level 1:colcon.colcon_core.shell:create_environment_hook('task_2_interfaces', 'cmake_prefix_path')
[0.970s] INFO:colcon.colcon_core.shell:Creating environment hook '/home/me597/me597-tgobel/ros2_ws/Lab1_ws/install/task_2_interfaces/share/task_2_interfaces/hook/cmake_prefix_path.ps1'
[0.979s] INFO:colcon.colcon_core.shell:Creating environment descriptor '/home/me597/me597-tgobel/ros2_ws/Lab1_ws/install/task_2_interfaces/share/task_2_interfaces/hook/cmake_prefix_path.dsv'
[0.979s] INFO:colcon.colcon_core.shell:Creating environment hook '/home/me597/me597-tgobel/ros2_ws/Lab1_ws/install/task_2_interfaces/share/task_2_interfaces/hook/cmake_prefix_path.sh'
[0.980s] Level 1:colcon.colcon_core.environment:checking '/home/me597/me597-tgobel/ros2_ws/Lab1_ws/install/task_2_interfaces/lib'
[0.980s] Level 1:colcon.colcon_core.shell:create_environment_hook('task_2_interfaces', 'ld_library_path_lib')
[0.980s] INFO:colcon.colcon_core.shell:Creating environment hook '/home/me597/me597-tgobel/ros2_ws/Lab1_ws/install/task_2_interfaces/share/task_2_interfaces/hook/ld_library_path_lib.ps1'
[0.981s] INFO:colcon.colcon_core.shell:Creating environment descriptor '/home/me597/me597-tgobel/ros2_ws/Lab1_ws/install/task_2_interfaces/share/task_2_interfaces/hook/ld_library_path_lib.dsv'
[0.981s] INFO:colcon.colcon_core.shell:Creating environment hook '/home/me597/me597-tgobel/ros2_ws/Lab1_ws/install/task_2_interfaces/share/task_2_interfaces/hook/ld_library_path_lib.sh'
[0.983s] Level 1:colcon.colcon_core.environment:checking '/home/me597/me597-tgobel/ros2_ws/Lab1_ws/install/task_2_interfaces/bin'
[0.983s] Level 1:colcon.colcon_core.environment:checking '/home/me597/me597-tgobel/ros2_ws/Lab1_ws/install/task_2_interfaces/lib/pkgconfig/task_2_interfaces.pc'
[0.983s] Level 1:colcon.colcon_core.environment:checking '/home/me597/me597-tgobel/ros2_ws/Lab1_ws/install/task_2_interfaces/lib/python3.10/site-packages'
[0.984s] Level 1:colcon.colcon_core.environment:checking '/home/me597/me597-tgobel/ros2_ws/Lab1_ws/install/task_2_interfaces/bin'
[0.984s] INFO:colcon.colcon_core.shell:Creating package script '/home/me597/me597-tgobel/ros2_ws/Lab1_ws/install/task_2_interfaces/share/task_2_interfaces/package.ps1'
[0.985s] INFO:colcon.colcon_core.shell:Creating package descriptor '/home/me597/me597-tgobel/ros2_ws/Lab1_ws/install/task_2_interfaces/share/task_2_interfaces/package.dsv'
[0.985s] INFO:colcon.colcon_core.shell:Creating package script '/home/me597/me597-tgobel/ros2_ws/Lab1_ws/install/task_2_interfaces/share/task_2_interfaces/package.sh'
[0.986s] INFO:colcon.colcon_core.shell:Creating package script '/home/me597/me597-tgobel/ros2_ws/Lab1_ws/install/task_2_interfaces/share/task_2_interfaces/package.bash'
[0.987s] INFO:colcon.colcon_core.shell:Creating package script '/home/me597/me597-tgobel/ros2_ws/Lab1_ws/install/task_2_interfaces/share/task_2_interfaces/package.zsh'
[0.987s] Level 1:colcon.colcon_core.environment:create_file_with_runtime_dependencies(/home/me597/me597-tgobel/ros2_ws/Lab1_ws/install/task_2_interfaces/share/colcon-core/packages/task_2_interfaces)
[1.010s] DEBUG:colcon.colcon_core.event_handler.log_command:Invoking command in '/home/me597/me597-tgobel/ros2_ws/Lab1_ws/task_1': PYTHONPATH=/home/me597/me597-tgobel/ros2_ws/Lab1_ws/build/task_1/prefix_override:/usr/lib/python3/dist-packages/colcon_core/task/python/colcon_distutils_commands:/home/me597/me597-tgobel/ros2_ws/Lab1_ws/install/task_1/lib/python3.10/site-packages:${PYTHONPATH} /usr/bin/python3 -W ignore:setup.py install is deprecated setup.py egg_info --egg-base ../build/task_1 build --build-base /home/me597/me597-tgobel/ros2_ws/Lab1_ws/build/task_1/build install --record /home/me597/me597-tgobel/ros2_ws/Lab1_ws/build/task_1/install.log --single-version-externally-managed install_data
[1.061s] Level 1:colcon.colcon_core.environment:create_environment_scripts_only(task_2_interfaces)
[1.061s] Level 1:colcon.colcon_core.environment:checking '/home/me597/me597-tgobel/ros2_ws/Lab1_ws/install/task_2_interfaces' for CMake module files
[1.062s] Level 1:colcon.colcon_core.environment:checking '/home/me597/me597-tgobel/ros2_ws/Lab1_ws/install/task_2_interfaces' for CMake config files
[1.062s] Level 1:colcon.colcon_core.shell:create_environment_hook('task_2_interfaces', 'cmake_prefix_path')
[1.063s] INFO:colcon.colcon_core.shell:Creating environment hook '/home/me597/me597-tgobel/ros2_ws/Lab1_ws/install/task_2_interfaces/share/task_2_interfaces/hook/cmake_prefix_path.ps1'
[1.063s] INFO:colcon.colcon_core.shell:Creating environment descriptor '/home/me597/me597-tgobel/ros2_ws/Lab1_ws/install/task_2_interfaces/share/task_2_interfaces/hook/cmake_prefix_path.dsv'
[1.064s] INFO:colcon.colcon_core.shell:Creating environment hook '/home/me597/me597-tgobel/ros2_ws/Lab1_ws/install/task_2_interfaces/share/task_2_interfaces/hook/cmake_prefix_path.sh'
[1.064s] Level 1:colcon.colcon_core.environment:checking '/home/me597/me597-tgobel/ros2_ws/Lab1_ws/install/task_2_interfaces/lib'
[1.064s] Level 1:colcon.colcon_core.shell:create_environment_hook('task_2_interfaces', 'ld_library_path_lib')
[1.064s] INFO:colcon.colcon_core.shell:Creating environment hook '/home/me597/me597-tgobel/ros2_ws/Lab1_ws/install/task_2_interfaces/share/task_2_interfaces/hook/ld_library_path_lib.ps1'
[1.065s] INFO:colcon.colcon_core.shell:Creating environment descriptor '/home/me597/me597-tgobel/ros2_ws/Lab1_ws/install/task_2_interfaces/share/task_2_interfaces/hook/ld_library_path_lib.dsv'
[1.065s] INFO:colcon.colcon_core.shell:Creating environment hook '/home/me597/me597-tgobel/ros2_ws/Lab1_ws/install/task_2_interfaces/share/task_2_interfaces/hook/ld_library_path_lib.sh'
[1.065s] Level 1:colcon.colcon_core.environment:checking '/home/me597/me597-tgobel/ros2_ws/Lab1_ws/install/task_2_interfaces/bin'
[1.066s] Level 1:colcon.colcon_core.environment:checking '/home/me597/me597-tgobel/ros2_ws/Lab1_ws/install/task_2_interfaces/lib/pkgconfig/task_2_interfaces.pc'
[1.066s] Level 1:colcon.colcon_core.environment:checking '/home/me597/me597-tgobel/ros2_ws/Lab1_ws/install/task_2_interfaces/lib/python3.10/site-packages'
[1.066s] Level 1:colcon.colcon_core.environment:checking '/home/me597/me597-tgobel/ros2_ws/Lab1_ws/install/task_2_interfaces/bin'
[1.066s] INFO:colcon.colcon_core.shell:Creating package script '/home/me597/me597-tgobel/ros2_ws/Lab1_ws/install/task_2_interfaces/share/task_2_interfaces/package.ps1'
[1.067s] INFO:colcon.colcon_core.shell:Creating package descriptor '/home/me597/me597-tgobel/ros2_ws/Lab1_ws/install/task_2_interfaces/share/task_2_interfaces/package.dsv'
[1.067s] INFO:colcon.colcon_core.shell:Creating package script '/home/me597/me597-tgobel/ros2_ws/Lab1_ws/install/task_2_interfaces/share/task_2_interfaces/package.sh'
[1.068s] INFO:colcon.colcon_core.shell:Creating package script '/home/me597/me597-tgobel/ros2_ws/Lab1_ws/install/task_2_interfaces/share/task_2_interfaces/package.bash'
[1.068s] INFO:colcon.colcon_core.shell:Creating package script '/home/me597/me597-tgobel/ros2_ws/Lab1_ws/install/task_2_interfaces/share/task_2_interfaces/package.zsh'
[1.068s] Level 1:colcon.colcon_core.environment:create_file_with_runtime_dependencies(/home/me597/me597-tgobel/ros2_ws/Lab1_ws/install/task_2_interfaces/share/colcon-core/packages/task_2_interfaces)
[1.069s] INFO:colcon.colcon_ros.task.ament_python.build:Building ROS package in '/home/me597/me597-tgobel/ros2_ws/Lab1_ws/task_2' with build type 'ament_python'
[1.069s] Level 1:colcon.colcon_core.shell:create_environment_hook('task_2', 'ament_prefix_path')
[1.069s] INFO:colcon.colcon_core.shell:Creating environment hook '/home/me597/me597-tgobel/ros2_ws/Lab1_ws/install/task_2/share/task_2/hook/ament_prefix_path.ps1'
[1.070s] INFO:colcon.colcon_core.shell:Creating environment descriptor '/home/me597/me597-tgobel/ros2_ws/Lab1_ws/install/task_2/share/task_2/hook/ament_prefix_path.dsv'
[1.070s] INFO:colcon.colcon_core.shell:Creating environment hook '/home/me597/me597-tgobel/ros2_ws/Lab1_ws/install/task_2/share/task_2/hook/ament_prefix_path.sh'
[1.071s] INFO:colcon.colcon_core.shell:Skip shell extension 'powershell' for command environment: Not usable outside of PowerShell
[1.071s] DEBUG:colcon.colcon_core.shell:Skip shell extension 'dsv' for command environment
[1.325s] INFO:colcon.colcon_core.task.python.build:Building Python package in '/home/me597/me597-tgobel/ros2_ws/Lab1_ws/task_2'
[1.326s] INFO:colcon.colcon_core.shell:Skip shell extension 'powershell' for command environment: Not usable outside of PowerShell
[1.326s] DEBUG:colcon.colcon_core.shell:Skip shell extension 'dsv' for command environment
[1.330s] Level 1:colcon.colcon_core.environment:checking '/home/me597/me597-tgobel/ros2_ws/Lab1_ws/install/task_1' for CMake module files
[1.330s] DEBUG:colcon.colcon_core.event_handler.log_command:Invoked command in '/home/me597/me597-tgobel/ros2_ws/Lab1_ws/task_1' returned '0': PYTHONPATH=/home/me597/me597-tgobel/ros2_ws/Lab1_ws/build/task_1/prefix_override:/usr/lib/python3/dist-packages/colcon_core/task/python/colcon_distutils_commands:/home/me597/me597-tgobel/ros2_ws/Lab1_ws/install/task_1/lib/python3.10/site-packages:${PYTHONPATH} /usr/bin/python3 -W ignore:setup.py install is deprecated setup.py egg_info --egg-base ../build/task_1 build --build-base /home/me597/me597-tgobel/ros2_ws/Lab1_ws/build/task_1/build install --record /home/me597/me597-tgobel/ros2_ws/Lab1_ws/build/task_1/install.log --single-version-externally-managed install_data
[1.331s] Level 1:colcon.colcon_core.environment:checking '/home/me597/me597-tgobel/ros2_ws/Lab1_ws/install/task_1' for CMake config files
[1.332s] Level 1:colcon.colcon_core.environment:checking '/home/me597/me597-tgobel/ros2_ws/Lab1_ws/install/task_1/lib'
[1.332s] Level 1:colcon.colcon_core.environment:checking '/home/me597/me597-tgobel/ros2_ws/Lab1_ws/install/task_1/bin'
[1.332s] Level 1:colcon.colcon_core.environment:checking '/home/me597/me597-tgobel/ros2_ws/Lab1_ws/install/task_1/lib/pkgconfig/task_1.pc'
[1.332s] Level 1:colcon.colcon_core.environment:checking '/home/me597/me597-tgobel/ros2_ws/Lab1_ws/install/task_1/lib/python3.10/site-packages'
[1.332s] Level 1:colcon.colcon_core.shell:create_environment_hook('task_1', 'pythonpath')
[1.333s] INFO:colcon.colcon_core.shell:Creating environment hook '/home/me597/me597-tgobel/ros2_ws/Lab1_ws/install/task_1/share/task_1/hook/pythonpath.ps1'
[1.333s] INFO:colcon.colcon_core.shell:Creating environment descriptor '/home/me597/me597-tgobel/ros2_ws/Lab1_ws/install/task_1/share/task_1/hook/pythonpath.dsv'
[1.334s] INFO:colcon.colcon_core.shell:Creating environment hook '/home/me597/me597-tgobel/ros2_ws/Lab1_ws/install/task_1/share/task_1/hook/pythonpath.sh'
[1.334s] Level 1:colcon.colcon_core.environment:checking '/home/me597/me597-tgobel/ros2_ws/Lab1_ws/install/task_1/bin'
[1.334s] Level 1:colcon.colcon_core.environment:create_environment_scripts_only(task_1)
[1.334s] INFO:colcon.colcon_core.shell:Creating package script '/home/me597/me597-tgobel/ros2_ws/Lab1_ws/install/task_1/share/task_1/package.ps1'
[1.335s] INFO:colcon.colcon_core.shell:Creating package descriptor '/home/me597/me597-tgobel/ros2_ws/Lab1_ws/install/task_1/share/task_1/package.dsv'
[1.335s] INFO:colcon.colcon_core.shell:Creating package script '/home/me597/me597-tgobel/ros2_ws/Lab1_ws/install/task_1/share/task_1/package.sh'
[1.336s] INFO:colcon.colcon_core.shell:Creating package script '/home/me597/me597-tgobel/ros2_ws/Lab1_ws/install/task_1/share/task_1/package.bash'
[1.336s] INFO:colcon.colcon_core.shell:Creating package script '/home/me597/me597-tgobel/ros2_ws/Lab1_ws/install/task_1/share/task_1/package.zsh'
[1.337s] Level 1:colcon.colcon_core.environment:create_file_with_runtime_dependencies(/home/me597/me597-tgobel/ros2_ws/Lab1_ws/install/task_1/share/colcon-core/packages/task_1)
[1.667s] DEBUG:colcon.colcon_core.event_handler.log_command:Invoking command in '/home/me597/me597-tgobel/ros2_ws/Lab1_ws/task_2': AMENT_PREFIX_PATH=/home/me597/me597-tgobel/ros2_ws/Lab1_ws/install/task_2_interfaces:${AMENT_PREFIX_PATH} CMAKE_PREFIX_PATH=/home/me597/me597-tgobel/ros2_ws/Lab1_ws/install/task_2_interfaces LD_LIBRARY_PATH=/home/me597/me597-tgobel/ros2_ws/Lab1_ws/install/task_2_interfaces/lib:${LD_LIBRARY_PATH} PYTHONPATH=/home/me597/me597-tgobel/ros2_ws/Lab1_ws/build/task_2/prefix_override:/usr/lib/python3/dist-packages/colcon_core/task/python/colcon_distutils_commands:/home/me597/me597-tgobel/ros2_ws/Lab1_ws/install/task_2/lib/python3.10/site-packages:/home/me597/me597-tgobel/ros2_ws/Lab1_ws/install/task_2_interfaces/local/lib/python3.10/dist-packages:${PYTHONPATH} /usr/bin/python3 -W ignore:setup.py install is deprecated setup.py egg_info --egg-base ../build/task_2 build --build-base /home/me597/me597-tgobel/ros2_ws/Lab1_ws/build/task_2/build install --record /home/me597/me597-tgobel/ros2_ws/Lab1_ws/build/task_2/install.log --single-version-externally-managed install_data
[1.968s] Level 1:colcon.colcon_core.environment:checking '/home/me597/me597-tgobel/ros2_ws/Lab1_ws/install/task_2' for CMake module files
[1.969s] DEBUG:colcon.colcon_core.event_handler.log_command:Invoked command in '/home/me597/me597-tgobel/ros2_ws/Lab1_ws/task_2' returned '0': AMENT_PREFIX_PATH=/home/me597/me597-tgobel/ros2_ws/Lab1_ws/install/task_2_interfaces:${AMENT_PREFIX_PATH} CMAKE_PREFIX_PATH=/home/me597/me597-tgobel/ros2_ws/Lab1_ws/install/task_2_interfaces LD_LIBRARY_PATH=/home/me597/me597-tgobel/ros2_ws/Lab1_ws/install/task_2_interfaces/lib:${LD_LIBRARY_PATH} PYTHONPATH=/home/me597/me597-tgobel/ros2_ws/Lab1_ws/build/task_2/prefix_override:/usr/lib/python3/dist-packages/colcon_core/task/python/colcon_distutils_commands:/home/me597/me597-tgobel/ros2_ws/Lab1_ws/install/task_2/lib/python3.10/site-packages:/home/me597/me597-tgobel/ros2_ws/Lab1_ws/install/task_2_interfaces/local/lib/python3.10/dist-packages:${PYTHONPATH} /usr/bin/python3 -W ignore:setup.py install is deprecated setup.py egg_info --egg-base ../build/task_2 build --build-base /home/me597/me597-tgobel/ros2_ws/Lab1_ws/build/task_2/build install --record /home/me597/me597-tgobel/ros2_ws/Lab1_ws/build/task_2/install.log --single-version-externally-managed install_data
[1.969s] Level 1:colcon.colcon_core.environment:checking '/home/me597/me597-tgobel/ros2_ws/Lab1_ws/install/task_2' for CMake config files
[1.970s] Level 1:colcon.colcon_core.environment:checking '/home/me597/me597-tgobel/ros2_ws/Lab1_ws/install/task_2/lib'
[1.970s] Level 1:colcon.colcon_core.environment:checking '/home/me597/me597-tgobel/ros2_ws/Lab1_ws/install/task_2/bin'
[1.970s] Level 1:colcon.colcon_core.environment:checking '/home/me597/me597-tgobel/ros2_ws/Lab1_ws/install/task_2/lib/pkgconfig/task_2.pc'
[1.970s] Level 1:colcon.colcon_core.environment:checking '/home/me597/me597-tgobel/ros2_ws/Lab1_ws/install/task_2/lib/python3.10/site-packages'
[1.970s] Level 1:colcon.colcon_core.shell:create_environment_hook('task_2', 'pythonpath')
[1.971s] INFO:colcon.colcon_core.shell:Creating environment hook '/home/me597/me597-tgobel/ros2_ws/Lab1_ws/install/task_2/share/task_2/hook/pythonpath.ps1'
[1.971s] INFO:colcon.colcon_core.shell:Creating environment descriptor '/home/me597/me597-tgobel/ros2_ws/Lab1_ws/install/task_2/share/task_2/hook/pythonpath.dsv'
[1.971s] INFO:colcon.colcon_core.shell:Creating environment hook '/home/me597/me597-tgobel/ros2_ws/Lab1_ws/install/task_2/share/task_2/hook/pythonpath.sh'
[1.972s] Level 1:colcon.colcon_core.environment:checking '/home/me597/me597-tgobel/ros2_ws/Lab1_ws/install/task_2/bin'
[1.972s] Level 1:colcon.colcon_core.environment:create_environment_scripts_only(task_2)
[1.972s] INFO:colcon.colcon_core.shell:Creating package script '/home/me597/me597-tgobel/ros2_ws/Lab1_ws/install/task_2/share/task_2/package.ps1'
[1.973s] INFO:colcon.colcon_core.shell:Creating package descriptor '/home/me597/me597-tgobel/ros2_ws/Lab1_ws/install/task_2/share/task_2/package.dsv'
[1.974s] INFO:colcon.colcon_core.shell:Creating package script '/home/me597/me597-tgobel/ros2_ws/Lab1_ws/install/task_2/share/task_2/package.sh'
[1.974s] INFO:colcon.colcon_core.shell:Creating package script '/home/me597/me597-tgobel/ros2_ws/Lab1_ws/install/task_2/share/task_2/package.bash'
[1.975s] INFO:colcon.colcon_core.shell:Creating package script '/home/me597/me597-tgobel/ros2_ws/Lab1_ws/install/task_2/share/task_2/package.zsh'
[1.975s] Level 1:colcon.colcon_core.environment:create_file_with_runtime_dependencies(/home/me597/me597-tgobel/ros2_ws/Lab1_ws/install/task_2/share/colcon-core/packages/task_2)
[1.976s] DEBUG:colcon.colcon_parallel_executor.executor.parallel:closing loop
[1.976s] DEBUG:colcon.colcon_parallel_executor.executor.parallel:loop closed
[1.976s] DEBUG:colcon.colcon_parallel_executor.executor.parallel:run_until_complete finished with '0'
[1.976s] DEBUG:colcon.colcon_core.event_reactor:joining thread
[1.981s] INFO:colcon.colcon_core.plugin_system:Skipping extension 'colcon_notification.desktop_notification.terminal_notifier': Not used on non-Darwin systems
[1.981s] INFO:colcon.colcon_core.plugin_system:Skipping extension 'colcon_notification.desktop_notification.win32': Not used on non-Windows systems
[1.981s] INFO:colcon.colcon_notification.desktop_notification:Sending desktop notification using 'notify2'
[1.993s] DEBUG:colcon.colcon_core.event_reactor:joined thread
[1.993s] INFO:colcon.colcon_core.shell:Creating prefix script '/home/me597/me597-tgobel/ros2_ws/Lab1_ws/install/local_setup.ps1'
[1.994s] INFO:colcon.colcon_core.shell:Creating prefix util module '/home/me597/me597-tgobel/ros2_ws/Lab1_ws/install/_local_setup_util_ps1.py'
[1.996s] INFO:colcon.colcon_core.shell:Creating prefix chain script '/home/me597/me597-tgobel/ros2_ws/Lab1_ws/install/setup.ps1'
[1.997s] INFO:colcon.colcon_core.shell:Creating prefix script '/home/me597/me597-tgobel/ros2_ws/Lab1_ws/install/local_setup.sh'
[1.997s] INFO:colcon.colcon_core.shell:Creating prefix util module '/home/me597/me597-tgobel/ros2_ws/Lab1_ws/install/_local_setup_util_sh.py'
[1.998s] INFO:colcon.colcon_core.shell:Creating prefix chain script '/home/me597/me597-tgobel/ros2_ws/Lab1_ws/install/setup.sh'
[1.999s] INFO:colcon.colcon_core.shell:Creating prefix script '/home/me597/me597-tgobel/ros2_ws/Lab1_ws/install/local_setup.bash'
[1.999s] INFO:colcon.colcon_core.shell:Creating prefix chain script '/home/me597/me597-tgobel/ros2_ws/Lab1_ws/install/setup.bash'
[2.000s] INFO:colcon.colcon_core.shell:Creating prefix script '/home/me597/me597-tgobel/ros2_ws/Lab1_ws/install/local_setup.zsh'
[2.000s] INFO:colcon.colcon_core.shell:Creating prefix chain script '/home/me597/me597-tgobel/ros2_ws/Lab1_ws/install/setup.zsh'
