running egg_info
creating ../build/task_4/task_4.egg-info
writing ../build/task_4/task_4.egg-info/PKG-INFO
writing dependency_links to ../build/task_4/task_4.egg-info/dependency_links.txt
writing entry points to ../build/task_4/task_4.egg-info/entry_points.txt
writing requirements to ../build/task_4/task_4.egg-info/requires.txt
writing top-level names to ../build/task_4/task_4.egg-info/top_level.txt
writing manifest file '../build/task_4/task_4.egg-info/SOURCES.txt'
reading manifest file '../build/task_4/task_4.egg-info/SOURCES.txt'
writing manifest file '../build/task_4/task_4.egg-info/SOURCES.txt'
running build
running build_py
creating /home/me597/me597-tgobel/ros2_ws/Lab3_ws/build/task_4/build
creating /home/me597/me597-tgobel/ros2_ws/Lab3_ws/build/task_4/build/lib
creating /home/me597/me597-tgobel/ros2_ws/Lab3_ws/build/task_4/build/lib/task_4
copying task_4/__init__.py -> /home/me597/me597-tgobel/ros2_ws/Lab3_ws/build/task_4/build/lib/task_4
running install
running install_lib
creating /home/me597/me597-tgobel/ros2_ws/Lab3_ws/install/task_4/lib/python3.10/site-packages/task_4
copying /home/me597/me597-tgobel/ros2_ws/Lab3_ws/build/task_4/build/lib/task_4/__init__.py -> /home/me597/me597-tgobel/ros2_ws/Lab3_ws/install/task_4/lib/python3.10/site-packages/task_4
byte-compiling /home/me597/me597-tgobel/ros2_ws/Lab3_ws/install/task_4/lib/python3.10/site-packages/task_4/__init__.py to __init__.cpython-310.pyc
running install_data
creating /home/me597/me597-tgobel/ros2_ws/Lab3_ws/install/task_4/share/ament_index
creating /home/me597/me597-tgobel/ros2_ws/Lab3_ws/install/task_4/share/ament_index/resource_index
creating /home/me597/me597-tgobel/ros2_ws/Lab3_ws/install/task_4/share/ament_index/resource_index/packages
copying resource/task_4 -> /home/me597/me597-tgobel/ros2_ws/Lab3_ws/install/task_4/share/ament_index/resource_index/packages
copying package.xml -> /home/me597/me597-tgobel/ros2_ws/Lab3_ws/install/task_4/share/task_4
creating /home/me597/me597-tgobel/ros2_ws/Lab3_ws/install/task_4/share/task_4/launch
copying launch/gen_sync_map_launch.py -> /home/me597/me597-tgobel/ros2_ws/Lab3_ws/install/task_4/share/task_4/launch
running install_egg_info
Copying ../build/task_4/task_4.egg-info to /home/me597/me597-tgobel/ros2_ws/Lab3_ws/install/task_4/lib/python3.10/site-packages/task_4-0.0.0-py3.10.egg-info
running install_scripts
writing list of installed files to '/home/me597/me597-tgobel/ros2_ws/Lab3_ws/build/task_4/install.log'
