[0.995s] Invoking command in '/home/me597/me597-tgobel/ros2_ws/Lab3_ws/task_4': PYTHONPATH=/home/me597/me597-tgobel/ros2_ws/Lab3_ws/build/task_4/prefix_override:/usr/lib/python3/dist-packages/colcon_core/task/python/colcon_distutils_commands:/home/me597/me597-tgobel/ros2_ws/Lab3_ws/install/task_4/lib/python3.10/site-packages:${PYTHONPATH} /usr/bin/python3 -W ignore:setup.py install is deprecated setup.py egg_info --egg-base ../build/task_4 build --build-base /home/me597/me597-tgobel/ros2_ws/Lab3_ws/build/task_4/build install --record /home/me597/me597-tgobel/ros2_ws/Lab3_ws/build/task_4/install.log --single-version-externally-managed install_data
[1.396s] running egg_info
[1.399s] creating ../build/task_4/task_4.egg-info
[1.399s] writing ../build/task_4/task_4.egg-info/PKG-INFO
[1.399s] writing dependency_links to ../build/task_4/task_4.egg-info/dependency_links.txt
[1.399s] writing entry points to ../build/task_4/task_4.egg-info/entry_points.txt
[1.399s] writing requirements to ../build/task_4/task_4.egg-info/requires.txt
[1.400s] writing top-level names to ../build/task_4/task_4.egg-info/top_level.txt
[1.400s] writing manifest file '../build/task_4/task_4.egg-info/SOURCES.txt'
[1.403s] reading manifest file '../build/task_4/task_4.egg-info/SOURCES.txt'
[1.406s] writing manifest file '../build/task_4/task_4.egg-info/SOURCES.txt'
[1.406s] running build
[1.406s] running build_py
[1.406s] creating /home/me597/me597-tgobel/ros2_ws/Lab3_ws/build/task_4/build
[1.406s] creating /home/me597/me597-tgobel/ros2_ws/Lab3_ws/build/task_4/build/lib
[1.407s] creating /home/me597/me597-tgobel/ros2_ws/Lab3_ws/build/task_4/build/lib/task_4
[1.407s] copying task_4/__init__.py -> /home/me597/me597-tgobel/ros2_ws/Lab3_ws/build/task_4/build/lib/task_4
[1.407s] running install
[1.407s] running install_lib
[1.409s] creating /home/me597/me597-tgobel/ros2_ws/Lab3_ws/install/task_4/lib/python3.10/site-packages/task_4
[1.409s] copying /home/me597/me597-tgobel/ros2_ws/Lab3_ws/build/task_4/build/lib/task_4/__init__.py -> /home/me597/me597-tgobel/ros2_ws/Lab3_ws/install/task_4/lib/python3.10/site-packages/task_4
[1.410s] byte-compiling /home/me597/me597-tgobel/ros2_ws/Lab3_ws/install/task_4/lib/python3.10/site-packages/task_4/__init__.py to __init__.cpython-310.pyc
[1.410s] running install_data
[1.410s] creating /home/me597/me597-tgobel/ros2_ws/Lab3_ws/install/task_4/share/ament_index
[1.411s] creating /home/me597/me597-tgobel/ros2_ws/Lab3_ws/install/task_4/share/ament_index/resource_index
[1.411s] creating /home/me597/me597-tgobel/ros2_ws/Lab3_ws/install/task_4/share/ament_index/resource_index/packages
[1.411s] copying resource/task_4 -> /home/me597/me597-tgobel/ros2_ws/Lab3_ws/install/task_4/share/ament_index/resource_index/packages
[1.411s] copying package.xml -> /home/me597/me597-tgobel/ros2_ws/Lab3_ws/install/task_4/share/task_4
[1.411s] creating /home/me597/me597-tgobel/ros2_ws/Lab3_ws/install/task_4/share/task_4/launch
[1.411s] copying launch/gen_sync_map_launch.py -> /home/me597/me597-tgobel/ros2_ws/Lab3_ws/install/task_4/share/task_4/launch
[1.411s] running install_egg_info
[1.415s] Copying ../build/task_4/task_4.egg-info to /home/me597/me597-tgobel/ros2_ws/Lab3_ws/install/task_4/lib/python3.10/site-packages/task_4-0.0.0-py3.10.egg-info
[1.416s] running install_scripts
[1.459s] writing list of installed files to '/home/me597/me597-tgobel/ros2_ws/Lab3_ws/build/task_4/install.log'
[1.513s] Invoked command in '/home/me597/me597-tgobel/ros2_ws/Lab3_ws/task_4' returned '0': PYTHONPATH=/home/me597/me597-tgobel/ros2_ws/Lab3_ws/build/task_4/prefix_override:/usr/lib/python3/dist-packages/colcon_core/task/python/colcon_distutils_commands:/home/me597/me597-tgobel/ros2_ws/Lab3_ws/install/task_4/lib/python3.10/site-packages:${PYTHONPATH} /usr/bin/python3 -W ignore:setup.py install is deprecated setup.py egg_info --egg-base ../build/task_4 build --build-base /home/me597/me597-tgobel/ros2_ws/Lab3_ws/build/task_4/build install --record /home/me597/me597-tgobel/ros2_ws/Lab3_ws/build/task_4/install.log --single-version-externally-managed install_data
