[0.124s] DEBUG:colcon:Command line arguments: ['/usr/bin/colcon', 'build']
[0.124s] DEBUG:colcon:Parsed command line arguments: Namespace(log_base=None, log_level=None, verb_name='build', build_base='build', install_base='install', merge_install=False, symlink_install=False, test_result_base=None, continue_on_error=False, executor='parallel', parallel_workers=5, event_handlers=None, ignore_user_meta=False, metas=['./colcon.meta'], base_paths=['.'], packages_ignore=None, packages_ignore_regex=None, paths=None, packages_up_to=None, packages_up_to_regex=None, packages_above=None, packages_above_and_dependencies=None, packages_above_depth=None, packages_select_by_dep=None, packages_skip_by_dep=None, packages_skip_up_to=None, packages_select_build_failed=False, packages_skip_build_finished=False, packages_select_test_failures=False, packages_skip_test_passed=False, packages_select=None, packages_skip=None, packages_select_regex=None, packages_skip_regex=None, packages_start=None, packages_end=None, allow_overriding=[], cmake_args=None, cmake_target=None, cmake_target_skip_unavailable=False, cmake_clean_cache=False, cmake_clean_first=False, cmake_force_configure=False, ament_cmake_args=None, catkin_cmake_args=None, catkin_skip_building_tests=False, mixin_files=None, mixin=None, verb_parser=<colcon_mixin.mixin.mixin_argument.MixinArgumentDecorator object at 0x7ed95ca68310>, verb_extension=<colcon_core.verb.build.BuildVerb object at 0x7ed95cb78b50>, main=<bound method BuildVerb.main of <colcon_core.verb.build.BuildVerb object at 0x7ed95cb78b50>>, mixin_verb=('build',))
[0.336s] Level 1:colcon.colcon_core.package_discovery:discover_packages(colcon_meta) check parameters
[0.336s] Level 1:colcon.colcon_core.package_discovery:discover_packages(recursive) check parameters
[0.336s] Level 1:colcon.colcon_core.package_discovery:discover_packages(ignore) check parameters
[0.336s] Level 1:colcon.colcon_core.package_discovery:discover_packages(path) check parameters
[0.336s] Level 1:colcon.colcon_core.package_discovery:discover_packages(colcon_meta) discover
[0.337s] Level 1:colcon.colcon_core.package_discovery:discover_packages(recursive) discover
[0.337s] INFO:colcon.colcon_core.package_discovery:Crawling recursively for packages in '/home/me597/me597-tgobel/ros2_ws/Lab1_ws/task_1'
[0.337s] Level 1:colcon.colcon_core.package_identification:_identify(.) by extensions ['ignore', 'ignore_ament_install']
[0.337s] Level 1:colcon.colcon_core.package_identification:_identify(.) by extension 'ignore'
[0.337s] Level 1:colcon.colcon_core.package_identification:_identify(.) by extension 'ignore_ament_install'
[0.337s] Level 1:colcon.colcon_core.package_identification:_identify(.) by extensions ['colcon_pkg']
[0.337s] Level 1:colcon.colcon_core.package_identification:_identify(.) by extension 'colcon_pkg'
[0.337s] Level 1:colcon.colcon_core.package_identification:_identify(.) by extensions ['colcon_meta']
[0.337s] Level 1:colcon.colcon_core.package_identification:_identify(.) by extension 'colcon_meta'
[0.337s] Level 1:colcon.colcon_core.package_identification:_identify(.) by extensions ['ros']
[0.337s] Level 1:colcon.colcon_core.package_identification:_identify(.) by extension 'ros'
[0.364s] DEBUG:colcon.colcon_core.package_identification:Package '.' with type 'ros.ament_python' and name 'task_1'
[0.365s] Level 1:colcon.colcon_core.package_discovery:discover_packages(recursive) using defaults
[0.365s] Level 1:colcon.colcon_core.package_discovery:discover_packages(ignore) discover
[0.365s] Level 1:colcon.colcon_core.package_discovery:discover_packages(ignore) using defaults
[0.365s] Level 1:colcon.colcon_core.package_discovery:discover_packages(path) discover
[0.365s] Level 1:colcon.colcon_core.package_discovery:discover_packages(path) using defaults
[0.400s] Level 1:colcon.colcon_core.package_discovery:discover_packages(prefix_path) check parameters
[0.400s] Level 1:colcon.colcon_core.package_discovery:discover_packages(prefix_path) discover
[0.404s] DEBUG:colcon.colcon_installed_package_information.package_discovery:Found 345 installed packages in /opt/ros/humble
[0.418s] Level 1:colcon.colcon_core.package_discovery:discover_packages(prefix_path) using defaults
[0.482s] Level 5:colcon.colcon_core.verb:set package 'task_1' build argument 'cmake_args' from command line to 'None'
[0.482s] Level 5:colcon.colcon_core.verb:set package 'task_1' build argument 'cmake_target' from command line to 'None'
[0.482s] Level 5:colcon.colcon_core.verb:set package 'task_1' build argument 'cmake_target_skip_unavailable' from command line to 'False'
[0.482s] Level 5:colcon.colcon_core.verb:set package 'task_1' build argument 'cmake_clean_cache' from command line to 'False'
[0.482s] Level 5:colcon.colcon_core.verb:set package 'task_1' build argument 'cmake_clean_first' from command line to 'False'
[0.483s] Level 5:colcon.colcon_core.verb:set package 'task_1' build argument 'cmake_force_configure' from command line to 'False'
[0.483s] Level 5:colcon.colcon_core.verb:set package 'task_1' build argument 'ament_cmake_args' from command line to 'None'
[0.483s] Level 5:colcon.colcon_core.verb:set package 'task_1' build argument 'catkin_cmake_args' from command line to 'None'
[0.483s] Level 5:colcon.colcon_core.verb:set package 'task_1' build argument 'catkin_skip_building_tests' from command line to 'False'
[0.483s] DEBUG:colcon.colcon_core.verb:Building package 'task_1' with the following arguments: {'ament_cmake_args': None, 'build_base': '/home/me597/me597-tgobel/ros2_ws/Lab1_ws/task_1/build/task_1', 'catkin_cmake_args': None, 'catkin_skip_building_tests': False, 'cmake_args': None, 'cmake_clean_cache': False, 'cmake_clean_first': False, 'cmake_force_configure': False, 'cmake_target': None, 'cmake_target_skip_unavailable': False, 'install_base': '/home/me597/me597-tgobel/ros2_ws/Lab1_ws/task_1/install/task_1', 'merge_install': False, 'path': '/home/me597/me597-tgobel/ros2_ws/Lab1_ws/task_1', 'symlink_install': False, 'test_result_base': None}
[0.483s] INFO:colcon.colcon_core.executor:Executing jobs using 'parallel' executor
[0.484s] DEBUG:colcon.colcon_parallel_executor.executor.parallel:run_until_complete
[0.485s] INFO:colcon.colcon_ros.task.ament_python.build:Building ROS package in '/home/me597/me597-tgobel/ros2_ws/Lab1_ws/task_1' with build type 'ament_python'
[0.485s] Level 1:colcon.colcon_core.shell:create_environment_hook('task_1', 'ament_prefix_path')
[0.488s] INFO:colcon.colcon_core.plugin_system:Skipping extension 'colcon_core.shell.bat': Not used on non-Windows systems
[0.488s] INFO:colcon.colcon_core.shell:Creating environment hook '/home/me597/me597-tgobel/ros2_ws/Lab1_ws/task_1/install/task_1/share/task_1/hook/ament_prefix_path.ps1'
[0.489s] INFO:colcon.colcon_core.shell:Creating environment descriptor '/home/me597/me597-tgobel/ros2_ws/Lab1_ws/task_1/install/task_1/share/task_1/hook/ament_prefix_path.dsv'
[0.490s] INFO:colcon.colcon_core.shell:Creating environment hook '/home/me597/me597-tgobel/ros2_ws/Lab1_ws/task_1/install/task_1/share/task_1/hook/ament_prefix_path.sh'
[0.491s] INFO:colcon.colcon_core.shell:Skip shell extension 'powershell' for command environment: Not usable outside of PowerShell
[0.491s] DEBUG:colcon.colcon_core.shell:Skip shell extension 'dsv' for command environment
[0.924s] INFO:colcon.colcon_core.task.python.build:Building Python package in '/home/me597/me597-tgobel/ros2_ws/Lab1_ws/task_1'
[0.925s] INFO:colcon.colcon_core.shell:Skip shell extension 'powershell' for command environment: Not usable outside of PowerShell
[0.925s] DEBUG:colcon.colcon_core.shell:Skip shell extension 'dsv' for command environment
[1.476s] DEBUG:colcon.colcon_core.event_handler.log_command:Invoking command in '/home/me597/me597-tgobel/ros2_ws/Lab1_ws/task_1': PYTHONPATH=/home/me597/me597-tgobel/ros2_ws/Lab1_ws/task_1/build/task_1/prefix_override:/usr/lib/python3/dist-packages/colcon_core/task/python/colcon_distutils_commands:/home/me597/me597-tgobel/ros2_ws/Lab1_ws/task_1/install/task_1/lib/python3.10/site-packages:${PYTHONPATH} /usr/bin/python3 -W ignore:setup.py install is deprecated setup.py egg_info --egg-base build/task_1 build --build-base /home/me597/me597-tgobel/ros2_ws/Lab1_ws/task_1/build/task_1/build install --record /home/me597/me597-tgobel/ros2_ws/Lab1_ws/task_1/build/task_1/install.log --single-version-externally-managed install_data
[1.830s] DEBUG:colcon.colcon_core.event_handler.log_command:Invoked command in '/home/me597/me597-tgobel/ros2_ws/Lab1_ws/task_1' returned '0': PYTHONPATH=/home/me597/me597-tgobel/ros2_ws/Lab1_ws/task_1/build/task_1/prefix_override:/usr/lib/python3/dist-packages/colcon_core/task/python/colcon_distutils_commands:/home/me597/me597-tgobel/ros2_ws/Lab1_ws/task_1/install/task_1/lib/python3.10/site-packages:${PYTHONPATH} /usr/bin/python3 -W ignore:setup.py install is deprecated setup.py egg_info --egg-base build/task_1 build --build-base /home/me597/me597-tgobel/ros2_ws/Lab1_ws/task_1/build/task_1/build install --record /home/me597/me597-tgobel/ros2_ws/Lab1_ws/task_1/build/task_1/install.log --single-version-externally-managed install_data
[1.832s] Level 1:colcon.colcon_core.environment:checking '/home/me597/me597-tgobel/ros2_ws/Lab1_ws/task_1/install/task_1' for CMake module files
[1.833s] Level 1:colcon.colcon_core.environment:checking '/home/me597/me597-tgobel/ros2_ws/Lab1_ws/task_1/install/task_1' for CMake config files
[1.834s] Level 1:colcon.colcon_core.environment:checking '/home/me597/me597-tgobel/ros2_ws/Lab1_ws/task_1/install/task_1/lib'
[1.835s] Level 1:colcon.colcon_core.environment:checking '/home/me597/me597-tgobel/ros2_ws/Lab1_ws/task_1/install/task_1/bin'
[1.835s] Level 1:colcon.colcon_core.environment:checking '/home/me597/me597-tgobel/ros2_ws/Lab1_ws/task_1/install/task_1/lib/pkgconfig/task_1.pc'
[1.835s] Level 1:colcon.colcon_core.environment:checking '/home/me597/me597-tgobel/ros2_ws/Lab1_ws/task_1/install/task_1/lib/python3.10/site-packages'
[1.835s] Level 1:colcon.colcon_core.shell:create_environment_hook('task_1', 'pythonpath')
[1.836s] INFO:colcon.colcon_core.shell:Creating environment hook '/home/me597/me597-tgobel/ros2_ws/Lab1_ws/task_1/install/task_1/share/task_1/hook/pythonpath.ps1'
[1.836s] INFO:colcon.colcon_core.shell:Creating environment descriptor '/home/me597/me597-tgobel/ros2_ws/Lab1_ws/task_1/install/task_1/share/task_1/hook/pythonpath.dsv'
[1.837s] INFO:colcon.colcon_core.shell:Creating environment hook '/home/me597/me597-tgobel/ros2_ws/Lab1_ws/task_1/install/task_1/share/task_1/hook/pythonpath.sh'
[1.838s] Level 1:colcon.colcon_core.environment:checking '/home/me597/me597-tgobel/ros2_ws/Lab1_ws/task_1/install/task_1/bin'
[1.838s] Level 1:colcon.colcon_core.environment:create_environment_scripts_only(task_1)
[1.839s] INFO:colcon.colcon_core.shell:Creating package script '/home/me597/me597-tgobel/ros2_ws/Lab1_ws/task_1/install/task_1/share/task_1/package.ps1'
[1.841s] INFO:colcon.colcon_core.shell:Creating package descriptor '/home/me597/me597-tgobel/ros2_ws/Lab1_ws/task_1/install/task_1/share/task_1/package.dsv'
[1.842s] INFO:colcon.colcon_core.shell:Creating package script '/home/me597/me597-tgobel/ros2_ws/Lab1_ws/task_1/install/task_1/share/task_1/package.sh'
[1.844s] INFO:colcon.colcon_core.shell:Creating package script '/home/me597/me597-tgobel/ros2_ws/Lab1_ws/task_1/install/task_1/share/task_1/package.bash'
[1.846s] INFO:colcon.colcon_core.shell:Creating package script '/home/me597/me597-tgobel/ros2_ws/Lab1_ws/task_1/install/task_1/share/task_1/package.zsh'
[1.848s] Level 1:colcon.colcon_core.environment:create_file_with_runtime_dependencies(/home/me597/me597-tgobel/ros2_ws/Lab1_ws/task_1/install/task_1/share/colcon-core/packages/task_1)
[1.850s] DEBUG:colcon.colcon_parallel_executor.executor.parallel:closing loop
[1.851s] DEBUG:colcon.colcon_parallel_executor.executor.parallel:loop closed
[1.851s] DEBUG:colcon.colcon_parallel_executor.executor.parallel:run_until_complete finished with '0'
[1.851s] DEBUG:colcon.colcon_core.event_reactor:joining thread
[1.859s] INFO:colcon.colcon_core.plugin_system:Skipping extension 'colcon_notification.desktop_notification.terminal_notifier': Not used on non-Darwin systems
[1.859s] INFO:colcon.colcon_core.plugin_system:Skipping extension 'colcon_notification.desktop_notification.win32': Not used on non-Windows systems
[1.859s] INFO:colcon.colcon_notification.desktop_notification:Sending desktop notification using 'notify2'
[1.879s] DEBUG:colcon.colcon_core.event_reactor:joined thread
[1.880s] INFO:colcon.colcon_core.shell:Creating prefix script '/home/me597/me597-tgobel/ros2_ws/Lab1_ws/task_1/install/local_setup.ps1'
[1.881s] INFO:colcon.colcon_core.shell:Creating prefix util module '/home/me597/me597-tgobel/ros2_ws/Lab1_ws/task_1/install/_local_setup_util_ps1.py'
[1.883s] INFO:colcon.colcon_core.shell:Creating prefix chain script '/home/me597/me597-tgobel/ros2_ws/Lab1_ws/task_1/install/setup.ps1'
[1.885s] INFO:colcon.colcon_core.shell:Creating prefix script '/home/me597/me597-tgobel/ros2_ws/Lab1_ws/task_1/install/local_setup.sh'
[1.886s] INFO:colcon.colcon_core.shell:Creating prefix util module '/home/me597/me597-tgobel/ros2_ws/Lab1_ws/task_1/install/_local_setup_util_sh.py'
[1.887s] INFO:colcon.colcon_core.shell:Creating prefix chain script '/home/me597/me597-tgobel/ros2_ws/Lab1_ws/task_1/install/setup.sh'
[1.889s] INFO:colcon.colcon_core.shell:Creating prefix script '/home/me597/me597-tgobel/ros2_ws/Lab1_ws/task_1/install/local_setup.bash'
[1.890s] INFO:colcon.colcon_core.shell:Creating prefix chain script '/home/me597/me597-tgobel/ros2_ws/Lab1_ws/task_1/install/setup.bash'
[1.892s] INFO:colcon.colcon_core.shell:Creating prefix script '/home/me597/me597-tgobel/ros2_ws/Lab1_ws/task_1/install/local_setup.zsh'
[1.893s] INFO:colcon.colcon_core.shell:Creating prefix chain script '/home/me597/me597-tgobel/ros2_ws/Lab1_ws/task_1/install/setup.zsh'
