[0.021s] Invoking command in '/home/me597/me597-tgobel/ros2_ws/Lab1_ws/build/task_2_interfaces': CMAKE_PREFIX_PATH=${CMAKE_PREFIX_PATH}:/home/me597/me597-tgobel/ros2_ws/Lab1_ws/install/task_2:/home/me597/me597-tgobel/ros2_ws/Lab1_ws/install/task_1:/opt/ros/humble /usr/bin/cmake --build /home/me597/me597-tgobel/ros2_ws/Lab1_ws/build/task_2_interfaces -- -j5 -l5
[0.074s] -- Found ament_cmake: 1.3.10 (/opt/ros/humble/share/ament_cmake/cmake)
[0.342s] -- Found ament_lint_auto: 0.12.11 (/opt/ros/humble/share/ament_lint_auto/cmake)
[0.481s] -- Found geometry_msgs: 4.2.4 (/opt/ros/humble/share/geometry_msgs/cmake)
[0.547s] -- Found rosidl_generator_c: 3.1.5 (/opt/ros/humble/share/rosidl_generator_c/cmake)
[0.555s] -- Found rosidl_adapter: 3.1.5 (/opt/ros/humble/share/rosidl_adapter/cmake)
[0.571s] -- Found rosidl_generator_cpp: 3.1.5 (/opt/ros/humble/share/rosidl_generator_cpp/cmake)
[0.599s] -- Using all available rosidl_typesupport_c: rosidl_typesupport_fastrtps_c;rosidl_typesupport_introspection_c
[0.628s] -- Using all available rosidl_typesupport_cpp: rosidl_typesupport_fastrtps_cpp;rosidl_typesupport_introspection_cpp
[0.715s] -- Found rosidl_default_generators: 1.2.0 (/opt/ros/humble/share/rosidl_default_generators/cmake)
[1.012s] -- Found ament_cmake_ros: 0.10.0 (/opt/ros/humble/share/ament_cmake_ros/cmake)
[1.551s] -- Using all available rosidl_typesupport_c: rosidl_typesupport_fastrtps_c;rosidl_typesupport_introspection_c
[1.758s] -- Using all available rosidl_typesupport_cpp: rosidl_typesupport_fastrtps_cpp;rosidl_typesupport_introspection_cpp
[1.795s] -- Found python_cmake_module: 0.10.0 (/opt/ros/humble/share/python_cmake_module/cmake)
[1.838s] -- Using PYTHON_EXECUTABLE: /usr/bin/python3
[1.839s] -- Using PYTHON_INCLUDE_DIRS: /usr/include/python3.10
[1.839s] -- Using PYTHON_LIBRARIES: /usr/lib/x86_64-linux-gnu/libpython3.10.so
[1.904s] -- Found rclcpp: 16.0.10 (/opt/ros/humble/share/rclcpp/cmake)
[1.986s] -- Found rmw_implementation_cmake: 6.1.2 (/opt/ros/humble/share/rmw_implementation_cmake/cmake)
[1.990s] -- Found rmw_fastrtps_cpp: 6.2.7 (/opt/ros/humble/share/rmw_fastrtps_cpp/cmake)
[2.139s] -- Using RMW implementation 'rmw_fastrtps_cpp' as default
[2.234s] -- Found task_2_interfaces: 0.0.0 (/home/me597/me597-tgobel/ros2_ws/Lab1_ws/install/task_2_interfaces/share/task_2_interfaces/cmake)
[2.270s] -- Added test 'lint_cmake' to check CMake code style
[2.273s] -- Added test 'xmllint' to check XML markup files
[2.291s] -- Configuring done
[2.373s] -- Generating done
[2.382s] -- Build files have been written to: /home/me597/me597-tgobel/ros2_ws/Lab1_ws/build/task_2_interfaces
[2.423s] [35m[1mConsolidate compiler generated dependencies of target task_2_interfaces__rosidl_generator_c[0m
[2.443s] [  2%] Built target task_2_interfaces__cpp
[2.458s] [ 12%] Built target task_2_interfaces__rosidl_generator_c
[2.470s] [35m[1mConsolidate compiler generated dependencies of target task_2_interfaces__rosidl_typesupport_introspection_cpp[0m
[2.473s] [ 12%] Built target ament_cmake_python_copy_task_2_interfaces
[2.476s] [35m[1mConsolidate compiler generated dependencies of target task_2_interfaces__rosidl_typesupport_fastrtps_cpp[0m
[2.479s] [35m[1mConsolidate compiler generated dependencies of target task_2_interfaces__rosidl_typesupport_cpp[0m
[2.490s] [35m[1mConsolidate compiler generated dependencies of target task_2_interfaces__rosidl_typesupport_fastrtps_c[0m
[2.503s] [35m[1mConsolidate compiler generated dependencies of target task_2_interfaces__rosidl_typesupport_introspection_c[0m
[2.504s] [ 23%] Built target task_2_interfaces__rosidl_typesupport_introspection_cpp
[2.508s] [ 33%] Built target task_2_interfaces__rosidl_typesupport_cpp
[2.516s] [ 43%] Built target task_2_interfaces__rosidl_typesupport_fastrtps_cpp
[2.521s] [ 53%] Built target task_2_interfaces__rosidl_typesupport_fastrtps_c
[2.522s] [35m[1mConsolidate compiler generated dependencies of target task_2_interfaces__rosidl_typesupport_c[0m
[2.528s] [ 64%] Built target task_2_interfaces__rosidl_typesupport_introspection_c
[2.541s] [ 74%] Built target task_2_interfaces__rosidl_typesupport_c
[2.574s] [ 74%] Built target task_2_interfaces
[2.616s] [ 76%] Built target task_2_interfaces__py
[2.639s] [35m[1mConsolidate compiler generated dependencies of target task_2_interfaces__rosidl_generator_py[0m
[2.664s] [ 84%] Built target task_2_interfaces__rosidl_generator_py
[2.687s] [35m[1mConsolidate compiler generated dependencies of target task_2_interfaces__rosidl_typesupport_fastrtps_c__pyext[0m
[2.687s] [35m[1mConsolidate compiler generated dependencies of target task_2_interfaces__rosidl_typesupport_introspection_c__pyext[0m
[2.687s] [35m[1mConsolidate compiler generated dependencies of target task_2_interfaces__rosidl_typesupport_c__pyext[0m
[2.706s] [ 94%] Built target task_2_interfaces__rosidl_typesupport_introspection_c__pyext
[2.707s] [ 94%] Built target task_2_interfaces__rosidl_typesupport_fastrtps_c__pyext
[2.708s] [100%] Built target task_2_interfaces__rosidl_typesupport_c__pyext
[2.912s] running egg_info
[2.914s] writing task_2_interfaces.egg-info/PKG-INFO
[2.914s] writing dependency_links to task_2_interfaces.egg-info/dependency_links.txt
[2.915s] writing top-level names to task_2_interfaces.egg-info/top_level.txt
[2.918s] reading manifest file 'task_2_interfaces.egg-info/SOURCES.txt'
[2.919s] writing manifest file 'task_2_interfaces.egg-info/SOURCES.txt'
[2.959s] [100%] Built target ament_cmake_python_build_task_2_interfaces_egg
[2.982s] Invoked command in '/home/me597/me597-tgobel/ros2_ws/Lab1_ws/build/task_2_interfaces' returned '0': CMAKE_PREFIX_PATH=${CMAKE_PREFIX_PATH}:/home/me597/me597-tgobel/ros2_ws/Lab1_ws/install/task_2:/home/me597/me597-tgobel/ros2_ws/Lab1_ws/install/task_1:/opt/ros/humble /usr/bin/cmake --build /home/me597/me597-tgobel/ros2_ws/Lab1_ws/build/task_2_interfaces -- -j5 -l5
[3.123s] Invoking command in '/home/me597/me597-tgobel/ros2_ws/Lab1_ws/build/task_2_interfaces': CMAKE_PREFIX_PATH=${CMAKE_PREFIX_PATH}:/home/me597/me597-tgobel/ros2_ws/Lab1_ws/install/task_2:/home/me597/me597-tgobel/ros2_ws/Lab1_ws/install/task_1:/opt/ros/humble /usr/bin/cmake --install /home/me597/me597-tgobel/ros2_ws/Lab1_ws/build/task_2_interfaces
[3.133s] -- Install configuration: ""
[3.134s] [31mCMake Error at cmake_install.cmake:46 (file):
[3.134s]   file INSTALL cannot find
[3.134s]   "/home/me597/me597-tgobel/ros2_ws/Lab1_ws/task_2_interfaces/launch": No
[3.134s]   such file or directory.
[3.134s] 
[3.134s] [0m
[3.137s] Invoked command in '/home/me597/me597-tgobel/ros2_ws/Lab1_ws/build/task_2_interfaces' returned '1': CMAKE_PREFIX_PATH=${CMAKE_PREFIX_PATH}:/home/me597/me597-tgobel/ros2_ws/Lab1_ws/install/task_2:/home/me597/me597-tgobel/ros2_ws/Lab1_ws/install/task_1:/opt/ros/humble /usr/bin/cmake --install /home/me597/me597-tgobel/ros2_ws/Lab1_ws/build/task_2_interfaces
