[1.609s] Invoking command in '/home/me597/me597-tgobel/ros2_ws/Lab1_ws/task_1': PYTHONPATH=/home/me597/me597-tgobel/ros2_ws/Lab1_ws/build/task_1/prefix_override:/usr/lib/python3/dist-packages/colcon_core/task/python/colcon_distutils_commands:/home/me597/me597-tgobel/ros2_ws/Lab1_ws/install/task_1/lib/python3.10/site-packages:${PYTHONPATH} /usr/bin/python3 -W ignore:setup.py install is deprecated setup.py egg_info --egg-base ../build/task_1 build --build-base /home/me597/me597-tgobel/ros2_ws/Lab1_ws/build/task_1/build install --record /home/me597/me597-tgobel/ros2_ws/Lab1_ws/build/task_1/install.log --single-version-externally-managed install_data
[2.137s] running egg_info
[2.137s] writing ../build/task_1/task_1.egg-info/PKG-INFO
[2.138s] writing dependency_links to ../build/task_1/task_1.egg-info/dependency_links.txt
[2.138s] writing entry points to ../build/task_1/task_1.egg-info/entry_points.txt
[2.139s] writing requirements to ../build/task_1/task_1.egg-info/requires.txt
[2.139s] writing top-level names to ../build/task_1/task_1.egg-info/top_level.txt
[2.140s] reading manifest file '../build/task_1/task_1.egg-info/SOURCES.txt'
[2.175s] adding license file 'LICENSE'
[2.177s] writing manifest file '../build/task_1/task_1.egg-info/SOURCES.txt'
[2.178s] running build
[2.178s] running build_py
[2.180s] running install
[2.180s] running install_lib
[2.184s] running install_data
[2.185s] copying launch/pub_sub_launch.py -> /home/me597/me597-tgobel/ros2_ws/Lab1_ws/install/task_1/share/task_1/launch
[2.185s] running install_egg_info
[2.191s] removing '/home/me597/me597-tgobel/ros2_ws/Lab1_ws/install/task_1/lib/python3.10/site-packages/task_1-0.0.0-py3.10.egg-info' (and everything under it)
[2.197s] Copying ../build/task_1/task_1.egg-info to /home/me597/me597-tgobel/ros2_ws/Lab1_ws/install/task_1/lib/python3.10/site-packages/task_1-0.0.0-py3.10.egg-info
[2.203s] running install_scripts
[2.267s] Installing listener script to /home/me597/me597-tgobel/ros2_ws/Lab1_ws/install/task_1/lib/task_1
[2.267s] Installing talker script to /home/me597/me597-tgobel/ros2_ws/Lab1_ws/install/task_1/lib/task_1
[2.267s] writing list of installed files to '/home/me597/me597-tgobel/ros2_ws/Lab1_ws/build/task_1/install.log'
[2.332s] Invoked command in '/home/me597/me597-tgobel/ros2_ws/Lab1_ws/task_1' returned '0': PYTHONPATH=/home/me597/me597-tgobel/ros2_ws/Lab1_ws/build/task_1/prefix_override:/usr/lib/python3/dist-packages/colcon_core/task/python/colcon_distutils_commands:/home/me597/me597-tgobel/ros2_ws/Lab1_ws/install/task_1/lib/python3.10/site-packages:${PYTHONPATH} /usr/bin/python3 -W ignore:setup.py install is deprecated setup.py egg_info --egg-base ../build/task_1 build --build-base /home/me597/me597-tgobel/ros2_ws/Lab1_ws/build/task_1/build install --record /home/me597/me597-tgobel/ros2_ws/Lab1_ws/build/task_1/install.log --single-version-externally-managed install_data
