[1.472s] Invoking command in '/home/me597/me597-tgobel/ros2_ws/Lab2_ws/task_3': PYTHONPATH=/home/me597/me597-tgobel/ros2_ws/Lab2_ws/build/task_3/prefix_override:/usr/lib/python3/dist-packages/colcon_core/task/python/colcon_distutils_commands:/home/me597/me597-tgobel/ros2_ws/Lab2_ws/install/task_3/lib/python3.10/site-packages:${PYTHONPATH} /usr/bin/python3 -W ignore:setup.py install is deprecated setup.py egg_info --egg-base ../build/task_3 build --build-base /home/me597/me597-tgobel/ros2_ws/Lab2_ws/build/task_3/build install --record /home/me597/me597-tgobel/ros2_ws/Lab2_ws/build/task_3/install.log --single-version-externally-managed install_data
[2.100s] running egg_info
[2.103s] writing ../build/task_3/task_3.egg-info/PKG-INFO
[2.104s] writing dependency_links to ../build/task_3/task_3.egg-info/dependency_links.txt
[2.105s] writing entry points to ../build/task_3/task_3.egg-info/entry_points.txt
[2.105s] writing requirements to ../build/task_3/task_3.egg-info/requires.txt
[2.108s] writing top-level names to ../build/task_3/task_3.egg-info/top_level.txt
[2.110s] reading manifest file '../build/task_3/task_3.egg-info/SOURCES.txt'
[2.112s] writing manifest file '../build/task_3/task_3.egg-info/SOURCES.txt'
[2.113s] running build
[2.116s] running build_py
[2.121s] copying task_3/pid_controller.py -> /home/me597/me597-tgobel/ros2_ws/Lab2_ws/build/task_3/build/lib/task_3
[2.122s] running install
[2.122s] running install_lib
[2.122s] copying /home/me597/me597-tgobel/ros2_ws/Lab2_ws/build/task_3/build/lib/task_3/pid_controller.py -> /home/me597/me597-tgobel/ros2_ws/Lab2_ws/install/task_3/lib/python3.10/site-packages/task_3
[2.122s] byte-compiling /home/me597/me597-tgobel/ros2_ws/Lab2_ws/install/task_3/lib/python3.10/site-packages/task_3/pid_controller.py to pid_controller.cpython-310.pyc
[2.122s] running install_data
[2.122s] running install_egg_info
[2.132s] removing '/home/me597/me597-tgobel/ros2_ws/Lab2_ws/install/task_3/lib/python3.10/site-packages/task_3-0.0.0-py3.10.egg-info' (and everything under it)
[2.132s] Copying ../build/task_3/task_3.egg-info to /home/me597/me597-tgobel/ros2_ws/Lab2_ws/install/task_3/lib/python3.10/site-packages/task_3-0.0.0-py3.10.egg-info
[2.132s] running install_scripts
[2.183s] Installing pid_speed_controller script to /home/me597/me597-tgobel/ros2_ws/Lab2_ws/install/task_3/lib/task_3
[2.187s] writing list of installed files to '/home/me597/me597-tgobel/ros2_ws/Lab2_ws/build/task_3/install.log'
[2.266s] Invoked command in '/home/me597/me597-tgobel/ros2_ws/Lab2_ws/task_3' returned '0': PYTHONPATH=/home/me597/me597-tgobel/ros2_ws/Lab2_ws/build/task_3/prefix_override:/usr/lib/python3/dist-packages/colcon_core/task/python/colcon_distutils_commands:/home/me597/me597-tgobel/ros2_ws/Lab2_ws/install/task_3/lib/python3.10/site-packages:${PYTHONPATH} /usr/bin/python3 -W ignore:setup.py install is deprecated setup.py egg_info --egg-base ../build/task_3 build --build-base /home/me597/me597-tgobel/ros2_ws/Lab2_ws/build/task_3/build install --record /home/me597/me597-tgobel/ros2_ws/Lab2_ws/build/task_3/install.log --single-version-externally-managed install_data
