[0.734s] Invoking command in '/home/me597/me597-tgobel/ros2_ws/Lab1_ws/build/task_2_interfaces': CMAKE_PREFIX_PATH=${CMAKE_PREFIX_PATH}:/home/me597/me597-tgobel/ros2_ws/Lab1_ws/install/task_1:/opt/ros/humble /usr/bin/cmake --build /home/me597/me597-tgobel/ros2_ws/Lab1_ws/build/task_2_interfaces -- -j5 -l5
[0.796s] [35m[1mConsolidate compiler generated dependencies of target task_2_interfaces__rosidl_generator_c[0m
[0.816s] [  2%] Built target task_2_interfaces__cpp
[0.816s] [ 12%] Built target task_2_interfaces__rosidl_generator_c
[0.828s] [ 12%] Built target ament_cmake_python_copy_task_2_interfaces
[0.837s] [35m[1mConsolidate compiler generated dependencies of target task_2_interfaces__rosidl_typesupport_fastrtps_c[0m
[0.851s] [35m[1mConsolidate compiler generated dependencies of target task_2_interfaces__rosidl_typesupport_introspection_c[0m
[0.854s] [35m[1mConsolidate compiler generated dependencies of target task_2_interfaces__rosidl_typesupport_introspection_cpp[0m
[0.855s] [35m[1mConsolidate compiler generated dependencies of target task_2_interfaces__rosidl_typesupport_c[0m
[0.866s] [35m[1mConsolidate compiler generated dependencies of target task_2_interfaces__rosidl_typesupport_cpp[0m
[0.877s] [ 23%] Built target task_2_interfaces__rosidl_typesupport_fastrtps_c
[0.883s] [ 33%] Built target task_2_interfaces__rosidl_typesupport_introspection_c
[0.886s] [ 43%] Built target task_2_interfaces__rosidl_typesupport_cpp
[0.890s] [ 64%] Built target task_2_interfaces__rosidl_typesupport_introspection_cpp
[0.890s] [ 64%] Built target task_2_interfaces__rosidl_typesupport_c
[0.893s] [35m[1mConsolidate compiler generated dependencies of target task_2_interfaces__rosidl_typesupport_fastrtps_cpp[0m
[0.917s] [ 74%] Built target task_2_interfaces__rosidl_typesupport_fastrtps_cpp
[0.949s] [ 74%] Built target task_2_interfaces
[0.981s] [ 76%] Built target task_2_interfaces__py
[0.996s] [35m[1mConsolidate compiler generated dependencies of target task_2_interfaces__rosidl_generator_py[0m
[1.027s] [ 84%] Built target task_2_interfaces__rosidl_generator_py
[1.052s] [35m[1mConsolidate compiler generated dependencies of target task_2_interfaces__rosidl_typesupport_c__pyext[0m
[1.059s] [35m[1mConsolidate compiler generated dependencies of target task_2_interfaces__rosidl_typesupport_fastrtps_c__pyext[0m
[1.078s] [35m[1mConsolidate compiler generated dependencies of target task_2_interfaces__rosidl_typesupport_introspection_c__pyext[0m
[1.083s] [ 89%] Built target task_2_interfaces__rosidl_typesupport_fastrtps_c__pyext
[1.097s] [ 94%] Built target task_2_interfaces__rosidl_typesupport_c__pyext
[1.106s] [100%] Built target task_2_interfaces__rosidl_typesupport_introspection_c__pyext
[1.363s] running egg_info
[1.366s] writing task_2_interfaces.egg-info/PKG-INFO
[1.367s] writing dependency_links to task_2_interfaces.egg-info/dependency_links.txt
[1.367s] writing top-level names to task_2_interfaces.egg-info/top_level.txt
[1.372s] reading manifest file 'task_2_interfaces.egg-info/SOURCES.txt'
[1.373s] writing manifest file 'task_2_interfaces.egg-info/SOURCES.txt'
[1.432s] [100%] Built target ament_cmake_python_build_task_2_interfaces_egg
[1.448s] Invoked command in '/home/me597/me597-tgobel/ros2_ws/Lab1_ws/build/task_2_interfaces' returned '0': CMAKE_PREFIX_PATH=${CMAKE_PREFIX_PATH}:/home/me597/me597-tgobel/ros2_ws/Lab1_ws/install/task_1:/opt/ros/humble /usr/bin/cmake --build /home/me597/me597-tgobel/ros2_ws/Lab1_ws/build/task_2_interfaces -- -j5 -l5
[1.578s] Invoking command in '/home/me597/me597-tgobel/ros2_ws/Lab1_ws/build/task_2_interfaces': CMAKE_PREFIX_PATH=${CMAKE_PREFIX_PATH}:/home/me597/me597-tgobel/ros2_ws/Lab1_ws/install/task_1:/opt/ros/humble /usr/bin/cmake --install /home/me597/me597-tgobel/ros2_ws/Lab1_ws/build/task_2_interfaces
[1.597s] -- Install configuration: ""
[1.597s] -- Up-to-date: /home/me597/me597-tgobel/ros2_ws/Lab1_ws/install/task_2_interfaces/share/ament_index/resource_index/rosidl_interfaces/task_2_interfaces
[1.597s] -- Up-to-date: /home/me597/me597-tgobel/ros2_ws/Lab1_ws/install/task_2_interfaces/include/task_2_interfaces/task_2_interfaces
[1.597s] -- Up-to-date: /home/me597/me597-tgobel/ros2_ws/Lab1_ws/install/task_2_interfaces/include/task_2_interfaces/task_2_interfaces/msg
[1.597s] -- Up-to-date: /home/me597/me597-tgobel/ros2_ws/Lab1_ws/install/task_2_interfaces/include/task_2_interfaces/task_2_interfaces/msg/joint_data.h
[1.597s] -- Up-to-date: /home/me597/me597-tgobel/ros2_ws/Lab1_ws/install/task_2_interfaces/include/task_2_interfaces/task_2_interfaces/msg/rosidl_generator_c__visibility_control.h
[1.597s] -- Up-to-date: /home/me597/me597-tgobel/ros2_ws/Lab1_ws/install/task_2_interfaces/include/task_2_interfaces/task_2_interfaces/msg/detail
[1.597s] -- Up-to-date: /home/me597/me597-tgobel/ros2_ws/Lab1_ws/install/task_2_interfaces/include/task_2_interfaces/task_2_interfaces/msg/detail/joint_data__functions.h
[1.598s] -- Up-to-date: /home/me597/me597-tgobel/ros2_ws/Lab1_ws/install/task_2_interfaces/include/task_2_interfaces/task_2_interfaces/msg/detail/joint_data__struct.h
[1.598s] -- Up-to-date: /home/me597/me597-tgobel/ros2_ws/Lab1_ws/install/task_2_interfaces/include/task_2_interfaces/task_2_interfaces/msg/detail/joint_data__functions.c
[1.598s] -- Up-to-date: /home/me597/me597-tgobel/ros2_ws/Lab1_ws/install/task_2_interfaces/include/task_2_interfaces/task_2_interfaces/msg/detail/joint_data__type_support.h
[1.598s] -- Up-to-date: /home/me597/me597-tgobel/ros2_ws/Lab1_ws/install/task_2_interfaces/include/task_2_interfaces/task_2_interfaces/srv
[1.598s] -- Up-to-date: /home/me597/me597-tgobel/ros2_ws/Lab1_ws/install/task_2_interfaces/include/task_2_interfaces/task_2_interfaces/srv/detail
[1.598s] -- Up-to-date: /home/me597/me597-tgobel/ros2_ws/Lab1_ws/install/task_2_interfaces/include/task_2_interfaces/task_2_interfaces/srv/detail/joint_state__functions.h
[1.599s] -- Up-to-date: /home/me597/me597-tgobel/ros2_ws/Lab1_ws/install/task_2_interfaces/include/task_2_interfaces/task_2_interfaces/srv/detail/joint_state__functions.c
[1.599s] -- Up-to-date: /home/me597/me597-tgobel/ros2_ws/Lab1_ws/install/task_2_interfaces/include/task_2_interfaces/task_2_interfaces/srv/detail/joint_state__type_support.h
[1.599s] -- Up-to-date: /home/me597/me597-tgobel/ros2_ws/Lab1_ws/install/task_2_interfaces/include/task_2_interfaces/task_2_interfaces/srv/detail/joint_state__struct.h
[1.599s] -- Up-to-date: /home/me597/me597-tgobel/ros2_ws/Lab1_ws/install/task_2_interfaces/include/task_2_interfaces/task_2_interfaces/srv/joint_state.h
[1.599s] -- Up-to-date: /home/me597/me597-tgobel/ros2_ws/Lab1_ws/install/task_2_interfaces/share/task_2_interfaces/environment/library_path.sh
[1.599s] -- Up-to-date: /home/me597/me597-tgobel/ros2_ws/Lab1_ws/install/task_2_interfaces/share/task_2_interfaces/environment/library_path.dsv
[1.599s] -- Up-to-date: /home/me597/me597-tgobel/ros2_ws/Lab1_ws/install/task_2_interfaces/lib/libtask_2_interfaces__rosidl_generator_c.so
[1.599s] -- Up-to-date: /home/me597/me597-tgobel/ros2_ws/Lab1_ws/install/task_2_interfaces/include/task_2_interfaces/task_2_interfaces
[1.599s] -- Up-to-date: /home/me597/me597-tgobel/ros2_ws/Lab1_ws/install/task_2_interfaces/include/task_2_interfaces/task_2_interfaces/msg
[1.600s] -- Up-to-date: /home/me597/me597-tgobel/ros2_ws/Lab1_ws/install/task_2_interfaces/include/task_2_interfaces/task_2_interfaces/msg/detail
[1.600s] -- Up-to-date: /home/me597/me597-tgobel/ros2_ws/Lab1_ws/install/task_2_interfaces/include/task_2_interfaces/task_2_interfaces/msg/detail/joint_data__rosidl_typesupport_fastrtps_c.h
[1.600s] -- Up-to-date: /home/me597/me597-tgobel/ros2_ws/Lab1_ws/install/task_2_interfaces/include/task_2_interfaces/task_2_interfaces/msg/rosidl_typesupport_fastrtps_c__visibility_control.h
[1.600s] -- Up-to-date: /home/me597/me597-tgobel/ros2_ws/Lab1_ws/install/task_2_interfaces/include/task_2_interfaces/task_2_interfaces/srv
[1.600s] -- Up-to-date: /home/me597/me597-tgobel/ros2_ws/Lab1_ws/install/task_2_interfaces/include/task_2_interfaces/task_2_interfaces/srv/detail
[1.600s] -- Up-to-date: /home/me597/me597-tgobel/ros2_ws/Lab1_ws/install/task_2_interfaces/include/task_2_interfaces/task_2_interfaces/srv/detail/joint_state__rosidl_typesupport_fastrtps_c.h
[1.600s] -- Up-to-date: /home/me597/me597-tgobel/ros2_ws/Lab1_ws/install/task_2_interfaces/lib/libtask_2_interfaces__rosidl_typesupport_fastrtps_c.so
[1.600s] -- Up-to-date: /home/me597/me597-tgobel/ros2_ws/Lab1_ws/install/task_2_interfaces/include/task_2_interfaces/task_2_interfaces
[1.600s] -- Up-to-date: /home/me597/me597-tgobel/ros2_ws/Lab1_ws/install/task_2_interfaces/include/task_2_interfaces/task_2_interfaces/msg
[1.601s] -- Up-to-date: /home/me597/me597-tgobel/ros2_ws/Lab1_ws/install/task_2_interfaces/include/task_2_interfaces/task_2_interfaces/msg/detail
[1.601s] -- Up-to-date: /home/me597/me597-tgobel/ros2_ws/Lab1_ws/install/task_2_interfaces/include/task_2_interfaces/task_2_interfaces/msg/detail/joint_data__builder.hpp
[1.601s] -- Up-to-date: /home/me597/me597-tgobel/ros2_ws/Lab1_ws/install/task_2_interfaces/include/task_2_interfaces/task_2_interfaces/msg/detail/joint_data__struct.hpp
[1.601s] -- Up-to-date: /home/me597/me597-tgobel/ros2_ws/Lab1_ws/install/task_2_interfaces/include/task_2_interfaces/task_2_interfaces/msg/detail/joint_data__traits.hpp
[1.601s] -- Up-to-date: /home/me597/me597-tgobel/ros2_ws/Lab1_ws/install/task_2_interfaces/include/task_2_interfaces/task_2_interfaces/msg/joint_data.hpp
[1.601s] -- Up-to-date: /home/me597/me597-tgobel/ros2_ws/Lab1_ws/install/task_2_interfaces/include/task_2_interfaces/task_2_interfaces/srv
[1.601s] -- Up-to-date: /home/me597/me597-tgobel/ros2_ws/Lab1_ws/install/task_2_interfaces/include/task_2_interfaces/task_2_interfaces/srv/detail
[1.602s] -- Up-to-date: /home/me597/me597-tgobel/ros2_ws/Lab1_ws/install/task_2_interfaces/include/task_2_interfaces/task_2_interfaces/srv/detail/joint_state__traits.hpp
[1.602s] -- Up-to-date: /home/me597/me597-tgobel/ros2_ws/Lab1_ws/install/task_2_interfaces/include/task_2_interfaces/task_2_interfaces/srv/detail/joint_state__builder.hpp
[1.602s] -- Up-to-date: /home/me597/me597-tgobel/ros2_ws/Lab1_ws/install/task_2_interfaces/include/task_2_interfaces/task_2_interfaces/srv/detail/joint_state__struct.hpp
[1.602s] -- Up-to-date: /home/me597/me597-tgobel/ros2_ws/Lab1_ws/install/task_2_interfaces/include/task_2_interfaces/task_2_interfaces/srv/joint_state.hpp
[1.602s] -- Up-to-date: /home/me597/me597-tgobel/ros2_ws/Lab1_ws/install/task_2_interfaces/include/task_2_interfaces/task_2_interfaces
[1.602s] -- Up-to-date: /home/me597/me597-tgobel/ros2_ws/Lab1_ws/install/task_2_interfaces/include/task_2_interfaces/task_2_interfaces/msg
[1.602s] -- Up-to-date: /home/me597/me597-tgobel/ros2_ws/Lab1_ws/install/task_2_interfaces/include/task_2_interfaces/task_2_interfaces/msg/detail
[1.602s] -- Up-to-date: /home/me597/me597-tgobel/ros2_ws/Lab1_ws/install/task_2_interfaces/include/task_2_interfaces/task_2_interfaces/msg/detail/joint_data__rosidl_typesupport_fastrtps_cpp.hpp
[1.602s] -- Up-to-date: /home/me597/me597-tgobel/ros2_ws/Lab1_ws/install/task_2_interfaces/include/task_2_interfaces/task_2_interfaces/msg/detail/dds_fastrtps
[1.603s] -- Up-to-date: /home/me597/me597-tgobel/ros2_ws/Lab1_ws/install/task_2_interfaces/include/task_2_interfaces/task_2_interfaces/msg/rosidl_typesupport_fastrtps_cpp__visibility_control.h
[1.603s] -- Up-to-date: /home/me597/me597-tgobel/ros2_ws/Lab1_ws/install/task_2_interfaces/include/task_2_interfaces/task_2_interfaces/srv
[1.603s] -- Up-to-date: /home/me597/me597-tgobel/ros2_ws/Lab1_ws/install/task_2_interfaces/include/task_2_interfaces/task_2_interfaces/srv/detail
[1.603s] -- Up-to-date: /home/me597/me597-tgobel/ros2_ws/Lab1_ws/install/task_2_interfaces/include/task_2_interfaces/task_2_interfaces/srv/detail/joint_state__rosidl_typesupport_fastrtps_cpp.hpp
[1.603s] -- Up-to-date: /home/me597/me597-tgobel/ros2_ws/Lab1_ws/install/task_2_interfaces/include/task_2_interfaces/task_2_interfaces/srv/detail/dds_fastrtps
[1.603s] -- Up-to-date: /home/me597/me597-tgobel/ros2_ws/Lab1_ws/install/task_2_interfaces/lib/libtask_2_interfaces__rosidl_typesupport_fastrtps_cpp.so
[1.603s] -- Up-to-date: /home/me597/me597-tgobel/ros2_ws/Lab1_ws/install/task_2_interfaces/include/task_2_interfaces/task_2_interfaces
[1.603s] -- Up-to-date: /home/me597/me597-tgobel/ros2_ws/Lab1_ws/install/task_2_interfaces/include/task_2_interfaces/task_2_interfaces/msg
[1.603s] -- Up-to-date: /home/me597/me597-tgobel/ros2_ws/Lab1_ws/install/task_2_interfaces/include/task_2_interfaces/task_2_interfaces/msg/rosidl_typesupport_introspection_c__visibility_control.h
[1.604s] -- Up-to-date: /home/me597/me597-tgobel/ros2_ws/Lab1_ws/install/task_2_interfaces/include/task_2_interfaces/task_2_interfaces/msg/detail
[1.604s] -- Up-to-date: /home/me597/me597-tgobel/ros2_ws/Lab1_ws/install/task_2_interfaces/include/task_2_interfaces/task_2_interfaces/msg/detail/joint_data__rosidl_typesupport_introspection_c.h
[1.604s] -- Up-to-date: /home/me597/me597-tgobel/ros2_ws/Lab1_ws/install/task_2_interfaces/include/task_2_interfaces/task_2_interfaces/msg/detail/joint_data__type_support.c
[1.604s] -- Up-to-date: /home/me597/me597-tgobel/ros2_ws/Lab1_ws/install/task_2_interfaces/include/task_2_interfaces/task_2_interfaces/srv
[1.604s] -- Up-to-date: /home/me597/me597-tgobel/ros2_ws/Lab1_ws/install/task_2_interfaces/include/task_2_interfaces/task_2_interfaces/srv/detail
[1.604s] -- Up-to-date: /home/me597/me597-tgobel/ros2_ws/Lab1_ws/install/task_2_interfaces/include/task_2_interfaces/task_2_interfaces/srv/detail/joint_state__rosidl_typesupport_introspection_c.h
[1.604s] -- Up-to-date: /home/me597/me597-tgobel/ros2_ws/Lab1_ws/install/task_2_interfaces/include/task_2_interfaces/task_2_interfaces/srv/detail/joint_state__type_support.c
[1.604s] -- Up-to-date: /home/me597/me597-tgobel/ros2_ws/Lab1_ws/install/task_2_interfaces/lib/libtask_2_interfaces__rosidl_typesupport_introspection_c.so
[1.604s] -- Up-to-date: /home/me597/me597-tgobel/ros2_ws/Lab1_ws/install/task_2_interfaces/lib/libtask_2_interfaces__rosidl_typesupport_c.so
[1.605s] -- Up-to-date: /home/me597/me597-tgobel/ros2_ws/Lab1_ws/install/task_2_interfaces/include/task_2_interfaces/task_2_interfaces
[1.605s] -- Up-to-date: /home/me597/me597-tgobel/ros2_ws/Lab1_ws/install/task_2_interfaces/include/task_2_interfaces/task_2_interfaces/msg
[1.605s] -- Up-to-date: /home/me597/me597-tgobel/ros2_ws/Lab1_ws/install/task_2_interfaces/include/task_2_interfaces/task_2_interfaces/msg/detail
[1.605s] -- Up-to-date: /home/me597/me597-tgobel/ros2_ws/Lab1_ws/install/task_2_interfaces/include/task_2_interfaces/task_2_interfaces/msg/detail/joint_data__rosidl_typesupport_introspection_cpp.hpp
[1.605s] -- Up-to-date: /home/me597/me597-tgobel/ros2_ws/Lab1_ws/install/task_2_interfaces/include/task_2_interfaces/task_2_interfaces/msg/detail/joint_data__type_support.cpp
[1.605s] -- Up-to-date: /home/me597/me597-tgobel/ros2_ws/Lab1_ws/install/task_2_interfaces/include/task_2_interfaces/task_2_interfaces/srv
[1.605s] -- Up-to-date: /home/me597/me597-tgobel/ros2_ws/Lab1_ws/install/task_2_interfaces/include/task_2_interfaces/task_2_interfaces/srv/detail
[1.605s] -- Up-to-date: /home/me597/me597-tgobel/ros2_ws/Lab1_ws/install/task_2_interfaces/include/task_2_interfaces/task_2_interfaces/srv/detail/joint_state__rosidl_typesupport_introspection_cpp.hpp
[1.605s] -- Up-to-date: /home/me597/me597-tgobel/ros2_ws/Lab1_ws/install/task_2_interfaces/include/task_2_interfaces/task_2_interfaces/srv/detail/joint_state__type_support.cpp
[1.606s] -- Up-to-date: /home/me597/me597-tgobel/ros2_ws/Lab1_ws/install/task_2_interfaces/lib/libtask_2_interfaces__rosidl_typesupport_introspection_cpp.so
[1.606s] -- Up-to-date: /home/me597/me597-tgobel/ros2_ws/Lab1_ws/install/task_2_interfaces/lib/libtask_2_interfaces__rosidl_typesupport_cpp.so
[1.607s] -- Up-to-date: /home/me597/me597-tgobel/ros2_ws/Lab1_ws/install/task_2_interfaces/share/task_2_interfaces/environment/pythonpath.sh
[1.607s] -- Up-to-date: /home/me597/me597-tgobel/ros2_ws/Lab1_ws/install/task_2_interfaces/share/task_2_interfaces/environment/pythonpath.dsv
[1.607s] -- Up-to-date: /home/me597/me597-tgobel/ros2_ws/Lab1_ws/install/task_2_interfaces/local/lib/python3.10/dist-packages/task_2_interfaces-0.0.0-py3.10.egg-info
[1.607s] -- Installing: /home/me597/me597-tgobel/ros2_ws/Lab1_ws/install/task_2_interfaces/local/lib/python3.10/dist-packages/task_2_interfaces-0.0.0-py3.10.egg-info/top_level.txt
[1.607s] -- Installing: /home/me597/me597-tgobel/ros2_ws/Lab1_ws/install/task_2_interfaces/local/lib/python3.10/dist-packages/task_2_interfaces-0.0.0-py3.10.egg-info/SOURCES.txt
[1.607s] -- Installing: /home/me597/me597-tgobel/ros2_ws/Lab1_ws/install/task_2_interfaces/local/lib/python3.10/dist-packages/task_2_interfaces-0.0.0-py3.10.egg-info/dependency_links.txt
[1.607s] -- Installing: /home/me597/me597-tgobel/ros2_ws/Lab1_ws/install/task_2_interfaces/local/lib/python3.10/dist-packages/task_2_interfaces-0.0.0-py3.10.egg-info/PKG-INFO
[1.607s] -- Up-to-date: /home/me597/me597-tgobel/ros2_ws/Lab1_ws/install/task_2_interfaces/local/lib/python3.10/dist-packages/task_2_interfaces
[1.607s] -- Up-to-date: /home/me597/me597-tgobel/ros2_ws/Lab1_ws/install/task_2_interfaces/local/lib/python3.10/dist-packages/task_2_interfaces/_task_2_interfaces_s.ep.rosidl_typesupport_fastrtps_c.c
[1.607s] -- Up-to-date: /home/me597/me597-tgobel/ros2_ws/Lab1_ws/install/task_2_interfaces/local/lib/python3.10/dist-packages/task_2_interfaces/task_2_interfaces_s__rosidl_typesupport_fastrtps_c.cpython-310-x86_64-linux-gnu.so
[1.608s] -- Up-to-date: /home/me597/me597-tgobel/ros2_ws/Lab1_ws/install/task_2_interfaces/local/lib/python3.10/dist-packages/task_2_interfaces/_task_2_interfaces_s.ep.rosidl_typesupport_c.c
[1.608s] -- Up-to-date: /home/me597/me597-tgobel/ros2_ws/Lab1_ws/install/task_2_interfaces/local/lib/python3.10/dist-packages/task_2_interfaces/msg
[1.608s] -- Up-to-date: /home/me597/me597-tgobel/ros2_ws/Lab1_ws/install/task_2_interfaces/local/lib/python3.10/dist-packages/task_2_interfaces/msg/_joint_data.py
[1.608s] -- Up-to-date: /home/me597/me597-tgobel/ros2_ws/Lab1_ws/install/task_2_interfaces/local/lib/python3.10/dist-packages/task_2_interfaces/msg/_joint_data_s.c
[1.608s] -- Up-to-date: /home/me597/me597-tgobel/ros2_ws/Lab1_ws/install/task_2_interfaces/local/lib/python3.10/dist-packages/task_2_interfaces/msg/__init__.py
[1.608s] -- Up-to-date: /home/me597/me597-tgobel/ros2_ws/Lab1_ws/install/task_2_interfaces/local/lib/python3.10/dist-packages/task_2_interfaces/task_2_interfaces_s__rosidl_typesupport_introspection_c.cpython-310-x86_64-linux-gnu.so
[1.608s] -- Up-to-date: /home/me597/me597-tgobel/ros2_ws/Lab1_ws/install/task_2_interfaces/local/lib/python3.10/dist-packages/task_2_interfaces/task_2_interfaces_s__rosidl_typesupport_c.cpython-310-x86_64-linux-gnu.so
[1.608s] -- Up-to-date: /home/me597/me597-tgobel/ros2_ws/Lab1_ws/install/task_2_interfaces/local/lib/python3.10/dist-packages/task_2_interfaces/__init__.py
[1.608s] -- Up-to-date: /home/me597/me597-tgobel/ros2_ws/Lab1_ws/install/task_2_interfaces/local/lib/python3.10/dist-packages/task_2_interfaces/libtask_2_interfaces__rosidl_generator_py.so
[1.609s] -- Up-to-date: /home/me597/me597-tgobel/ros2_ws/Lab1_ws/install/task_2_interfaces/local/lib/python3.10/dist-packages/task_2_interfaces/_task_2_interfaces_s.ep.rosidl_typesupport_introspection_c.c
[1.609s] -- Up-to-date: /home/me597/me597-tgobel/ros2_ws/Lab1_ws/install/task_2_interfaces/local/lib/python3.10/dist-packages/task_2_interfaces/srv
[1.609s] -- Up-to-date: /home/me597/me597-tgobel/ros2_ws/Lab1_ws/install/task_2_interfaces/local/lib/python3.10/dist-packages/task_2_interfaces/srv/_joint_state.py
[1.609s] -- Up-to-date: /home/me597/me597-tgobel/ros2_ws/Lab1_ws/install/task_2_interfaces/local/lib/python3.10/dist-packages/task_2_interfaces/srv/_joint_state_s.c
[1.609s] -- Up-to-date: /home/me597/me597-tgobel/ros2_ws/Lab1_ws/install/task_2_interfaces/local/lib/python3.10/dist-packages/task_2_interfaces/srv/__init__.py
[1.651s] Listing '/home/me597/me597-tgobel/ros2_ws/Lab1_ws/install/task_2_interfaces/local/lib/python3.10/dist-packages/task_2_interfaces'...
[1.651s] Listing '/home/me597/me597-tgobel/ros2_ws/Lab1_ws/install/task_2_interfaces/local/lib/python3.10/dist-packages/task_2_interfaces/msg'...
[1.652s] Listing '/home/me597/me597-tgobel/ros2_ws/Lab1_ws/install/task_2_interfaces/local/lib/python3.10/dist-packages/task_2_interfaces/srv'...
[1.656s] -- Up-to-date: /home/me597/me597-tgobel/ros2_ws/Lab1_ws/install/task_2_interfaces/local/lib/python3.10/dist-packages/task_2_interfaces/task_2_interfaces_s__rosidl_typesupport_fastrtps_c.cpython-310-x86_64-linux-gnu.so
[1.657s] -- Up-to-date: /home/me597/me597-tgobel/ros2_ws/Lab1_ws/install/task_2_interfaces/local/lib/python3.10/dist-packages/task_2_interfaces/task_2_interfaces_s__rosidl_typesupport_introspection_c.cpython-310-x86_64-linux-gnu.so
[1.658s] -- Up-to-date: /home/me597/me597-tgobel/ros2_ws/Lab1_ws/install/task_2_interfaces/local/lib/python3.10/dist-packages/task_2_interfaces/task_2_interfaces_s__rosidl_typesupport_c.cpython-310-x86_64-linux-gnu.so
[1.658s] -- Up-to-date: /home/me597/me597-tgobel/ros2_ws/Lab1_ws/install/task_2_interfaces/lib/libtask_2_interfaces__rosidl_generator_py.so
[1.660s] -- Up-to-date: /home/me597/me597-tgobel/ros2_ws/Lab1_ws/install/task_2_interfaces/share/task_2_interfaces/msg/JointData.idl
[1.660s] -- Up-to-date: /home/me597/me597-tgobel/ros2_ws/Lab1_ws/install/task_2_interfaces/share/task_2_interfaces/srv/JointState.idl
[1.660s] -- Up-to-date: /home/me597/me597-tgobel/ros2_ws/Lab1_ws/install/task_2_interfaces/share/task_2_interfaces/msg/JointData.msg
[1.660s] -- Up-to-date: /home/me597/me597-tgobel/ros2_ws/Lab1_ws/install/task_2_interfaces/share/task_2_interfaces/srv/JointState.srv
[1.661s] -- Up-to-date: /home/me597/me597-tgobel/ros2_ws/Lab1_ws/install/task_2_interfaces/share/task_2_interfaces/srv/JointState_Request.msg
[1.661s] -- Up-to-date: /home/me597/me597-tgobel/ros2_ws/Lab1_ws/install/task_2_interfaces/share/task_2_interfaces/srv/JointState_Response.msg
[1.661s] -- Up-to-date: /home/me597/me597-tgobel/ros2_ws/Lab1_ws/install/task_2_interfaces/share/ament_index/resource_index/package_run_dependencies/task_2_interfaces
[1.661s] -- Up-to-date: /home/me597/me597-tgobel/ros2_ws/Lab1_ws/install/task_2_interfaces/share/ament_index/resource_index/parent_prefix_path/task_2_interfaces
[1.661s] -- Up-to-date: /home/me597/me597-tgobel/ros2_ws/Lab1_ws/install/task_2_interfaces/share/task_2_interfaces/environment/ament_prefix_path.sh
[1.661s] -- Up-to-date: /home/me597/me597-tgobel/ros2_ws/Lab1_ws/install/task_2_interfaces/share/task_2_interfaces/environment/ament_prefix_path.dsv
[1.662s] -- Up-to-date: /home/me597/me597-tgobel/ros2_ws/Lab1_ws/install/task_2_interfaces/share/task_2_interfaces/environment/path.sh
[1.662s] -- Up-to-date: /home/me597/me597-tgobel/ros2_ws/Lab1_ws/install/task_2_interfaces/share/task_2_interfaces/environment/path.dsv
[1.662s] -- Up-to-date: /home/me597/me597-tgobel/ros2_ws/Lab1_ws/install/task_2_interfaces/share/task_2_interfaces/local_setup.bash
[1.662s] -- Up-to-date: /home/me597/me597-tgobel/ros2_ws/Lab1_ws/install/task_2_interfaces/share/task_2_interfaces/local_setup.sh
[1.662s] -- Up-to-date: /home/me597/me597-tgobel/ros2_ws/Lab1_ws/install/task_2_interfaces/share/task_2_interfaces/local_setup.zsh
[1.662s] -- Up-to-date: /home/me597/me597-tgobel/ros2_ws/Lab1_ws/install/task_2_interfaces/share/task_2_interfaces/local_setup.dsv
[1.662s] -- Installing: /home/me597/me597-tgobel/ros2_ws/Lab1_ws/install/task_2_interfaces/share/task_2_interfaces/package.dsv
[1.662s] -- Up-to-date: /home/me597/me597-tgobel/ros2_ws/Lab1_ws/install/task_2_interfaces/share/ament_index/resource_index/packages/task_2_interfaces
[1.662s] -- Up-to-date: /home/me597/me597-tgobel/ros2_ws/Lab1_ws/install/task_2_interfaces/share/task_2_interfaces/cmake/export_task_2_interfaces__rosidl_generator_cExport.cmake
[1.663s] -- Up-to-date: /home/me597/me597-tgobel/ros2_ws/Lab1_ws/install/task_2_interfaces/share/task_2_interfaces/cmake/export_task_2_interfaces__rosidl_generator_cExport-noconfig.cmake
[1.663s] -- Up-to-date: /home/me597/me597-tgobel/ros2_ws/Lab1_ws/install/task_2_interfaces/share/task_2_interfaces/cmake/export_task_2_interfaces__rosidl_typesupport_fastrtps_cExport.cmake
[1.663s] -- Up-to-date: /home/me597/me597-tgobel/ros2_ws/Lab1_ws/install/task_2_interfaces/share/task_2_interfaces/cmake/export_task_2_interfaces__rosidl_typesupport_fastrtps_cExport-noconfig.cmake
[1.663s] -- Up-to-date: /home/me597/me597-tgobel/ros2_ws/Lab1_ws/install/task_2_interfaces/share/task_2_interfaces/cmake/export_task_2_interfaces__rosidl_generator_cppExport.cmake
[1.663s] -- Up-to-date: /home/me597/me597-tgobel/ros2_ws/Lab1_ws/install/task_2_interfaces/share/task_2_interfaces/cmake/export_task_2_interfaces__rosidl_typesupport_fastrtps_cppExport.cmake
[1.663s] -- Up-to-date: /home/me597/me597-tgobel/ros2_ws/Lab1_ws/install/task_2_interfaces/share/task_2_interfaces/cmake/export_task_2_interfaces__rosidl_typesupport_fastrtps_cppExport-noconfig.cmake
[1.663s] -- Up-to-date: /home/me597/me597-tgobel/ros2_ws/Lab1_ws/install/task_2_interfaces/share/task_2_interfaces/cmake/task_2_interfaces__rosidl_typesupport_introspection_cExport.cmake
[1.664s] -- Up-to-date: /home/me597/me597-tgobel/ros2_ws/Lab1_ws/install/task_2_interfaces/share/task_2_interfaces/cmake/task_2_interfaces__rosidl_typesupport_introspection_cExport-noconfig.cmake
[1.664s] -- Up-to-date: /home/me597/me597-tgobel/ros2_ws/Lab1_ws/install/task_2_interfaces/share/task_2_interfaces/cmake/task_2_interfaces__rosidl_typesupport_cExport.cmake
[1.664s] -- Up-to-date: /home/me597/me597-tgobel/ros2_ws/Lab1_ws/install/task_2_interfaces/share/task_2_interfaces/cmake/task_2_interfaces__rosidl_typesupport_cExport-noconfig.cmake
[1.664s] -- Up-to-date: /home/me597/me597-tgobel/ros2_ws/Lab1_ws/install/task_2_interfaces/share/task_2_interfaces/cmake/task_2_interfaces__rosidl_typesupport_introspection_cppExport.cmake
[1.664s] -- Up-to-date: /home/me597/me597-tgobel/ros2_ws/Lab1_ws/install/task_2_interfaces/share/task_2_interfaces/cmake/task_2_interfaces__rosidl_typesupport_introspection_cppExport-noconfig.cmake
[1.664s] -- Up-to-date: /home/me597/me597-tgobel/ros2_ws/Lab1_ws/install/task_2_interfaces/share/task_2_interfaces/cmake/task_2_interfaces__rosidl_typesupport_cppExport.cmake
[1.664s] -- Up-to-date: /home/me597/me597-tgobel/ros2_ws/Lab1_ws/install/task_2_interfaces/share/task_2_interfaces/cmake/task_2_interfaces__rosidl_typesupport_cppExport-noconfig.cmake
[1.664s] -- Up-to-date: /home/me597/me597-tgobel/ros2_ws/Lab1_ws/install/task_2_interfaces/share/task_2_interfaces/cmake/export_task_2_interfaces__rosidl_generator_pyExport.cmake
[1.664s] -- Up-to-date: /home/me597/me597-tgobel/ros2_ws/Lab1_ws/install/task_2_interfaces/share/task_2_interfaces/cmake/export_task_2_interfaces__rosidl_generator_pyExport-noconfig.cmake
[1.665s] -- Up-to-date: /home/me597/me597-tgobel/ros2_ws/Lab1_ws/install/task_2_interfaces/share/task_2_interfaces/cmake/rosidl_cmake-extras.cmake
[1.665s] -- Up-to-date: /home/me597/me597-tgobel/ros2_ws/Lab1_ws/install/task_2_interfaces/share/task_2_interfaces/cmake/ament_cmake_export_dependencies-extras.cmake
[1.665s] -- Up-to-date: /home/me597/me597-tgobel/ros2_ws/Lab1_ws/install/task_2_interfaces/share/task_2_interfaces/cmake/ament_cmake_export_include_directories-extras.cmake
[1.665s] -- Up-to-date: /home/me597/me597-tgobel/ros2_ws/Lab1_ws/install/task_2_interfaces/share/task_2_interfaces/cmake/ament_cmake_export_libraries-extras.cmake
[1.665s] -- Up-to-date: /home/me597/me597-tgobel/ros2_ws/Lab1_ws/install/task_2_interfaces/share/task_2_interfaces/cmake/ament_cmake_export_targets-extras.cmake
[1.666s] -- Up-to-date: /home/me597/me597-tgobel/ros2_ws/Lab1_ws/install/task_2_interfaces/share/task_2_interfaces/cmake/rosidl_cmake_export_typesupport_targets-extras.cmake
[1.666s] -- Up-to-date: /home/me597/me597-tgobel/ros2_ws/Lab1_ws/install/task_2_interfaces/share/task_2_interfaces/cmake/rosidl_cmake_export_typesupport_libraries-extras.cmake
[1.666s] -- Up-to-date: /home/me597/me597-tgobel/ros2_ws/Lab1_ws/install/task_2_interfaces/share/task_2_interfaces/cmake/task_2_interfacesConfig.cmake
[1.666s] -- Up-to-date: /home/me597/me597-tgobel/ros2_ws/Lab1_ws/install/task_2_interfaces/share/task_2_interfaces/cmake/task_2_interfacesConfig-version.cmake
[1.666s] -- Up-to-date: /home/me597/me597-tgobel/ros2_ws/Lab1_ws/install/task_2_interfaces/share/task_2_interfaces/package.xml
[1.670s] Invoked command in '/home/me597/me597-tgobel/ros2_ws/Lab1_ws/build/task_2_interfaces' returned '0': CMAKE_PREFIX_PATH=${CMAKE_PREFIX_PATH}:/home/me597/me597-tgobel/ros2_ws/Lab1_ws/install/task_1:/opt/ros/humble /usr/bin/cmake --install /home/me597/me597-tgobel/ros2_ws/Lab1_ws/build/task_2_interfaces
