[1.045s] Invoking command in '/home/me597/me597-tgobel/ros2_ws/Lab1_ws/task_1': PYTHONPATH=/home/me597/me597-tgobel/ros2_ws/Lab1_ws/build/task_1/prefix_override:/usr/lib/python3/dist-packages/colcon_core/task/python/colcon_distutils_commands:/home/me597/me597-tgobel/ros2_ws/Lab1_ws/install/task_1/lib/python3.10/site-packages:${PYTHONPATH} /usr/bin/python3 -W ignore:setup.py install is deprecated setup.py egg_info --egg-base ../build/task_1 build --build-base /home/me597/me597-tgobel/ros2_ws/Lab1_ws/build/task_1/build install --record /home/me597/me597-tgobel/ros2_ws/Lab1_ws/build/task_1/install.log --single-version-externally-managed install_data
[1.471s] running egg_info
[1.472s] writing ../build/task_1/task_1.egg-info/PKG-INFO
[1.473s] writing dependency_links to ../build/task_1/task_1.egg-info/dependency_links.txt
[1.473s] writing entry points to ../build/task_1/task_1.egg-info/entry_points.txt
[1.473s] writing requirements to ../build/task_1/task_1.egg-info/requires.txt
[1.474s] writing top-level names to ../build/task_1/task_1.egg-info/top_level.txt
[1.477s] reading manifest file '../build/task_1/task_1.egg-info/SOURCES.txt'
[1.477s] adding license file 'LICENSE'
[1.478s] writing manifest file '../build/task_1/task_1.egg-info/SOURCES.txt'
[1.478s] running build
[1.479s] running build_py
[1.479s] running install
[1.481s] running install_lib
[1.482s] running install_data
[1.483s] running install_egg_info
[1.485s] removing '/home/me597/me597-tgobel/ros2_ws/Lab1_ws/install/task_1/lib/python3.10/site-packages/task_1-0.0.0-py3.10.egg-info' (and everything under it)
[1.491s] Copying ../build/task_1/task_1.egg-info to /home/me597/me597-tgobel/ros2_ws/Lab1_ws/install/task_1/lib/python3.10/site-packages/task_1-0.0.0-py3.10.egg-info
[1.492s] running install_scripts
[1.517s] Installing listener script to /home/me597/me597-tgobel/ros2_ws/Lab1_ws/install/task_1/lib/task_1
[1.519s] Installing talker script to /home/me597/me597-tgobel/ros2_ws/Lab1_ws/install/task_1/lib/task_1
[1.519s] writing list of installed files to '/home/me597/me597-tgobel/ros2_ws/Lab1_ws/build/task_1/install.log'
[1.576s] Invoked command in '/home/me597/me597-tgobel/ros2_ws/Lab1_ws/task_1' returned '0': PYTHONPATH=/home/me597/me597-tgobel/ros2_ws/Lab1_ws/build/task_1/prefix_override:/usr/lib/python3/dist-packages/colcon_core/task/python/colcon_distutils_commands:/home/me597/me597-tgobel/ros2_ws/Lab1_ws/install/task_1/lib/python3.10/site-packages:${PYTHONPATH} /usr/bin/python3 -W ignore:setup.py install is deprecated setup.py egg_info --egg-base ../build/task_1 build --build-base /home/me597/me597-tgobel/ros2_ws/Lab1_ws/build/task_1/build install --record /home/me597/me597-tgobel/ros2_ws/Lab1_ws/build/task_1/install.log --single-version-externally-managed install_data
