[0.029s] Invoking command in '/home/me597/me597-tgobel/ros2_ws/Lab1_ws/build/task_2_interfaces': CMAKE_PREFIX_PATH=${CMAKE_PREFIX_PATH}:/home/me597/me597-tgobel/ros2_ws/Lab1_ws/install/task_2:/home/me597/me597-tgobel/ros2_ws/Lab1_ws/install/task_1:/opt/ros/humble /usr/bin/cmake --build /home/me597/me597-tgobel/ros2_ws/Lab1_ws/build/task_2_interfaces -- -j5 -l5
[0.622s] [ 10%] Built target task_2_interfaces__rosidl_generator_c
[0.622s] [ 12%] Built target task_2_interfaces__cpp
[0.622s] [ 12%] Built target ament_cmake_python_copy_task_2_interfaces
[0.622s] [ 23%] Built target task_2_interfaces__rosidl_typesupport_fastrtps_c
[0.623s] [ 33%] Built target task_2_interfaces__rosidl_typesupport_cpp
[0.623s] [ 43%] Built target task_2_interfaces__rosidl_typesupport_introspection_c
[0.623s] [ 53%] Built target task_2_interfaces__rosidl_typesupport_c
[0.623s] [ 64%] Built target task_2_interfaces__rosidl_typesupport_fastrtps_cpp
[0.627s] [ 74%] Built target task_2_interfaces__rosidl_typesupport_introspection_cpp
[0.627s] [ 74%] Built target task_2_interfaces
[0.627s] [ 76%] Built target task_2_interfaces__py
[0.627s] [ 84%] Built target task_2_interfaces__rosidl_generator_py
[0.627s] [ 89%] Built target task_2_interfaces__rosidl_typesupport_fastrtps_c__pyext
[0.628s] [ 94%] Built target task_2_interfaces__rosidl_typesupport_introspection_c__pyext
[0.628s] [100%] Built target task_2_interfaces__rosidl_typesupport_c__pyext
[0.695s] running egg_info
[0.695s] writing task_2_interfaces.egg-info/PKG-INFO
[0.696s] writing dependency_links to task_2_interfaces.egg-info/dependency_links.txt
[0.699s] writing top-level names to task_2_interfaces.egg-info/top_level.txt
[0.703s] reading manifest file 'task_2_interfaces.egg-info/SOURCES.txt'
[0.703s] writing manifest file 'task_2_interfaces.egg-info/SOURCES.txt'
[0.754s] [100%] Built target ament_cmake_python_build_task_2_interfaces_egg
[0.772s] Invoked command in '/home/me597/me597-tgobel/ros2_ws/Lab1_ws/build/task_2_interfaces' returned '0': CMAKE_PREFIX_PATH=${CMAKE_PREFIX_PATH}:/home/me597/me597-tgobel/ros2_ws/Lab1_ws/install/task_2:/home/me597/me597-tgobel/ros2_ws/Lab1_ws/install/task_1:/opt/ros/humble /usr/bin/cmake --build /home/me597/me597-tgobel/ros2_ws/Lab1_ws/build/task_2_interfaces -- -j5 -l5
[0.946s] Invoking command in '/home/me597/me597-tgobel/ros2_ws/Lab1_ws/build/task_2_interfaces': CMAKE_PREFIX_PATH=${CMAKE_PREFIX_PATH}:/home/me597/me597-tgobel/ros2_ws/Lab1_ws/install/task_2:/home/me597/me597-tgobel/ros2_ws/Lab1_ws/install/task_1:/opt/ros/humble /usr/bin/cmake --install /home/me597/me597-tgobel/ros2_ws/Lab1_ws/build/task_2_interfaces
[0.962s] -- Install configuration: ""
[0.963s] -- Up-to-date: /home/me597/me597-tgobel/ros2_ws/Lab1_ws/install/task_2_interfaces/share/ament_index/resource_index/rosidl_interfaces/task_2_interfaces
[0.963s] -- Up-to-date: /home/me597/me597-tgobel/ros2_ws/Lab1_ws/install/task_2_interfaces/include/task_2_interfaces/task_2_interfaces
[0.963s] -- Up-to-date: /home/me597/me597-tgobel/ros2_ws/Lab1_ws/install/task_2_interfaces/include/task_2_interfaces/task_2_interfaces/msg
[0.963s] -- Up-to-date: /home/me597/me597-tgobel/ros2_ws/Lab1_ws/install/task_2_interfaces/include/task_2_interfaces/task_2_interfaces/msg/joint_data.h
[0.963s] -- Up-to-date: /home/me597/me597-tgobel/ros2_ws/Lab1_ws/install/task_2_interfaces/include/task_2_interfaces/task_2_interfaces/msg/rosidl_generator_c__visibility_control.h
[0.963s] -- Up-to-date: /home/me597/me597-tgobel/ros2_ws/Lab1_ws/install/task_2_interfaces/include/task_2_interfaces/task_2_interfaces/msg/detail
[0.963s] -- Up-to-date: /home/me597/me597-tgobel/ros2_ws/Lab1_ws/install/task_2_interfaces/include/task_2_interfaces/task_2_interfaces/msg/detail/joint_data__functions.h
[0.963s] -- Up-to-date: /home/me597/me597-tgobel/ros2_ws/Lab1_ws/install/task_2_interfaces/include/task_2_interfaces/task_2_interfaces/msg/detail/joint_data__struct.h
[0.963s] -- Up-to-date: /home/me597/me597-tgobel/ros2_ws/Lab1_ws/install/task_2_interfaces/include/task_2_interfaces/task_2_interfaces/msg/detail/joint_data__functions.c
[0.963s] -- Up-to-date: /home/me597/me597-tgobel/ros2_ws/Lab1_ws/install/task_2_interfaces/include/task_2_interfaces/task_2_interfaces/msg/detail/joint_data__type_support.h
[0.964s] -- Up-to-date: /home/me597/me597-tgobel/ros2_ws/Lab1_ws/install/task_2_interfaces/include/task_2_interfaces/task_2_interfaces/srv
[0.964s] -- Up-to-date: /home/me597/me597-tgobel/ros2_ws/Lab1_ws/install/task_2_interfaces/include/task_2_interfaces/task_2_interfaces/srv/detail
[0.964s] -- Up-to-date: /home/me597/me597-tgobel/ros2_ws/Lab1_ws/install/task_2_interfaces/include/task_2_interfaces/task_2_interfaces/srv/detail/joint_state__functions.h
[0.964s] -- Up-to-date: /home/me597/me597-tgobel/ros2_ws/Lab1_ws/install/task_2_interfaces/include/task_2_interfaces/task_2_interfaces/srv/detail/joint_state__functions.c
[0.964s] -- Up-to-date: /home/me597/me597-tgobel/ros2_ws/Lab1_ws/install/task_2_interfaces/include/task_2_interfaces/task_2_interfaces/srv/detail/joint_state__type_support.h
[0.964s] -- Up-to-date: /home/me597/me597-tgobel/ros2_ws/Lab1_ws/install/task_2_interfaces/include/task_2_interfaces/task_2_interfaces/srv/detail/joint_state__struct.h
[0.965s] -- Up-to-date: /home/me597/me597-tgobel/ros2_ws/Lab1_ws/install/task_2_interfaces/include/task_2_interfaces/task_2_interfaces/srv/joint_state.h
[0.965s] -- Up-to-date: /home/me597/me597-tgobel/ros2_ws/Lab1_ws/install/task_2_interfaces/share/task_2_interfaces/environment/library_path.sh
[0.966s] -- Up-to-date: /home/me597/me597-tgobel/ros2_ws/Lab1_ws/install/task_2_interfaces/share/task_2_interfaces/environment/library_path.dsv
[0.966s] -- Up-to-date: /home/me597/me597-tgobel/ros2_ws/Lab1_ws/install/task_2_interfaces/lib/libtask_2_interfaces__rosidl_generator_c.so
[0.966s] -- Up-to-date: /home/me597/me597-tgobel/ros2_ws/Lab1_ws/install/task_2_interfaces/include/task_2_interfaces/task_2_interfaces
[0.966s] -- Up-to-date: /home/me597/me597-tgobel/ros2_ws/Lab1_ws/install/task_2_interfaces/include/task_2_interfaces/task_2_interfaces/msg
[0.967s] -- Up-to-date: /home/me597/me597-tgobel/ros2_ws/Lab1_ws/install/task_2_interfaces/include/task_2_interfaces/task_2_interfaces/msg/detail
[0.967s] -- Up-to-date: /home/me597/me597-tgobel/ros2_ws/Lab1_ws/install/task_2_interfaces/include/task_2_interfaces/task_2_interfaces/msg/detail/joint_data__rosidl_typesupport_fastrtps_c.h
[0.967s] -- Up-to-date: /home/me597/me597-tgobel/ros2_ws/Lab1_ws/install/task_2_interfaces/include/task_2_interfaces/task_2_interfaces/msg/rosidl_typesupport_fastrtps_c__visibility_control.h
[0.967s] -- Up-to-date: /home/me597/me597-tgobel/ros2_ws/Lab1_ws/install/task_2_interfaces/include/task_2_interfaces/task_2_interfaces/srv
[0.968s] -- Up-to-date: /home/me597/me597-tgobel/ros2_ws/Lab1_ws/install/task_2_interfaces/include/task_2_interfaces/task_2_interfaces/srv/detail
[0.968s] -- Up-to-date: /home/me597/me597-tgobel/ros2_ws/Lab1_ws/install/task_2_interfaces/include/task_2_interfaces/task_2_interfaces/srv/detail/joint_state__rosidl_typesupport_fastrtps_c.h
[0.968s] -- Up-to-date: /home/me597/me597-tgobel/ros2_ws/Lab1_ws/install/task_2_interfaces/lib/libtask_2_interfaces__rosidl_typesupport_fastrtps_c.so
[0.968s] -- Up-to-date: /home/me597/me597-tgobel/ros2_ws/Lab1_ws/install/task_2_interfaces/include/task_2_interfaces/task_2_interfaces
[0.968s] -- Up-to-date: /home/me597/me597-tgobel/ros2_ws/Lab1_ws/install/task_2_interfaces/include/task_2_interfaces/task_2_interfaces/msg
[0.969s] -- Up-to-date: /home/me597/me597-tgobel/ros2_ws/Lab1_ws/install/task_2_interfaces/include/task_2_interfaces/task_2_interfaces/msg/detail
[0.969s] -- Up-to-date: /home/me597/me597-tgobel/ros2_ws/Lab1_ws/install/task_2_interfaces/include/task_2_interfaces/task_2_interfaces/msg/detail/joint_data__builder.hpp
[0.969s] -- Up-to-date: /home/me597/me597-tgobel/ros2_ws/Lab1_ws/install/task_2_interfaces/include/task_2_interfaces/task_2_interfaces/msg/detail/joint_data__struct.hpp
[0.969s] -- Up-to-date: /home/me597/me597-tgobel/ros2_ws/Lab1_ws/install/task_2_interfaces/include/task_2_interfaces/task_2_interfaces/msg/detail/joint_data__traits.hpp
[0.969s] -- Up-to-date: /home/me597/me597-tgobel/ros2_ws/Lab1_ws/install/task_2_interfaces/include/task_2_interfaces/task_2_interfaces/msg/joint_data.hpp
[0.970s] -- Up-to-date: /home/me597/me597-tgobel/ros2_ws/Lab1_ws/install/task_2_interfaces/include/task_2_interfaces/task_2_interfaces/srv
[0.970s] -- Up-to-date: /home/me597/me597-tgobel/ros2_ws/Lab1_ws/install/task_2_interfaces/include/task_2_interfaces/task_2_interfaces/srv/detail
[0.970s] -- Up-to-date: /home/me597/me597-tgobel/ros2_ws/Lab1_ws/install/task_2_interfaces/include/task_2_interfaces/task_2_interfaces/srv/detail/joint_state__traits.hpp
[0.970s] -- Up-to-date: /home/me597/me597-tgobel/ros2_ws/Lab1_ws/install/task_2_interfaces/include/task_2_interfaces/task_2_interfaces/srv/detail/joint_state__builder.hpp
[0.970s] -- Up-to-date: /home/me597/me597-tgobel/ros2_ws/Lab1_ws/install/task_2_interfaces/include/task_2_interfaces/task_2_interfaces/srv/detail/joint_state__struct.hpp
[0.971s] -- Up-to-date: /home/me597/me597-tgobel/ros2_ws/Lab1_ws/install/task_2_interfaces/include/task_2_interfaces/task_2_interfaces/srv/joint_state.hpp
[0.971s] -- Up-to-date: /home/me597/me597-tgobel/ros2_ws/Lab1_ws/install/task_2_interfaces/include/task_2_interfaces/task_2_interfaces
[0.971s] -- Up-to-date: /home/me597/me597-tgobel/ros2_ws/Lab1_ws/install/task_2_interfaces/include/task_2_interfaces/task_2_interfaces/msg
[0.971s] -- Up-to-date: /home/me597/me597-tgobel/ros2_ws/Lab1_ws/install/task_2_interfaces/include/task_2_interfaces/task_2_interfaces/msg/detail
[0.971s] -- Up-to-date: /home/me597/me597-tgobel/ros2_ws/Lab1_ws/install/task_2_interfaces/include/task_2_interfaces/task_2_interfaces/msg/detail/joint_data__rosidl_typesupport_fastrtps_cpp.hpp
[0.971s] -- Up-to-date: /home/me597/me597-tgobel/ros2_ws/Lab1_ws/install/task_2_interfaces/include/task_2_interfaces/task_2_interfaces/msg/detail/dds_fastrtps
[0.971s] -- Up-to-date: /home/me597/me597-tgobel/ros2_ws/Lab1_ws/install/task_2_interfaces/include/task_2_interfaces/task_2_interfaces/msg/rosidl_typesupport_fastrtps_cpp__visibility_control.h
[0.971s] -- Up-to-date: /home/me597/me597-tgobel/ros2_ws/Lab1_ws/install/task_2_interfaces/include/task_2_interfaces/task_2_interfaces/srv
[0.972s] -- Up-to-date: /home/me597/me597-tgobel/ros2_ws/Lab1_ws/install/task_2_interfaces/include/task_2_interfaces/task_2_interfaces/srv/detail
[0.972s] -- Up-to-date: /home/me597/me597-tgobel/ros2_ws/Lab1_ws/install/task_2_interfaces/include/task_2_interfaces/task_2_interfaces/srv/detail/joint_state__rosidl_typesupport_fastrtps_cpp.hpp
[0.972s] -- Up-to-date: /home/me597/me597-tgobel/ros2_ws/Lab1_ws/install/task_2_interfaces/include/task_2_interfaces/task_2_interfaces/srv/detail/dds_fastrtps
[0.972s] -- Up-to-date: /home/me597/me597-tgobel/ros2_ws/Lab1_ws/install/task_2_interfaces/lib/libtask_2_interfaces__rosidl_typesupport_fastrtps_cpp.so
[0.972s] -- Up-to-date: /home/me597/me597-tgobel/ros2_ws/Lab1_ws/install/task_2_interfaces/include/task_2_interfaces/task_2_interfaces
[0.972s] -- Up-to-date: /home/me597/me597-tgobel/ros2_ws/Lab1_ws/install/task_2_interfaces/include/task_2_interfaces/task_2_interfaces/msg
[0.972s] -- Up-to-date: /home/me597/me597-tgobel/ros2_ws/Lab1_ws/install/task_2_interfaces/include/task_2_interfaces/task_2_interfaces/msg/rosidl_typesupport_introspection_c__visibility_control.h
[0.972s] -- Up-to-date: /home/me597/me597-tgobel/ros2_ws/Lab1_ws/install/task_2_interfaces/include/task_2_interfaces/task_2_interfaces/msg/detail
[0.972s] -- Up-to-date: /home/me597/me597-tgobel/ros2_ws/Lab1_ws/install/task_2_interfaces/include/task_2_interfaces/task_2_interfaces/msg/detail/joint_data__rosidl_typesupport_introspection_c.h
[0.973s] -- Up-to-date: /home/me597/me597-tgobel/ros2_ws/Lab1_ws/install/task_2_interfaces/include/task_2_interfaces/task_2_interfaces/msg/detail/joint_data__type_support.c
[0.973s] -- Up-to-date: /home/me597/me597-tgobel/ros2_ws/Lab1_ws/install/task_2_interfaces/include/task_2_interfaces/task_2_interfaces/srv
[0.973s] -- Up-to-date: /home/me597/me597-tgobel/ros2_ws/Lab1_ws/install/task_2_interfaces/include/task_2_interfaces/task_2_interfaces/srv/detail
[0.973s] -- Up-to-date: /home/me597/me597-tgobel/ros2_ws/Lab1_ws/install/task_2_interfaces/include/task_2_interfaces/task_2_interfaces/srv/detail/joint_state__rosidl_typesupport_introspection_c.h
[0.973s] -- Up-to-date: /home/me597/me597-tgobel/ros2_ws/Lab1_ws/install/task_2_interfaces/include/task_2_interfaces/task_2_interfaces/srv/detail/joint_state__type_support.c
[0.973s] -- Up-to-date: /home/me597/me597-tgobel/ros2_ws/Lab1_ws/install/task_2_interfaces/lib/libtask_2_interfaces__rosidl_typesupport_introspection_c.so
[0.973s] -- Up-to-date: /home/me597/me597-tgobel/ros2_ws/Lab1_ws/install/task_2_interfaces/lib/libtask_2_interfaces__rosidl_typesupport_c.so
[0.973s] -- Up-to-date: /home/me597/me597-tgobel/ros2_ws/Lab1_ws/install/task_2_interfaces/include/task_2_interfaces/task_2_interfaces
[0.973s] -- Up-to-date: /home/me597/me597-tgobel/ros2_ws/Lab1_ws/install/task_2_interfaces/include/task_2_interfaces/task_2_interfaces/msg
[0.974s] -- Up-to-date: /home/me597/me597-tgobel/ros2_ws/Lab1_ws/install/task_2_interfaces/include/task_2_interfaces/task_2_interfaces/msg/detail
[0.974s] -- Up-to-date: /home/me597/me597-tgobel/ros2_ws/Lab1_ws/install/task_2_interfaces/include/task_2_interfaces/task_2_interfaces/msg/detail/joint_data__rosidl_typesupport_introspection_cpp.hpp
[0.974s] -- Up-to-date: /home/me597/me597-tgobel/ros2_ws/Lab1_ws/install/task_2_interfaces/include/task_2_interfaces/task_2_interfaces/msg/detail/joint_data__type_support.cpp
[0.974s] -- Up-to-date: /home/me597/me597-tgobel/ros2_ws/Lab1_ws/install/task_2_interfaces/include/task_2_interfaces/task_2_interfaces/srv
[0.974s] -- Up-to-date: /home/me597/me597-tgobel/ros2_ws/Lab1_ws/install/task_2_interfaces/include/task_2_interfaces/task_2_interfaces/srv/detail
[0.974s] -- Up-to-date: /home/me597/me597-tgobel/ros2_ws/Lab1_ws/install/task_2_interfaces/include/task_2_interfaces/task_2_interfaces/srv/detail/joint_state__rosidl_typesupport_introspection_cpp.hpp
[0.974s] -- Up-to-date: /home/me597/me597-tgobel/ros2_ws/Lab1_ws/install/task_2_interfaces/include/task_2_interfaces/task_2_interfaces/srv/detail/joint_state__type_support.cpp
[0.974s] -- Up-to-date: /home/me597/me597-tgobel/ros2_ws/Lab1_ws/install/task_2_interfaces/lib/libtask_2_interfaces__rosidl_typesupport_introspection_cpp.so
[0.975s] -- Up-to-date: /home/me597/me597-tgobel/ros2_ws/Lab1_ws/install/task_2_interfaces/lib/libtask_2_interfaces__rosidl_typesupport_cpp.so
[0.975s] -- Up-to-date: /home/me597/me597-tgobel/ros2_ws/Lab1_ws/install/task_2_interfaces/share/task_2_interfaces/environment/pythonpath.sh
[0.975s] -- Up-to-date: /home/me597/me597-tgobel/ros2_ws/Lab1_ws/install/task_2_interfaces/share/task_2_interfaces/environment/pythonpath.dsv
[0.975s] -- Up-to-date: /home/me597/me597-tgobel/ros2_ws/Lab1_ws/install/task_2_interfaces/local/lib/python3.10/dist-packages/task_2_interfaces-0.0.0-py3.10.egg-info
[0.975s] -- Installing: /home/me597/me597-tgobel/ros2_ws/Lab1_ws/install/task_2_interfaces/local/lib/python3.10/dist-packages/task_2_interfaces-0.0.0-py3.10.egg-info/top_level.txt
[0.975s] -- Installing: /home/me597/me597-tgobel/ros2_ws/Lab1_ws/install/task_2_interfaces/local/lib/python3.10/dist-packages/task_2_interfaces-0.0.0-py3.10.egg-info/SOURCES.txt
[0.975s] -- Installing: /home/me597/me597-tgobel/ros2_ws/Lab1_ws/install/task_2_interfaces/local/lib/python3.10/dist-packages/task_2_interfaces-0.0.0-py3.10.egg-info/dependency_links.txt
[0.976s] -- Installing: /home/me597/me597-tgobel/ros2_ws/Lab1_ws/install/task_2_interfaces/local/lib/python3.10/dist-packages/task_2_interfaces-0.0.0-py3.10.egg-info/PKG-INFO
[0.976s] -- Up-to-date: /home/me597/me597-tgobel/ros2_ws/Lab1_ws/install/task_2_interfaces/local/lib/python3.10/dist-packages/task_2_interfaces
[0.976s] -- Up-to-date: /home/me597/me597-tgobel/ros2_ws/Lab1_ws/install/task_2_interfaces/local/lib/python3.10/dist-packages/task_2_interfaces/_task_2_interfaces_s.ep.rosidl_typesupport_fastrtps_c.c
[0.976s] -- Up-to-date: /home/me597/me597-tgobel/ros2_ws/Lab1_ws/install/task_2_interfaces/local/lib/python3.10/dist-packages/task_2_interfaces/task_2_interfaces_s__rosidl_typesupport_fastrtps_c.cpython-310-x86_64-linux-gnu.so
[0.976s] -- Up-to-date: /home/me597/me597-tgobel/ros2_ws/Lab1_ws/install/task_2_interfaces/local/lib/python3.10/dist-packages/task_2_interfaces/_task_2_interfaces_s.ep.rosidl_typesupport_c.c
[0.976s] -- Up-to-date: /home/me597/me597-tgobel/ros2_ws/Lab1_ws/install/task_2_interfaces/local/lib/python3.10/dist-packages/task_2_interfaces/msg
[0.976s] -- Up-to-date: /home/me597/me597-tgobel/ros2_ws/Lab1_ws/install/task_2_interfaces/local/lib/python3.10/dist-packages/task_2_interfaces/msg/_joint_data.py
[0.976s] -- Up-to-date: /home/me597/me597-tgobel/ros2_ws/Lab1_ws/install/task_2_interfaces/local/lib/python3.10/dist-packages/task_2_interfaces/msg/_joint_data_s.c
[0.976s] -- Up-to-date: /home/me597/me597-tgobel/ros2_ws/Lab1_ws/install/task_2_interfaces/local/lib/python3.10/dist-packages/task_2_interfaces/msg/__init__.py
[0.976s] -- Up-to-date: /home/me597/me597-tgobel/ros2_ws/Lab1_ws/install/task_2_interfaces/local/lib/python3.10/dist-packages/task_2_interfaces/task_2_interfaces_s__rosidl_typesupport_introspection_c.cpython-310-x86_64-linux-gnu.so
[0.977s] -- Up-to-date: /home/me597/me597-tgobel/ros2_ws/Lab1_ws/install/task_2_interfaces/local/lib/python3.10/dist-packages/task_2_interfaces/task_2_interfaces_s__rosidl_typesupport_c.cpython-310-x86_64-linux-gnu.so
[0.977s] -- Up-to-date: /home/me597/me597-tgobel/ros2_ws/Lab1_ws/install/task_2_interfaces/local/lib/python3.10/dist-packages/task_2_interfaces/__init__.py
[0.977s] -- Up-to-date: /home/me597/me597-tgobel/ros2_ws/Lab1_ws/install/task_2_interfaces/local/lib/python3.10/dist-packages/task_2_interfaces/libtask_2_interfaces__rosidl_generator_py.so
[0.977s] -- Up-to-date: /home/me597/me597-tgobel/ros2_ws/Lab1_ws/install/task_2_interfaces/local/lib/python3.10/dist-packages/task_2_interfaces/_task_2_interfaces_s.ep.rosidl_typesupport_introspection_c.c
[0.977s] -- Up-to-date: /home/me597/me597-tgobel/ros2_ws/Lab1_ws/install/task_2_interfaces/local/lib/python3.10/dist-packages/task_2_interfaces/srv
[0.977s] -- Up-to-date: /home/me597/me597-tgobel/ros2_ws/Lab1_ws/install/task_2_interfaces/local/lib/python3.10/dist-packages/task_2_interfaces/srv/_joint_state.py
[0.977s] -- Up-to-date: /home/me597/me597-tgobel/ros2_ws/Lab1_ws/install/task_2_interfaces/local/lib/python3.10/dist-packages/task_2_interfaces/srv/_joint_state_s.c
[0.977s] -- Up-to-date: /home/me597/me597-tgobel/ros2_ws/Lab1_ws/install/task_2_interfaces/local/lib/python3.10/dist-packages/task_2_interfaces/srv/__init__.py
[1.026s] Listing '/home/me597/me597-tgobel/ros2_ws/Lab1_ws/install/task_2_interfaces/local/lib/python3.10/dist-packages/task_2_interfaces'...
[1.026s] Listing '/home/me597/me597-tgobel/ros2_ws/Lab1_ws/install/task_2_interfaces/local/lib/python3.10/dist-packages/task_2_interfaces/msg'...
[1.026s] Listing '/home/me597/me597-tgobel/ros2_ws/Lab1_ws/install/task_2_interfaces/local/lib/python3.10/dist-packages/task_2_interfaces/srv'...
[1.033s] -- Up-to-date: /home/me597/me597-tgobel/ros2_ws/Lab1_ws/install/task_2_interfaces/local/lib/python3.10/dist-packages/task_2_interfaces/task_2_interfaces_s__rosidl_typesupport_fastrtps_c.cpython-310-x86_64-linux-gnu.so
[1.033s] -- Up-to-date: /home/me597/me597-tgobel/ros2_ws/Lab1_ws/install/task_2_interfaces/local/lib/python3.10/dist-packages/task_2_interfaces/task_2_interfaces_s__rosidl_typesupport_introspection_c.cpython-310-x86_64-linux-gnu.so
[1.034s] -- Up-to-date: /home/me597/me597-tgobel/ros2_ws/Lab1_ws/install/task_2_interfaces/local/lib/python3.10/dist-packages/task_2_interfaces/task_2_interfaces_s__rosidl_typesupport_c.cpython-310-x86_64-linux-gnu.so
[1.040s] -- Up-to-date: /home/me597/me597-tgobel/ros2_ws/Lab1_ws/install/task_2_interfaces/lib/libtask_2_interfaces__rosidl_generator_py.so
[1.040s] -- Up-to-date: /home/me597/me597-tgobel/ros2_ws/Lab1_ws/install/task_2_interfaces/share/task_2_interfaces/msg/JointData.idl
[1.041s] -- Up-to-date: /home/me597/me597-tgobel/ros2_ws/Lab1_ws/install/task_2_interfaces/share/task_2_interfaces/srv/JointState.idl
[1.041s] -- Up-to-date: /home/me597/me597-tgobel/ros2_ws/Lab1_ws/install/task_2_interfaces/share/task_2_interfaces/msg/JointData.msg
[1.041s] -- Up-to-date: /home/me597/me597-tgobel/ros2_ws/Lab1_ws/install/task_2_interfaces/share/task_2_interfaces/srv/JointState.srv
[1.041s] -- Up-to-date: /home/me597/me597-tgobel/ros2_ws/Lab1_ws/install/task_2_interfaces/share/task_2_interfaces/srv/JointState_Request.msg
[1.041s] -- Up-to-date: /home/me597/me597-tgobel/ros2_ws/Lab1_ws/install/task_2_interfaces/share/task_2_interfaces/srv/JointState_Response.msg
[1.041s] -- Up-to-date: /home/me597/me597-tgobel/ros2_ws/Lab1_ws/install/task_2_interfaces/share/ament_index/resource_index/package_run_dependencies/task_2_interfaces
[1.041s] -- Up-to-date: /home/me597/me597-tgobel/ros2_ws/Lab1_ws/install/task_2_interfaces/share/ament_index/resource_index/parent_prefix_path/task_2_interfaces
[1.041s] -- Up-to-date: /home/me597/me597-tgobel/ros2_ws/Lab1_ws/install/task_2_interfaces/share/task_2_interfaces/environment/ament_prefix_path.sh
[1.041s] -- Up-to-date: /home/me597/me597-tgobel/ros2_ws/Lab1_ws/install/task_2_interfaces/share/task_2_interfaces/environment/ament_prefix_path.dsv
[1.042s] -- Up-to-date: /home/me597/me597-tgobel/ros2_ws/Lab1_ws/install/task_2_interfaces/share/task_2_interfaces/environment/path.sh
[1.042s] -- Up-to-date: /home/me597/me597-tgobel/ros2_ws/Lab1_ws/install/task_2_interfaces/share/task_2_interfaces/environment/path.dsv
[1.042s] -- Up-to-date: /home/me597/me597-tgobel/ros2_ws/Lab1_ws/install/task_2_interfaces/share/task_2_interfaces/local_setup.bash
[1.042s] -- Up-to-date: /home/me597/me597-tgobel/ros2_ws/Lab1_ws/install/task_2_interfaces/share/task_2_interfaces/local_setup.sh
[1.042s] -- Up-to-date: /home/me597/me597-tgobel/ros2_ws/Lab1_ws/install/task_2_interfaces/share/task_2_interfaces/local_setup.zsh
[1.042s] -- Up-to-date: /home/me597/me597-tgobel/ros2_ws/Lab1_ws/install/task_2_interfaces/share/task_2_interfaces/local_setup.dsv
[1.042s] -- Installing: /home/me597/me597-tgobel/ros2_ws/Lab1_ws/install/task_2_interfaces/share/task_2_interfaces/package.dsv
[1.046s] -- Up-to-date: /home/me597/me597-tgobel/ros2_ws/Lab1_ws/install/task_2_interfaces/share/ament_index/resource_index/packages/task_2_interfaces
[1.046s] -- Up-to-date: /home/me597/me597-tgobel/ros2_ws/Lab1_ws/install/task_2_interfaces/share/task_2_interfaces/cmake/export_task_2_interfaces__rosidl_generator_cExport.cmake
[1.046s] -- Up-to-date: /home/me597/me597-tgobel/ros2_ws/Lab1_ws/install/task_2_interfaces/share/task_2_interfaces/cmake/export_task_2_interfaces__rosidl_generator_cExport-noconfig.cmake
[1.046s] -- Up-to-date: /home/me597/me597-tgobel/ros2_ws/Lab1_ws/install/task_2_interfaces/share/task_2_interfaces/cmake/export_task_2_interfaces__rosidl_typesupport_fastrtps_cExport.cmake
[1.046s] -- Up-to-date: /home/me597/me597-tgobel/ros2_ws/Lab1_ws/install/task_2_interfaces/share/task_2_interfaces/cmake/export_task_2_interfaces__rosidl_typesupport_fastrtps_cExport-noconfig.cmake
[1.046s] -- Up-to-date: /home/me597/me597-tgobel/ros2_ws/Lab1_ws/install/task_2_interfaces/share/task_2_interfaces/cmake/export_task_2_interfaces__rosidl_generator_cppExport.cmake
[1.046s] -- Up-to-date: /home/me597/me597-tgobel/ros2_ws/Lab1_ws/install/task_2_interfaces/share/task_2_interfaces/cmake/export_task_2_interfaces__rosidl_typesupport_fastrtps_cppExport.cmake
[1.046s] -- Up-to-date: /home/me597/me597-tgobel/ros2_ws/Lab1_ws/install/task_2_interfaces/share/task_2_interfaces/cmake/export_task_2_interfaces__rosidl_typesupport_fastrtps_cppExport-noconfig.cmake
[1.046s] -- Up-to-date: /home/me597/me597-tgobel/ros2_ws/Lab1_ws/install/task_2_interfaces/share/task_2_interfaces/cmake/task_2_interfaces__rosidl_typesupport_introspection_cExport.cmake
[1.046s] -- Up-to-date: /home/me597/me597-tgobel/ros2_ws/Lab1_ws/install/task_2_interfaces/share/task_2_interfaces/cmake/task_2_interfaces__rosidl_typesupport_introspection_cExport-noconfig.cmake
[1.047s] -- Up-to-date: /home/me597/me597-tgobel/ros2_ws/Lab1_ws/install/task_2_interfaces/share/task_2_interfaces/cmake/task_2_interfaces__rosidl_typesupport_cExport.cmake
[1.047s] -- Up-to-date: /home/me597/me597-tgobel/ros2_ws/Lab1_ws/install/task_2_interfaces/share/task_2_interfaces/cmake/task_2_interfaces__rosidl_typesupport_cExport-noconfig.cmake
[1.047s] -- Up-to-date: /home/me597/me597-tgobel/ros2_ws/Lab1_ws/install/task_2_interfaces/share/task_2_interfaces/cmake/task_2_interfaces__rosidl_typesupport_introspection_cppExport.cmake
[1.047s] -- Up-to-date: /home/me597/me597-tgobel/ros2_ws/Lab1_ws/install/task_2_interfaces/share/task_2_interfaces/cmake/task_2_interfaces__rosidl_typesupport_introspection_cppExport-noconfig.cmake
[1.048s] -- Up-to-date: /home/me597/me597-tgobel/ros2_ws/Lab1_ws/install/task_2_interfaces/share/task_2_interfaces/cmake/task_2_interfaces__rosidl_typesupport_cppExport.cmake
[1.048s] -- Up-to-date: /home/me597/me597-tgobel/ros2_ws/Lab1_ws/install/task_2_interfaces/share/task_2_interfaces/cmake/task_2_interfaces__rosidl_typesupport_cppExport-noconfig.cmake
[1.048s] -- Up-to-date: /home/me597/me597-tgobel/ros2_ws/Lab1_ws/install/task_2_interfaces/share/task_2_interfaces/cmake/export_task_2_interfaces__rosidl_generator_pyExport.cmake
[1.048s] -- Up-to-date: /home/me597/me597-tgobel/ros2_ws/Lab1_ws/install/task_2_interfaces/share/task_2_interfaces/cmake/export_task_2_interfaces__rosidl_generator_pyExport-noconfig.cmake
[1.048s] -- Up-to-date: /home/me597/me597-tgobel/ros2_ws/Lab1_ws/install/task_2_interfaces/share/task_2_interfaces/cmake/rosidl_cmake-extras.cmake
[1.048s] -- Up-to-date: /home/me597/me597-tgobel/ros2_ws/Lab1_ws/install/task_2_interfaces/share/task_2_interfaces/cmake/ament_cmake_export_dependencies-extras.cmake
[1.048s] -- Up-to-date: /home/me597/me597-tgobel/ros2_ws/Lab1_ws/install/task_2_interfaces/share/task_2_interfaces/cmake/ament_cmake_export_include_directories-extras.cmake
[1.049s] -- Up-to-date: /home/me597/me597-tgobel/ros2_ws/Lab1_ws/install/task_2_interfaces/share/task_2_interfaces/cmake/ament_cmake_export_libraries-extras.cmake
[1.049s] -- Up-to-date: /home/me597/me597-tgobel/ros2_ws/Lab1_ws/install/task_2_interfaces/share/task_2_interfaces/cmake/ament_cmake_export_targets-extras.cmake
[1.049s] -- Up-to-date: /home/me597/me597-tgobel/ros2_ws/Lab1_ws/install/task_2_interfaces/share/task_2_interfaces/cmake/rosidl_cmake_export_typesupport_targets-extras.cmake
[1.049s] -- Up-to-date: /home/me597/me597-tgobel/ros2_ws/Lab1_ws/install/task_2_interfaces/share/task_2_interfaces/cmake/rosidl_cmake_export_typesupport_libraries-extras.cmake
[1.049s] -- Up-to-date: /home/me597/me597-tgobel/ros2_ws/Lab1_ws/install/task_2_interfaces/share/task_2_interfaces/cmake/task_2_interfacesConfig.cmake
[1.050s] -- Up-to-date: /home/me597/me597-tgobel/ros2_ws/Lab1_ws/install/task_2_interfaces/share/task_2_interfaces/cmake/task_2_interfacesConfig-version.cmake
[1.050s] -- Up-to-date: /home/me597/me597-tgobel/ros2_ws/Lab1_ws/install/task_2_interfaces/share/task_2_interfaces/package.xml
[1.064s] Invoked command in '/home/me597/me597-tgobel/ros2_ws/Lab1_ws/build/task_2_interfaces' returned '0': CMAKE_PREFIX_PATH=${CMAKE_PREFIX_PATH}:/home/me597/me597-tgobel/ros2_ws/Lab1_ws/install/task_2:/home/me597/me597-tgobel/ros2_ws/Lab1_ws/install/task_1:/opt/ros/humble /usr/bin/cmake --install /home/me597/me597-tgobel/ros2_ws/Lab1_ws/build/task_2_interfaces
