[0.609s] Invoking command in '/home/me597/me597-tgobel/ros2_ws/Lab2_ws/task_3': PYTHONPATH=/home/me597/me597-tgobel/ros2_ws/Lab2_ws/build/task_3/prefix_override:/usr/lib/python3/dist-packages/colcon_core/task/python/colcon_distutils_commands:/home/me597/me597-tgobel/ros2_ws/Lab2_ws/install/task_3/lib/python3.10/site-packages:${PYTHONPATH} /usr/bin/python3 -W ignore:setup.py install is deprecated setup.py egg_info --egg-base ../build/task_3 build --build-base /home/me597/me597-tgobel/ros2_ws/Lab2_ws/build/task_3/build install --record /home/me597/me597-tgobel/ros2_ws/Lab2_ws/build/task_3/install.log --single-version-externally-managed install_data
[0.823s] running egg_info
[0.823s] creating ../build/task_3/task_3.egg-info
[0.823s] writing ../build/task_3/task_3.egg-info/PKG-INFO
[0.824s] writing dependency_links to ../build/task_3/task_3.egg-info/dependency_links.txt
[0.824s] writing entry points to ../build/task_3/task_3.egg-info/entry_points.txt
[0.824s] writing requirements to ../build/task_3/task_3.egg-info/requires.txt
[0.824s] writing top-level names to ../build/task_3/task_3.egg-info/top_level.txt
[0.824s] writing manifest file '../build/task_3/task_3.egg-info/SOURCES.txt'
[0.825s] reading manifest file '../build/task_3/task_3.egg-info/SOURCES.txt'
[0.826s] writing manifest file '../build/task_3/task_3.egg-info/SOURCES.txt'
[0.826s] running build
[0.826s] running build_py
[0.826s] creating /home/me597/me597-tgobel/ros2_ws/Lab2_ws/build/task_3/build
[0.827s] creating /home/me597/me597-tgobel/ros2_ws/Lab2_ws/build/task_3/build/lib
[0.827s] creating /home/me597/me597-tgobel/ros2_ws/Lab2_ws/build/task_3/build/lib/task_3
[0.827s] copying task_3/__init__.py -> /home/me597/me597-tgobel/ros2_ws/Lab2_ws/build/task_3/build/lib/task_3
[0.827s] copying task_3/pid_controller.py -> /home/me597/me597-tgobel/ros2_ws/Lab2_ws/build/task_3/build/lib/task_3
[0.827s] running install
[0.827s] running install_lib
[0.828s] creating /home/me597/me597-tgobel/ros2_ws/Lab2_ws/install/task_3/lib/python3.10/site-packages/task_3
[0.828s] copying /home/me597/me597-tgobel/ros2_ws/Lab2_ws/build/task_3/build/lib/task_3/__init__.py -> /home/me597/me597-tgobel/ros2_ws/Lab2_ws/install/task_3/lib/python3.10/site-packages/task_3
[0.828s] copying /home/me597/me597-tgobel/ros2_ws/Lab2_ws/build/task_3/build/lib/task_3/pid_controller.py -> /home/me597/me597-tgobel/ros2_ws/Lab2_ws/install/task_3/lib/python3.10/site-packages/task_3
[0.829s] byte-compiling /home/me597/me597-tgobel/ros2_ws/Lab2_ws/install/task_3/lib/python3.10/site-packages/task_3/__init__.py to __init__.cpython-310.pyc
[0.829s] byte-compiling /home/me597/me597-tgobel/ros2_ws/Lab2_ws/install/task_3/lib/python3.10/site-packages/task_3/pid_controller.py to pid_controller.cpython-310.pyc
[0.830s] running install_data
[0.830s] creating /home/me597/me597-tgobel/ros2_ws/Lab2_ws/install/task_3/share/ament_index
[0.830s] creating /home/me597/me597-tgobel/ros2_ws/Lab2_ws/install/task_3/share/ament_index/resource_index
[0.830s] creating /home/me597/me597-tgobel/ros2_ws/Lab2_ws/install/task_3/share/ament_index/resource_index/packages
[0.830s] copying resource/task_3 -> /home/me597/me597-tgobel/ros2_ws/Lab2_ws/install/task_3/share/ament_index/resource_index/packages
[0.830s] copying package.xml -> /home/me597/me597-tgobel/ros2_ws/Lab2_ws/install/task_3/share/task_3
[0.830s] running install_egg_info
[0.832s] Copying ../build/task_3/task_3.egg-info to /home/me597/me597-tgobel/ros2_ws/Lab2_ws/install/task_3/lib/python3.10/site-packages/task_3-0.0.0-py3.10.egg-info
[0.833s] running install_scripts
[0.852s] Installing pid_speed_controller script to /home/me597/me597-tgobel/ros2_ws/Lab2_ws/install/task_3/lib/task_3
[0.853s] writing list of installed files to '/home/me597/me597-tgobel/ros2_ws/Lab2_ws/build/task_3/install.log'
[0.875s] Invoked command in '/home/me597/me597-tgobel/ros2_ws/Lab2_ws/task_3' returned '0': PYTHONPATH=/home/me597/me597-tgobel/ros2_ws/Lab2_ws/build/task_3/prefix_override:/usr/lib/python3/dist-packages/colcon_core/task/python/colcon_distutils_commands:/home/me597/me597-tgobel/ros2_ws/Lab2_ws/install/task_3/lib/python3.10/site-packages:${PYTHONPATH} /usr/bin/python3 -W ignore:setup.py install is deprecated setup.py egg_info --egg-base ../build/task_3 build --build-base /home/me597/me597-tgobel/ros2_ws/Lab2_ws/build/task_3/build install --record /home/me597/me597-tgobel/ros2_ws/Lab2_ws/build/task_3/install.log --single-version-externally-managed install_data
